[I 2024-09-20 15:24:09,123] Trial 358 finished with value: 1.2220431367772002 and parameters: {'learning_rate': 0.14651782358981455, 'reg_lambda': 1.6445115533055583, 'reg_alpha': 0.0004280779069367757, 'subsample': 0.8398113660794748, 'colsample_bytree': 0.7582348119965713, 'max_depth': 4, 'early_stopping_rounds': 374, 'n_estimators': 7000}. Best is trial 207 with value: 1.189099607377955.
/Users/antoinelopez/Epitech/DIGITAL/DIGI 2/Victory Vision Analytics/pythonProject/.venv/lib/python3.12/site-packages/sklearn/metrics/_regression.py:492: FutureWarning: 'squared' is deprecated in version 1.4 and will be removed in 1.6. To calculate the root mean squared error, use the function'root_mean_squared_error'.
  warnings.warn(
/Users/antoinelopez/Epitech/DIGITAL/DIGI 2/Victory Vision Analytics/pythonProject/.venv/lib/python3.12/site-packages/sklearn/metrics/_regression.py:675: FutureWarning: 'squared' is deprecated in version 1.4 and will be removed in 1.6. To calculate the root mean squared logarithmic error, use the function'root_mean_squared_log_error'.
  warnings.warn(
INFO     | 2024-09-20 15:24:09 | __main__:optimize:122 - Metrics: {'r2': 0.9507533311843872, 'mse': 1.531497146678658, 'mae': 0.8800313448490098, 'rmse': 1.2375367253858198, 'rmsle': 0.13604287211946473, 'loss': 1.2375367253858198}
[I 2024-09-20 15:24:09,385] Trial 359 finished with value: 1.2375367253858198 and parameters: {'learning_rate': 0.1617363811560934, 'reg_lambda': 0.8289474852242136, 'reg_alpha': 1.1510693320692953e-08, 'subsample': 0.8724411022158878, 'colsample_bytree': 0.6712235047396654, 'max_depth': 3, 'early_stopping_rounds': 384, 'n_estimators': 7000}. Best is trial 207 with value: 1.189099607377955.
/Users/antoinelopez/Epitech/DIGITAL/DIGI 2/Victory Vision Analytics/pythonProject/.venv/lib/python3.12/site-packages/sklearn/metrics/_regression.py:492: FutureWarning: 'squared' is deprecated in version 1.4 and will be removed in 1.6. To calculate the root mean squared error, use the function'root_mean_squared_error'.
  warnings.warn(
/Users/antoinelopez/Epitech/DIGITAL/DIGI 2/Victory Vision Analytics/pythonProject/.venv/lib/python3.12/site-packages/sklearn/metrics/_regression.py:675: FutureWarning: 'squared' is deprecated in version 1.4 and will be removed in 1.6. To calculate the root mean squared logarithmic error, use the function'root_mean_squared_log_error'.
  warnings.warn(
INFO     | 2024-09-20 15:24:09 | __main__:optimize:122 - Metrics: {'r2': 0.939378559589386, 'mse': 1.885234111470512, 'mae': 0.9873287383900132, 'rmse': 1.373038277496484, 'rmsle': 0.14533213302622072, 'loss': 1.373038277496484}
[I 2024-09-20 15:24:09,671] Trial 360 finished with value: 1.373038277496484 and parameters: {'learning_rate': 0.14240880810757112, 'reg_lambda': 0.3305284349611252, 'reg_alpha': 0.0010152760894263381, 'subsample': 0.37601283062082913, 'colsample_bytree': 0.6330980972139924, 'max_depth': 4, 'early_stopping_rounds': 268, 'n_estimators': 7000}. Best is trial 207 with value: 1.189099607377955.
/Users/antoinelopez/Epitech/DIGITAL/DIGI 2/Victory Vision Analytics/pythonProject/.venv/lib/python3.12/site-packages/sklearn/metrics/_regression.py:492: FutureWarning: 'squared' is deprecated in version 1.4 and will be removed in 1.6. To calculate the root mean squared error, use the function'root_mean_squared_error'.
  warnings.warn(
/Users/antoinelopez/Epitech/DIGITAL/DIGI 2/Victory Vision Analytics/pythonProject/.venv/lib/python3.12/site-packages/sklearn/metrics/_regression.py:675: FutureWarning: 'squared' is deprecated in version 1.4 and will be removed in 1.6. To calculate the root mean squared logarithmic error, use the function'root_mean_squared_log_error'.
  warnings.warn(
INFO     | 2024-09-20 15:24:09 | __main__:optimize:122 - Metrics: {'r2': 0.9491948485374451, 'mse': 1.579963402476521, 'mae': 0.8887952225152836, 'rmse': 1.2569659512001592, 'rmsle': 0.12146284982614071, 'loss': 1.2569659512001592}
[I 2024-09-20 15:24:09,940] Trial 361 finished with value: 1.2569659512001592 and parameters: {'learning_rate': 0.18037566391115795, 'reg_lambda': 0.2719808492308274, 'reg_alpha': 0.23832677066459415, 'subsample': 0.9359668074384201, 'colsample_bytree': 0.6655689887737988, 'max_depth': 4, 'early_stopping_rounds': 414, 'n_estimators': 15000}. Best is trial 207 with value: 1.189099607377955.
/Users/antoinelopez/Epitech/DIGITAL/DIGI 2/Victory Vision Analytics/pythonProject/.venv/lib/python3.12/site-packages/sklearn/metrics/_regression.py:492: FutureWarning: 'squared' is deprecated in version 1.4 and will be removed in 1.6. To calculate the root mean squared error, use the function'root_mean_squared_error'.
  warnings.warn(
/Users/antoinelopez/Epitech/DIGITAL/DIGI 2/Victory Vision Analytics/pythonProject/.venv/lib/python3.12/site-packages/sklearn/metrics/_regression.py:675: FutureWarning: 'squared' is deprecated in version 1.4 and will be removed in 1.6. To calculate the root mean squared logarithmic error, use the function'root_mean_squared_log_error'.
  warnings.warn(
INFO     | 2024-09-20 15:24:10 | __main__:optimize:122 - Metrics: {'r2': 0.952947199344635, 'mse': 1.4632706445335457, 'mae': 0.8222486340722372, 'rmse': 1.209657242583016, 'rmsle': 0.12206576012705878, 'loss': 1.209657242583016}
[I 2024-09-20 15:24:10,219] Trial 362 finished with value: 1.209657242583016 and parameters: {'learning_rate': 0.1302642842800062, 'reg_lambda': 0.4735335753522152, 'reg_alpha': 0.3734995328400146, 'subsample': 0.8932980994078191, 'colsample_bytree': 0.7332908443229814, 'max_depth': 4, 'early_stopping_rounds': 400, 'n_estimators': 7000}. Best is trial 207 with value: 1.189099607377955.
/Users/antoinelopez/Epitech/DIGITAL/DIGI 2/Victory Vision Analytics/pythonProject/.venv/lib/python3.12/site-packages/sklearn/metrics/_regression.py:492: FutureWarning: 'squared' is deprecated in version 1.4 and will be removed in 1.6. To calculate the root mean squared error, use the function'root_mean_squared_error'.
  warnings.warn(
/Users/antoinelopez/Epitech/DIGITAL/DIGI 2/Victory Vision Analytics/pythonProject/.venv/lib/python3.12/site-packages/sklearn/metrics/_regression.py:675: FutureWarning: 'squared' is deprecated in version 1.4 and will be removed in 1.6. To calculate the root mean squared logarithmic error, use the function'root_mean_squared_log_error'.
  warnings.warn(
INFO     | 2024-09-20 15:24:10 | __main__:optimize:122 - Metrics: {'r2': 0.9424740076065063, 'mse': 1.7889716053059666, 'mae': 0.9205708703329397, 'rmse': 1.3375244316669384, 'rmsle': 0.12304086681889581, 'loss': 1.3375244316669384}
[I 2024-09-20 15:24:10,656] Trial 363 finished with value: 1.3375244316669384 and parameters: {'learning_rate': 0.05297542989207859, 'reg_lambda': 0.6068683694604343, 'reg_alpha': 0.00016435740921725076, 'subsample': 0.8599510492154501, 'colsample_bytree': 0.6975303931557356, 'max_depth': 4, 'early_stopping_rounds': 361, 'n_estimators': 7000}. Best is trial 207 with value: 1.189099607377955.
/Users/antoinelopez/Epitech/DIGITAL/DIGI 2/Victory Vision Analytics/pythonProject/.venv/lib/python3.12/site-packages/sklearn/metrics/_regression.py:492: FutureWarning: 'squared' is deprecated in version 1.4 and will be removed in 1.6. To calculate the root mean squared error, use the function'root_mean_squared_error'.
  warnings.warn(
/Users/antoinelopez/Epitech/DIGITAL/DIGI 2/Victory Vision Analytics/pythonProject/.venv/lib/python3.12/site-packages/sklearn/metrics/_regression.py:675: FutureWarning: 'squared' is deprecated in version 1.4 and will be removed in 1.6. To calculate the root mean squared logarithmic error, use the function'root_mean_squared_log_error'.
  warnings.warn(
INFO     | 2024-09-20 15:24:10 | __main__:optimize:122 - Metrics: {'r2': 0.9503432512283325, 'mse': 1.5442486572856364, 'mae': 0.9000584754313148, 'rmse': 1.2426780183481305, 'rmsle': 0.15029518402312575, 'loss': 1.2426780183481305}
[I 2024-09-20 15:24:10,899] Trial 364 finished with value: 1.2426780183481305 and parameters: {'learning_rate': 0.15105169944753213, 'reg_lambda': 0.03950496205475921, 'reg_alpha': 0.00028846141972335004, 'subsample': 0.882601307954474, 'colsample_bytree': 0.6125983592951292, 'max_depth': 4, 'early_stopping_rounds': 332, 'n_estimators': 7000}. Best is trial 207 with value: 1.189099607377955.
/Users/antoinelopez/Epitech/DIGITAL/DIGI 2/Victory Vision Analytics/pythonProject/.venv/lib/python3.12/site-packages/sklearn/metrics/_regression.py:492: FutureWarning: 'squared' is deprecated in version 1.4 and will be removed in 1.6. To calculate the root mean squared error, use the function'root_mean_squared_error'.
  warnings.warn(
/Users/antoinelopez/Epitech/DIGITAL/DIGI 2/Victory Vision Analytics/pythonProject/.venv/lib/python3.12/site-packages/sklearn/metrics/_regression.py:675: FutureWarning: 'squared' is deprecated in version 1.4 and will be removed in 1.6. To calculate the root mean squared logarithmic error, use the function'root_mean_squared_log_error'.
  warnings.warn(
INFO     | 2024-09-20 15:24:11 | __main__:optimize:122 - Metrics: {'r2': 0.9204610586166382, 'mse': 2.473539775205883, 'mae': 1.1204267313314038, 'rmse': 1.5727491138785878, 'rmsle': 0.15358168636626357, 'loss': 1.5727491138785878}
[I 2024-09-20 15:24:11,149] Trial 365 finished with value: 1.5727491138785878 and parameters: {'learning_rate': 0.1391681098624473, 'reg_lambda': 0.15428682234109706, 'reg_alpha': 0.005148693827887107, 'subsample': 0.10244758814463578, 'colsample_bytree': 0.7185762006607042, 'max_depth': 3, 'early_stopping_rounds': 390, 'n_estimators': 7000}. Best is trial 207 with value: 1.189099607377955.
/Users/antoinelopez/Epitech/DIGITAL/DIGI 2/Victory Vision Analytics/pythonProject/.venv/lib/python3.12/site-packages/sklearn/metrics/_regression.py:492: FutureWarning: 'squared' is deprecated in version 1.4 and will be removed in 1.6. To calculate the root mean squared error, use the function'root_mean_squared_error'.
  warnings.warn(
/Users/antoinelopez/Epitech/DIGITAL/DIGI 2/Victory Vision Analytics/pythonProject/.venv/lib/python3.12/site-packages/sklearn/metrics/_regression.py:675: FutureWarning: 'squared' is deprecated in version 1.4 and will be removed in 1.6. To calculate the root mean squared logarithmic error, use the function'root_mean_squared_log_error'.
  warnings.warn(
INFO     | 2024-09-20 15:24:11 | __main__:optimize:122 - Metrics: {'r2': 0.9379836320877075, 'mse': 1.9286147764439414, 'mae': 1.0233966128770695, 'rmse': 1.3887457565889954, 'rmsle': 0.16391252469174375, 'loss': 1.3887457565889954}
[I 2024-09-20 15:24:11,528] Trial 366 finished with value: 1.3887457565889954 and parameters: {'learning_rate': 0.12498563864935729, 'reg_lambda': 0.024085897133386713, 'reg_alpha': 0.0015606485698604988, 'subsample': 0.7590772253161553, 'colsample_bytree': 0.8085668317151264, 'max_depth': 5, 'early_stopping_rounds': 421, 'n_estimators': 7000}. Best is trial 207 with value: 1.189099607377955.
/Users/antoinelopez/Epitech/DIGITAL/DIGI 2/Victory Vision Analytics/pythonProject/.venv/lib/python3.12/site-packages/sklearn/metrics/_regression.py:492: FutureWarning: 'squared' is deprecated in version 1.4 and will be removed in 1.6. To calculate the root mean squared error, use the function'root_mean_squared_error'.
  warnings.warn(
/Users/antoinelopez/Epitech/DIGITAL/DIGI 2/Victory Vision Analytics/pythonProject/.venv/lib/python3.12/site-packages/sklearn/metrics/_regression.py:675: FutureWarning: 'squared' is deprecated in version 1.4 and will be removed in 1.6. To calculate the root mean squared logarithmic error, use the function'root_mean_squared_log_error'.
  warnings.warn(
INFO     | 2024-09-20 15:24:11 | __main__:optimize:122 - Metrics: {'r2': 0.94976407289505, 'mse': 1.56226116590155, 'mae': 0.8170489654984585, 'rmse': 1.2499044627096705, 'rmsle': 0.11784209713672684, 'loss': 1.2499044627096705}
[I 2024-09-20 15:24:11,820] Trial 367 finished with value: 1.2499044627096705 and parameters: {'learning_rate': 0.11061669960622361, 'reg_lambda': 0.06535166760805686, 'reg_alpha': 0.7403943848468411, 'subsample': 0.908957498103217, 'colsample_bytree': 0.680406771801629, 'max_depth': 4, 'early_stopping_rounds': 413, 'n_estimators': 7000}. Best is trial 207 with value: 1.189099607377955.
/Users/antoinelopez/Epitech/DIGITAL/DIGI 2/Victory Vision Analytics/pythonProject/.venv/lib/python3.12/site-packages/sklearn/metrics/_regression.py:492: FutureWarning: 'squared' is deprecated in version 1.4 and will be removed in 1.6. To calculate the root mean squared error, use the function'root_mean_squared_error'.
  warnings.warn(
/Users/antoinelopez/Epitech/DIGITAL/DIGI 2/Victory Vision Analytics/pythonProject/.venv/lib/python3.12/site-packages/sklearn/metrics/_regression.py:675: FutureWarning: 'squared' is deprecated in version 1.4 and will be removed in 1.6. To calculate the root mean squared logarithmic error, use the function'root_mean_squared_log_error'.
  warnings.warn(
INFO     | 2024-09-20 15:24:12 | __main__:optimize:122 - Metrics: {'r2': 0.9302045106887817, 'mse': 2.170534368300774, 'mae': 1.0977503571399423, 'rmse': 1.473273351520611, 'rmsle': 0.16395670384014582, 'loss': 1.473273351520611}
[I 2024-09-20 15:24:12,347] Trial 368 finished with value: 1.473273351520611 and parameters: {'learning_rate': 0.029295345012190964, 'reg_lambda': 2.8053135840748316, 'reg_alpha': 0.017674843028466714, 'subsample': 0.8489420884084526, 'colsample_bytree': 0.7519293351310327, 'max_depth': 4, 'early_stopping_rounds': 402, 'n_estimators': 7000}. Best is trial 207 with value: 1.189099607377955.
/Users/antoinelopez/Epitech/DIGITAL/DIGI 2/Victory Vision Analytics/pythonProject/.venv/lib/python3.12/site-packages/sklearn/metrics/_regression.py:492: FutureWarning: 'squared' is deprecated in version 1.4 and will be removed in 1.6. To calculate the root mean squared error, use the function'root_mean_squared_error'.
  warnings.warn(
/Users/antoinelopez/Epitech/DIGITAL/DIGI 2/Victory Vision Analytics/pythonProject/.venv/lib/python3.12/site-packages/sklearn/metrics/_regression.py:675: FutureWarning: 'squared' is deprecated in version 1.4 and will be removed in 1.6. To calculate the root mean squared logarithmic error, use the function'root_mean_squared_log_error'.
  warnings.warn(
INFO     | 2024-09-20 15:24:12 | __main__:optimize:122 - Metrics: {'r2': 0.9508230686187744, 'mse': 1.5293278288588166, 'mae': 0.8327704108038614, 'rmse': 1.2366599487566565, 'rmsle': 0.11088117034095903, 'loss': 1.2366599487566565}
[I 2024-09-20 15:24:12,719] Trial 369 finished with value: 1.2366599487566565 and parameters: {'learning_rate': 0.1355822912779969, 'reg_lambda': 0.013111737397848001, 'reg_alpha': 0.03831116366430422, 'subsample': 0.8288804772252863, 'colsample_bytree': 0.6449077043221347, 'max_depth': 4, 'early_stopping_rounds': 425, 'n_estimators': 7000}. Best is trial 207 with value: 1.189099607377955.
/Users/antoinelopez/Epitech/DIGITAL/DIGI 2/Victory Vision Analytics/pythonProject/.venv/lib/python3.12/site-packages/sklearn/metrics/_regression.py:492: FutureWarning: 'squared' is deprecated in version 1.4 and will be removed in 1.6. To calculate the root mean squared error, use the function'root_mean_squared_error'.
  warnings.warn(
/Users/antoinelopez/Epitech/DIGITAL/DIGI 2/Victory Vision Analytics/pythonProject/.venv/lib/python3.12/site-packages/sklearn/metrics/_regression.py:675: FutureWarning: 'squared' is deprecated in version 1.4 and will be removed in 1.6. To calculate the root mean squared logarithmic error, use the function'root_mean_squared_log_error'.
  warnings.warn(
INFO     | 2024-09-20 15:24:12 | __main__:optimize:122 - Metrics: {'r2': 0.951790988445282, 'mse': 1.4992271318684482, 'mae': 0.825924486614937, 'rmse': 1.2244293086448266, 'rmsle': 0.10719258037450478, 'loss': 1.2244293086448266}
[I 2024-09-20 15:24:12,970] Trial 370 finished with value: 1.2244293086448266 and parameters: {'learning_rate': 0.1263820339788028, 'reg_lambda': 0.34509671696484456, 'reg_alpha': 0.1746670313556504, 'subsample': 0.5153055411665171, 'colsample_bytree': 0.7027060662054174, 'max_depth': 4, 'early_stopping_rounds': 247, 'n_estimators': 7000}. Best is trial 207 with value: 1.189099607377955.
/Users/antoinelopez/Epitech/DIGITAL/DIGI 2/Victory Vision Analytics/pythonProject/.venv/lib/python3.12/site-packages/sklearn/metrics/_regression.py:492: FutureWarning: 'squared' is deprecated in version 1.4 and will be removed in 1.6. To calculate the root mean squared error, use the function'root_mean_squared_error'.
  warnings.warn(
/Users/antoinelopez/Epitech/DIGITAL/DIGI 2/Victory Vision Analytics/pythonProject/.venv/lib/python3.12/site-packages/sklearn/metrics/_regression.py:675: FutureWarning: 'squared' is deprecated in version 1.4 and will be removed in 1.6. To calculate the root mean squared logarithmic error, use the function'root_mean_squared_log_error'.
  warnings.warn(
INFO     | 2024-09-20 15:24:13 | __main__:optimize:122 - Metrics: {'r2': 0.9459937810897827, 'mse': 1.679512110366311, 'mae': 0.8668860586576683, 'rmse': 1.2959599185030033, 'rmsle': 0.133415527857966, 'loss': 1.2959599185030033}
[I 2024-09-20 15:24:13,204] Trial 371 finished with value: 1.2959599185030033 and parameters: {'learning_rate': 0.09066990691382708, 'reg_lambda': 0.00713976243191563, 'reg_alpha': 0.0003113909403415789, 'subsample': 0.9665299722081977, 'colsample_bytree': 0.6653475404450176, 'max_depth': 2, 'early_stopping_rounds': 409, 'n_estimators': 7000}. Best is trial 207 with value: 1.189099607377955.
/Users/antoinelopez/Epitech/DIGITAL/DIGI 2/Victory Vision Analytics/pythonProject/.venv/lib/python3.12/site-packages/sklearn/metrics/_regression.py:492: FutureWarning: 'squared' is deprecated in version 1.4 and will be removed in 1.6. To calculate the root mean squared error, use the function'root_mean_squared_error'.
  warnings.warn(
/Users/antoinelopez/Epitech/DIGITAL/DIGI 2/Victory Vision Analytics/pythonProject/.venv/lib/python3.12/site-packages/sklearn/metrics/_regression.py:675: FutureWarning: 'squared' is deprecated in version 1.4 and will be removed in 1.6. To calculate the root mean squared logarithmic error, use the function'root_mean_squared_log_error'.
  warnings.warn(
INFO     | 2024-09-20 15:24:13 | __main__:optimize:122 - Metrics: {'r2': 0.9523431062698364, 'mse': 1.4820577332024962, 'mae': 0.8091508815454882, 'rmse': 1.21739793543545, 'rmsle': 0.10427652814143565, 'loss': 1.21739793543545}
[I 2024-09-20 15:24:13,503] Trial 372 finished with value: 1.21739793543545 and parameters: {'learning_rate': 0.10727339844956453, 'reg_lambda': 0.004551710913367429, 'reg_alpha': 0.0007362232402196054, 'subsample': 0.9281551083108933, 'colsample_bytree': 0.6869904748524482, 'max_depth': 3, 'early_stopping_rounds': 432, 'n_estimators': 7000}. Best is trial 207 with value: 1.189099607377955.
/Users/antoinelopez/Epitech/DIGITAL/DIGI 2/Victory Vision Analytics/pythonProject/.venv/lib/python3.12/site-packages/sklearn/metrics/_regression.py:492: FutureWarning: 'squared' is deprecated in version 1.4 and will be removed in 1.6. To calculate the root mean squared error, use the function'root_mean_squared_error'.
  warnings.warn(
/Users/antoinelopez/Epitech/DIGITAL/DIGI 2/Victory Vision Analytics/pythonProject/.venv/lib/python3.12/site-packages/sklearn/metrics/_regression.py:675: FutureWarning: 'squared' is deprecated in version 1.4 and will be removed in 1.6. To calculate the root mean squared logarithmic error, use the function'root_mean_squared_log_error'.
  warnings.warn(
INFO     | 2024-09-20 15:24:13 | __main__:optimize:122 - Metrics: {'r2': 0.9509046673774719, 'mse': 1.5267903031009358, 'mae': 0.8589944015408671, 'rmse': 1.2356335634406084, 'rmsle': 0.12192095059878238, 'loss': 1.2356335634406084}
[I 2024-09-20 15:24:13,780] Trial 373 finished with value: 1.2356335634406084 and parameters: {'learning_rate': 0.17216612153505245, 'reg_lambda': 0.18443708249046795, 'reg_alpha': 0.0034214082272153723, 'subsample': 0.8701995674507621, 'colsample_bytree': 0.7270054927947878, 'max_depth': 4, 'early_stopping_rounds': 346, 'n_estimators': 7000}. Best is trial 207 with value: 1.189099607377955.
/Users/antoinelopez/Epitech/DIGITAL/DIGI 2/Victory Vision Analytics/pythonProject/.venv/lib/python3.12/site-packages/sklearn/metrics/_regression.py:492: FutureWarning: 'squared' is deprecated in version 1.4 and will be removed in 1.6. To calculate the root mean squared error, use the function'root_mean_squared_error'.
  warnings.warn(
/Users/antoinelopez/Epitech/DIGITAL/DIGI 2/Victory Vision Analytics/pythonProject/.venv/lib/python3.12/site-packages/sklearn/metrics/_regression.py:675: FutureWarning: 'squared' is deprecated in version 1.4 and will be removed in 1.6. To calculate the root mean squared logarithmic error, use the function'root_mean_squared_log_error'.
  warnings.warn(
INFO     | 2024-09-20 15:24:14 | __main__:optimize:122 - Metrics: {'r2': 0.9503374695777893, 'mse': 1.54442876156352, 'mae': 0.8717358715312425, 'rmse': 1.2427504824233704, 'rmsle': 0.12941571943286062, 'loss': 1.2427504824233704}
