[I 2024-09-20 15:22:25,759] Trial 54 finished with value: 1.317827984747287 and parameters: {'learning_rate': 0.08919615700838124, 'reg_lambda': 3.852033368978671e-05, 'reg_alpha': 0.2989725848721098, 'subsample': 0.9064751114833216, 'colsample_bytree': 0.7313817456553783, 'max_depth': 6, 'early_stopping_rounds': 436, 'n_estimators': 20000}. Best is trial 37 with value: 1.231815754986476.
/Users/antoinelopez/Epitech/DIGITAL/DIGI 2/Victory Vision Analytics/pythonProject/.venv/lib/python3.12/site-packages/sklearn/metrics/_regression.py:492: FutureWarning: 'squared' is deprecated in version 1.4 and will be removed in 1.6. To calculate the root mean squared error, use the function'root_mean_squared_error'.
  warnings.warn(
/Users/antoinelopez/Epitech/DIGITAL/DIGI 2/Victory Vision Analytics/pythonProject/.venv/lib/python3.12/site-packages/sklearn/metrics/_regression.py:675: FutureWarning: 'squared' is deprecated in version 1.4 and will be removed in 1.6. To calculate the root mean squared logarithmic error, use the function'root_mean_squared_log_error'.
  warnings.warn(
INFO     | 2024-09-20 15:22:26 | __main__:optimize:122 - Metrics: {'r2': 0.9346756339073181, 'mse': 2.0314888744463957, 'mae': 1.0078519433043724, 'rmse': 1.4253030816098011, 'rmsle': 0.15580467832896766, 'loss': 1.4253030816098011}
[I 2024-09-20 15:22:26,976] Trial 55 finished with value: 1.4253030816098011 and parameters: {'learning_rate': 0.07971959168590899, 'reg_lambda': 0.0021337748062642587, 'reg_alpha': 5.4515817732092025, 'subsample': 0.8709694817458462, 'colsample_bytree': 0.8603727660506001, 'max_depth': 5, 'early_stopping_rounds': 425, 'n_estimators': 20000}. Best is trial 37 with value: 1.231815754986476.
/Users/antoinelopez/Epitech/DIGITAL/DIGI 2/Victory Vision Analytics/pythonProject/.venv/lib/python3.12/site-packages/sklearn/metrics/_regression.py:492: FutureWarning: 'squared' is deprecated in version 1.4 and will be removed in 1.6. To calculate the root mean squared error, use the function'root_mean_squared_error'.
  warnings.warn(
/Users/antoinelopez/Epitech/DIGITAL/DIGI 2/Victory Vision Analytics/pythonProject/.venv/lib/python3.12/site-packages/sklearn/metrics/_regression.py:675: FutureWarning: 'squared' is deprecated in version 1.4 and will be removed in 1.6. To calculate the root mean squared logarithmic error, use the function'root_mean_squared_log_error'.
  warnings.warn(
INFO     | 2024-09-20 15:22:27 | __main__:optimize:122 - Metrics: {'r2': 0.9226933717727661, 'mse': 2.4041188943989034, 'mae': 0.9881333265193674, 'rmse': 1.5505221360557557, 'rmsle': 0.13466354441041947, 'loss': 1.5505221360557557}
[I 2024-09-20 15:22:27,717] Trial 56 finished with value: 1.5505221360557557 and parameters: {'learning_rate': 0.03210906291000212, 'reg_lambda': 0.0005944188653140335, 'reg_alpha': 0.244568303536491, 'subsample': 0.9662394690157649, 'colsample_bytree': 0.9292648363722718, 'max_depth': 6, 'early_stopping_rounds': 477, 'n_estimators': 20000}. Best is trial 37 with value: 1.231815754986476.
/Users/antoinelopez/Epitech/DIGITAL/DIGI 2/Victory Vision Analytics/pythonProject/.venv/lib/python3.12/site-packages/sklearn/metrics/_regression.py:492: FutureWarning: 'squared' is deprecated in version 1.4 and will be removed in 1.6. To calculate the root mean squared error, use the function'root_mean_squared_error'.
  warnings.warn(
/Users/antoinelopez/Epitech/DIGITAL/DIGI 2/Victory Vision Analytics/pythonProject/.venv/lib/python3.12/site-packages/sklearn/metrics/_regression.py:675: FutureWarning: 'squared' is deprecated in version 1.4 and will be removed in 1.6. To calculate the root mean squared logarithmic error, use the function'root_mean_squared_log_error'.
  warnings.warn(
INFO     | 2024-09-20 15:22:28 | __main__:optimize:122 - Metrics: {'r2': 0.9366946816444397, 'mse': 1.9686993910681794, 'mae': 1.008449903199839, 'rmse': 1.4031034855163675, 'rmsle': 0.1606398655149692, 'loss': 1.4031034855163675}
[I 2024-09-20 15:22:28,148] Trial 57 finished with value: 1.4031034855163675 and parameters: {'learning_rate': 0.09968126955829457, 'reg_lambda': 3.4321267476389563, 'reg_alpha': 0.058859697915789, 'subsample': 0.7558263298735264, 'colsample_bytree': 0.8093428610522359, 'max_depth': 5, 'early_stopping_rounds': 412, 'n_estimators': 20000}. Best is trial 37 with value: 1.231815754986476.
/Users/antoinelopez/Epitech/DIGITAL/DIGI 2/Victory Vision Analytics/pythonProject/.venv/lib/python3.12/site-packages/sklearn/metrics/_regression.py:492: FutureWarning: 'squared' is deprecated in version 1.4 and will be removed in 1.6. To calculate the root mean squared error, use the function'root_mean_squared_error'.
  warnings.warn(
/Users/antoinelopez/Epitech/DIGITAL/DIGI 2/Victory Vision Analytics/pythonProject/.venv/lib/python3.12/site-packages/sklearn/metrics/_regression.py:675: FutureWarning: 'squared' is deprecated in version 1.4 and will be removed in 1.6. To calculate the root mean squared logarithmic error, use the function'root_mean_squared_log_error'.
  warnings.warn(
INFO     | 2024-09-20 15:22:29 | __main__:optimize:122 - Metrics: {'r2': 0.9208407998085022, 'mse': 2.461730453009008, 'mae': 1.261342698474263, 'rmse': 1.5689902654283767, 'rmsle': 0.24595889052382036, 'loss': 1.5689902654283767}
[I 2024-09-20 15:22:29,984] Trial 58 finished with value: 1.5689902654283767 and parameters: {'learning_rate': 0.11123130909211246, 'reg_lambda': 3.153411096076059e-05, 'reg_alpha': 0.7936343949999436, 'subsample': 0.7991390689960001, 'colsample_bytree': 0.1727424911164116, 'max_depth': 4, 'early_stopping_rounds': 444, 'n_estimators': 7000}. Best is trial 37 with value: 1.231815754986476.
INFO:     127.0.0.1:52079 - "GET /ui/is_model_training HTTP/1.1" 200 OK
/Users/antoinelopez/Epitech/DIGITAL/DIGI 2/Victory Vision Analytics/pythonProject/.venv/lib/python3.12/site-packages/sklearn/metrics/_regression.py:492: FutureWarning: 'squared' is deprecated in version 1.4 and will be removed in 1.6. To calculate the root mean squared error, use the function'root_mean_squared_error'.
  warnings.warn(
/Users/antoinelopez/Epitech/DIGITAL/DIGI 2/Victory Vision Analytics/pythonProject/.venv/lib/python3.12/site-packages/sklearn/metrics/_regression.py:675: FutureWarning: 'squared' is deprecated in version 1.4 and will be removed in 1.6. To calculate the root mean squared logarithmic error, use the function'root_mean_squared_log_error'.
  warnings.warn(
INFO     | 2024-09-20 15:22:30 | __main__:optimize:122 - Metrics: {'r2': 0.949234127998352, 'mse': 1.5787425254657974, 'mae': 0.8993873410446699, 'rmse': 1.2564802129225106, 'rmsle': 0.13871577753764902, 'loss': 1.2564802129225106}
[I 2024-09-20 15:22:30,552] Trial 59 finished with value: 1.2564802129225106 and parameters: {'learning_rate': 0.06961073902850748, 'reg_lambda': 4.374644051705382e-06, 'reg_alpha': 0.010102603820491085, 'subsample': 0.9197000139748328, 'colsample_bytree': 0.6754857574926445, 'max_depth': 6, 'early_stopping_rounds': 382, 'n_estimators': 20000}. Best is trial 37 with value: 1.231815754986476.
/Users/antoinelopez/Epitech/DIGITAL/DIGI 2/Victory Vision Analytics/pythonProject/.venv/lib/python3.12/site-packages/sklearn/metrics/_regression.py:492: FutureWarning: 'squared' is deprecated in version 1.4 and will be removed in 1.6. To calculate the root mean squared error, use the function'root_mean_squared_error'.
  warnings.warn(
/Users/antoinelopez/Epitech/DIGITAL/DIGI 2/Victory Vision Analytics/pythonProject/.venv/lib/python3.12/site-packages/sklearn/metrics/_regression.py:675: FutureWarning: 'squared' is deprecated in version 1.4 and will be removed in 1.6. To calculate the root mean squared logarithmic error, use the function'root_mean_squared_log_error'.
  warnings.warn(
INFO     | 2024-09-20 15:22:32 | __main__:optimize:122 - Metrics: {'r2': 0.931487500667572, 'mse': 2.130635088065648, 'mae': 1.141571218745653, 'rmse': 1.459669513302805, 'rmsle': 0.1968244296481213, 'loss': 1.459669513302805}
[I 2024-09-20 15:22:32,409] Trial 60 finished with value: 1.459669513302805 and parameters: {'learning_rate': 0.03928896535671815, 'reg_lambda': 2.0852079813079668e-06, 'reg_alpha': 0.015951628891714753, 'subsample': 0.9346199366085338, 'colsample_bytree': 0.681524647560197, 'max_depth': 8, 'early_stopping_rounds': 500, 'n_estimators': 20000}. Best is trial 37 with value: 1.231815754986476.
/Users/antoinelopez/Epitech/DIGITAL/DIGI 2/Victory Vision Analytics/pythonProject/.venv/lib/python3.12/site-packages/sklearn/metrics/_regression.py:492: FutureWarning: 'squared' is deprecated in version 1.4 and will be removed in 1.6. To calculate the root mean squared error, use the function'root_mean_squared_error'.
  warnings.warn(
/Users/antoinelopez/Epitech/DIGITAL/DIGI 2/Victory Vision Analytics/pythonProject/.venv/lib/python3.12/site-packages/sklearn/metrics/_regression.py:675: FutureWarning: 'squared' is deprecated in version 1.4 and will be removed in 1.6. To calculate the root mean squared logarithmic error, use the function'root_mean_squared_log_error'.
  warnings.warn(
INFO     | 2024-09-20 15:22:32 | __main__:optimize:122 - Metrics: {'r2': 0.942735493183136, 'mse': 1.7808393965488036, 'mae': 0.9606359113094418, 'rmse': 1.3344809464914829, 'rmsle': 0.13301650670596246, 'loss': 1.3344809464914829}
[I 2024-09-20 15:22:32,821] Trial 61 finished with value: 1.3344809464914829 and parameters: {'learning_rate': 0.07240742597121284, 'reg_lambda': 4.244397108040587e-06, 'reg_alpha': 0.0066676190097922135, 'subsample': 0.898250904395185, 'colsample_bytree': 0.7402833717961492, 'max_depth': 5, 'early_stopping_rounds': 377, 'n_estimators': 20000}. Best is trial 37 with value: 1.231815754986476.
/Users/antoinelopez/Epitech/DIGITAL/DIGI 2/Victory Vision Analytics/pythonProject/.venv/lib/python3.12/site-packages/sklearn/metrics/_regression.py:492: FutureWarning: 'squared' is deprecated in version 1.4 and will be removed in 1.6. To calculate the root mean squared error, use the function'root_mean_squared_error'.
  warnings.warn(
/Users/antoinelopez/Epitech/DIGITAL/DIGI 2/Victory Vision Analytics/pythonProject/.venv/lib/python3.12/site-packages/sklearn/metrics/_regression.py:675: FutureWarning: 'squared' is deprecated in version 1.4 and will be removed in 1.6. To calculate the root mean squared logarithmic error, use the function'root_mean_squared_log_error'.
  warnings.warn(
INFO     | 2024-09-20 15:22:33 | __main__:optimize:122 - Metrics: {'r2': 0.9492431282997131, 'mse': 1.5784622913035598, 'mae': 0.8605484909789507, 'rmse': 1.2563686924241466, 'rmsle': 0.13545128680171042, 'loss': 1.2563686924241466}
[I 2024-09-20 15:22:33,283] Trial 62 finished with value: 1.2563686924241466 and parameters: {'learning_rate': 0.09282611019710427, 'reg_lambda': 1.3444410810736591e-05, 'reg_alpha': 1.953750335505367, 'subsample': 0.9639884977448152, 'colsample_bytree': 0.7189733730188563, 'max_depth': 6, 'early_stopping_rounds': 450, 'n_estimators': 20000}. Best is trial 37 with value: 1.231815754986476.
/Users/antoinelopez/Epitech/DIGITAL/DIGI 2/Victory Vision Analytics/pythonProject/.venv/lib/python3.12/site-packages/sklearn/metrics/_regression.py:492: FutureWarning: 'squared' is deprecated in version 1.4 and will be removed in 1.6. To calculate the root mean squared error, use the function'root_mean_squared_error'.
  warnings.warn(
/Users/antoinelopez/Epitech/DIGITAL/DIGI 2/Victory Vision Analytics/pythonProject/.venv/lib/python3.12/site-packages/sklearn/metrics/_regression.py:675: FutureWarning: 'squared' is deprecated in version 1.4 and will be removed in 1.6. To calculate the root mean squared logarithmic error, use the function'root_mean_squared_log_error'.
  warnings.warn(
INFO     | 2024-09-20 15:22:33 | __main__:optimize:122 - Metrics: {'r2': 0.943220853805542, 'mse': 1.7657444233740291, 'mae': 0.8977381725643956, 'rmse': 1.3288131634560327, 'rmsle': 0.1335197214358578, 'loss': 1.3288131634560327}
[I 2024-09-20 15:22:33,779] Trial 63 finished with value: 1.3288131634560327 and parameters: {'learning_rate': 0.08173586551642534, 'reg_lambda': 1.3279185012964133e-05, 'reg_alpha': 1.7187193425839977, 'subsample': 0.9663999303895862, 'colsample_bytree': 0.7854047681868732, 'max_depth': 7, 'early_stopping_rounds': 366, 'n_estimators': 20000}. Best is trial 37 with value: 1.231815754986476.
/Users/antoinelopez/Epitech/DIGITAL/DIGI 2/Victory Vision Analytics/pythonProject/.venv/lib/python3.12/site-packages/sklearn/metrics/_regression.py:492: FutureWarning: 'squared' is deprecated in version 1.4 and will be removed in 1.6. To calculate the root mean squared error, use the function'root_mean_squared_error'.
  warnings.warn(
/Users/antoinelopez/Epitech/DIGITAL/DIGI 2/Victory Vision Analytics/pythonProject/.venv/lib/python3.12/site-packages/sklearn/metrics/_regression.py:675: FutureWarning: 'squared' is deprecated in version 1.4 and will be removed in 1.6. To calculate the root mean squared logarithmic error, use the function'root_mean_squared_log_error'.
  warnings.warn(
INFO     | 2024-09-20 15:22:34 | __main__:optimize:122 - Metrics: {'r2': 0.9458222389221191, 'mse': 1.6848467681164432, 'mae': 0.9077650286430536, 'rmse': 1.2980164745165768, 'rmsle': 0.13315892854185613, 'loss': 1.2980164745165768}
[I 2024-09-20 15:22:34,397] Trial 64 finished with value: 1.2980164745165768 and parameters: {'learning_rate': 0.058271105451436885, 'reg_lambda': 0.0002731565058758714, 'reg_alpha': 0.12077351414544665, 'subsample': 0.8468029907832166, 'colsample_bytree': 0.6821514531138433, 'max_depth': 6, 'early_stopping_rounds': 473, 'n_estimators': 20000}. Best is trial 37 with value: 1.231815754986476.
/Users/antoinelopez/Epitech/DIGITAL/DIGI 2/Victory Vision Analytics/pythonProject/.venv/lib/python3.12/site-packages/sklearn/metrics/_regression.py:492: FutureWarning: 'squared' is deprecated in version 1.4 and will be removed in 1.6. To calculate the root mean squared error, use the function'root_mean_squared_error'.
  warnings.warn(
/Users/antoinelopez/Epitech/DIGITAL/DIGI 2/Victory Vision Analytics/pythonProject/.venv/lib/python3.12/site-packages/sklearn/metrics/_regression.py:675: FutureWarning: 'squared' is deprecated in version 1.4 and will be removed in 1.6. To calculate the root mean squared logarithmic error, use the function'root_mean_squared_log_error'.
  warnings.warn(
INFO     | 2024-09-20 15:22:34 | __main__:optimize:122 - Metrics: {'r2': 0.9489054679870605, 'mse': 1.5889619465853004, 'mae': 0.8108600414076517, 'rmse': 1.260540339134492, 'rmsle': 0.11231593222582525, 'loss': 1.260540339134492}
[I 2024-09-20 15:22:34,667] Trial 65 finished with value: 1.260540339134492 and parameters: {'learning_rate': 0.1256371646467396, 'reg_lambda': 3.931026341668824e-06, 'reg_alpha': 4.911397873271197, 'subsample': 0.9991575406262865, 'colsample_bytree': 0.7656124205652632, 'max_depth': 6, 'early_stopping_rounds': 453, 'n_estimators': 15000}. Best is trial 37 with value: 1.231815754986476.
/Users/antoinelopez/Epitech/DIGITAL/DIGI 2/Victory Vision Analytics/pythonProject/.venv/lib/python3.12/site-packages/sklearn/metrics/_regression.py:492: FutureWarning: 'squared' is deprecated in version 1.4 and will be removed in 1.6. To calculate the root mean squared error, use the function'root_mean_squared_error'.
  warnings.warn(
/Users/antoinelopez/Epitech/DIGITAL/DIGI 2/Victory Vision Analytics/pythonProject/.venv/lib/python3.12/site-packages/sklearn/metrics/_regression.py:675: FutureWarning: 'squared' is deprecated in version 1.4 and will be removed in 1.6. To calculate the root mean squared logarithmic error, use the function'root_mean_squared_log_error'.
  warnings.warn(
INFO     | 2024-09-20 15:22:34 | __main__:optimize:122 - Metrics: {'r2': 0.9478311538696289, 'mse': 1.6223717613597461, 'mae': 0.861892825503682, 'rmse': 1.273723581221509, 'rmsle': 0.12953168529671463, 'loss': 1.273723581221509}
[I 2024-09-20 15:22:35,000] Trial 66 finished with value: 1.273723581221509 and parameters: {'learning_rate': 0.13037700387027454, 'reg_lambda': 1.5799526043244222e-06, 'reg_alpha': 3.915488242417496, 'subsample': 0.9706473758224551, 'colsample_bytree': 0.7104111800041581, 'max_depth': 6, 'early_stopping_rounds': 406, 'n_estimators': 15000}. Best is trial 37 with value: 1.231815754986476.
/Users/antoinelopez/Epitech/DIGITAL/DIGI 2/Victory Vision Analytics/pythonProject/.venv/lib/python3.12/site-packages/sklearn/metrics/_regression.py:492: FutureWarning: 'squared' is deprecated in version 1.4 and will be removed in 1.6. To calculate the root mean squared error, use the function'root_mean_squared_error'.
  warnings.warn(
/Users/antoinelopez/Epitech/DIGITAL/DIGI 2/Victory Vision Analytics/pythonProject/.venv/lib/python3.12/site-packages/sklearn/metrics/_regression.py:675: FutureWarning: 'squared' is deprecated in version 1.4 and will be removed in 1.6. To calculate the root mean squared logarithmic error, use the function'root_mean_squared_log_error'.
  warnings.warn(
INFO     | 2024-09-20 15:22:35 | __main__:optimize:122 - Metrics: {'r2': 0.9385750889778137, 'mse': 1.9102221611054484, 'mae': 0.9891178311303604, 'rmse': 1.3821078688385535, 'rmsle': 0.16718733922887608, 'loss': 1.3821078688385535}
[I 2024-09-20 15:22:35,226] Trial 67 finished with value: 1.3821078688385535 and parameters: {'learning_rate': 0.17132709635345578, 'reg_lambda': 1.0419347199607313e-05, 'reg_alpha': 14.95357136157947, 'subsample': 0.9976324395997532, 'colsample_bytree': 0.6185539031170566, 'max_depth': 6, 'early_stopping_rounds': 389, 'n_estimators': 15000}. Best is trial 37 with value: 1.231815754986476.
INFO:     127.0.0.1:52082 - "GET /ui/is_model_training HTTP/1.1" 200 OK
INFO:     127.0.0.1:52081 - "GET /ui/accelerators HTTP/1.1" 200 OK
/Users/antoinelopez/Epitech/DIGITAL/DIGI 2/Victory Vision Analytics/pythonProject/.venv/lib/python3.12/site-packages/sklearn/metrics/_regression.py:492: FutureWarning: 'squared' is deprecated in version 1.4 and will be removed in 1.6. To calculate the root mean squared error, use the function'root_mean_squared_error'.
  warnings.warn(
/Users/antoinelopez/Epitech/DIGITAL/DIGI 2/Victory Vision Analytics/pythonProject/.venv/lib/python3.12/site-packages/sklearn/metrics/_regression.py:675: FutureWarning: 'squared' is deprecated in version 1.4 and will be removed in 1.6. To calculate the root mean squared logarithmic error, use the function'root_mean_squared_log_error'.
  warnings.warn(
INFO     | 2024-09-20 15:22:35 | __main__:optimize:122 - Metrics: {'r2': 0.9029168486595154, 'mse': 3.0191379487776335, 'mae': 1.3317965069482494, 'rmse': 1.7375666746279503, 'rmsle': 0.23810080787735763, 'loss': 1.7375666746279503}
[I 2024-09-20 15:22:35,748] Trial 68 finished with value: 1.7375666746279503 and parameters: {'learning_rate': 0.06802792889546169, 'reg_lambda': 3.6458978350088875e-06, 'reg_alpha': 75.29280615546656, 'subsample': 0.9386884476483688, 'colsample_bytree': 0.8280865964035358, 'max_depth': 7, 'early_stopping_rounds': 454, 'n_estimators': 15000}. Best is trial 37 with value: 1.231815754986476.
/Users/antoinelopez/Epitech/DIGITAL/DIGI 2/Victory Vision Analytics/pythonProject/.venv/lib/python3.12/site-packages/sklearn/metrics/_regression.py:492: FutureWarning: 'squared' is deprecated in version 1.4 and will be removed in 1.6. To calculate the root mean squared error, use the function'root_mean_squared_error'.
  warnings.warn(
/Users/antoinelopez/Epitech/DIGITAL/DIGI 2/Victory Vision Analytics/pythonProject/.venv/lib/python3.12/site-packages/sklearn/metrics/_regression.py:675: FutureWarning: 'squared' is deprecated in version 1.4 and will be removed in 1.6. To calculate the root mean squared logarithmic error, use the function'root_mean_squared_log_error'.
  warnings.warn(
INFO     | 2024-09-20 15:22:37 | __main__:optimize:122 - Metrics: {'r2': 0.9368610382080078, 'mse': 1.9635253233091394, 'mae': 1.0321882109309353, 'rmse': 1.4012584784075848, 'rmsle': 0.15991052455218444, 'loss': 1.4012584784075848}
[I 2024-09-20 15:22:37,178] Trial 69 finished with value: 1.4012584784075848 and parameters: {'learning_rate': 0.10081397890030594, 'reg_lambda': 9.113410048479e-07, 'reg_alpha': 2.159971375815293, 'subsample': 0.8759101645336497, 'colsample_bytree': 0.7550439911684552, 'max_depth': 7, 'early_stopping_rounds': 346, 'n_estimators': 15000}. Best is trial 37 with value: 1.231815754986476.
/Users/antoinelopez/Epitech/DIGITAL/DIGI 2/Victory Vision Analytics/pythonProject/.venv/lib/python3.12/site-packages/sklearn/metrics/_regression.py:492: FutureWarning: 'squared' is deprecated in version 1.4 and will be removed in 1.6. To calculate the root mean squared error, use the function'root_mean_squared_error'.
  warnings.warn(
/Users/antoinelopez/Epitech/DIGITAL/DIGI 2/Victory Vision Analytics/pythonProject/.venv/lib/python3.12/site-packages/sklearn/metrics/_regression.py:675: FutureWarning: 'squared' is deprecated in version 1.4 and will be removed in 1.6. To calculate the root mean squared logarithmic error, use the function'root_mean_squared_log_error'.
  warnings.warn(
INFO     | 2024-09-20 15:22:37 | __main__:optimize:122 - Metrics: {'r2': 0.9307566285133362, 'mse': 2.153363444832712, 'mae': 0.8128556697867637, 'rmse': 1.4674343068201425, 'rmsle': 0.10867561469412401, 'loss': 1.4674343068201425}
