[I 2024-09-20 15:23:59,597] Trial 326 finished with value: 1.3994071678276412 and parameters: {'learning_rate': 0.10159501758535382, 'reg_lambda': 0.04380880618392258, 'reg_alpha': 0.14468361577996405, 'subsample': 0.8555854834618611, 'colsample_bytree': 0.7397641203763116, 'max_depth': 8, 'early_stopping_rounds': 383, 'n_estimators': 7000}. Best is trial 207 with value: 1.189099607377955.
/Users/antoinelopez/Epitech/DIGITAL/DIGI 2/Victory Vision Analytics/pythonProject/.venv/lib/python3.12/site-packages/sklearn/metrics/_regression.py:492: FutureWarning: 'squared' is deprecated in version 1.4 and will be removed in 1.6. To calculate the root mean squared error, use the function'root_mean_squared_error'.
  warnings.warn(
/Users/antoinelopez/Epitech/DIGITAL/DIGI 2/Victory Vision Analytics/pythonProject/.venv/lib/python3.12/site-packages/sklearn/metrics/_regression.py:675: FutureWarning: 'squared' is deprecated in version 1.4 and will be removed in 1.6. To calculate the root mean squared logarithmic error, use the function'root_mean_squared_log_error'.
  warnings.warn(
INFO     | 2024-09-20 15:24:00 | __main__:optimize:122 - Metrics: {'r2': 0.9053862690925598, 'mse': 2.942342688496796, 'mae': 1.3867942502332289, 'rmse': 1.7153258257534618, 'rmsle': 0.26623583114672844, 'loss': 1.7153258257534618}
[I 2024-09-20 15:24:00,219] Trial 327 finished with value: 1.7153258257534618 and parameters: {'learning_rate': 0.09475340516757415, 'reg_lambda': 0.08474759028072062, 'reg_alpha': 0.316168468219764, 'subsample': 0.814157179844439, 'colsample_bytree': 0.23918742967886147, 'max_depth': 4, 'early_stopping_rounds': 398, 'n_estimators': 7000}. Best is trial 207 with value: 1.189099607377955.
/Users/antoinelopez/Epitech/DIGITAL/DIGI 2/Victory Vision Analytics/pythonProject/.venv/lib/python3.12/site-packages/sklearn/metrics/_regression.py:492: FutureWarning: 'squared' is deprecated in version 1.4 and will be removed in 1.6. To calculate the root mean squared error, use the function'root_mean_squared_error'.
  warnings.warn(
/Users/antoinelopez/Epitech/DIGITAL/DIGI 2/Victory Vision Analytics/pythonProject/.venv/lib/python3.12/site-packages/sklearn/metrics/_regression.py:675: FutureWarning: 'squared' is deprecated in version 1.4 and will be removed in 1.6. To calculate the root mean squared logarithmic error, use the function'root_mean_squared_log_error'.
  warnings.warn(
INFO     | 2024-09-20 15:24:00 | __main__:optimize:122 - Metrics: {'r2': 0.9519467353820801, 'mse': 1.494383556853726, 'mae': 0.8368679359078753, 'rmse': 1.2224498177241168, 'rmsle': 0.12915847608289668, 'loss': 1.2224498177241168}
[I 2024-09-20 15:24:00,571] Trial 328 finished with value: 1.2224498177241168 and parameters: {'learning_rate': 0.11005942937920059, 'reg_lambda': 0.0024723561081990125, 'reg_alpha': 0.20781342808957692, 'subsample': 0.8753730646526457, 'colsample_bytree': 0.6735941975470424, 'max_depth': 4, 'early_stopping_rounds': 405, 'n_estimators': 7000}. Best is trial 207 with value: 1.189099607377955.
/Users/antoinelopez/Epitech/DIGITAL/DIGI 2/Victory Vision Analytics/pythonProject/.venv/lib/python3.12/site-packages/sklearn/metrics/_regression.py:492: FutureWarning: 'squared' is deprecated in version 1.4 and will be removed in 1.6. To calculate the root mean squared error, use the function'root_mean_squared_error'.
  warnings.warn(
/Users/antoinelopez/Epitech/DIGITAL/DIGI 2/Victory Vision Analytics/pythonProject/.venv/lib/python3.12/site-packages/sklearn/metrics/_regression.py:675: FutureWarning: 'squared' is deprecated in version 1.4 and will be removed in 1.6. To calculate the root mean squared logarithmic error, use the function'root_mean_squared_log_error'.
  warnings.warn(
INFO     | 2024-09-20 15:24:00 | __main__:optimize:122 - Metrics: {'r2': 0.9517676830291748, 'mse': 1.4999510965632463, 'mae': 0.8042702749718067, 'rmse': 1.22472490648441, 'rmsle': 0.11439982510116145, 'loss': 1.22472490648441}
[I 2024-09-20 15:24:00,840] Trial 329 finished with value: 1.22472490648441 and parameters: {'learning_rate': 0.13709845577056823, 'reg_lambda': 0.16831082379793588, 'reg_alpha': 0.05747908759681259, 'subsample': 0.9473023740805662, 'colsample_bytree': 0.707161801839659, 'max_depth': 3, 'early_stopping_rounds': 394, 'n_estimators': 7000}. Best is trial 207 with value: 1.189099607377955.
/Users/antoinelopez/Epitech/DIGITAL/DIGI 2/Victory Vision Analytics/pythonProject/.venv/lib/python3.12/site-packages/sklearn/metrics/_regression.py:492: FutureWarning: 'squared' is deprecated in version 1.4 and will be removed in 1.6. To calculate the root mean squared error, use the function'root_mean_squared_error'.
  warnings.warn(
/Users/antoinelopez/Epitech/DIGITAL/DIGI 2/Victory Vision Analytics/pythonProject/.venv/lib/python3.12/site-packages/sklearn/metrics/_regression.py:675: FutureWarning: 'squared' is deprecated in version 1.4 and will be removed in 1.6. To calculate the root mean squared logarithmic error, use the function'root_mean_squared_log_error'.
  warnings.warn(
INFO     | 2024-09-20 15:24:01 | __main__:optimize:122 - Metrics: {'r2': 0.9516253471374512, 'mse': 1.5043776779655957, 'mae': 0.8073599693387054, 'rmse': 1.2265307488871184, 'rmsle': 0.11575799157639617, 'loss': 1.2265307488871184}
[I 2024-09-20 15:24:01,210] Trial 330 finished with value: 1.2265307488871184 and parameters: {'learning_rate': 0.11310468793143864, 'reg_lambda': 0.0014513275973344181, 'reg_alpha': 0.09673117605465299, 'subsample': 0.9088504782522119, 'colsample_bytree': 0.7585083466924967, 'max_depth': 5, 'early_stopping_rounds': 390, 'n_estimators': 7000}. Best is trial 207 with value: 1.189099607377955.
/Users/antoinelopez/Epitech/DIGITAL/DIGI 2/Victory Vision Analytics/pythonProject/.venv/lib/python3.12/site-packages/sklearn/metrics/_regression.py:492: FutureWarning: 'squared' is deprecated in version 1.4 and will be removed in 1.6. To calculate the root mean squared error, use the function'root_mean_squared_error'.
  warnings.warn(
/Users/antoinelopez/Epitech/DIGITAL/DIGI 2/Victory Vision Analytics/pythonProject/.venv/lib/python3.12/site-packages/sklearn/metrics/_regression.py:675: FutureWarning: 'squared' is deprecated in version 1.4 and will be removed in 1.6. To calculate the root mean squared logarithmic error, use the function'root_mean_squared_log_error'.
  warnings.warn(
INFO     | 2024-09-20 15:24:01 | __main__:optimize:122 - Metrics: {'r2': 0.9492512941360474, 'mse': 1.5782085406710997, 'mae': 0.8090110983959464, 'rmse': 1.256267702629937, 'rmsle': 0.11218537151689201, 'loss': 1.256267702629937}
[I 2024-09-20 15:24:01,529] Trial 331 finished with value: 1.256267702629937 and parameters: {'learning_rate': 0.06505928235261789, 'reg_lambda': 0.0172954931124763, 'reg_alpha': 0.00011940828922514265, 'subsample': 0.8786730445817728, 'colsample_bytree': 0.6907265735028113, 'max_depth': 4, 'early_stopping_rounds': 416, 'n_estimators': 7000}. Best is trial 207 with value: 1.189099607377955.
/Users/antoinelopez/Epitech/DIGITAL/DIGI 2/Victory Vision Analytics/pythonProject/.venv/lib/python3.12/site-packages/sklearn/metrics/_regression.py:492: FutureWarning: 'squared' is deprecated in version 1.4 and will be removed in 1.6. To calculate the root mean squared error, use the function'root_mean_squared_error'.
  warnings.warn(
/Users/antoinelopez/Epitech/DIGITAL/DIGI 2/Victory Vision Analytics/pythonProject/.venv/lib/python3.12/site-packages/sklearn/metrics/_regression.py:675: FutureWarning: 'squared' is deprecated in version 1.4 and will be removed in 1.6. To calculate the root mean squared logarithmic error, use the function'root_mean_squared_log_error'.
  warnings.warn(
INFO     | 2024-09-20 15:24:01 | __main__:optimize:122 - Metrics: {'r2': 0.9336342215538025, 'mse': 2.063874722719351, 'mae': 0.8917751212452734, 'rmse': 1.4366191989248058, 'rmsle': 0.12093685217196422, 'loss': 1.4366191989248058}
[I 2024-09-20 15:24:01,803] Trial 332 finished with value: 1.4366191989248058 and parameters: {'learning_rate': 0.16834301185459336, 'reg_lambda': 0.0007822234169749234, 'reg_alpha': 0.038700405555909444, 'subsample': 0.8335532780994329, 'colsample_bytree': 0.9552108233211019, 'max_depth': 4, 'early_stopping_rounds': 375, 'n_estimators': 7000}. Best is trial 207 with value: 1.189099607377955.
/Users/antoinelopez/Epitech/DIGITAL/DIGI 2/Victory Vision Analytics/pythonProject/.venv/lib/python3.12/site-packages/sklearn/metrics/_regression.py:492: FutureWarning: 'squared' is deprecated in version 1.4 and will be removed in 1.6. To calculate the root mean squared error, use the function'root_mean_squared_error'.
  warnings.warn(
/Users/antoinelopez/Epitech/DIGITAL/DIGI 2/Victory Vision Analytics/pythonProject/.venv/lib/python3.12/site-packages/sklearn/metrics/_regression.py:675: FutureWarning: 'squared' is deprecated in version 1.4 and will be removed in 1.6. To calculate the root mean squared logarithmic error, use the function'root_mean_squared_log_error'.
  warnings.warn(
INFO     | 2024-09-20 15:24:02 | __main__:optimize:122 - Metrics: {'r2': 0.9514105319976807, 'mse': 1.51105917202696, 'mae': 0.8204008247963218, 'rmse': 1.2292514681817386, 'rmsle': 0.11541548991519239, 'loss': 1.2292514681817386}
[I 2024-09-20 15:24:02,076] Trial 333 finished with value: 1.2292514681817386 and parameters: {'learning_rate': 0.12382740301486746, 'reg_lambda': 0.10653048366270798, 'reg_alpha': 0.38607384757314483, 'subsample': 0.8559824651106149, 'colsample_bytree': 0.6511480011504861, 'max_depth': 4, 'early_stopping_rounds': 404, 'n_estimators': 7000}. Best is trial 207 with value: 1.189099607377955.
/Users/antoinelopez/Epitech/DIGITAL/DIGI 2/Victory Vision Analytics/pythonProject/.venv/lib/python3.12/site-packages/sklearn/metrics/_regression.py:492: FutureWarning: 'squared' is deprecated in version 1.4 and will be removed in 1.6. To calculate the root mean squared error, use the function'root_mean_squared_error'.
  warnings.warn(
/Users/antoinelopez/Epitech/DIGITAL/DIGI 2/Victory Vision Analytics/pythonProject/.venv/lib/python3.12/site-packages/sklearn/metrics/_regression.py:675: FutureWarning: 'squared' is deprecated in version 1.4 and will be removed in 1.6. To calculate the root mean squared logarithmic error, use the function'root_mean_squared_log_error'.
  warnings.warn(
INFO     | 2024-09-20 15:24:02 | __main__:optimize:122 - Metrics: {'r2': 0.9490872025489807, 'mse': 1.5833113126056693, 'mae': 0.8484131068684334, 'rmse': 1.2582969890314724, 'rmsle': 0.12481255613709533, 'loss': 1.2582969890314724}
[I 2024-09-20 15:24:02,266] Trial 334 finished with value: 1.2582969890314724 and parameters: {'learning_rate': 0.10450435624825703, 'reg_lambda': 0.004048090524768041, 'reg_alpha': 0.15901776143486135, 'subsample': 0.8913335114261312, 'colsample_bytree': 0.7291216539188754, 'max_depth': 2, 'early_stopping_rounds': 197, 'n_estimators': 7000}. Best is trial 207 with value: 1.189099607377955.
/Users/antoinelopez/Epitech/DIGITAL/DIGI 2/Victory Vision Analytics/pythonProject/.venv/lib/python3.12/site-packages/sklearn/metrics/_regression.py:492: FutureWarning: 'squared' is deprecated in version 1.4 and will be removed in 1.6. To calculate the root mean squared error, use the function'root_mean_squared_error'.
  warnings.warn(
/Users/antoinelopez/Epitech/DIGITAL/DIGI 2/Victory Vision Analytics/pythonProject/.venv/lib/python3.12/site-packages/sklearn/metrics/_regression.py:675: FutureWarning: 'squared' is deprecated in version 1.4 and will be removed in 1.6. To calculate the root mean squared logarithmic error, use the function'root_mean_squared_log_error'.
  warnings.warn(
INFO     | 2024-09-20 15:24:02 | __main__:optimize:122 - Metrics: {'r2': 0.95015949010849, 'mse': 1.5499633215521322, 'mae': 0.8482662848261899, 'rmse': 1.244975229292588, 'rmsle': 0.11637121404194914, 'loss': 1.244975229292588}
[I 2024-09-20 15:24:02,554] Trial 335 finished with value: 1.244975229292588 and parameters: {'learning_rate': 0.15493456113856632, 'reg_lambda': 0.057183565828975665, 'reg_alpha': 0.0003096266496989647, 'subsample': 0.9138922049056759, 'colsample_bytree': 0.7124261265012957, 'max_depth': 4, 'early_stopping_rounds': 424, 'n_estimators': 7000}. Best is trial 207 with value: 1.189099607377955.
/Users/antoinelopez/Epitech/DIGITAL/DIGI 2/Victory Vision Analytics/pythonProject/.venv/lib/python3.12/site-packages/sklearn/metrics/_regression.py:492: FutureWarning: 'squared' is deprecated in version 1.4 and will be removed in 1.6. To calculate the root mean squared error, use the function'root_mean_squared_error'.
  warnings.warn(
/Users/antoinelopez/Epitech/DIGITAL/DIGI 2/Victory Vision Analytics/pythonProject/.venv/lib/python3.12/site-packages/sklearn/metrics/_regression.py:675: FutureWarning: 'squared' is deprecated in version 1.4 and will be removed in 1.6. To calculate the root mean squared logarithmic error, use the function'root_mean_squared_log_error'.
  warnings.warn(
INFO     | 2024-09-20 15:24:02 | __main__:optimize:122 - Metrics: {'r2': 0.9518318176269531, 'mse': 1.4979566466616097, 'mae': 0.8182066193846769, 'rmse': 1.2239103915980163, 'rmsle': 0.11096226414657608, 'loss': 1.2239103915980163}
[I 2024-09-20 15:24:02,791] Trial 336 finished with value: 1.2239103915980163 and parameters: {'learning_rate': 0.13205909459884485, 'reg_lambda': 0.008138365032950009, 'reg_alpha': 0.11634850872696892, 'subsample': 0.8648260352177305, 'colsample_bytree': 0.6746948855622684, 'max_depth': 4, 'early_stopping_rounds': 287, 'n_estimators': 7000}. Best is trial 207 with value: 1.189099607377955.
/Users/antoinelopez/Epitech/DIGITAL/DIGI 2/Victory Vision Analytics/pythonProject/.venv/lib/python3.12/site-packages/sklearn/metrics/_regression.py:492: FutureWarning: 'squared' is deprecated in version 1.4 and will be removed in 1.6. To calculate the root mean squared error, use the function'root_mean_squared_error'.
  warnings.warn(
/Users/antoinelopez/Epitech/DIGITAL/DIGI 2/Victory Vision Analytics/pythonProject/.venv/lib/python3.12/site-packages/sklearn/metrics/_regression.py:675: FutureWarning: 'squared' is deprecated in version 1.4 and will be removed in 1.6. To calculate the root mean squared logarithmic error, use the function'root_mean_squared_log_error'.
  warnings.warn(
INFO     | 2024-09-20 15:24:03 | __main__:optimize:122 - Metrics: {'r2': 0.9434643983840942, 'mse': 1.7581705812545547, 'mae': 0.9473647243581539, 'rmse': 1.3259602487460003, 'rmsle': 0.14448889148092925, 'loss': 1.3259602487460003}
[I 2024-09-20 15:24:03,100] Trial 337 finished with value: 1.3259602487460003 and parameters: {'learning_rate': 0.11307574550136322, 'reg_lambda': 0.03184857735440451, 'reg_alpha': 0.00017625216876141582, 'subsample': 0.8822639920238644, 'colsample_bytree': 0.5334592916600462, 'max_depth': 3, 'early_stopping_rounds': 412, 'n_estimators': 15000}. Best is trial 207 with value: 1.189099607377955.
INFO:     127.0.0.1:52119 - "GET /ui/accelerators HTTP/1.1" 200 OK
INFO:     127.0.0.1:52118 - "GET /ui/is_model_training HTTP/1.1" 200 OK
/Users/antoinelopez/Epitech/DIGITAL/DIGI 2/Victory Vision Analytics/pythonProject/.venv/lib/python3.12/site-packages/sklearn/metrics/_regression.py:492: FutureWarning: 'squared' is deprecated in version 1.4 and will be removed in 1.6. To calculate the root mean squared error, use the function'root_mean_squared_error'.
  warnings.warn(
/Users/antoinelopez/Epitech/DIGITAL/DIGI 2/Victory Vision Analytics/pythonProject/.venv/lib/python3.12/site-packages/sklearn/metrics/_regression.py:675: FutureWarning: 'squared' is deprecated in version 1.4 and will be removed in 1.6. To calculate the root mean squared logarithmic error, use the function'root_mean_squared_log_error'.
  warnings.warn(
INFO     | 2024-09-20 15:24:03 | __main__:optimize:122 - Metrics: {'r2': 0.9504185914993286, 'mse': 1.5419058187046504, 'mae': 0.8313742264758709, 'rmse': 1.2417350034144363, 'rmsle': 0.11603645479930322, 'loss': 1.2417350034144363}
[I 2024-09-20 15:24:03,379] Trial 338 finished with value: 1.2417350034144363 and parameters: {'learning_rate': 0.146063623577, 'reg_lambda': 0.0011100234306546252, 'reg_alpha': 0.273332526750527, 'subsample': 0.9340472492515535, 'colsample_bytree': 0.7432105053754029, 'max_depth': 4, 'early_stopping_rounds': 365, 'n_estimators': 7000}. Best is trial 207 with value: 1.189099607377955.
/Users/antoinelopez/Epitech/DIGITAL/DIGI 2/Victory Vision Analytics/pythonProject/.venv/lib/python3.12/site-packages/sklearn/metrics/_regression.py:492: FutureWarning: 'squared' is deprecated in version 1.4 and will be removed in 1.6. To calculate the root mean squared error, use the function'root_mean_squared_error'.
  warnings.warn(
/Users/antoinelopez/Epitech/DIGITAL/DIGI 2/Victory Vision Analytics/pythonProject/.venv/lib/python3.12/site-packages/sklearn/metrics/_regression.py:675: FutureWarning: 'squared' is deprecated in version 1.4 and will be removed in 1.6. To calculate the root mean squared logarithmic error, use the function'root_mean_squared_log_error'.
  warnings.warn(
INFO     | 2024-09-20 15:24:03 | __main__:optimize:122 - Metrics: {'r2': 0.9461308121681213, 'mse': 1.675250726716421, 'mae': 0.8775229782559151, 'rmse': 1.294314771111116, 'rmsle': 0.12306934719509237, 'loss': 1.294314771111116}
[I 2024-09-20 15:24:03,636] Trial 339 finished with value: 1.294314771111116 and parameters: {'learning_rate': 0.1243558893666688, 'reg_lambda': 0.0020432529076670294, 'reg_alpha': 0.06277210234834657, 'subsample': 0.850660371260533, 'colsample_bytree': 0.6295744797810174, 'max_depth': 4, 'early_stopping_rounds': 260, 'n_estimators': 7000}. Best is trial 207 with value: 1.189099607377955.
/Users/antoinelopez/Epitech/DIGITAL/DIGI 2/Victory Vision Analytics/pythonProject/.venv/lib/python3.12/site-packages/sklearn/metrics/_regression.py:492: FutureWarning: 'squared' is deprecated in version 1.4 and will be removed in 1.6. To calculate the root mean squared error, use the function'root_mean_squared_error'.
  warnings.warn(
/Users/antoinelopez/Epitech/DIGITAL/DIGI 2/Victory Vision Analytics/pythonProject/.venv/lib/python3.12/site-packages/sklearn/metrics/_regression.py:675: FutureWarning: 'squared' is deprecated in version 1.4 and will be removed in 1.6. To calculate the root mean squared logarithmic error, use the function'root_mean_squared_log_error'.
  warnings.warn(
INFO     | 2024-09-20 15:24:04 | __main__:optimize:122 - Metrics: {'r2': 0.9510959982872009, 'mse': 1.5208395921423619, 'mae': 0.817593290916709, 'rmse': 1.233223253163174, 'rmsle': 0.11709303508055104, 'loss': 1.233223253163174}
[I 2024-09-20 15:24:04,041] Trial 340 finished with value: 1.233223253163174 and parameters: {'learning_rate': 0.11839225980186173, 'reg_lambda': 0.0053174888137274175, 'reg_alpha': 0.6365258045015182, 'subsample': 0.9039315477716863, 'colsample_bytree': 0.6923968600838861, 'max_depth': 5, 'early_stopping_rounds': 434, 'n_estimators': 7000}. Best is trial 207 with value: 1.189099607377955.
/Users/antoinelopez/Epitech/DIGITAL/DIGI 2/Victory Vision Analytics/pythonProject/.venv/lib/python3.12/site-packages/sklearn/metrics/_regression.py:492: FutureWarning: 'squared' is deprecated in version 1.4 and will be removed in 1.6. To calculate the root mean squared error, use the function'root_mean_squared_error'.
  warnings.warn(
/Users/antoinelopez/Epitech/DIGITAL/DIGI 2/Victory Vision Analytics/pythonProject/.venv/lib/python3.12/site-packages/sklearn/metrics/_regression.py:675: FutureWarning: 'squared' is deprecated in version 1.4 and will be removed in 1.6. To calculate the root mean squared logarithmic error, use the function'root_mean_squared_log_error'.
  warnings.warn(
INFO     | 2024-09-20 15:24:04 | __main__:optimize:122 - Metrics: {'r2': 0.9457772374153137, 'mse': 1.6862455382673662, 'mae': 0.8788089655166449, 'rmse': 1.2985551733628287, 'rmsle': 0.1358228240502311, 'loss': 1.2985551733628287}
[I 2024-09-20 15:24:04,374] Trial 341 finished with value: 1.2985551733628287 and parameters: {'learning_rate': 0.1019771216462047, 'reg_lambda': 15.266832762498241, 'reg_alpha': 0.18157308974883207, 'subsample': 0.8716290000668743, 'colsample_bytree': 0.6564243833270803, 'max_depth': 4, 'early_stopping_rounds': 420, 'n_estimators': 7000}. Best is trial 207 with value: 1.189099607377955.
/Users/antoinelopez/Epitech/DIGITAL/DIGI 2/Victory Vision Analytics/pythonProject/.venv/lib/python3.12/site-packages/sklearn/metrics/_regression.py:492: FutureWarning: 'squared' is deprecated in version 1.4 and will be removed in 1.6. To calculate the root mean squared error, use the function'root_mean_squared_error'.
  warnings.warn(
/Users/antoinelopez/Epitech/DIGITAL/DIGI 2/Victory Vision Analytics/pythonProject/.venv/lib/python3.12/site-packages/sklearn/metrics/_regression.py:675: FutureWarning: 'squared' is deprecated in version 1.4 and will be removed in 1.6. To calculate the root mean squared logarithmic error, use the function'root_mean_squared_log_error'.
  warnings.warn(
INFO     | 2024-09-20 15:24:04 | __main__:optimize:122 - Metrics: {'r2': 0.9522390961647034, 'mse': 1.4852916693590579, 'mae': 0.8307545398556909, 'rmse': 1.2187254282072963, 'rmsle': 0.11761168471184553, 'loss': 1.2187254282072963}
