[I 2024-09-20 15:24:33,206] Trial 438 finished with value: 1.2391110431681944 and parameters: {'learning_rate': 0.1596191536352559, 'reg_lambda': 0.06175131096826605, 'reg_alpha': 9.025592379783099e-05, 'subsample': 0.8516777057179276, 'colsample_bytree': 0.6318085736254943, 'max_depth': 4, 'early_stopping_rounds': 256, 'n_estimators': 7000}. Best is trial 417 with value: 1.1781285923347884.
/Users/antoinelopez/Epitech/DIGITAL/DIGI 2/Victory Vision Analytics/pythonProject/.venv/lib/python3.12/site-packages/sklearn/metrics/_regression.py:492: FutureWarning: 'squared' is deprecated in version 1.4 and will be removed in 1.6. To calculate the root mean squared error, use the function'root_mean_squared_error'.
  warnings.warn(
/Users/antoinelopez/Epitech/DIGITAL/DIGI 2/Victory Vision Analytics/pythonProject/.venv/lib/python3.12/site-packages/sklearn/metrics/_regression.py:675: FutureWarning: 'squared' is deprecated in version 1.4 and will be removed in 1.6. To calculate the root mean squared logarithmic error, use the function'root_mean_squared_log_error'.
  warnings.warn(
INFO     | 2024-09-20 15:24:33 | __main__:optimize:122 - Metrics: {'r2': 0.9536293148994446, 'mse': 1.4420584234437799, 'mae': 0.8134058144203452, 'rmse': 1.2008573701500858, 'rmsle': 0.11426758548221502, 'loss': 1.2008573701500858}
[I 2024-09-20 15:24:33,476] Trial 439 finished with value: 1.2008573701500858 and parameters: {'learning_rate': 0.14646137403539702, 'reg_lambda': 0.16350911976853333, 'reg_alpha': 5.8032106583734374e-05, 'subsample': 0.869993075227313, 'colsample_bytree': 0.6565137461043903, 'max_depth': 4, 'early_stopping_rounds': 351, 'n_estimators': 7000}. Best is trial 417 with value: 1.1781285923347884.
/Users/antoinelopez/Epitech/DIGITAL/DIGI 2/Victory Vision Analytics/pythonProject/.venv/lib/python3.12/site-packages/sklearn/metrics/_regression.py:492: FutureWarning: 'squared' is deprecated in version 1.4 and will be removed in 1.6. To calculate the root mean squared error, use the function'root_mean_squared_error'.
  warnings.warn(
/Users/antoinelopez/Epitech/DIGITAL/DIGI 2/Victory Vision Analytics/pythonProject/.venv/lib/python3.12/site-packages/sklearn/metrics/_regression.py:675: FutureWarning: 'squared' is deprecated in version 1.4 and will be removed in 1.6. To calculate the root mean squared logarithmic error, use the function'root_mean_squared_log_error'.
  warnings.warn(
INFO     | 2024-09-20 15:24:33 | __main__:optimize:122 - Metrics: {'r2': 0.9429997801780701, 'mse': 1.7726201660087657, 'mae': 0.9494848326195118, 'rmse': 1.3313978240964515, 'rmsle': 0.15488539532199125, 'loss': 1.3313978240964515}
[I 2024-09-20 15:24:33,722] Trial 440 finished with value: 1.3313978240964515 and parameters: {'learning_rate': 0.14766904111754312, 'reg_lambda': 0.1333175114120886, 'reg_alpha': 4.63581665842804e-05, 'subsample': 0.9017074249699925, 'colsample_bytree': 0.5809096828025895, 'max_depth': 4, 'early_stopping_rounds': 337, 'n_estimators': 7000}. Best is trial 417 with value: 1.1781285923347884.
/Users/antoinelopez/Epitech/DIGITAL/DIGI 2/Victory Vision Analytics/pythonProject/.venv/lib/python3.12/site-packages/sklearn/metrics/_regression.py:492: FutureWarning: 'squared' is deprecated in version 1.4 and will be removed in 1.6. To calculate the root mean squared error, use the function'root_mean_squared_error'.
  warnings.warn(
/Users/antoinelopez/Epitech/DIGITAL/DIGI 2/Victory Vision Analytics/pythonProject/.venv/lib/python3.12/site-packages/sklearn/metrics/_regression.py:675: FutureWarning: 'squared' is deprecated in version 1.4 and will be removed in 1.6. To calculate the root mean squared logarithmic error, use the function'root_mean_squared_log_error'.
  warnings.warn(
INFO     | 2024-09-20 15:24:33 | __main__:optimize:122 - Metrics: {'r2': 0.9492189288139343, 'mse': 1.579214197452259, 'mae': 0.9015484366999116, 'rmse': 1.2566678946532608, 'rmsle': 0.12919440689927383, 'loss': 1.2566678946532608}
[I 2024-09-20 15:24:33,929] Trial 441 finished with value: 1.2566678946532608 and parameters: {'learning_rate': 0.1830564882682099, 'reg_lambda': 0.03080984534656402, 'reg_alpha': 0.00031171630643759386, 'subsample': 0.8733826533928845, 'colsample_bytree': 0.6479303107957629, 'max_depth': 4, 'early_stopping_rounds': 215, 'n_estimators': 7000}. Best is trial 417 with value: 1.1781285923347884.
/Users/antoinelopez/Epitech/DIGITAL/DIGI 2/Victory Vision Analytics/pythonProject/.venv/lib/python3.12/site-packages/sklearn/metrics/_regression.py:492: FutureWarning: 'squared' is deprecated in version 1.4 and will be removed in 1.6. To calculate the root mean squared error, use the function'root_mean_squared_error'.
  warnings.warn(
/Users/antoinelopez/Epitech/DIGITAL/DIGI 2/Victory Vision Analytics/pythonProject/.venv/lib/python3.12/site-packages/sklearn/metrics/_regression.py:675: FutureWarning: 'squared' is deprecated in version 1.4 and will be removed in 1.6. To calculate the root mean squared logarithmic error, use the function'root_mean_squared_log_error'.
  warnings.warn(
INFO     | 2024-09-20 15:24:34 | __main__:optimize:122 - Metrics: {'r2': 0.9525880217552185, 'mse': 1.4744412015673916, 'mae': 0.8563500250494758, 'rmse': 1.2142657046822132, 'rmsle': 0.1218564446740222, 'loss': 1.2142657046822132}
[I 2024-09-20 15:24:34,176] Trial 442 finished with value: 1.2142657046822132 and parameters: {'learning_rate': 0.1631260341273697, 'reg_lambda': 0.056408396681114026, 'reg_alpha': 7.752913717843629e-05, 'subsample': 0.8892723921855215, 'colsample_bytree': 0.6702208453589068, 'max_depth': 4, 'early_stopping_rounds': 335, 'n_estimators': 7000}. Best is trial 417 with value: 1.1781285923347884.
/Users/antoinelopez/Epitech/DIGITAL/DIGI 2/Victory Vision Analytics/pythonProject/.venv/lib/python3.12/site-packages/sklearn/metrics/_regression.py:492: FutureWarning: 'squared' is deprecated in version 1.4 and will be removed in 1.6. To calculate the root mean squared error, use the function'root_mean_squared_error'.
  warnings.warn(
/Users/antoinelopez/Epitech/DIGITAL/DIGI 2/Victory Vision Analytics/pythonProject/.venv/lib/python3.12/site-packages/sklearn/metrics/_regression.py:675: FutureWarning: 'squared' is deprecated in version 1.4 and will be removed in 1.6. To calculate the root mean squared logarithmic error, use the function'root_mean_squared_log_error'.
  warnings.warn(
INFO     | 2024-09-20 15:24:34 | __main__:optimize:122 - Metrics: {'r2': 0.9477443695068359, 'mse': 1.6250713780772412, 'mae': 0.8675470707721489, 'rmse': 1.2747828748760477, 'rmsle': 0.13800158209070404, 'loss': 1.2747828748760477}
[I 2024-09-20 15:24:34,425] Trial 443 finished with value: 1.2747828748760477 and parameters: {'learning_rate': 0.14425624626955522, 'reg_lambda': 0.1089484488938196, 'reg_alpha': 3.741087454513855e-05, 'subsample': 0.9131783685277424, 'colsample_bytree': 0.63682379700402, 'max_depth': 4, 'early_stopping_rounds': 321, 'n_estimators': 7000}. Best is trial 417 with value: 1.1781285923347884.
/Users/antoinelopez/Epitech/DIGITAL/DIGI 2/Victory Vision Analytics/pythonProject/.venv/lib/python3.12/site-packages/sklearn/metrics/_regression.py:492: FutureWarning: 'squared' is deprecated in version 1.4 and will be removed in 1.6. To calculate the root mean squared error, use the function'root_mean_squared_error'.
  warnings.warn(
/Users/antoinelopez/Epitech/DIGITAL/DIGI 2/Victory Vision Analytics/pythonProject/.venv/lib/python3.12/site-packages/sklearn/metrics/_regression.py:675: FutureWarning: 'squared' is deprecated in version 1.4 and will be removed in 1.6. To calculate the root mean squared logarithmic error, use the function'root_mean_squared_log_error'.
  warnings.warn(
INFO     | 2024-09-20 15:24:34 | __main__:optimize:122 - Metrics: {'r2': 0.9555350542068481, 'mse': 1.3827916217327854, 'mae': 0.7805184803729833, 'rmse': 1.1759216052666033, 'rmsle': 0.10618375768664942, 'loss': 1.1759216052666033}
[I 2024-09-20 15:24:34,671] Trial 444 finished with value: 1.1759216052666033 and parameters: {'learning_rate': 0.1536315284792532, 'reg_lambda': 0.18193248295021622, 'reg_alpha': 6.60576691258007e-05, 'subsample': 0.8676522947680911, 'colsample_bytree': 0.6592590281734657, 'max_depth': 4, 'early_stopping_rounds': 265, 'n_estimators': 7000}. Best is trial 444 with value: 1.1759216052666033.
/Users/antoinelopez/Epitech/DIGITAL/DIGI 2/Victory Vision Analytics/pythonProject/.venv/lib/python3.12/site-packages/sklearn/metrics/_regression.py:492: FutureWarning: 'squared' is deprecated in version 1.4 and will be removed in 1.6. To calculate the root mean squared error, use the function'root_mean_squared_error'.
  warnings.warn(
/Users/antoinelopez/Epitech/DIGITAL/DIGI 2/Victory Vision Analytics/pythonProject/.venv/lib/python3.12/site-packages/sklearn/metrics/_regression.py:675: FutureWarning: 'squared' is deprecated in version 1.4 and will be removed in 1.6. To calculate the root mean squared logarithmic error, use the function'root_mean_squared_log_error'.
  warnings.warn(
INFO     | 2024-09-20 15:24:34 | __main__:optimize:122 - Metrics: {'r2': 0.9453022480010986, 'mse': 1.7010167305790147, 'mae': 0.8956816390503285, 'rmse': 1.304230321139259, 'rmsle': 0.1343019120937535, 'loss': 1.304230321139259}
[I 2024-09-20 15:24:34,873] Trial 445 finished with value: 1.304230321139259 and parameters: {'learning_rate': 0.18115303152520912, 'reg_lambda': 0.012277625905753771, 'reg_alpha': 8.437535876580147e-05, 'subsample': 0.8326118961477826, 'colsample_bytree': 0.6196752613711277, 'max_depth': 4, 'early_stopping_rounds': 266, 'n_estimators': 7000}. Best is trial 444 with value: 1.1759216052666033.
/Users/antoinelopez/Epitech/DIGITAL/DIGI 2/Victory Vision Analytics/pythonProject/.venv/lib/python3.12/site-packages/sklearn/metrics/_regression.py:492: FutureWarning: 'squared' is deprecated in version 1.4 and will be removed in 1.6. To calculate the root mean squared error, use the function'root_mean_squared_error'.
  warnings.warn(
/Users/antoinelopez/Epitech/DIGITAL/DIGI 2/Victory Vision Analytics/pythonProject/.venv/lib/python3.12/site-packages/sklearn/metrics/_regression.py:675: FutureWarning: 'squared' is deprecated in version 1.4 and will be removed in 1.6. To calculate the root mean squared logarithmic error, use the function'root_mean_squared_log_error'.
  warnings.warn(
INFO     | 2024-09-20 15:24:35 | __main__:optimize:122 - Metrics: {'r2': 0.9527857899665833, 'mse': 1.468289952138033, 'mae': 0.8396888006565183, 'rmse': 1.2117301482335219, 'rmsle': 0.11153911212429035, 'loss': 1.2117301482335219}
[I 2024-09-20 15:24:35,130] Trial 446 finished with value: 1.2117301482335219 and parameters: {'learning_rate': 0.16647856755692036, 'reg_lambda': 0.40380629668424173, 'reg_alpha': 3.660847521059614e-05, 'subsample': 0.8600083153690166, 'colsample_bytree': 0.6559522136728053, 'max_depth': 4, 'early_stopping_rounds': 251, 'n_estimators': 7000}. Best is trial 444 with value: 1.1759216052666033.
/Users/antoinelopez/Epitech/DIGITAL/DIGI 2/Victory Vision Analytics/pythonProject/.venv/lib/python3.12/site-packages/sklearn/metrics/_regression.py:492: FutureWarning: 'squared' is deprecated in version 1.4 and will be removed in 1.6. To calculate the root mean squared error, use the function'root_mean_squared_error'.
  warnings.warn(
/Users/antoinelopez/Epitech/DIGITAL/DIGI 2/Victory Vision Analytics/pythonProject/.venv/lib/python3.12/site-packages/sklearn/metrics/_regression.py:675: FutureWarning: 'squared' is deprecated in version 1.4 and will be removed in 1.6. To calculate the root mean squared logarithmic error, use the function'root_mean_squared_log_error'.
  warnings.warn(
INFO     | 2024-09-20 15:24:35 | __main__:optimize:122 - Metrics: {'r2': 0.9520947337150574, 'mse': 1.489780957763207, 'mae': 0.8198178014089895, 'rmse': 1.2205658350794548, 'rmsle': 0.11958294583028575, 'loss': 1.2205658350794548}
[I 2024-09-20 15:24:35,348] Trial 447 finished with value: 1.2205658350794548 and parameters: {'learning_rate': 0.14956235061710285, 'reg_lambda': 0.006500301066381169, 'reg_alpha': 2.788538257062308e-05, 'subsample': 0.8693957805398183, 'colsample_bytree': 0.6581420756555371, 'max_depth': 4, 'early_stopping_rounds': 268, 'n_estimators': 7000}. Best is trial 444 with value: 1.1759216052666033.
/Users/antoinelopez/Epitech/DIGITAL/DIGI 2/Victory Vision Analytics/pythonProject/.venv/lib/python3.12/site-packages/sklearn/metrics/_regression.py:492: FutureWarning: 'squared' is deprecated in version 1.4 and will be removed in 1.6. To calculate the root mean squared error, use the function'root_mean_squared_error'.
  warnings.warn(
/Users/antoinelopez/Epitech/DIGITAL/DIGI 2/Victory Vision Analytics/pythonProject/.venv/lib/python3.12/site-packages/sklearn/metrics/_regression.py:675: FutureWarning: 'squared' is deprecated in version 1.4 and will be removed in 1.6. To calculate the root mean squared logarithmic error, use the function'root_mean_squared_log_error'.
  warnings.warn(
INFO     | 2024-09-20 15:24:35 | __main__:optimize:122 - Metrics: {'r2': 0.9497455954551697, 'mse': 1.5628351566403387, 'mae': 0.860669932808987, 'rmse': 1.250134055467788, 'rmsle': 0.1173735870644802, 'loss': 1.250134055467788}
[I 2024-09-20 15:24:35,564] Trial 448 finished with value: 1.250134055467788 and parameters: {'learning_rate': 0.15986528665995217, 'reg_lambda': 0.595574210303838, 'reg_alpha': 1.881098176164009e-05, 'subsample': 0.8412457842913157, 'colsample_bytree': 0.6330394624852022, 'max_depth': 4, 'early_stopping_rounds': 265, 'n_estimators': 20000}. Best is trial 444 with value: 1.1759216052666033.
/Users/antoinelopez/Epitech/DIGITAL/DIGI 2/Victory Vision Analytics/pythonProject/.venv/lib/python3.12/site-packages/sklearn/metrics/_regression.py:492: FutureWarning: 'squared' is deprecated in version 1.4 and will be removed in 1.6. To calculate the root mean squared error, use the function'root_mean_squared_error'.
  warnings.warn(
/Users/antoinelopez/Epitech/DIGITAL/DIGI 2/Victory Vision Analytics/pythonProject/.venv/lib/python3.12/site-packages/sklearn/metrics/_regression.py:675: FutureWarning: 'squared' is deprecated in version 1.4 and will be removed in 1.6. To calculate the root mean squared logarithmic error, use the function'root_mean_squared_log_error'.
  warnings.warn(
INFO     | 2024-09-20 15:24:35 | __main__:optimize:122 - Metrics: {'r2': 0.9534159302711487, 'mse': 1.4486939215677757, 'mae': 0.8049418876337451, 'rmse': 1.2036170161508086, 'rmsle': 0.11316914275415071, 'loss': 1.2036170161508086}
[I 2024-09-20 15:24:35,775] Trial 449 finished with value: 1.2036170161508086 and parameters: {'learning_rate': 0.15381207687684118, 'reg_lambda': 0.1849009320070068, 'reg_alpha': 5.937636537127789e-05, 'subsample': 0.8694184718865422, 'colsample_bytree': 0.681322597568825, 'max_depth': 4, 'early_stopping_rounds': 243, 'n_estimators': 15000}. Best is trial 444 with value: 1.1759216052666033.
/Users/antoinelopez/Epitech/DIGITAL/DIGI 2/Victory Vision Analytics/pythonProject/.venv/lib/python3.12/site-packages/sklearn/metrics/_regression.py:492: FutureWarning: 'squared' is deprecated in version 1.4 and will be removed in 1.6. To calculate the root mean squared error, use the function'root_mean_squared_error'.
  warnings.warn(
/Users/antoinelopez/Epitech/DIGITAL/DIGI 2/Victory Vision Analytics/pythonProject/.venv/lib/python3.12/site-packages/sklearn/metrics/_regression.py:675: FutureWarning: 'squared' is deprecated in version 1.4 and will be removed in 1.6. To calculate the root mean squared logarithmic error, use the function'root_mean_squared_log_error'.
  warnings.warn(
INFO     | 2024-09-20 15:24:35 | __main__:optimize:122 - Metrics: {'r2': 0.9497244358062744, 'mse': 1.5634932932884795, 'mae': 0.888966538185297, 'rmse': 1.2503972541910349, 'rmsle': 0.11279267489744897, 'loss': 1.2503972541910349}
[I 2024-09-20 15:24:35,991] Trial 450 finished with value: 1.2503972541910349 and parameters: {'learning_rate': 0.1738321841373527, 'reg_lambda': 0.14207632917843974, 'reg_alpha': 5.900900727394978e-05, 'subsample': 0.8040622114103855, 'colsample_bytree': 0.6620853464107197, 'max_depth': 4, 'early_stopping_rounds': 232, 'n_estimators': 15000}. Best is trial 444 with value: 1.1759216052666033.
/Users/antoinelopez/Epitech/DIGITAL/DIGI 2/Victory Vision Analytics/pythonProject/.venv/lib/python3.12/site-packages/sklearn/metrics/_regression.py:492: FutureWarning: 'squared' is deprecated in version 1.4 and will be removed in 1.6. To calculate the root mean squared error, use the function'root_mean_squared_error'.
  warnings.warn(
/Users/antoinelopez/Epitech/DIGITAL/DIGI 2/Victory Vision Analytics/pythonProject/.venv/lib/python3.12/site-packages/sklearn/metrics/_regression.py:675: FutureWarning: 'squared' is deprecated in version 1.4 and will be removed in 1.6. To calculate the root mean squared logarithmic error, use the function'root_mean_squared_log_error'.
  warnings.warn(
INFO     | 2024-09-20 15:24:36 | __main__:optimize:122 - Metrics: {'r2': 0.9524633884429932, 'mse': 1.4783170598200541, 'mae': 0.8315846981004227, 'rmse': 1.215860625162298, 'rmsle': 0.11666798514963539, 'loss': 1.215860625162298}
[I 2024-09-20 15:24:36,276] Trial 451 finished with value: 1.215860625162298 and parameters: {'learning_rate': 0.16178121097424422, 'reg_lambda': 0.21471706020050005, 'reg_alpha': 5.677591839978912e-05, 'subsample': 0.8977193859960961, 'colsample_bytree': 0.6828627210119612, 'max_depth': 4, 'early_stopping_rounds': 349, 'n_estimators': 15000}. Best is trial 444 with value: 1.1759216052666033.
/Users/antoinelopez/Epitech/DIGITAL/DIGI 2/Victory Vision Analytics/pythonProject/.venv/lib/python3.12/site-packages/sklearn/metrics/_regression.py:492: FutureWarning: 'squared' is deprecated in version 1.4 and will be removed in 1.6. To calculate the root mean squared error, use the function'root_mean_squared_error'.
  warnings.warn(
/Users/antoinelopez/Epitech/DIGITAL/DIGI 2/Victory Vision Analytics/pythonProject/.venv/lib/python3.12/site-packages/sklearn/metrics/_regression.py:675: FutureWarning: 'squared' is deprecated in version 1.4 and will be removed in 1.6. To calculate the root mean squared logarithmic error, use the function'root_mean_squared_log_error'.
  warnings.warn(
INFO     | 2024-09-20 15:24:36 | __main__:optimize:122 - Metrics: {'r2': 0.9528306126594543, 'mse': 1.4668971441013687, 'mae': 0.8152960523616436, 'rmse': 1.211155293140136, 'rmsle': 0.1093628992662403, 'loss': 1.211155293140136}
[I 2024-09-20 15:24:36,481] Trial 452 finished with value: 1.211155293140136 and parameters: {'learning_rate': 0.15135849957045241, 'reg_lambda': 0.3443553635413204, 'reg_alpha': 5.544977238078821e-05, 'subsample': 0.8577805229633506, 'colsample_bytree': 0.6447636877778934, 'max_depth': 4, 'early_stopping_rounds': 244, 'n_estimators': 15000}. Best is trial 444 with value: 1.1759216052666033.
/Users/antoinelopez/Epitech/DIGITAL/DIGI 2/Victory Vision Analytics/pythonProject/.venv/lib/python3.12/site-packages/sklearn/metrics/_regression.py:492: FutureWarning: 'squared' is deprecated in version 1.4 and will be removed in 1.6. To calculate the root mean squared error, use the function'root_mean_squared_error'.
  warnings.warn(
/Users/antoinelopez/Epitech/DIGITAL/DIGI 2/Victory Vision Analytics/pythonProject/.venv/lib/python3.12/site-packages/sklearn/metrics/_regression.py:675: FutureWarning: 'squared' is deprecated in version 1.4 and will be removed in 1.6. To calculate the root mean squared logarithmic error, use the function'root_mean_squared_log_error'.
  warnings.warn(
INFO     | 2024-09-20 15:24:36 | __main__:optimize:122 - Metrics: {'r2': 0.9467399716377258, 'mse': 1.6563060616608312, 'mae': 0.9059601049090541, 'rmse': 1.2869755481985006, 'rmsle': 0.14335778563821772, 'loss': 1.2869755481985006}
[I 2024-09-20 15:24:36,826] Trial 453 finished with value: 1.2869755481985006 and parameters: {'learning_rate': 0.19034402402769476, 'reg_lambda': 0.0922568294799032, 'reg_alpha': 5.844392207519586e-05, 'subsample': 0.880549582873436, 'colsample_bytree': 0.61012123694671, 'max_depth': 5, 'early_stopping_rounds': 351, 'n_estimators': 15000}. Best is trial 444 with value: 1.1759216052666033.
/Users/antoinelopez/Epitech/DIGITAL/DIGI 2/Victory Vision Analytics/pythonProject/.venv/lib/python3.12/site-packages/sklearn/metrics/_regression.py:492: FutureWarning: 'squared' is deprecated in version 1.4 and will be removed in 1.6. To calculate the root mean squared error, use the function'root_mean_squared_error'.
  warnings.warn(
/Users/antoinelopez/Epitech/DIGITAL/DIGI 2/Victory Vision Analytics/pythonProject/.venv/lib/python3.12/site-packages/sklearn/metrics/_regression.py:675: FutureWarning: 'squared' is deprecated in version 1.4 and will be removed in 1.6. To calculate the root mean squared logarithmic error, use the function'root_mean_squared_log_error'.
  warnings.warn(
INFO     | 2024-09-20 15:24:37 | __main__:optimize:122 - Metrics: {'r2': 0.9508106708526611, 'mse': 1.5297141144496558, 'mae': 0.8293314545653587, 'rmse': 1.236816119902088, 'rmsle': 0.11167345312669696, 'loss': 1.236816119902088}
