[I 2024-09-20 15:24:37,129] Trial 454 finished with value: 1.236816119902088 and parameters: {'learning_rate': 0.1531350044126222, 'reg_lambda': 0.03415767598349298, 'reg_alpha': 2.3157277820001723e-05, 'subsample': 0.8287069172181499, 'colsample_bytree': 0.6774303815528564, 'max_depth': 4, 'early_stopping_rounds': 355, 'n_estimators': 15000}. Best is trial 444 with value: 1.1759216052666033.
/Users/antoinelopez/Epitech/DIGITAL/DIGI 2/Victory Vision Analytics/pythonProject/.venv/lib/python3.12/site-packages/sklearn/metrics/_regression.py:492: FutureWarning: 'squared' is deprecated in version 1.4 and will be removed in 1.6. To calculate the root mean squared error, use the function'root_mean_squared_error'.
  warnings.warn(
/Users/antoinelopez/Epitech/DIGITAL/DIGI 2/Victory Vision Analytics/pythonProject/.venv/lib/python3.12/site-packages/sklearn/metrics/_regression.py:675: FutureWarning: 'squared' is deprecated in version 1.4 and will be removed in 1.6. To calculate the root mean squared logarithmic error, use the function'root_mean_squared_log_error'.
  warnings.warn(
INFO     | 2024-09-20 15:24:37 | __main__:optimize:122 - Metrics: {'r2': 0.9486701488494873, 'mse': 1.5962812320775874, 'mae': 0.8489407104115153, 'rmse': 1.2634402368444608, 'rmsle': 0.11070479526855653, 'loss': 1.2634402368444608}
[I 2024-09-20 15:24:37,318] Trial 455 finished with value: 1.2634402368444608 and parameters: {'learning_rate': 0.17268978548032501, 'reg_lambda': 0.17118916097024667, 'reg_alpha': 8.248998299273454e-05, 'subsample': 0.7792896373415316, 'colsample_bytree': 0.6594947608462545, 'max_depth': 4, 'early_stopping_rounds': 226, 'n_estimators': 15000}. Best is trial 444 with value: 1.1759216052666033.
/Users/antoinelopez/Epitech/DIGITAL/DIGI 2/Victory Vision Analytics/pythonProject/.venv/lib/python3.12/site-packages/sklearn/metrics/_regression.py:492: FutureWarning: 'squared' is deprecated in version 1.4 and will be removed in 1.6. To calculate the root mean squared error, use the function'root_mean_squared_error'.
  warnings.warn(
/Users/antoinelopez/Epitech/DIGITAL/DIGI 2/Victory Vision Analytics/pythonProject/.venv/lib/python3.12/site-packages/sklearn/metrics/_regression.py:675: FutureWarning: 'squared' is deprecated in version 1.4 and will be removed in 1.6. To calculate the root mean squared logarithmic error, use the function'root_mean_squared_log_error'.
  warnings.warn(
INFO     | 2024-09-20 15:24:37 | __main__:optimize:122 - Metrics: {'r2': 0.9511896371841431, 'mse': 1.5179282737477902, 'mae': 0.8264205095379852, 'rmse': 1.2320423181643518, 'rmsle': 0.11025076834902858, 'loss': 1.2320423181643518}
[I 2024-09-20 15:24:37,529] Trial 456 finished with value: 1.2320423181643518 and parameters: {'learning_rate': 0.1418666858601467, 'reg_lambda': 1.0726345929919012, 'reg_alpha': 3.705384530089197e-05, 'subsample': 0.9182270571083796, 'colsample_bytree': 0.6804881186491754, 'max_depth': 4, 'early_stopping_rounds': 239, 'n_estimators': 15000}. Best is trial 444 with value: 1.1759216052666033.
/Users/antoinelopez/Epitech/DIGITAL/DIGI 2/Victory Vision Analytics/pythonProject/.venv/lib/python3.12/site-packages/sklearn/metrics/_regression.py:492: FutureWarning: 'squared' is deprecated in version 1.4 and will be removed in 1.6. To calculate the root mean squared error, use the function'root_mean_squared_error'.
  warnings.warn(
/Users/antoinelopez/Epitech/DIGITAL/DIGI 2/Victory Vision Analytics/pythonProject/.venv/lib/python3.12/site-packages/sklearn/metrics/_regression.py:675: FutureWarning: 'squared' is deprecated in version 1.4 and will be removed in 1.6. To calculate the root mean squared logarithmic error, use the function'root_mean_squared_log_error'.
  warnings.warn(
INFO     | 2024-09-20 15:24:37 | __main__:optimize:122 - Metrics: {'r2': 0.950218677520752, 'mse': 1.5481228656265666, 'mae': 0.8881090954292652, 'rmse': 1.2442358561087068, 'rmsle': 0.14271001516342452, 'loss': 1.2442358561087068}
[I 2024-09-20 15:24:37,807] Trial 457 finished with value: 1.2442358561087068 and parameters: {'learning_rate': 0.15589249604458671, 'reg_lambda': 0.2488508548799121, 'reg_alpha': 0.00011535299475215817, 'subsample': 0.8695918881165123, 'colsample_bytree': 0.6399419564731746, 'max_depth': 4, 'early_stopping_rounds': 255, 'n_estimators': 15000}. Best is trial 444 with value: 1.1759216052666033.
/Users/antoinelopez/Epitech/DIGITAL/DIGI 2/Victory Vision Analytics/pythonProject/.venv/lib/python3.12/site-packages/sklearn/metrics/_regression.py:492: FutureWarning: 'squared' is deprecated in version 1.4 and will be removed in 1.6. To calculate the root mean squared error, use the function'root_mean_squared_error'.
  warnings.warn(
/Users/antoinelopez/Epitech/DIGITAL/DIGI 2/Victory Vision Analytics/pythonProject/.venv/lib/python3.12/site-packages/sklearn/metrics/_regression.py:675: FutureWarning: 'squared' is deprecated in version 1.4 and will be removed in 1.6. To calculate the root mean squared logarithmic error, use the function'root_mean_squared_log_error'.
  warnings.warn(
INFO     | 2024-09-20 15:24:38 | __main__:optimize:122 - Metrics: {'r2': 0.9490476250648499, 'mse': 1.5845406420914003, 'mae': 0.8406207817931508, 'rmse': 1.2587853836502076, 'rmsle': 0.10512356333347693, 'loss': 1.2587853836502076}
[I 2024-09-20 15:24:38,044] Trial 458 finished with value: 1.2587853836502076 and parameters: {'learning_rate': 0.14322300015733302, 'reg_lambda': 0.017791328577113408, 'reg_alpha': 0.0001638416372815236, 'subsample': 0.8432950260368586, 'colsample_bytree': 0.6908085242723484, 'max_depth': 4, 'early_stopping_rounds': 327, 'n_estimators': 15000}. Best is trial 444 with value: 1.1759216052666033.
/Users/antoinelopez/Epitech/DIGITAL/DIGI 2/Victory Vision Analytics/pythonProject/.venv/lib/python3.12/site-packages/sklearn/metrics/_regression.py:492: FutureWarning: 'squared' is deprecated in version 1.4 and will be removed in 1.6. To calculate the root mean squared error, use the function'root_mean_squared_error'.
  warnings.warn(
/Users/antoinelopez/Epitech/DIGITAL/DIGI 2/Victory Vision Analytics/pythonProject/.venv/lib/python3.12/site-packages/sklearn/metrics/_regression.py:675: FutureWarning: 'squared' is deprecated in version 1.4 and will be removed in 1.6. To calculate the root mean squared logarithmic error, use the function'root_mean_squared_log_error'.
  warnings.warn(
INFO     | 2024-09-20 15:24:38 | __main__:optimize:122 - Metrics: {'r2': 0.9510154128074646, 'mse': 1.5233466931392656, 'mae': 0.8266909665839617, 'rmse': 1.2342393176119717, 'rmsle': 0.1208673462158597, 'loss': 1.2342393176119717}
[I 2024-09-20 15:24:38,265] Trial 459 finished with value: 1.2342393176119717 and parameters: {'learning_rate': 0.14036780191711745, 'reg_lambda': 0.06921280020637267, 'reg_alpha': 0.00018118407476250292, 'subsample': 0.8971877055172204, 'colsample_bytree': 0.6637292652192877, 'max_depth': 4, 'early_stopping_rounds': 250, 'n_estimators': 7000}. Best is trial 444 with value: 1.1759216052666033.
/Users/antoinelopez/Epitech/DIGITAL/DIGI 2/Victory Vision Analytics/pythonProject/.venv/lib/python3.12/site-packages/sklearn/metrics/_regression.py:492: FutureWarning: 'squared' is deprecated in version 1.4 and will be removed in 1.6. To calculate the root mean squared error, use the function'root_mean_squared_error'.
  warnings.warn(
/Users/antoinelopez/Epitech/DIGITAL/DIGI 2/Victory Vision Analytics/pythonProject/.venv/lib/python3.12/site-packages/sklearn/metrics/_regression.py:675: FutureWarning: 'squared' is deprecated in version 1.4 and will be removed in 1.6. To calculate the root mean squared logarithmic error, use the function'root_mean_squared_log_error'.
  warnings.warn(
INFO     | 2024-09-20 15:24:38 | __main__:optimize:122 - Metrics: {'r2': 0.951949417591095, 'mse': 1.4943007096027947, 'mae': 0.8380301546218784, 'rmse': 1.2224159315072733, 'rmsle': 0.1109985232640702, 'loss': 1.2224159315072733}
[I 2024-09-20 15:24:38,501] Trial 460 finished with value: 1.2224159315072733 and parameters: {'learning_rate': 0.15385892702858414, 'reg_lambda': 0.4103043481351368, 'reg_alpha': 7.545908180904883e-05, 'subsample': 0.8596751154959849, 'colsample_bytree': 0.6942087305975249, 'max_depth': 4, 'early_stopping_rounds': 275, 'n_estimators': 7000}. Best is trial 444 with value: 1.1759216052666033.
/Users/antoinelopez/Epitech/DIGITAL/DIGI 2/Victory Vision Analytics/pythonProject/.venv/lib/python3.12/site-packages/sklearn/metrics/_regression.py:492: FutureWarning: 'squared' is deprecated in version 1.4 and will be removed in 1.6. To calculate the root mean squared error, use the function'root_mean_squared_error'.
  warnings.warn(
/Users/antoinelopez/Epitech/DIGITAL/DIGI 2/Victory Vision Analytics/pythonProject/.venv/lib/python3.12/site-packages/sklearn/metrics/_regression.py:675: FutureWarning: 'squared' is deprecated in version 1.4 and will be removed in 1.6. To calculate the root mean squared logarithmic error, use the function'root_mean_squared_log_error'.
  warnings.warn(
INFO     | 2024-09-20 15:24:38 | __main__:optimize:122 - Metrics: {'r2': 0.9454796314239502, 'mse': 1.6955002808725705, 'mae': 0.9465444452540819, 'rmse': 1.3021137741659023, 'rmsle': 0.16705793034230906, 'loss': 1.3021137741659023}
[I 2024-09-20 15:24:38,772] Trial 461 finished with value: 1.3021137741659023 and parameters: {'learning_rate': 0.16595327535198626, 'reg_lambda': 0.043612124267921375, 'reg_alpha': 4.2244958425735705e-05, 'subsample': 0.8844430732161394, 'colsample_bytree': 0.5956049631288787, 'max_depth': 4, 'early_stopping_rounds': 341, 'n_estimators': 7000}. Best is trial 444 with value: 1.1759216052666033.
/Users/antoinelopez/Epitech/DIGITAL/DIGI 2/Victory Vision Analytics/pythonProject/.venv/lib/python3.12/site-packages/sklearn/metrics/_regression.py:492: FutureWarning: 'squared' is deprecated in version 1.4 and will be removed in 1.6. To calculate the root mean squared error, use the function'root_mean_squared_error'.
  warnings.warn(
/Users/antoinelopez/Epitech/DIGITAL/DIGI 2/Victory Vision Analytics/pythonProject/.venv/lib/python3.12/site-packages/sklearn/metrics/_regression.py:675: FutureWarning: 'squared' is deprecated in version 1.4 and will be removed in 1.6. To calculate the root mean squared logarithmic error, use the function'root_mean_squared_log_error'.
  warnings.warn(
INFO     | 2024-09-20 15:24:39 | __main__:optimize:122 - Metrics: {'r2': 0.9052119851112366, 'mse': 2.9477635261141746, 'mae': 1.3790359552516493, 'rmse': 1.7169052175685688, 'rmsle': 0.2878690827337422, 'loss': 1.7169052175685688}
[I 2024-09-20 15:24:39,378] Trial 462 finished with value: 1.7169052175685688 and parameters: {'learning_rate': 0.14669271418050484, 'reg_lambda': 0.11378887662013097, 'reg_alpha': 0.00023170511916157613, 'subsample': 0.928807129884046, 'colsample_bytree': 0.16882067241557747, 'max_depth': 5, 'early_stopping_rounds': 248, 'n_estimators': 7000}. Best is trial 444 with value: 1.1759216052666033.
/Users/antoinelopez/Epitech/DIGITAL/DIGI 2/Victory Vision Analytics/pythonProject/.venv/lib/python3.12/site-packages/sklearn/metrics/_regression.py:492: FutureWarning: 'squared' is deprecated in version 1.4 and will be removed in 1.6. To calculate the root mean squared error, use the function'root_mean_squared_error'.
  warnings.warn(
/Users/antoinelopez/Epitech/DIGITAL/DIGI 2/Victory Vision Analytics/pythonProject/.venv/lib/python3.12/site-packages/sklearn/metrics/_regression.py:675: FutureWarning: 'squared' is deprecated in version 1.4 and will be removed in 1.6. To calculate the root mean squared logarithmic error, use the function'root_mean_squared_log_error'.
  warnings.warn(
INFO     | 2024-09-20 15:24:39 | __main__:optimize:122 - Metrics: {'r2': 0.9532405138015747, 'mse': 1.454149652118177, 'mae': 0.8051974627860757, 'rmse': 1.2058812761288638, 'rmsle': 0.10959647794334855, 'loss': 1.2058812761288638}
[I 2024-09-20 15:24:39,609] Trial 463 finished with value: 1.2058812761288638 and parameters: {'learning_rate': 0.1353912577392859, 'reg_lambda': 0.21196078265017326, 'reg_alpha': 0.0009009465892881965, 'subsample': 0.8200010406297239, 'colsample_bytree': 0.6732864415771809, 'max_depth': 4, 'early_stopping_rounds': 261, 'n_estimators': 7000}. Best is trial 444 with value: 1.1759216052666033.
/Users/antoinelopez/Epitech/DIGITAL/DIGI 2/Victory Vision Analytics/pythonProject/.venv/lib/python3.12/site-packages/sklearn/metrics/_regression.py:492: FutureWarning: 'squared' is deprecated in version 1.4 and will be removed in 1.6. To calculate the root mean squared error, use the function'root_mean_squared_error'.
  warnings.warn(
/Users/antoinelopez/Epitech/DIGITAL/DIGI 2/Victory Vision Analytics/pythonProject/.venv/lib/python3.12/site-packages/sklearn/metrics/_regression.py:675: FutureWarning: 'squared' is deprecated in version 1.4 and will be removed in 1.6. To calculate the root mean squared logarithmic error, use the function'root_mean_squared_log_error'.
  warnings.warn(
INFO     | 2024-09-20 15:24:39 | __main__:optimize:122 - Metrics: {'r2': 0.9462140798568726, 'mse': 1.6726605031103734, 'mae': 0.8838619816181965, 'rmse': 1.2933137682366076, 'rmsle': 0.1375107731908401, 'loss': 1.2933137682366076}
[I 2024-09-20 15:24:39,849] Trial 464 finished with value: 1.2933137682366076 and parameters: {'learning_rate': 0.14024086155133228, 'reg_lambda': 0.7015709269332682, 'reg_alpha': 0.00012371656987931513, 'subsample': 0.6394548589634281, 'colsample_bytree': 0.624186887293637, 'max_depth': 4, 'early_stopping_rounds': 237, 'n_estimators': 7000}. Best is trial 444 with value: 1.1759216052666033.
/Users/antoinelopez/Epitech/DIGITAL/DIGI 2/Victory Vision Analytics/pythonProject/.venv/lib/python3.12/site-packages/sklearn/metrics/_regression.py:492: FutureWarning: 'squared' is deprecated in version 1.4 and will be removed in 1.6. To calculate the root mean squared error, use the function'root_mean_squared_error'.
  warnings.warn(
/Users/antoinelopez/Epitech/DIGITAL/DIGI 2/Victory Vision Analytics/pythonProject/.venv/lib/python3.12/site-packages/sklearn/metrics/_regression.py:675: FutureWarning: 'squared' is deprecated in version 1.4 and will be removed in 1.6. To calculate the root mean squared logarithmic error, use the function'root_mean_squared_log_error'.
  warnings.warn(
INFO     | 2024-09-20 15:24:40 | __main__:optimize:122 - Metrics: {'r2': 0.950505256652832, 'mse': 1.539211956971639, 'mae': 0.832871439845063, 'rmse': 1.2406498123852834, 'rmsle': 0.11168977481264479, 'loss': 1.2406498123852834}
[I 2024-09-20 15:24:40,047] Trial 465 finished with value: 1.2406498123852834 and parameters: {'learning_rate': 0.15574799037444562, 'reg_lambda': 0.3834605490780715, 'reg_alpha': 7.0304744941847e-05, 'subsample': 0.8495875001501123, 'colsample_bytree': 0.6516546987153025, 'max_depth': 4, 'early_stopping_rounds': 258, 'n_estimators': 7000}. Best is trial 444 with value: 1.1759216052666033.
/Users/antoinelopez/Epitech/DIGITAL/DIGI 2/Victory Vision Analytics/pythonProject/.venv/lib/python3.12/site-packages/sklearn/metrics/_regression.py:492: FutureWarning: 'squared' is deprecated in version 1.4 and will be removed in 1.6. To calculate the root mean squared error, use the function'root_mean_squared_error'.
  warnings.warn(
/Users/antoinelopez/Epitech/DIGITAL/DIGI 2/Victory Vision Analytics/pythonProject/.venv/lib/python3.12/site-packages/sklearn/metrics/_regression.py:675: FutureWarning: 'squared' is deprecated in version 1.4 and will be removed in 1.6. To calculate the root mean squared logarithmic error, use the function'root_mean_squared_log_error'.
  warnings.warn(
INFO     | 2024-09-20 15:24:40 | __main__:optimize:122 - Metrics: {'r2': 0.9506032466888428, 'mse': 1.5361647623221029, 'mae': 0.8387881231862445, 'rmse': 1.2394211400174289, 'rmsle': 0.11792329244780314, 'loss': 1.2394211400174289}
[I 2024-09-20 15:24:40,335] Trial 466 finished with value: 1.2394211400174289 and parameters: {'learning_rate': 0.170428380473451, 'reg_lambda': 0.1358082438200854, 'reg_alpha': 0.0005294462792728523, 'subsample': 0.9008926212470124, 'colsample_bytree': 0.6979652842998948, 'max_depth': 4, 'early_stopping_rounds': 440, 'n_estimators': 7000}. Best is trial 444 with value: 1.1759216052666033.
/Users/antoinelopez/Epitech/DIGITAL/DIGI 2/Victory Vision Analytics/pythonProject/.venv/lib/python3.12/site-packages/sklearn/metrics/_regression.py:492: FutureWarning: 'squared' is deprecated in version 1.4 and will be removed in 1.6. To calculate the root mean squared error, use the function'root_mean_squared_error'.
  warnings.warn(
/Users/antoinelopez/Epitech/DIGITAL/DIGI 2/Victory Vision Analytics/pythonProject/.venv/lib/python3.12/site-packages/sklearn/metrics/_regression.py:675: FutureWarning: 'squared' is deprecated in version 1.4 and will be removed in 1.6. To calculate the root mean squared logarithmic error, use the function'root_mean_squared_log_error'.
  warnings.warn(
INFO     | 2024-09-20 15:24:40 | __main__:optimize:122 - Metrics: {'r2': 0.9531806111335754, 'mse': 1.4560119525737352, 'mae': 0.8376645870680033, 'rmse': 1.2066532031092179, 'rmsle': 0.1200776614089893, 'loss': 1.2066532031092179}
[I 2024-09-20 15:24:40,587] Trial 467 finished with value: 1.2066532031092179 and parameters: {'learning_rate': 0.14652444812901366, 'reg_lambda': 0.013573737204055192, 'reg_alpha': 0.00013748518536843476, 'subsample': 0.8728513126415464, 'colsample_bytree': 0.6833596681741265, 'max_depth': 4, 'early_stopping_rounds': 242, 'n_estimators': 15000}. Best is trial 444 with value: 1.1759216052666033.
/Users/antoinelopez/Epitech/DIGITAL/DIGI 2/Victory Vision Analytics/pythonProject/.venv/lib/python3.12/site-packages/sklearn/metrics/_regression.py:492: FutureWarning: 'squared' is deprecated in version 1.4 and will be removed in 1.6. To calculate the root mean squared error, use the function'root_mean_squared_error'.
  warnings.warn(
/Users/antoinelopez/Epitech/DIGITAL/DIGI 2/Victory Vision Analytics/pythonProject/.venv/lib/python3.12/site-packages/sklearn/metrics/_regression.py:675: FutureWarning: 'squared' is deprecated in version 1.4 and will be removed in 1.6. To calculate the root mean squared logarithmic error, use the function'root_mean_squared_log_error'.
  warnings.warn(
INFO     | 2024-09-20 15:24:40 | __main__:optimize:122 - Metrics: {'r2': 0.95505690574646, 'mse': 1.397662257762247, 'mae': 0.7947363970584648, 'rmse': 1.1822276674829797, 'rmsle': 0.11524442852187534, 'loss': 1.1822276674829797}
[I 2024-09-20 15:24:40,861] Trial 468 finished with value: 1.1822276674829797 and parameters: {'learning_rate': 0.13887703233984514, 'reg_lambda': 0.07377890709257715, 'reg_alpha': 8.488184545010086e-06, 'subsample': 0.8825218450014535, 'colsample_bytree': 0.6632698363334145, 'max_depth': 4, 'early_stopping_rounds': 355, 'n_estimators': 7000}. Best is trial 444 with value: 1.1759216052666033.
/Users/antoinelopez/Epitech/DIGITAL/DIGI 2/Victory Vision Analytics/pythonProject/.venv/lib/python3.12/site-packages/sklearn/metrics/_regression.py:492: FutureWarning: 'squared' is deprecated in version 1.4 and will be removed in 1.6. To calculate the root mean squared error, use the function'root_mean_squared_error'.
  warnings.warn(
/Users/antoinelopez/Epitech/DIGITAL/DIGI 2/Victory Vision Analytics/pythonProject/.venv/lib/python3.12/site-packages/sklearn/metrics/_regression.py:675: FutureWarning: 'squared' is deprecated in version 1.4 and will be removed in 1.6. To calculate the root mean squared logarithmic error, use the function'root_mean_squared_log_error'.
  warnings.warn(
INFO     | 2024-09-20 15:24:41 | __main__:optimize:122 - Metrics: {'r2': 0.9520217776298523, 'mse': 1.4920500050660317, 'mae': 0.8223396622857382, 'rmse': 1.2214949877367618, 'rmsle': 0.11066126336574694, 'loss': 1.2214949877367618}
[I 2024-09-20 15:24:41,121] Trial 469 finished with value: 1.2214949877367618 and parameters: {'learning_rate': 0.13562859328248528, 'reg_lambda': 0.06567269302475819, 'reg_alpha': 6.616917810895631e-06, 'subsample': 0.8353481534625546, 'colsample_bytree': 0.6698253693418125, 'max_depth': 4, 'early_stopping_rounds': 351, 'n_estimators': 7000}. Best is trial 444 with value: 1.1759216052666033.
/Users/antoinelopez/Epitech/DIGITAL/DIGI 2/Victory Vision Analytics/pythonProject/.venv/lib/python3.12/site-packages/sklearn/metrics/_regression.py:492: FutureWarning: 'squared' is deprecated in version 1.4 and will be removed in 1.6. To calculate the root mean squared error, use the function'root_mean_squared_error'.
  warnings.warn(
/Users/antoinelopez/Epitech/DIGITAL/DIGI 2/Victory Vision Analytics/pythonProject/.venv/lib/python3.12/site-packages/sklearn/metrics/_regression.py:675: FutureWarning: 'squared' is deprecated in version 1.4 and will be removed in 1.6. To calculate the root mean squared logarithmic error, use the function'root_mean_squared_log_error'.
  warnings.warn(
INFO     | 2024-09-20 15:24:41 | __main__:optimize:122 - Metrics: {'r2': 0.951424241065979, 'mse': 1.5106322900510045, 'mae': 0.8517131246799646, 'rmse': 1.2290778209906013, 'rmsle': 0.10980140679770929, 'loss': 1.2290778209906013}
