[I 2024-09-20 15:22:56,627] Trial 134 finished with value: 1.3079256585803454 and parameters: {'learning_rate': 0.1312666584413057, 'reg_lambda': 1.7718011200030436e-06, 'reg_alpha': 0.2904290140204251, 'subsample': 0.9651726105100232, 'colsample_bytree': 0.6334757411280898, 'max_depth': 3, 'early_stopping_rounds': 436, 'n_estimators': 7000}. Best is trial 130 with value: 1.2046515087531384.
/Users/antoinelopez/Epitech/DIGITAL/DIGI 2/Victory Vision Analytics/pythonProject/.venv/lib/python3.12/site-packages/sklearn/metrics/_regression.py:492: FutureWarning: 'squared' is deprecated in version 1.4 and will be removed in 1.6. To calculate the root mean squared error, use the function'root_mean_squared_error'.
  warnings.warn(
/Users/antoinelopez/Epitech/DIGITAL/DIGI 2/Victory Vision Analytics/pythonProject/.venv/lib/python3.12/site-packages/sklearn/metrics/_regression.py:675: FutureWarning: 'squared' is deprecated in version 1.4 and will be removed in 1.6. To calculate the root mean squared logarithmic error, use the function'root_mean_squared_log_error'.
  warnings.warn(
INFO     | 2024-09-20 15:22:56 | __main__:optimize:122 - Metrics: {'r2': 0.9495041966438293, 'mse': 1.570342123361307, 'mae': 0.8678346326184827, 'rmse': 1.2531329232612585, 'rmsle': 0.12143872283426399, 'loss': 1.2531329232612585}
[I 2024-09-20 15:22:56,923] Trial 135 finished with value: 1.2531329232612585 and parameters: {'learning_rate': 0.1449279269097936, 'reg_lambda': 8.043384603361426e-07, 'reg_alpha': 0.051110303825972675, 'subsample': 0.9271673581510209, 'colsample_bytree': 0.7021775625155158, 'max_depth': 4, 'early_stopping_rounds': 463, 'n_estimators': 7000}. Best is trial 130 with value: 1.2046515087531384.
/Users/antoinelopez/Epitech/DIGITAL/DIGI 2/Victory Vision Analytics/pythonProject/.venv/lib/python3.12/site-packages/sklearn/metrics/_regression.py:492: FutureWarning: 'squared' is deprecated in version 1.4 and will be removed in 1.6. To calculate the root mean squared error, use the function'root_mean_squared_error'.
  warnings.warn(
/Users/antoinelopez/Epitech/DIGITAL/DIGI 2/Victory Vision Analytics/pythonProject/.venv/lib/python3.12/site-packages/sklearn/metrics/_regression.py:675: FutureWarning: 'squared' is deprecated in version 1.4 and will be removed in 1.6. To calculate the root mean squared logarithmic error, use the function'root_mean_squared_log_error'.
  warnings.warn(
INFO     | 2024-09-20 15:22:57 | __main__:optimize:122 - Metrics: {'r2': 0.9517139792442322, 'mse': 1.5016226210257524, 'mae': 0.856240971317125, 'rmse': 1.2254071246021676, 'rmsle': 0.12024876134055515, 'loss': 1.2254071246021676}
[I 2024-09-20 15:22:57,311] Trial 136 finished with value: 1.2254071246021676 and parameters: {'learning_rate': 0.09812640170371305, 'reg_lambda': 3.858727715802476e-06, 'reg_alpha': 0.5173644961771281, 'subsample': 0.9078564238171355, 'colsample_bytree': 0.6795099914917785, 'max_depth': 3, 'early_stopping_rounds': 420, 'n_estimators': 7000}. Best is trial 130 with value: 1.2046515087531384.
/Users/antoinelopez/Epitech/DIGITAL/DIGI 2/Victory Vision Analytics/pythonProject/.venv/lib/python3.12/site-packages/sklearn/metrics/_regression.py:492: FutureWarning: 'squared' is deprecated in version 1.4 and will be removed in 1.6. To calculate the root mean squared error, use the function'root_mean_squared_error'.
  warnings.warn(
/Users/antoinelopez/Epitech/DIGITAL/DIGI 2/Victory Vision Analytics/pythonProject/.venv/lib/python3.12/site-packages/sklearn/metrics/_regression.py:675: FutureWarning: 'squared' is deprecated in version 1.4 and will be removed in 1.6. To calculate the root mean squared logarithmic error, use the function'root_mean_squared_log_error'.
  warnings.warn(
INFO     | 2024-09-20 15:22:57 | __main__:optimize:122 - Metrics: {'r2': 0.947260320186615, 'mse': 1.6401241369016337, 'mae': 0.878441906668419, 'rmse': 1.2806733138867359, 'rmsle': 0.13633342108900778, 'loss': 1.2806733138867359}
[I 2024-09-20 15:22:57,641] Trial 137 finished with value: 1.2806733138867359 and parameters: {'learning_rate': 0.10438603137262473, 'reg_lambda': 4.337163523777093e-06, 'reg_alpha': 0.1821175783373771, 'subsample': 0.8662128647397864, 'colsample_bytree': 0.6762571368997883, 'max_depth': 3, 'early_stopping_rounds': 445, 'n_estimators': 7000}. Best is trial 130 with value: 1.2046515087531384.
/Users/antoinelopez/Epitech/DIGITAL/DIGI 2/Victory Vision Analytics/pythonProject/.venv/lib/python3.12/site-packages/sklearn/metrics/_regression.py:492: FutureWarning: 'squared' is deprecated in version 1.4 and will be removed in 1.6. To calculate the root mean squared error, use the function'root_mean_squared_error'.
  warnings.warn(
/Users/antoinelopez/Epitech/DIGITAL/DIGI 2/Victory Vision Analytics/pythonProject/.venv/lib/python3.12/site-packages/sklearn/metrics/_regression.py:675: FutureWarning: 'squared' is deprecated in version 1.4 and will be removed in 1.6. To calculate the root mean squared logarithmic error, use the function'root_mean_squared_log_error'.
  warnings.warn(
INFO     | 2024-09-20 15:22:58 | __main__:optimize:122 - Metrics: {'r2': 0.9524494409561157, 'mse': 1.4787501611009402, 'mae': 0.8104155332543129, 'rmse': 1.2160387169415865, 'rmsle': 0.11497542752854878, 'loss': 1.2160387169415865}
[I 2024-09-20 15:22:58,006] Trial 138 finished with value: 1.2160387169415865 and parameters: {'learning_rate': 0.09783032103055757, 'reg_lambda': 1.8657470853997405e-05, 'reg_alpha': 0.07311513621296414, 'subsample': 0.9078116946414355, 'colsample_bytree': 0.6543000453572423, 'max_depth': 4, 'early_stopping_rounds': 428, 'n_estimators': 7000}. Best is trial 130 with value: 1.2046515087531384.
/Users/antoinelopez/Epitech/DIGITAL/DIGI 2/Victory Vision Analytics/pythonProject/.venv/lib/python3.12/site-packages/sklearn/metrics/_regression.py:492: FutureWarning: 'squared' is deprecated in version 1.4 and will be removed in 1.6. To calculate the root mean squared error, use the function'root_mean_squared_error'.
  warnings.warn(
/Users/antoinelopez/Epitech/DIGITAL/DIGI 2/Victory Vision Analytics/pythonProject/.venv/lib/python3.12/site-packages/sklearn/metrics/_regression.py:675: FutureWarning: 'squared' is deprecated in version 1.4 and will be removed in 1.6. To calculate the root mean squared logarithmic error, use the function'root_mean_squared_log_error'.
  warnings.warn(
INFO     | 2024-09-20 15:22:58 | __main__:optimize:122 - Metrics: {'r2': 0.9517086148262024, 'mse': 1.501788985541492, 'mae': 0.8179347595156625, 'rmse': 1.225475004045979, 'rmsle': 0.11913444092667784, 'loss': 1.225475004045979}
[I 2024-09-20 15:22:58,374] Trial 139 finished with value: 1.225475004045979 and parameters: {'learning_rate': 0.09803598602778382, 'reg_lambda': 2.3711469051065e-05, 'reg_alpha': 0.08283320827411035, 'subsample': 0.9094464738392647, 'colsample_bytree': 0.6522111874656278, 'max_depth': 4, 'early_stopping_rounds': 434, 'n_estimators': 7000}. Best is trial 130 with value: 1.2046515087531384.
/Users/antoinelopez/Epitech/DIGITAL/DIGI 2/Victory Vision Analytics/pythonProject/.venv/lib/python3.12/site-packages/sklearn/metrics/_regression.py:492: FutureWarning: 'squared' is deprecated in version 1.4 and will be removed in 1.6. To calculate the root mean squared error, use the function'root_mean_squared_error'.
  warnings.warn(
/Users/antoinelopez/Epitech/DIGITAL/DIGI 2/Victory Vision Analytics/pythonProject/.venv/lib/python3.12/site-packages/sklearn/metrics/_regression.py:675: FutureWarning: 'squared' is deprecated in version 1.4 and will be removed in 1.6. To calculate the root mean squared logarithmic error, use the function'root_mean_squared_log_error'.
  warnings.warn(
INFO     | 2024-09-20 15:22:58 | __main__:optimize:122 - Metrics: {'r2': 0.9516478776931763, 'mse': 1.5036765530430083, 'mae': 0.8046900024247724, 'rmse': 1.2262448992933705, 'rmsle': 0.11681906742420319, 'loss': 1.2262448992933705}
[I 2024-09-20 15:22:58,696] Trial 140 finished with value: 1.2262448992933705 and parameters: {'learning_rate': 0.0981458604058102, 'reg_lambda': 2.0257358634947985e-05, 'reg_alpha': 0.07429196112651701, 'subsample': 0.9029092884779347, 'colsample_bytree': 0.6546214490707366, 'max_depth': 4, 'early_stopping_rounds': 431, 'n_estimators': 7000}. Best is trial 130 with value: 1.2046515087531384.
/Users/antoinelopez/Epitech/DIGITAL/DIGI 2/Victory Vision Analytics/pythonProject/.venv/lib/python3.12/site-packages/sklearn/metrics/_regression.py:492: FutureWarning: 'squared' is deprecated in version 1.4 and will be removed in 1.6. To calculate the root mean squared error, use the function'root_mean_squared_error'.
  warnings.warn(
/Users/antoinelopez/Epitech/DIGITAL/DIGI 2/Victory Vision Analytics/pythonProject/.venv/lib/python3.12/site-packages/sklearn/metrics/_regression.py:675: FutureWarning: 'squared' is deprecated in version 1.4 and will be removed in 1.6. To calculate the root mean squared logarithmic error, use the function'root_mean_squared_log_error'.
  warnings.warn(
INFO     | 2024-09-20 15:22:59 | __main__:optimize:122 - Metrics: {'r2': 0.9465935826301575, 'mse': 1.6608591977088556, 'mae': 0.873877931750098, 'rmse': 1.2887432629150213, 'rmsle': 0.1285910378922533, 'loss': 1.2887432629150213}
[I 2024-09-20 15:22:59,002] Trial 141 finished with value: 1.2887432629150213 and parameters: {'learning_rate': 0.0844020553488044, 'reg_lambda': 2.203371077244662e-05, 'reg_alpha': 0.09403831124606478, 'subsample': 0.9041953832502374, 'colsample_bytree': 0.6555521899059145, 'max_depth': 4, 'early_stopping_rounds': 469, 'n_estimators': 7000}. Best is trial 130 with value: 1.2046515087531384.
/Users/antoinelopez/Epitech/DIGITAL/DIGI 2/Victory Vision Analytics/pythonProject/.venv/lib/python3.12/site-packages/sklearn/metrics/_regression.py:492: FutureWarning: 'squared' is deprecated in version 1.4 and will be removed in 1.6. To calculate the root mean squared error, use the function'root_mean_squared_error'.
  warnings.warn(
/Users/antoinelopez/Epitech/DIGITAL/DIGI 2/Victory Vision Analytics/pythonProject/.venv/lib/python3.12/site-packages/sklearn/metrics/_regression.py:675: FutureWarning: 'squared' is deprecated in version 1.4 and will be removed in 1.6. To calculate the root mean squared logarithmic error, use the function'root_mean_squared_log_error'.
  warnings.warn(
INFO     | 2024-09-20 15:22:59 | __main__:optimize:122 - Metrics: {'r2': 0.9497712254524231, 'mse': 1.5620382649969347, 'mae': 0.8371811403784641, 'rmse': 1.2498152923520078, 'rmsle': 0.11926685657410856, 'loss': 1.2498152923520078}
[I 2024-09-20 15:22:59,316] Trial 142 finished with value: 1.2498152923520078 and parameters: {'learning_rate': 0.09702412679556893, 'reg_lambda': 1.2755070429288085e-05, 'reg_alpha': 0.07178586246945558, 'subsample': 0.8862262284188511, 'colsample_bytree': 0.6400382511407646, 'max_depth': 4, 'early_stopping_rounds': 429, 'n_estimators': 7000}. Best is trial 130 with value: 1.2046515087531384.
/Users/antoinelopez/Epitech/DIGITAL/DIGI 2/Victory Vision Analytics/pythonProject/.venv/lib/python3.12/site-packages/sklearn/metrics/_regression.py:492: FutureWarning: 'squared' is deprecated in version 1.4 and will be removed in 1.6. To calculate the root mean squared error, use the function'root_mean_squared_error'.
  warnings.warn(
/Users/antoinelopez/Epitech/DIGITAL/DIGI 2/Victory Vision Analytics/pythonProject/.venv/lib/python3.12/site-packages/sklearn/metrics/_regression.py:675: FutureWarning: 'squared' is deprecated in version 1.4 and will be removed in 1.6. To calculate the root mean squared logarithmic error, use the function'root_mean_squared_log_error'.
  warnings.warn(
INFO     | 2024-09-20 15:22:59 | __main__:optimize:122 - Metrics: {'r2': 0.9452886581420898, 'mse': 1.7014387707672816, 'mae': 0.9499383452326753, 'rmse': 1.3043921077526042, 'rmsle': 0.14433107075531823, 'loss': 1.3043921077526042}
[I 2024-09-20 15:22:59,621] Trial 143 finished with value: 1.3043921077526042 and parameters: {'learning_rate': 0.08772370811849145, 'reg_lambda': 1.9093230823687483e-05, 'reg_alpha': 0.02902350441256891, 'subsample': 0.8649208032844825, 'colsample_bytree': 0.6146246280846231, 'max_depth': 4, 'early_stopping_rounds': 440, 'n_estimators': 7000}. Best is trial 130 with value: 1.2046515087531384.
/Users/antoinelopez/Epitech/DIGITAL/DIGI 2/Victory Vision Analytics/pythonProject/.venv/lib/python3.12/site-packages/sklearn/metrics/_regression.py:492: FutureWarning: 'squared' is deprecated in version 1.4 and will be removed in 1.6. To calculate the root mean squared error, use the function'root_mean_squared_error'.
  warnings.warn(
/Users/antoinelopez/Epitech/DIGITAL/DIGI 2/Victory Vision Analytics/pythonProject/.venv/lib/python3.12/site-packages/sklearn/metrics/_regression.py:675: FutureWarning: 'squared' is deprecated in version 1.4 and will be removed in 1.6. To calculate the root mean squared logarithmic error, use the function'root_mean_squared_log_error'.
  warnings.warn(
INFO     | 2024-09-20 15:22:59 | __main__:optimize:122 - Metrics: {'r2': 0.9476609826087952, 'mse': 1.6276634961111434, 'mae': 0.8648665209149206, 'rmse': 1.275799159786188, 'rmsle': 0.12221367324857176, 'loss': 1.275799159786188}
[I 2024-09-20 15:22:59,909] Trial 144 finished with value: 1.275799159786188 and parameters: {'learning_rate': 0.09651592540325217, 'reg_lambda': 9.742825708495138e-06, 'reg_alpha': 0.04221865506031542, 'subsample': 0.9208122441387825, 'colsample_bytree': 0.6666852205851376, 'max_depth': 4, 'early_stopping_rounds': 425, 'n_estimators': 7000}. Best is trial 130 with value: 1.2046515087531384.
INFO:     127.0.0.1:52098 - "GET /ui/is_model_training HTTP/1.1" 200 OK
/Users/antoinelopez/Epitech/DIGITAL/DIGI 2/Victory Vision Analytics/pythonProject/.venv/lib/python3.12/site-packages/sklearn/metrics/_regression.py:492: FutureWarning: 'squared' is deprecated in version 1.4 and will be removed in 1.6. To calculate the root mean squared error, use the function'root_mean_squared_error'.
  warnings.warn(
/Users/antoinelopez/Epitech/DIGITAL/DIGI 2/Victory Vision Analytics/pythonProject/.venv/lib/python3.12/site-packages/sklearn/metrics/_regression.py:675: FutureWarning: 'squared' is deprecated in version 1.4 and will be removed in 1.6. To calculate the root mean squared logarithmic error, use the function'root_mean_squared_log_error'.
  warnings.warn(
INFO     | 2024-09-20 15:23:00 | __main__:optimize:122 - Metrics: {'r2': 0.9452050924301147, 'mse': 1.7040379315503178, 'mae': 0.9204463208137557, 'rmse': 1.3053880386882353, 'rmsle': 0.14507802005234824, 'loss': 1.3053880386882353}
[I 2024-09-20 15:23:00,266] Trial 145 finished with value: 1.3053880386882353 and parameters: {'learning_rate': 0.10990351250743761, 'reg_lambda': 4.3057047043133135e-06, 'reg_alpha': 0.1492227500428554, 'subsample': 0.9033153811695882, 'colsample_bytree': 0.6287090217091401, 'max_depth': 4, 'early_stopping_rounds': 451, 'n_estimators': 7000}. Best is trial 130 with value: 1.2046515087531384.
/Users/antoinelopez/Epitech/DIGITAL/DIGI 2/Victory Vision Analytics/pythonProject/.venv/lib/python3.12/site-packages/sklearn/metrics/_regression.py:492: FutureWarning: 'squared' is deprecated in version 1.4 and will be removed in 1.6. To calculate the root mean squared error, use the function'root_mean_squared_error'.
  warnings.warn(
/Users/antoinelopez/Epitech/DIGITAL/DIGI 2/Victory Vision Analytics/pythonProject/.venv/lib/python3.12/site-packages/sklearn/metrics/_regression.py:675: FutureWarning: 'squared' is deprecated in version 1.4 and will be removed in 1.6. To calculate the root mean squared logarithmic error, use the function'root_mean_squared_log_error'.
  warnings.warn(
INFO     | 2024-09-20 15:23:00 | __main__:optimize:122 - Metrics: {'r2': 0.9503878951072693, 'mse': 1.5428616573772687, 'mae': 0.844754564900731, 'rmse': 1.2421198240819074, 'rmsle': 0.12396475183950081, 'loss': 1.2421198240819074}
[I 2024-09-20 15:23:00,653] Trial 146 finished with value: 1.2421198240819074 and parameters: {'learning_rate': 0.07751651380554253, 'reg_lambda': 4.3526312582928416e-05, 'reg_alpha': 0.31776293916131426, 'subsample': 0.9337667248284696, 'colsample_bytree': 0.649643249872249, 'max_depth': 4, 'early_stopping_rounds': 419, 'n_estimators': 7000}. Best is trial 130 with value: 1.2046515087531384.
/Users/antoinelopez/Epitech/DIGITAL/DIGI 2/Victory Vision Analytics/pythonProject/.venv/lib/python3.12/site-packages/sklearn/metrics/_regression.py:492: FutureWarning: 'squared' is deprecated in version 1.4 and will be removed in 1.6. To calculate the root mean squared error, use the function'root_mean_squared_error'.
  warnings.warn(
/Users/antoinelopez/Epitech/DIGITAL/DIGI 2/Victory Vision Analytics/pythonProject/.venv/lib/python3.12/site-packages/sklearn/metrics/_regression.py:675: FutureWarning: 'squared' is deprecated in version 1.4 and will be removed in 1.6. To calculate the root mean squared logarithmic error, use the function'root_mean_squared_log_error'.
  warnings.warn(
INFO     | 2024-09-20 15:23:00 | __main__:optimize:122 - Metrics: {'r2': 0.9525270462036133, 'mse': 1.4763376151559642, 'mae': 0.8044079373049181, 'rmse': 1.2150463428017733, 'rmsle': 0.11466281616550875, 'loss': 1.2150463428017733}
[I 2024-09-20 15:23:00,969] Trial 147 finished with value: 1.2150463428017733 and parameters: {'learning_rate': 0.11524277385254866, 'reg_lambda': 7.316195225035607e-06, 'reg_alpha': 0.557362622019247, 'subsample': 0.8431910650867607, 'colsample_bytree': 0.6760152836293585, 'max_depth': 4, 'early_stopping_rounds': 437, 'n_estimators': 7000}. Best is trial 130 with value: 1.2046515087531384.
/Users/antoinelopez/Epitech/DIGITAL/DIGI 2/Victory Vision Analytics/pythonProject/.venv/lib/python3.12/site-packages/sklearn/metrics/_regression.py:492: FutureWarning: 'squared' is deprecated in version 1.4 and will be removed in 1.6. To calculate the root mean squared error, use the function'root_mean_squared_error'.
  warnings.warn(
/Users/antoinelopez/Epitech/DIGITAL/DIGI 2/Victory Vision Analytics/pythonProject/.venv/lib/python3.12/site-packages/sklearn/metrics/_regression.py:675: FutureWarning: 'squared' is deprecated in version 1.4 and will be removed in 1.6. To calculate the root mean squared logarithmic error, use the function'root_mean_squared_log_error'.
  warnings.warn(
INFO     | 2024-09-20 15:23:01 | __main__:optimize:122 - Metrics: {'r2': 0.9503298401832581, 'mse': 1.5446662689929882, 'mae': 0.8226705085399539, 'rmse': 1.2428460359163511, 'rmsle': 0.11610924795771474, 'loss': 1.2428460359163511}
[I 2024-09-20 15:23:01,297] Trial 148 finished with value: 1.2428460359163511 and parameters: {'learning_rate': 0.10273049057184348, 'reg_lambda': 8.084865669368648e-06, 'reg_alpha': 0.43413709099885517, 'subsample': 0.8541008633877798, 'colsample_bytree': 0.6803807980147623, 'max_depth': 4, 'early_stopping_rounds': 437, 'n_estimators': 7000}. Best is trial 130 with value: 1.2046515087531384.
/Users/antoinelopez/Epitech/DIGITAL/DIGI 2/Victory Vision Analytics/pythonProject/.venv/lib/python3.12/site-packages/sklearn/metrics/_regression.py:492: FutureWarning: 'squared' is deprecated in version 1.4 and will be removed in 1.6. To calculate the root mean squared error, use the function'root_mean_squared_error'.
  warnings.warn(
/Users/antoinelopez/Epitech/DIGITAL/DIGI 2/Victory Vision Analytics/pythonProject/.venv/lib/python3.12/site-packages/sklearn/metrics/_regression.py:675: FutureWarning: 'squared' is deprecated in version 1.4 and will be removed in 1.6. To calculate the root mean squared logarithmic error, use the function'root_mean_squared_log_error'.
  warnings.warn(
INFO     | 2024-09-20 15:23:01 | __main__:optimize:122 - Metrics: {'r2': 0.9522455334663391, 'mse': 1.4850916264926348, 'mae': 0.8322569930276206, 'rmse': 1.2186433549208049, 'rmsle': 0.12041230857650416, 'loss': 1.2186433549208049}
[I 2024-09-20 15:23:01,639] Trial 149 finished with value: 1.2186433549208049 and parameters: {'learning_rate': 0.11521494592070333, 'reg_lambda': 1.9107502750385677e-05, 'reg_alpha': 0.06203722212312003, 'subsample': 0.877861394285582, 'colsample_bytree': 0.7267145529587792, 'max_depth': 4, 'early_stopping_rounds': 459, 'n_estimators': 7000}. Best is trial 130 with value: 1.2046515087531384.
/Users/antoinelopez/Epitech/DIGITAL/DIGI 2/Victory Vision Analytics/pythonProject/.venv/lib/python3.12/site-packages/sklearn/metrics/_regression.py:492: FutureWarning: 'squared' is deprecated in version 1.4 and will be removed in 1.6. To calculate the root mean squared error, use the function'root_mean_squared_error'.
  warnings.warn(
/Users/antoinelopez/Epitech/DIGITAL/DIGI 2/Victory Vision Analytics/pythonProject/.venv/lib/python3.12/site-packages/sklearn/metrics/_regression.py:675: FutureWarning: 'squared' is deprecated in version 1.4 and will be removed in 1.6. To calculate the root mean squared logarithmic error, use the function'root_mean_squared_log_error'.
  warnings.warn(
INFO     | 2024-09-20 15:23:01 | __main__:optimize:122 - Metrics: {'r2': 0.9498047232627869, 'mse': 1.5609963428175697, 'mae': 0.8334917505120122, 'rmse': 1.2493983923543241, 'rmsle': 0.11513737835256374, 'loss': 1.2493983923543241}
