[I 2024-09-20 15:22:42,660] Trial 86 finished with value: 1.2661116875072094 and parameters: {'learning_rate': 0.15126803430921787, 'reg_lambda': 0.02831086921157449, 'reg_alpha': 21.081480197473674, 'subsample': 0.9217641164258252, 'colsample_bytree': 0.695845595459743, 'max_depth': 3, 'early_stopping_rounds': 450, 'n_estimators': 20000}. Best is trial 79 with value: 1.2258665280152674.
/Users/antoinelopez/Epitech/DIGITAL/DIGI 2/Victory Vision Analytics/pythonProject/.venv/lib/python3.12/site-packages/sklearn/metrics/_regression.py:492: FutureWarning: 'squared' is deprecated in version 1.4 and will be removed in 1.6. To calculate the root mean squared error, use the function'root_mean_squared_error'.
  warnings.warn(
/Users/antoinelopez/Epitech/DIGITAL/DIGI 2/Victory Vision Analytics/pythonProject/.venv/lib/python3.12/site-packages/sklearn/metrics/_regression.py:675: FutureWarning: 'squared' is deprecated in version 1.4 and will be removed in 1.6. To calculate the root mean squared logarithmic error, use the function'root_mean_squared_log_error'.
  warnings.warn(
INFO     | 2024-09-20 15:22:42 | __main__:optimize:122 - Metrics: {'r2': 0.9423790574073792, 'mse': 1.7919235859934493, 'mae': 0.9611904841522838, 'rmse': 1.3386275008356316, 'rmsle': 0.13590530036843823, 'loss': 1.3386275008356316}
[I 2024-09-20 15:22:42,920] Trial 87 finished with value: 1.3386275008356316 and parameters: {'learning_rate': 0.12770661985057952, 'reg_lambda': 8.819997966926854e-08, 'reg_alpha': 0.6386265036453443, 'subsample': 0.9722891258560719, 'colsample_bytree': 0.54051412767094, 'max_depth': 3, 'early_stopping_rounds': 342, 'n_estimators': 20000}. Best is trial 79 with value: 1.2258665280152674.
/Users/antoinelopez/Epitech/DIGITAL/DIGI 2/Victory Vision Analytics/pythonProject/.venv/lib/python3.12/site-packages/sklearn/metrics/_regression.py:492: FutureWarning: 'squared' is deprecated in version 1.4 and will be removed in 1.6. To calculate the root mean squared error, use the function'root_mean_squared_error'.
  warnings.warn(
/Users/antoinelopez/Epitech/DIGITAL/DIGI 2/Victory Vision Analytics/pythonProject/.venv/lib/python3.12/site-packages/sklearn/metrics/_regression.py:675: FutureWarning: 'squared' is deprecated in version 1.4 and will be removed in 1.6. To calculate the root mean squared logarithmic error, use the function'root_mean_squared_log_error'.
  warnings.warn(
INFO     | 2024-09-20 15:22:43 | __main__:optimize:122 - Metrics: {'r2': 0.9187947511672974, 'mse': 2.5253593559814456, 'mae': 1.2326289138128592, 'rmse': 1.5891379285579479, 'rmsle': 0.1823740750030711, 'loss': 1.5891379285579479}
[I 2024-09-20 15:22:43,361] Trial 88 finished with value: 1.5891379285579479 and parameters: {'learning_rate': 0.025816933075615424, 'reg_lambda': 4.3452444911561016e-08, 'reg_alpha': 1.3968334232185715, 'subsample': 0.8305849396129261, 'colsample_bytree': 0.49691105930488266, 'max_depth': 2, 'early_stopping_rounds': 431, 'n_estimators': 20000}. Best is trial 79 with value: 1.2258665280152674.
/Users/antoinelopez/Epitech/DIGITAL/DIGI 2/Victory Vision Analytics/pythonProject/.venv/lib/python3.12/site-packages/sklearn/metrics/_regression.py:492: FutureWarning: 'squared' is deprecated in version 1.4 and will be removed in 1.6. To calculate the root mean squared error, use the function'root_mean_squared_error'.
  warnings.warn(
/Users/antoinelopez/Epitech/DIGITAL/DIGI 2/Victory Vision Analytics/pythonProject/.venv/lib/python3.12/site-packages/sklearn/metrics/_regression.py:675: FutureWarning: 'squared' is deprecated in version 1.4 and will be removed in 1.6. To calculate the root mean squared logarithmic error, use the function'root_mean_squared_log_error'.
  warnings.warn(
INFO     | 2024-09-20 15:22:43 | __main__:optimize:122 - Metrics: {'r2': 0.9512301683425903, 'mse': 1.5166666921777852, 'mae': 0.8329150953958201, 'rmse': 1.2315302238182322, 'rmsle': 0.12767342728123862, 'loss': 1.2315302238182322}
[I 2024-09-20 15:22:43,577] Trial 89 finished with value: 1.2315302238182322 and parameters: {'learning_rate': 0.13384982333706555, 'reg_lambda': 5.576494545333321e-07, 'reg_alpha': 3.0313839639624582, 'subsample': 0.8982951681970618, 'colsample_bytree': 0.6601418354082484, 'max_depth': 3, 'early_stopping_rounds': 330, 'n_estimators': 7000}. Best is trial 79 with value: 1.2258665280152674.
/Users/antoinelopez/Epitech/DIGITAL/DIGI 2/Victory Vision Analytics/pythonProject/.venv/lib/python3.12/site-packages/sklearn/metrics/_regression.py:492: FutureWarning: 'squared' is deprecated in version 1.4 and will be removed in 1.6. To calculate the root mean squared error, use the function'root_mean_squared_error'.
  warnings.warn(
/Users/antoinelopez/Epitech/DIGITAL/DIGI 2/Victory Vision Analytics/pythonProject/.venv/lib/python3.12/site-packages/sklearn/metrics/_regression.py:675: FutureWarning: 'squared' is deprecated in version 1.4 and will be removed in 1.6. To calculate the root mean squared logarithmic error, use the function'root_mean_squared_log_error'.
  warnings.warn(
INFO     | 2024-09-20 15:22:43 | __main__:optimize:122 - Metrics: {'r2': 0.9448025226593018, 'mse': 1.7165568212114233, 'mae': 0.9260589434656986, 'rmse': 1.310174347639055, 'rmsle': 0.14064970841815214, 'loss': 1.310174347639055}
[I 2024-09-20 15:22:43,786] Trial 90 finished with value: 1.310174347639055 and parameters: {'learning_rate': 0.139947498280297, 'reg_lambda': 2.3160861675972558e-07, 'reg_alpha': 0.473339463235146, 'subsample': 0.7149322240593557, 'colsample_bytree': 0.639055768572135, 'max_depth': 3, 'early_stopping_rounds': 328, 'n_estimators': 7000}. Best is trial 79 with value: 1.2258665280152674.
/Users/antoinelopez/Epitech/DIGITAL/DIGI 2/Victory Vision Analytics/pythonProject/.venv/lib/python3.12/site-packages/sklearn/metrics/_regression.py:492: FutureWarning: 'squared' is deprecated in version 1.4 and will be removed in 1.6. To calculate the root mean squared error, use the function'root_mean_squared_error'.
  warnings.warn(
/Users/antoinelopez/Epitech/DIGITAL/DIGI 2/Victory Vision Analytics/pythonProject/.venv/lib/python3.12/site-packages/sklearn/metrics/_regression.py:675: FutureWarning: 'squared' is deprecated in version 1.4 and will be removed in 1.6. To calculate the root mean squared logarithmic error, use the function'root_mean_squared_log_error'.
  warnings.warn(
INFO     | 2024-09-20 15:22:44 | __main__:optimize:122 - Metrics: {'r2': 0.9477547407150269, 'mse': 1.624748930171741, 'mae': 0.8409461459448171, 'rmse': 1.2746563969053546, 'rmsle': 0.1222754693263372, 'loss': 1.2746563969053546}
[I 2024-09-20 15:22:44,003] Trial 91 finished with value: 1.2746563969053546 and parameters: {'learning_rate': 0.12530249092299614, 'reg_lambda': 7.091392782530861e-07, 'reg_alpha': 2.467193672883376, 'subsample': 0.900853482153304, 'colsample_bytree': 0.6611235744979277, 'max_depth': 3, 'early_stopping_rounds': 398, 'n_estimators': 7000}. Best is trial 79 with value: 1.2258665280152674.
/Users/antoinelopez/Epitech/DIGITAL/DIGI 2/Victory Vision Analytics/pythonProject/.venv/lib/python3.12/site-packages/sklearn/metrics/_regression.py:492: FutureWarning: 'squared' is deprecated in version 1.4 and will be removed in 1.6. To calculate the root mean squared error, use the function'root_mean_squared_error'.
  warnings.warn(
/Users/antoinelopez/Epitech/DIGITAL/DIGI 2/Victory Vision Analytics/pythonProject/.venv/lib/python3.12/site-packages/sklearn/metrics/_regression.py:675: FutureWarning: 'squared' is deprecated in version 1.4 and will be removed in 1.6. To calculate the root mean squared logarithmic error, use the function'root_mean_squared_log_error'.
  warnings.warn(
INFO     | 2024-09-20 15:22:44 | __main__:optimize:122 - Metrics: {'r2': 0.9479008913040161, 'mse': 1.6202030798859126, 'mae': 0.8692929155604784, 'rmse': 1.272871980949346, 'rmsle': 0.13597062308733712, 'loss': 1.272871980949346}
[I 2024-09-20 15:22:44,199] Trial 92 finished with value: 1.272871980949346 and parameters: {'learning_rate': 0.16427913523407947, 'reg_lambda': 1.8871237100685816e-06, 'reg_alpha': 4.546944051396399, 'subsample': 0.9347793235843567, 'colsample_bytree': 0.5723976523185423, 'max_depth': 2, 'early_stopping_rounds': 356, 'n_estimators': 7000}. Best is trial 79 with value: 1.2258665280152674.
/Users/antoinelopez/Epitech/DIGITAL/DIGI 2/Victory Vision Analytics/pythonProject/.venv/lib/python3.12/site-packages/sklearn/metrics/_regression.py:492: FutureWarning: 'squared' is deprecated in version 1.4 and will be removed in 1.6. To calculate the root mean squared error, use the function'root_mean_squared_error'.
  warnings.warn(
/Users/antoinelopez/Epitech/DIGITAL/DIGI 2/Victory Vision Analytics/pythonProject/.venv/lib/python3.12/site-packages/sklearn/metrics/_regression.py:675: FutureWarning: 'squared' is deprecated in version 1.4 and will be removed in 1.6. To calculate the root mean squared logarithmic error, use the function'root_mean_squared_log_error'.
  warnings.warn(
INFO     | 2024-09-20 15:22:44 | __main__:optimize:122 - Metrics: {'r2': 0.9453682899475098, 'mse': 1.6989626864123757, 'mae': 0.9148583933364514, 'rmse': 1.3034426287383636, 'rmsle': 0.14866255354584848, 'loss': 1.3034426287383636}
[I 2024-09-20 15:22:44,474] Trial 93 finished with value: 1.3034426287383636 and parameters: {'learning_rate': 0.1828581964454682, 'reg_lambda': 3.154535593427529e-07, 'reg_alpha': 36.097649653039426, 'subsample': 0.9491789504021326, 'colsample_bytree': 0.6158383061398983, 'max_depth': 3, 'early_stopping_rounds': 375, 'n_estimators': 7000}. Best is trial 79 with value: 1.2258665280152674.
/Users/antoinelopez/Epitech/DIGITAL/DIGI 2/Victory Vision Analytics/pythonProject/.venv/lib/python3.12/site-packages/sklearn/metrics/_regression.py:492: FutureWarning: 'squared' is deprecated in version 1.4 and will be removed in 1.6. To calculate the root mean squared error, use the function'root_mean_squared_error'.
  warnings.warn(
/Users/antoinelopez/Epitech/DIGITAL/DIGI 2/Victory Vision Analytics/pythonProject/.venv/lib/python3.12/site-packages/sklearn/metrics/_regression.py:675: FutureWarning: 'squared' is deprecated in version 1.4 and will be removed in 1.6. To calculate the root mean squared logarithmic error, use the function'root_mean_squared_log_error'.
  warnings.warn(
INFO     | 2024-09-20 15:22:44 | __main__:optimize:122 - Metrics: {'r2': 0.9524362087249756, 'mse': 1.4791611637982987, 'mae': 0.8270972585955332, 'rmse': 1.2162076976397982, 'rmsle': 0.10951640344920065, 'loss': 1.2162076976397982}
[I 2024-09-20 15:22:44,838] Trial 94 finished with value: 1.2162076976397982 and parameters: {'learning_rate': 0.12015214702902464, 'reg_lambda': 1.1747789334896586e-06, 'reg_alpha': 1.0496861305220424, 'subsample': 0.9831036587696005, 'colsample_bytree': 0.6971351455270338, 'max_depth': 3, 'early_stopping_rounds': 411, 'n_estimators': 7000}. Best is trial 94 with value: 1.2162076976397982.
/Users/antoinelopez/Epitech/DIGITAL/DIGI 2/Victory Vision Analytics/pythonProject/.venv/lib/python3.12/site-packages/sklearn/metrics/_regression.py:492: FutureWarning: 'squared' is deprecated in version 1.4 and will be removed in 1.6. To calculate the root mean squared error, use the function'root_mean_squared_error'.
  warnings.warn(
/Users/antoinelopez/Epitech/DIGITAL/DIGI 2/Victory Vision Analytics/pythonProject/.venv/lib/python3.12/site-packages/sklearn/metrics/_regression.py:675: FutureWarning: 'squared' is deprecated in version 1.4 and will be removed in 1.6. To calculate the root mean squared logarithmic error, use the function'root_mean_squared_log_error'.
  warnings.warn(
INFO     | 2024-09-20 15:22:45 | __main__:optimize:122 - Metrics: {'r2': 0.9531036615371704, 'mse': 1.45840439776444, 'mae': 0.794811360503352, 'rmse': 1.2076441519605186, 'rmsle': 0.1010871396721315, 'loss': 1.2076441519605186}
[I 2024-09-20 15:22:45,110] Trial 95 finished with value: 1.2076441519605186 and parameters: {'learning_rate': 0.1363645186060556, 'reg_lambda': 7.290136742906347e-07, 'reg_alpha': 0.9214676475798773, 'subsample': 0.9081707030348687, 'colsample_bytree': 0.6936751528976599, 'max_depth': 3, 'early_stopping_rounds': 414, 'n_estimators': 7000}. Best is trial 95 with value: 1.2076441519605186.
INFO:     127.0.0.1:52088 - "GET /ui/is_model_training HTTP/1.1" 200 OK
INFO:     127.0.0.1:52087 - "GET /ui/accelerators HTTP/1.1" 200 OK
/Users/antoinelopez/Epitech/DIGITAL/DIGI 2/Victory Vision Analytics/pythonProject/.venv/lib/python3.12/site-packages/sklearn/metrics/_regression.py:492: FutureWarning: 'squared' is deprecated in version 1.4 and will be removed in 1.6. To calculate the root mean squared error, use the function'root_mean_squared_error'.
  warnings.warn(
/Users/antoinelopez/Epitech/DIGITAL/DIGI 2/Victory Vision Analytics/pythonProject/.venv/lib/python3.12/site-packages/sklearn/metrics/_regression.py:675: FutureWarning: 'squared' is deprecated in version 1.4 and will be removed in 1.6. To calculate the root mean squared logarithmic error, use the function'root_mean_squared_log_error'.
  warnings.warn(
INFO     | 2024-09-20 15:22:45 | __main__:optimize:122 - Metrics: {'r2': 0.94966721534729, 'mse': 1.5652739411631162, 'mae': 0.8210583587025487, 'rmse': 1.2511090844379302, 'rmsle': 0.11402896284266105, 'loss': 1.2511090844379302}
[I 2024-09-20 15:22:45,346] Trial 96 finished with value: 1.2511090844379302 and parameters: {'learning_rate': 0.14005513626246718, 'reg_lambda': 6.331827763239572e-07, 'reg_alpha': 0.7294917552800881, 'subsample': 0.9009458854457089, 'colsample_bytree': 0.680970892811526, 'max_depth': 3, 'early_stopping_rounds': 412, 'n_estimators': 7000}. Best is trial 95 with value: 1.2076441519605186.
/Users/antoinelopez/Epitech/DIGITAL/DIGI 2/Victory Vision Analytics/pythonProject/.venv/lib/python3.12/site-packages/sklearn/metrics/_regression.py:492: FutureWarning: 'squared' is deprecated in version 1.4 and will be removed in 1.6. To calculate the root mean squared error, use the function'root_mean_squared_error'.
  warnings.warn(
/Users/antoinelopez/Epitech/DIGITAL/DIGI 2/Victory Vision Analytics/pythonProject/.venv/lib/python3.12/site-packages/sklearn/metrics/_regression.py:675: FutureWarning: 'squared' is deprecated in version 1.4 and will be removed in 1.6. To calculate the root mean squared logarithmic error, use the function'root_mean_squared_log_error'.
  warnings.warn(
INFO     | 2024-09-20 15:22:45 | __main__:optimize:122 - Metrics: {'r2': 0.9448642730712891, 'mse': 1.7146368930076912, 'mae': 0.9309962020363919, 'rmse': 1.3094414431381387, 'rmsle': 0.12455048807239247, 'loss': 1.3094414431381387}
[I 2024-09-20 15:22:45,545] Trial 97 finished with value: 1.3094414431381387 and parameters: {'learning_rate': 0.22131162475421165, 'reg_lambda': 6.930768168521823e-07, 'reg_alpha': 0.896859527171272, 'subsample': 0.7944094611672049, 'colsample_bytree': 0.6972793684439882, 'max_depth': 3, 'early_stopping_rounds': 415, 'n_estimators': 7000}. Best is trial 95 with value: 1.2076441519605186.
/Users/antoinelopez/Epitech/DIGITAL/DIGI 2/Victory Vision Analytics/pythonProject/.venv/lib/python3.12/site-packages/sklearn/metrics/_regression.py:492: FutureWarning: 'squared' is deprecated in version 1.4 and will be removed in 1.6. To calculate the root mean squared error, use the function'root_mean_squared_error'.
  warnings.warn(
/Users/antoinelopez/Epitech/DIGITAL/DIGI 2/Victory Vision Analytics/pythonProject/.venv/lib/python3.12/site-packages/sklearn/metrics/_regression.py:675: FutureWarning: 'squared' is deprecated in version 1.4 and will be removed in 1.6. To calculate the root mean squared logarithmic error, use the function'root_mean_squared_log_error'.
  warnings.warn(
INFO     | 2024-09-20 15:22:45 | __main__:optimize:122 - Metrics: {'r2': 0.9492723941802979, 'mse': 1.5775506160314074, 'mae': 0.9138120140447173, 'rmse': 1.2560058184703633, 'rmsle': 0.13585742981380064, 'loss': 1.2560058184703633}
[I 2024-09-20 15:22:45,765] Trial 98 finished with value: 1.2560058184703633 and parameters: {'learning_rate': 0.1365049226637998, 'reg_lambda': 3.3510220713341036e-08, 'reg_alpha': 2.351837229488241, 'subsample': 0.6382824336974238, 'colsample_bytree': 0.6593601202393551, 'max_depth': 2, 'early_stopping_rounds': 412, 'n_estimators': 7000}. Best is trial 95 with value: 1.2076441519605186.
/Users/antoinelopez/Epitech/DIGITAL/DIGI 2/Victory Vision Analytics/pythonProject/.venv/lib/python3.12/site-packages/sklearn/metrics/_regression.py:492: FutureWarning: 'squared' is deprecated in version 1.4 and will be removed in 1.6. To calculate the root mean squared error, use the function'root_mean_squared_error'.
  warnings.warn(
/Users/antoinelopez/Epitech/DIGITAL/DIGI 2/Victory Vision Analytics/pythonProject/.venv/lib/python3.12/site-packages/sklearn/metrics/_regression.py:675: FutureWarning: 'squared' is deprecated in version 1.4 and will be removed in 1.6. To calculate the root mean squared logarithmic error, use the function'root_mean_squared_log_error'.
  warnings.warn(
INFO     | 2024-09-20 15:22:46 | __main__:optimize:122 - Metrics: {'r2': 0.9301618933677673, 'mse': 2.1718583199745987, 'mae': 1.1377249802267828, 'rmse': 1.473722606182927, 'rmsle': 0.18063376364126912, 'loss': 1.473722606182927}
[I 2024-09-20 15:22:46,053] Trial 99 finished with value: 1.473722606182927 and parameters: {'learning_rate': 0.1518696706976686, 'reg_lambda': 2.117363783608499e-08, 'reg_alpha': 7.257501471615605, 'subsample': 0.6240081671656619, 'colsample_bytree': 0.6373810972505027, 'max_depth': 1, 'early_stopping_rounds': 411, 'n_estimators': 7000}. Best is trial 95 with value: 1.2076441519605186.
/Users/antoinelopez/Epitech/DIGITAL/DIGI 2/Victory Vision Analytics/pythonProject/.venv/lib/python3.12/site-packages/sklearn/metrics/_regression.py:492: FutureWarning: 'squared' is deprecated in version 1.4 and will be removed in 1.6. To calculate the root mean squared error, use the function'root_mean_squared_error'.
  warnings.warn(
/Users/antoinelopez/Epitech/DIGITAL/DIGI 2/Victory Vision Analytics/pythonProject/.venv/lib/python3.12/site-packages/sklearn/metrics/_regression.py:675: FutureWarning: 'squared' is deprecated in version 1.4 and will be removed in 1.6. To calculate the root mean squared logarithmic error, use the function'root_mean_squared_log_error'.
  warnings.warn(
INFO     | 2024-09-20 15:22:46 | __main__:optimize:122 - Metrics: {'r2': 0.9428713917732239, 'mse': 1.7766121530467434, 'mae': 0.953950843145681, 'rmse': 1.3328961523865028, 'rmsle': 0.14472916142063266, 'loss': 1.3328961523865028}
[I 2024-09-20 15:22:46,294] Trial 100 finished with value: 1.3328961523865028 and parameters: {'learning_rate': 0.19488024251992528, 'reg_lambda': 9.953616829415436e-08, 'reg_alpha': 0.5177509270906938, 'subsample': 0.8416513775964378, 'colsample_bytree': 0.663685539961144, 'max_depth': 2, 'early_stopping_rounds': 390, 'n_estimators': 7000}. Best is trial 95 with value: 1.2076441519605186.
/Users/antoinelopez/Epitech/DIGITAL/DIGI 2/Victory Vision Analytics/pythonProject/.venv/lib/python3.12/site-packages/sklearn/metrics/_regression.py:492: FutureWarning: 'squared' is deprecated in version 1.4 and will be removed in 1.6. To calculate the root mean squared error, use the function'root_mean_squared_error'.
  warnings.warn(
/Users/antoinelopez/Epitech/DIGITAL/DIGI 2/Victory Vision Analytics/pythonProject/.venv/lib/python3.12/site-packages/sklearn/metrics/_regression.py:675: FutureWarning: 'squared' is deprecated in version 1.4 and will be removed in 1.6. To calculate the root mean squared logarithmic error, use the function'root_mean_squared_log_error'.
  warnings.warn(
INFO     | 2024-09-20 15:22:46 | __main__:optimize:122 - Metrics: {'r2': 0.9501801133155823, 'mse': 1.5493223807368173, 'mae': 0.8229550514110299, 'rmse': 1.2447177916045136, 'rmsle': 0.11156772484618994, 'loss': 1.2447177916045136}
[I 2024-09-20 15:22:46,550] Trial 101 finished with value: 1.2447177916045136 and parameters: {'learning_rate': 0.1377359836705799, 'reg_lambda': 4.104691887280745e-07, 'reg_alpha': 2.2617210622602877, 'subsample': 0.8934007931286596, 'colsample_bytree': 0.7122177901982061, 'max_depth': 3, 'early_stopping_rounds': 398, 'n_estimators': 7000}. Best is trial 95 with value: 1.2076441519605186.
/Users/antoinelopez/Epitech/DIGITAL/DIGI 2/Victory Vision Analytics/pythonProject/.venv/lib/python3.12/site-packages/sklearn/metrics/_regression.py:492: FutureWarning: 'squared' is deprecated in version 1.4 and will be removed in 1.6. To calculate the root mean squared error, use the function'root_mean_squared_error'.
  warnings.warn(
/Users/antoinelopez/Epitech/DIGITAL/DIGI 2/Victory Vision Analytics/pythonProject/.venv/lib/python3.12/site-packages/sklearn/metrics/_regression.py:675: FutureWarning: 'squared' is deprecated in version 1.4 and will be removed in 1.6. To calculate the root mean squared logarithmic error, use the function'root_mean_squared_log_error'.
  warnings.warn(
INFO     | 2024-09-20 15:22:46 | __main__:optimize:122 - Metrics: {'r2': 0.9460963010787964, 'mse': 1.676323516262486, 'mae': 0.8851707306019095, 'rmse': 1.2947291285293947, 'rmsle': 0.12123575577234035, 'loss': 1.2947291285293947}
