[I 2024-09-20 15:23:20,667] Trial 198 finished with value: 1.2396116220020876 and parameters: {'learning_rate': 0.10507526858177582, 'reg_lambda': 0.000722801967183739, 'reg_alpha': 0.00489009309904313, 'subsample': 0.860518718874173, 'colsample_bytree': 0.7364849724814655, 'max_depth': 4, 'early_stopping_rounds': 447, 'n_estimators': 7000}. Best is trial 196 with value: 1.1972142500528633.
/Users/antoinelopez/Epitech/DIGITAL/DIGI 2/Victory Vision Analytics/pythonProject/.venv/lib/python3.12/site-packages/sklearn/metrics/_regression.py:492: FutureWarning: 'squared' is deprecated in version 1.4 and will be removed in 1.6. To calculate the root mean squared error, use the function'root_mean_squared_error'.
  warnings.warn(
/Users/antoinelopez/Epitech/DIGITAL/DIGI 2/Victory Vision Analytics/pythonProject/.venv/lib/python3.12/site-packages/sklearn/metrics/_regression.py:675: FutureWarning: 'squared' is deprecated in version 1.4 and will be removed in 1.6. To calculate the root mean squared logarithmic error, use the function'root_mean_squared_log_error'.
  warnings.warn(
INFO     | 2024-09-20 15:23:20 | __main__:optimize:122 - Metrics: {'r2': 0.9476645588874817, 'mse': 1.6275519473048816, 'mae': 0.8925080088681953, 'rmse': 1.275755441808845, 'rmsle': 0.12242329615974944, 'loss': 1.275755441808845}
[I 2024-09-20 15:23:20,964] Trial 199 finished with value: 1.275755441808845 and parameters: {'learning_rate': 0.09180370114788917, 'reg_lambda': 0.0016076024771433724, 'reg_alpha': 0.026077677141427683, 'subsample': 0.799690318682421, 'colsample_bytree': 0.7201650804228997, 'max_depth': 4, 'early_stopping_rounds': 417, 'n_estimators': 7000}. Best is trial 196 with value: 1.1972142500528633.
/Users/antoinelopez/Epitech/DIGITAL/DIGI 2/Victory Vision Analytics/pythonProject/.venv/lib/python3.12/site-packages/sklearn/metrics/_regression.py:492: FutureWarning: 'squared' is deprecated in version 1.4 and will be removed in 1.6. To calculate the root mean squared error, use the function'root_mean_squared_error'.
  warnings.warn(
/Users/antoinelopez/Epitech/DIGITAL/DIGI 2/Victory Vision Analytics/pythonProject/.venv/lib/python3.12/site-packages/sklearn/metrics/_regression.py:675: FutureWarning: 'squared' is deprecated in version 1.4 and will be removed in 1.6. To calculate the root mean squared logarithmic error, use the function'root_mean_squared_log_error'.
  warnings.warn(
INFO     | 2024-09-20 15:23:21 | __main__:optimize:122 - Metrics: {'r2': 0.9471700191497803, 'mse': 1.6429329810969526, 'mae': 0.8394830064718113, 'rmse': 1.2817694726810094, 'rmsle': 0.10968556885101259, 'loss': 1.2817694726810094}
[I 2024-09-20 15:23:21,252] Trial 200 finished with value: 1.2817694726810094 and parameters: {'learning_rate': 0.12799425918944088, 'reg_lambda': 0.0012438931650242517, 'reg_alpha': 0.05032510262182711, 'subsample': 0.8244949399862466, 'colsample_bytree': 0.7664002498762696, 'max_depth': 4, 'early_stopping_rounds': 403, 'n_estimators': 7000}. Best is trial 196 with value: 1.1972142500528633.
/Users/antoinelopez/Epitech/DIGITAL/DIGI 2/Victory Vision Analytics/pythonProject/.venv/lib/python3.12/site-packages/sklearn/metrics/_regression.py:492: FutureWarning: 'squared' is deprecated in version 1.4 and will be removed in 1.6. To calculate the root mean squared error, use the function'root_mean_squared_error'.
  warnings.warn(
/Users/antoinelopez/Epitech/DIGITAL/DIGI 2/Victory Vision Analytics/pythonProject/.venv/lib/python3.12/site-packages/sklearn/metrics/_regression.py:675: FutureWarning: 'squared' is deprecated in version 1.4 and will be removed in 1.6. To calculate the root mean squared logarithmic error, use the function'root_mean_squared_log_error'.
  warnings.warn(
INFO     | 2024-09-20 15:23:21 | __main__:optimize:122 - Metrics: {'r2': 0.9542295932769775, 'mse': 1.4233907128698509, 'mae': 0.7910562310107919, 'rmse': 1.1930593920127577, 'rmsle': 0.11454496980333226, 'loss': 1.1930593920127577}
[I 2024-09-20 15:23:21,605] Trial 201 finished with value: 1.1930593920127577 and parameters: {'learning_rate': 0.11949804481513052, 'reg_lambda': 0.009017802124421893, 'reg_alpha': 0.2290219764798462, 'subsample': 0.882350343549369, 'colsample_bytree': 0.6823657812340755, 'max_depth': 4, 'early_stopping_rounds': 424, 'n_estimators': 7000}. Best is trial 201 with value: 1.1930593920127577.
/Users/antoinelopez/Epitech/DIGITAL/DIGI 2/Victory Vision Analytics/pythonProject/.venv/lib/python3.12/site-packages/sklearn/metrics/_regression.py:492: FutureWarning: 'squared' is deprecated in version 1.4 and will be removed in 1.6. To calculate the root mean squared error, use the function'root_mean_squared_error'.
  warnings.warn(
/Users/antoinelopez/Epitech/DIGITAL/DIGI 2/Victory Vision Analytics/pythonProject/.venv/lib/python3.12/site-packages/sklearn/metrics/_regression.py:675: FutureWarning: 'squared' is deprecated in version 1.4 and will be removed in 1.6. To calculate the root mean squared logarithmic error, use the function'root_mean_squared_log_error'.
  warnings.warn(
INFO     | 2024-09-20 15:23:21 | __main__:optimize:122 - Metrics: {'r2': 0.9538846611976624, 'mse': 1.4341175782043096, 'mae': 0.8045843512512917, 'rmse': 1.1975464826904674, 'rmsle': 0.11097719978052753, 'loss': 1.1975464826904674}
[I 2024-09-20 15:23:21,902] Trial 202 finished with value: 1.1975464826904674 and parameters: {'learning_rate': 0.11793526521883249, 'reg_lambda': 0.002931757992606828, 'reg_alpha': 0.11482070801922137, 'subsample': 0.8841966189979613, 'colsample_bytree': 0.6930985863748986, 'max_depth': 4, 'early_stopping_rounds': 422, 'n_estimators': 7000}. Best is trial 201 with value: 1.1930593920127577.
/Users/antoinelopez/Epitech/DIGITAL/DIGI 2/Victory Vision Analytics/pythonProject/.venv/lib/python3.12/site-packages/sklearn/metrics/_regression.py:492: FutureWarning: 'squared' is deprecated in version 1.4 and will be removed in 1.6. To calculate the root mean squared error, use the function'root_mean_squared_error'.
  warnings.warn(
/Users/antoinelopez/Epitech/DIGITAL/DIGI 2/Victory Vision Analytics/pythonProject/.venv/lib/python3.12/site-packages/sklearn/metrics/_regression.py:675: FutureWarning: 'squared' is deprecated in version 1.4 and will be removed in 1.6. To calculate the root mean squared logarithmic error, use the function'root_mean_squared_log_error'.
  warnings.warn(
INFO     | 2024-09-20 15:23:22 | __main__:optimize:122 - Metrics: {'r2': 0.9516358375549316, 'mse': 1.5040511839155906, 'mae': 0.8288154006004333, 'rmse': 1.2263976451035734, 'rmsle': 0.12321625145988972, 'loss': 1.2263976451035734}
[I 2024-09-20 15:23:22,306] Trial 203 finished with value: 1.2263976451035734 and parameters: {'learning_rate': 0.1167410977707752, 'reg_lambda': 0.00734439649944132, 'reg_alpha': 0.07822324407826205, 'subsample': 0.896215726278472, 'colsample_bytree': 0.7251344667605482, 'max_depth': 4, 'early_stopping_rounds': 422, 'n_estimators': 7000}. Best is trial 201 with value: 1.1930593920127577.
/Users/antoinelopez/Epitech/DIGITAL/DIGI 2/Victory Vision Analytics/pythonProject/.venv/lib/python3.12/site-packages/sklearn/metrics/_regression.py:492: FutureWarning: 'squared' is deprecated in version 1.4 and will be removed in 1.6. To calculate the root mean squared error, use the function'root_mean_squared_error'.
  warnings.warn(
/Users/antoinelopez/Epitech/DIGITAL/DIGI 2/Victory Vision Analytics/pythonProject/.venv/lib/python3.12/site-packages/sklearn/metrics/_regression.py:675: FutureWarning: 'squared' is deprecated in version 1.4 and will be removed in 1.6. To calculate the root mean squared logarithmic error, use the function'root_mean_squared_log_error'.
  warnings.warn(
INFO     | 2024-09-20 15:23:22 | __main__:optimize:122 - Metrics: {'r2': 0.9526752829551697, 'mse': 1.471726794149383, 'mae': 0.8171208951362344, 'rmse': 1.2131474741965145, 'rmsle': 0.11331584674888699, 'loss': 1.2131474741965145}
[I 2024-09-20 15:23:22,594] Trial 204 finished with value: 1.2131474741965145 and parameters: {'learning_rate': 0.10752205764981317, 'reg_lambda': 0.002911038462251462, 'reg_alpha': 0.0033837367158797956, 'subsample': 0.8756024437315024, 'colsample_bytree': 0.7072591884057541, 'max_depth': 4, 'early_stopping_rounds': 411, 'n_estimators': 7000}. Best is trial 201 with value: 1.1930593920127577.
/Users/antoinelopez/Epitech/DIGITAL/DIGI 2/Victory Vision Analytics/pythonProject/.venv/lib/python3.12/site-packages/sklearn/metrics/_regression.py:492: FutureWarning: 'squared' is deprecated in version 1.4 and will be removed in 1.6. To calculate the root mean squared error, use the function'root_mean_squared_error'.
  warnings.warn(
/Users/antoinelopez/Epitech/DIGITAL/DIGI 2/Victory Vision Analytics/pythonProject/.venv/lib/python3.12/site-packages/sklearn/metrics/_regression.py:675: FutureWarning: 'squared' is deprecated in version 1.4 and will be removed in 1.6. To calculate the root mean squared logarithmic error, use the function'root_mean_squared_log_error'.
  warnings.warn(
INFO     | 2024-09-20 15:23:22 | __main__:optimize:122 - Metrics: {'r2': 0.949177086353302, 'mse': 1.5805153809064592, 'mae': 0.8125404018302297, 'rmse': 1.2571854997996355, 'rmsle': 0.109507203057541, 'loss': 1.2571854997996355}
[I 2024-09-20 15:23:22,891] Trial 205 finished with value: 1.2571854997996355 and parameters: {'learning_rate': 0.10894813965428143, 'reg_lambda': 0.002595017512747467, 'reg_alpha': 0.0019590425286008083, 'subsample': 0.8447708692210447, 'colsample_bytree': 0.7134705727763874, 'max_depth': 4, 'early_stopping_rounds': 414, 'n_estimators': 7000}. Best is trial 201 with value: 1.1930593920127577.
/Users/antoinelopez/Epitech/DIGITAL/DIGI 2/Victory Vision Analytics/pythonProject/.venv/lib/python3.12/site-packages/sklearn/metrics/_regression.py:492: FutureWarning: 'squared' is deprecated in version 1.4 and will be removed in 1.6. To calculate the root mean squared error, use the function'root_mean_squared_error'.
  warnings.warn(
/Users/antoinelopez/Epitech/DIGITAL/DIGI 2/Victory Vision Analytics/pythonProject/.venv/lib/python3.12/site-packages/sklearn/metrics/_regression.py:675: FutureWarning: 'squared' is deprecated in version 1.4 and will be removed in 1.6. To calculate the root mean squared logarithmic error, use the function'root_mean_squared_log_error'.
  warnings.warn(
INFO     | 2024-09-20 15:23:23 | __main__:optimize:122 - Metrics: {'r2': 0.950998067855835, 'mse': 1.5238864657559528, 'mae': 0.8449016094207764, 'rmse': 1.2344579643535671, 'rmsle': 0.1261529071209267, 'loss': 1.2344579643535671}
[I 2024-09-20 15:23:23,191] Trial 206 finished with value: 1.2344579643535671 and parameters: {'learning_rate': 0.12240046197832556, 'reg_lambda': 0.007046311828872948, 'reg_alpha': 0.008689098342431313, 'subsample': 0.894556989710826, 'colsample_bytree': 0.7456441411889636, 'max_depth': 4, 'early_stopping_rounds': 408, 'n_estimators': 7000}. Best is trial 201 with value: 1.1930593920127577.
/Users/antoinelopez/Epitech/DIGITAL/DIGI 2/Victory Vision Analytics/pythonProject/.venv/lib/python3.12/site-packages/sklearn/metrics/_regression.py:492: FutureWarning: 'squared' is deprecated in version 1.4 and will be removed in 1.6. To calculate the root mean squared error, use the function'root_mean_squared_error'.
  warnings.warn(
/Users/antoinelopez/Epitech/DIGITAL/DIGI 2/Victory Vision Analytics/pythonProject/.venv/lib/python3.12/site-packages/sklearn/metrics/_regression.py:675: FutureWarning: 'squared' is deprecated in version 1.4 and will be removed in 1.6. To calculate the root mean squared logarithmic error, use the function'root_mean_squared_log_error'.
  warnings.warn(
INFO     | 2024-09-20 15:23:23 | __main__:optimize:122 - Metrics: {'r2': 0.9545329213142395, 'mse': 1.4139578762664065, 'mae': 0.7837815894636997, 'rmse': 1.189099607377955, 'rmsle': 0.1092172711804917, 'loss': 1.189099607377955}
[I 2024-09-20 15:23:23,478] Trial 207 finished with value: 1.189099607377955 and parameters: {'learning_rate': 0.11413324981130193, 'reg_lambda': 0.015079347945196402, 'reg_alpha': 0.0029254860575782587, 'subsample': 0.8585256595742177, 'colsample_bytree': 0.6894577913266036, 'max_depth': 4, 'early_stopping_rounds': 420, 'n_estimators': 7000}. Best is trial 207 with value: 1.189099607377955.
/Users/antoinelopez/Epitech/DIGITAL/DIGI 2/Victory Vision Analytics/pythonProject/.venv/lib/python3.12/site-packages/sklearn/metrics/_regression.py:492: FutureWarning: 'squared' is deprecated in version 1.4 and will be removed in 1.6. To calculate the root mean squared error, use the function'root_mean_squared_error'.
  warnings.warn(
/Users/antoinelopez/Epitech/DIGITAL/DIGI 2/Victory Vision Analytics/pythonProject/.venv/lib/python3.12/site-packages/sklearn/metrics/_regression.py:675: FutureWarning: 'squared' is deprecated in version 1.4 and will be removed in 1.6. To calculate the root mean squared logarithmic error, use the function'root_mean_squared_log_error'.
  warnings.warn(
INFO     | 2024-09-20 15:23:23 | __main__:optimize:122 - Metrics: {'r2': 0.9449156522750854, 'mse': 1.713040044162622, 'mae': 0.8510292094807292, 'rmse': 1.3088315568332778, 'rmsle': 0.12071109607800495, 'loss': 1.3088315568332778}
[I 2024-09-20 15:23:23,923] Trial 208 finished with value: 1.3088315568332778 and parameters: {'learning_rate': 0.1056283917800986, 'reg_lambda': 0.021228360681551803, 'reg_alpha': 0.0027120208409425963, 'subsample': 0.8553495810516346, 'colsample_bytree': 0.6884826232676061, 'max_depth': 5, 'early_stopping_rounds': 398, 'n_estimators': 7000}. Best is trial 207 with value: 1.189099607377955.
/Users/antoinelopez/Epitech/DIGITAL/DIGI 2/Victory Vision Analytics/pythonProject/.venv/lib/python3.12/site-packages/sklearn/metrics/_regression.py:492: FutureWarning: 'squared' is deprecated in version 1.4 and will be removed in 1.6. To calculate the root mean squared error, use the function'root_mean_squared_error'.
  warnings.warn(
/Users/antoinelopez/Epitech/DIGITAL/DIGI 2/Victory Vision Analytics/pythonProject/.venv/lib/python3.12/site-packages/sklearn/metrics/_regression.py:675: FutureWarning: 'squared' is deprecated in version 1.4 and will be removed in 1.6. To calculate the root mean squared logarithmic error, use the function'root_mean_squared_log_error'.
  warnings.warn(
INFO     | 2024-09-20 15:23:24 | __main__:optimize:122 - Metrics: {'r2': 0.9507411122322083, 'mse': 1.5318761049181011, 'mae': 0.8145489068225372, 'rmse': 1.2376898258118232, 'rmsle': 0.11364049777137541, 'loss': 1.2376898258118232}
[I 2024-09-20 15:23:24,233] Trial 209 finished with value: 1.2376898258118232 and parameters: {'learning_rate': 0.12044300706217052, 'reg_lambda': 0.015132471994912926, 'reg_alpha': 0.003372750530170869, 'subsample': 0.8323976945562821, 'colsample_bytree': 0.7023224313239816, 'max_depth': 4, 'early_stopping_rounds': 419, 'n_estimators': 7000}. Best is trial 207 with value: 1.189099607377955.
/Users/antoinelopez/Epitech/DIGITAL/DIGI 2/Victory Vision Analytics/pythonProject/.venv/lib/python3.12/site-packages/sklearn/metrics/_regression.py:492: FutureWarning: 'squared' is deprecated in version 1.4 and will be removed in 1.6. To calculate the root mean squared error, use the function'root_mean_squared_error'.
  warnings.warn(
/Users/antoinelopez/Epitech/DIGITAL/DIGI 2/Victory Vision Analytics/pythonProject/.venv/lib/python3.12/site-packages/sklearn/metrics/_regression.py:675: FutureWarning: 'squared' is deprecated in version 1.4 and will be removed in 1.6. To calculate the root mean squared logarithmic error, use the function'root_mean_squared_log_error'.
  warnings.warn(
INFO     | 2024-09-20 15:23:24 | __main__:optimize:122 - Metrics: {'r2': 0.9526909589767456, 'mse': 1.4712399152050206, 'mae': 0.8137563515541165, 'rmse': 1.2129467899314548, 'rmsle': 0.11687197349704731, 'loss': 1.2129467899314548}
[I 2024-09-20 15:23:24,501] Trial 210 finished with value: 1.2129467899314548 and parameters: {'learning_rate': 0.12974312653944853, 'reg_lambda': 0.010075595838934507, 'reg_alpha': 0.0012470032213313293, 'subsample': 0.9172956423837746, 'colsample_bytree': 0.6739201857512612, 'max_depth': 4, 'early_stopping_rounds': 410, 'n_estimators': 7000}. Best is trial 207 with value: 1.189099607377955.
/Users/antoinelopez/Epitech/DIGITAL/DIGI 2/Victory Vision Analytics/pythonProject/.venv/lib/python3.12/site-packages/sklearn/metrics/_regression.py:492: FutureWarning: 'squared' is deprecated in version 1.4 and will be removed in 1.6. To calculate the root mean squared error, use the function'root_mean_squared_error'.
  warnings.warn(
/Users/antoinelopez/Epitech/DIGITAL/DIGI 2/Victory Vision Analytics/pythonProject/.venv/lib/python3.12/site-packages/sklearn/metrics/_regression.py:675: FutureWarning: 'squared' is deprecated in version 1.4 and will be removed in 1.6. To calculate the root mean squared logarithmic error, use the function'root_mean_squared_log_error'.
  warnings.warn(
INFO     | 2024-09-20 15:23:24 | __main__:optimize:122 - Metrics: {'r2': 0.9519330263137817, 'mse': 1.4948104563770288, 'mae': 0.8290974528290505, 'rmse': 1.222624413455346, 'rmsle': 0.11535008411806369, 'loss': 1.222624413455346}
[I 2024-09-20 15:23:24,796] Trial 211 finished with value: 1.222624413455346 and parameters: {'learning_rate': 0.1283633080921405, 'reg_lambda': 0.11030703935188041, 'reg_alpha': 0.000486866749109399, 'subsample': 0.9156955267615597, 'colsample_bytree': 0.6773537745273086, 'max_depth': 4, 'early_stopping_rounds': 410, 'n_estimators': 7000}. Best is trial 207 with value: 1.189099607377955.
/Users/antoinelopez/Epitech/DIGITAL/DIGI 2/Victory Vision Analytics/pythonProject/.venv/lib/python3.12/site-packages/sklearn/metrics/_regression.py:492: FutureWarning: 'squared' is deprecated in version 1.4 and will be removed in 1.6. To calculate the root mean squared error, use the function'root_mean_squared_error'.
  warnings.warn(
/Users/antoinelopez/Epitech/DIGITAL/DIGI 2/Victory Vision Analytics/pythonProject/.venv/lib/python3.12/site-packages/sklearn/metrics/_regression.py:675: FutureWarning: 'squared' is deprecated in version 1.4 and will be removed in 1.6. To calculate the root mean squared logarithmic error, use the function'root_mean_squared_log_error'.
  warnings.warn(
INFO     | 2024-09-20 15:23:25 | __main__:optimize:122 - Metrics: {'r2': 0.9491575956344604, 'mse': 1.5811207875287046, 'mae': 0.8247955623061158, 'rmse': 1.2574262553043436, 'rmsle': 0.1202023796593834, 'loss': 1.2574262553043436}
[I 2024-09-20 15:23:25,100] Trial 212 finished with value: 1.2574262553043436 and parameters: {'learning_rate': 0.11460586190171114, 'reg_lambda': 0.004762858964933783, 'reg_alpha': 0.004458122992022159, 'subsample': 0.8964540321954048, 'colsample_bytree': 0.6838351600507564, 'max_depth': 4, 'early_stopping_rounds': 425, 'n_estimators': 7000}. Best is trial 207 with value: 1.189099607377955.
/Users/antoinelopez/Epitech/DIGITAL/DIGI 2/Victory Vision Analytics/pythonProject/.venv/lib/python3.12/site-packages/sklearn/metrics/_regression.py:492: FutureWarning: 'squared' is deprecated in version 1.4 and will be removed in 1.6. To calculate the root mean squared error, use the function'root_mean_squared_error'.
  warnings.warn(
/Users/antoinelopez/Epitech/DIGITAL/DIGI 2/Victory Vision Analytics/pythonProject/.venv/lib/python3.12/site-packages/sklearn/metrics/_regression.py:675: FutureWarning: 'squared' is deprecated in version 1.4 and will be removed in 1.6. To calculate the root mean squared logarithmic error, use the function'root_mean_squared_log_error'.
  warnings.warn(
INFO     | 2024-09-20 15:23:25 | __main__:optimize:122 - Metrics: {'r2': 0.9524911642074585, 'mse': 1.4774530303018638, 'mae': 0.8082195866939633, 'rmse': 1.2155052572086489, 'rmsle': 0.1156027094506, 'loss': 1.2155052572086489}
[I 2024-09-20 15:23:25,362] Trial 213 finished with value: 1.2155052572086489 and parameters: {'learning_rate': 0.12875321748058283, 'reg_lambda': 0.01391975776280081, 'reg_alpha': 0.0016298970069918064, 'subsample': 0.86849941545287, 'colsample_bytree': 0.7034770890378625, 'max_depth': 4, 'early_stopping_rounds': 405, 'n_estimators': 7000}. Best is trial 207 with value: 1.189099607377955.
/Users/antoinelopez/Epitech/DIGITAL/DIGI 2/Victory Vision Analytics/pythonProject/.venv/lib/python3.12/site-packages/sklearn/metrics/_regression.py:492: FutureWarning: 'squared' is deprecated in version 1.4 and will be removed in 1.6. To calculate the root mean squared error, use the function'root_mean_squared_error'.
  warnings.warn(
/Users/antoinelopez/Epitech/DIGITAL/DIGI 2/Victory Vision Analytics/pythonProject/.venv/lib/python3.12/site-packages/sklearn/metrics/_regression.py:675: FutureWarning: 'squared' is deprecated in version 1.4 and will be removed in 1.6. To calculate the root mean squared logarithmic error, use the function'root_mean_squared_log_error'.
  warnings.warn(
INFO     | 2024-09-20 15:23:25 | __main__:optimize:122 - Metrics: {'r2': 0.9524427652359009, 'mse': 1.478957139932714, 'mae': 0.8008682586425959, 'rmse': 1.2161238176817004, 'rmsle': 0.11626542528142582, 'loss': 1.2161238176817004}
