[I 2024-09-20 15:23:54,048] Trial 310 finished with value: 1.269990041659308 and parameters: {'learning_rate': 0.15903237049224211, 'reg_lambda': 0.07133571830725499, 'reg_alpha': 0.0028816132471601885, 'subsample': 0.827168021088866, 'colsample_bytree': 0.6078495267322033, 'max_depth': 4, 'early_stopping_rounds': 388, 'n_estimators': 7000}. Best is trial 207 with value: 1.189099607377955.
/Users/antoinelopez/Epitech/DIGITAL/DIGI 2/Victory Vision Analytics/pythonProject/.venv/lib/python3.12/site-packages/sklearn/metrics/_regression.py:492: FutureWarning: 'squared' is deprecated in version 1.4 and will be removed in 1.6. To calculate the root mean squared error, use the function'root_mean_squared_error'.
  warnings.warn(
/Users/antoinelopez/Epitech/DIGITAL/DIGI 2/Victory Vision Analytics/pythonProject/.venv/lib/python3.12/site-packages/sklearn/metrics/_regression.py:675: FutureWarning: 'squared' is deprecated in version 1.4 and will be removed in 1.6. To calculate the root mean squared logarithmic error, use the function'root_mean_squared_log_error'.
  warnings.warn(
INFO     | 2024-09-20 15:23:54 | __main__:optimize:122 - Metrics: {'r2': 0.9278405904769897, 'mse': 2.2440486158498034, 'mae': 1.1154252853504447, 'rmse': 1.4980148917316554, 'rmsle': 0.18492509786347194, 'loss': 1.4980148917316554}
[I 2024-09-20 15:23:54,644] Trial 311 finished with value: 1.4980148917316554 and parameters: {'learning_rate': 0.12477129927855649, 'reg_lambda': 0.00528058058944537, 'reg_alpha': 0.08702203825504148, 'subsample': 0.9014352219083019, 'colsample_bytree': 0.752101943335724, 'max_depth': 9, 'early_stopping_rounds': 301, 'n_estimators': 7000}. Best is trial 207 with value: 1.189099607377955.
/Users/antoinelopez/Epitech/DIGITAL/DIGI 2/Victory Vision Analytics/pythonProject/.venv/lib/python3.12/site-packages/sklearn/metrics/_regression.py:492: FutureWarning: 'squared' is deprecated in version 1.4 and will be removed in 1.6. To calculate the root mean squared error, use the function'root_mean_squared_error'.
  warnings.warn(
/Users/antoinelopez/Epitech/DIGITAL/DIGI 2/Victory Vision Analytics/pythonProject/.venv/lib/python3.12/site-packages/sklearn/metrics/_regression.py:675: FutureWarning: 'squared' is deprecated in version 1.4 and will be removed in 1.6. To calculate the root mean squared logarithmic error, use the function'root_mean_squared_log_error'.
  warnings.warn(
INFO     | 2024-09-20 15:23:54 | __main__:optimize:122 - Metrics: {'r2': 0.9243940114974976, 'mse': 2.351230608466701, 'mae': 1.22231900054355, 'rmse': 1.5333722993672154, 'rmsle': 0.19692483289101115, 'loss': 1.5333722993672154}
[I 2024-09-20 15:23:54,968] Trial 312 finished with value: 1.5333722993672154 and parameters: {'learning_rate': 0.11805827013453994, 'reg_lambda': 0.0006628992271101889, 'reg_alpha': 0.18775167470449391, 'subsample': 0.8650651312230907, 'colsample_bytree': 0.7070381018655125, 'max_depth': 1, 'early_stopping_rounds': 457, 'n_estimators': 7000}. Best is trial 207 with value: 1.189099607377955.
/Users/antoinelopez/Epitech/DIGITAL/DIGI 2/Victory Vision Analytics/pythonProject/.venv/lib/python3.12/site-packages/sklearn/metrics/_regression.py:492: FutureWarning: 'squared' is deprecated in version 1.4 and will be removed in 1.6. To calculate the root mean squared error, use the function'root_mean_squared_error'.
  warnings.warn(
/Users/antoinelopez/Epitech/DIGITAL/DIGI 2/Victory Vision Analytics/pythonProject/.venv/lib/python3.12/site-packages/sklearn/metrics/_regression.py:675: FutureWarning: 'squared' is deprecated in version 1.4 and will be removed in 1.6. To calculate the root mean squared logarithmic error, use the function'root_mean_squared_log_error'.
  warnings.warn(
INFO     | 2024-09-20 15:23:55 | __main__:optimize:122 - Metrics: {'r2': 0.9507635831832886, 'mse': 1.5311769225116525, 'mae': 0.8258287327234135, 'rmse': 1.237407338959832, 'rmsle': 0.11183636907038563, 'loss': 1.237407338959832}
[I 2024-09-20 15:23:55,207] Trial 313 finished with value: 1.237407338959832 and parameters: {'learning_rate': 0.10369514124868875, 'reg_lambda': 0.0022338016991081356, 'reg_alpha': 0.005348292472134251, 'subsample': 0.8468128253332629, 'colsample_bytree': 0.6602729343768311, 'max_depth': 4, 'early_stopping_rounds': 250, 'n_estimators': 7000}. Best is trial 207 with value: 1.189099607377955.
/Users/antoinelopez/Epitech/DIGITAL/DIGI 2/Victory Vision Analytics/pythonProject/.venv/lib/python3.12/site-packages/sklearn/metrics/_regression.py:492: FutureWarning: 'squared' is deprecated in version 1.4 and will be removed in 1.6. To calculate the root mean squared error, use the function'root_mean_squared_error'.
  warnings.warn(
/Users/antoinelopez/Epitech/DIGITAL/DIGI 2/Victory Vision Analytics/pythonProject/.venv/lib/python3.12/site-packages/sklearn/metrics/_regression.py:675: FutureWarning: 'squared' is deprecated in version 1.4 and will be removed in 1.6. To calculate the root mean squared logarithmic error, use the function'root_mean_squared_log_error'.
  warnings.warn(
INFO     | 2024-09-20 15:23:55 | __main__:optimize:122 - Metrics: {'r2': 0.9471955895423889, 'mse': 1.6421361163650978, 'mae': 0.8984592964136323, 'rmse': 1.2814585894070467, 'rmsle': 0.14637261536994328, 'loss': 1.2814585894070467}
[I 2024-09-20 15:23:55,690] Trial 314 finished with value: 1.2814585894070467 and parameters: {'learning_rate': 0.11086721374810313, 'reg_lambda': 0.23479318063698926, 'reg_alpha': 0.000232358171995904, 'subsample': 0.8786098697588463, 'colsample_bytree': 0.6214910876699246, 'max_depth': 5, 'early_stopping_rounds': 440, 'n_estimators': 7000}. Best is trial 207 with value: 1.189099607377955.
/Users/antoinelopez/Epitech/DIGITAL/DIGI 2/Victory Vision Analytics/pythonProject/.venv/lib/python3.12/site-packages/sklearn/metrics/_regression.py:492: FutureWarning: 'squared' is deprecated in version 1.4 and will be removed in 1.6. To calculate the root mean squared error, use the function'root_mean_squared_error'.
  warnings.warn(
/Users/antoinelopez/Epitech/DIGITAL/DIGI 2/Victory Vision Analytics/pythonProject/.venv/lib/python3.12/site-packages/sklearn/metrics/_regression.py:675: FutureWarning: 'squared' is deprecated in version 1.4 and will be removed in 1.6. To calculate the root mean squared logarithmic error, use the function'root_mean_squared_log_error'.
  warnings.warn(
INFO     | 2024-09-20 15:23:55 | __main__:optimize:122 - Metrics: {'r2': 0.9450500011444092, 'mse': 1.7088619396372136, 'mae': 0.8317536643771238, 'rmse': 1.3072344623812568, 'rmsle': 0.10590647214903674, 'loss': 1.3072344623812568}
[I 2024-09-20 15:23:55,975] Trial 315 finished with value: 1.3072344623812568 and parameters: {'learning_rate': 0.13691975422704258, 'reg_lambda': 0.001478465369502461, 'reg_alpha': 0.0004520433013879361, 'subsample': 0.6054311337526901, 'colsample_bytree': 0.7819081870194863, 'max_depth': 4, 'early_stopping_rounds': 477, 'n_estimators': 7000}. Best is trial 207 with value: 1.189099607377955.
/Users/antoinelopez/Epitech/DIGITAL/DIGI 2/Victory Vision Analytics/pythonProject/.venv/lib/python3.12/site-packages/sklearn/metrics/_regression.py:492: FutureWarning: 'squared' is deprecated in version 1.4 and will be removed in 1.6. To calculate the root mean squared error, use the function'root_mean_squared_error'.
  warnings.warn(
/Users/antoinelopez/Epitech/DIGITAL/DIGI 2/Victory Vision Analytics/pythonProject/.venv/lib/python3.12/site-packages/sklearn/metrics/_regression.py:675: FutureWarning: 'squared' is deprecated in version 1.4 and will be removed in 1.6. To calculate the root mean squared logarithmic error, use the function'root_mean_squared_log_error'.
  warnings.warn(
INFO     | 2024-09-20 15:23:56 | __main__:optimize:122 - Metrics: {'r2': 0.9336366653442383, 'mse': 2.063798961319724, 'mae': 1.0323118806924931, 'rmse': 1.4365928307351823, 'rmsle': 0.1497931699003226, 'loss': 1.4365928307351823}
[I 2024-09-20 15:23:56,252] Trial 316 finished with value: 1.4365928307351823 and parameters: {'learning_rate': 0.1500831609759389, 'reg_lambda': 0.0034003776744746072, 'reg_alpha': 0.2661881881428901, 'subsample': 0.15449839240534868, 'colsample_bytree': 0.6730419366557306, 'max_depth': 4, 'early_stopping_rounds': 431, 'n_estimators': 15000}. Best is trial 207 with value: 1.189099607377955.
/Users/antoinelopez/Epitech/DIGITAL/DIGI 2/Victory Vision Analytics/pythonProject/.venv/lib/python3.12/site-packages/sklearn/metrics/_regression.py:492: FutureWarning: 'squared' is deprecated in version 1.4 and will be removed in 1.6. To calculate the root mean squared error, use the function'root_mean_squared_error'.
  warnings.warn(
/Users/antoinelopez/Epitech/DIGITAL/DIGI 2/Victory Vision Analytics/pythonProject/.venv/lib/python3.12/site-packages/sklearn/metrics/_regression.py:675: FutureWarning: 'squared' is deprecated in version 1.4 and will be removed in 1.6. To calculate the root mean squared logarithmic error, use the function'root_mean_squared_log_error'.
  warnings.warn(
INFO     | 2024-09-20 15:23:56 | __main__:optimize:122 - Metrics: {'r2': 0.92973792552948, 'mse': 2.185043251606587, 'mae': 1.1150745653828908, 'rmse': 1.478189179911214, 'rmsle': 0.154993486224843, 'loss': 1.478189179911214}
[I 2024-09-20 15:23:56,663] Trial 317 finished with value: 1.478189179911214 and parameters: {'learning_rate': 0.03372891985290634, 'reg_lambda': 0.0009607855592856636, 'reg_alpha': 0.0013000166533923374, 'subsample': 0.9047952403362449, 'colsample_bytree': 0.7309715391569822, 'max_depth': 4, 'early_stopping_rounds': 447, 'n_estimators': 7000}. Best is trial 207 with value: 1.189099607377955.
/Users/antoinelopez/Epitech/DIGITAL/DIGI 2/Victory Vision Analytics/pythonProject/.venv/lib/python3.12/site-packages/sklearn/metrics/_regression.py:492: FutureWarning: 'squared' is deprecated in version 1.4 and will be removed in 1.6. To calculate the root mean squared error, use the function'root_mean_squared_error'.
  warnings.warn(
/Users/antoinelopez/Epitech/DIGITAL/DIGI 2/Victory Vision Analytics/pythonProject/.venv/lib/python3.12/site-packages/sklearn/metrics/_regression.py:675: FutureWarning: 'squared' is deprecated in version 1.4 and will be removed in 1.6. To calculate the root mean squared logarithmic error, use the function'root_mean_squared_log_error'.
  warnings.warn(
INFO     | 2024-09-20 15:23:56 | __main__:optimize:122 - Metrics: {'r2': 0.9524853229522705, 'mse': 1.477634233602125, 'mae': 0.7966399567071781, 'rmse': 1.2155797931860026, 'rmsle': 0.10999903049097284, 'loss': 1.2155797931860026}
[I 2024-09-20 15:23:56,945] Trial 318 finished with value: 1.2155797931860026 and parameters: {'learning_rate': 0.12601430616233508, 'reg_lambda': 1.484082311216878, 'reg_alpha': 0.0872618998968594, 'subsample': 0.892506156770691, 'colsample_bytree': 0.6911189312554598, 'max_depth': 4, 'early_stopping_rounds': 400, 'n_estimators': 7000}. Best is trial 207 with value: 1.189099607377955.
/Users/antoinelopez/Epitech/DIGITAL/DIGI 2/Victory Vision Analytics/pythonProject/.venv/lib/python3.12/site-packages/sklearn/metrics/_regression.py:492: FutureWarning: 'squared' is deprecated in version 1.4 and will be removed in 1.6. To calculate the root mean squared error, use the function'root_mean_squared_error'.
  warnings.warn(
/Users/antoinelopez/Epitech/DIGITAL/DIGI 2/Victory Vision Analytics/pythonProject/.venv/lib/python3.12/site-packages/sklearn/metrics/_regression.py:675: FutureWarning: 'squared' is deprecated in version 1.4 and will be removed in 1.6. To calculate the root mean squared logarithmic error, use the function'root_mean_squared_log_error'.
  warnings.warn(
INFO     | 2024-09-20 15:23:57 | __main__:optimize:122 - Metrics: {'r2': 0.9471906423568726, 'mse': 1.6422913476321712, 'mae': 0.9111721737440243, 'rmse': 1.281519156170586, 'rmsle': 0.12833963300981055, 'loss': 1.281519156170586}
[I 2024-09-20 15:23:57,157] Trial 319 finished with value: 1.281519156170586 and parameters: {'learning_rate': 0.11709517258742924, 'reg_lambda': 0.02759850093699702, 'reg_alpha': 0.003247185301879451, 'subsample': 0.8680827907290471, 'colsample_bytree': 0.6390758689496424, 'max_depth': 3, 'early_stopping_rounds': 263, 'n_estimators': 7000}. Best is trial 207 with value: 1.189099607377955.
/Users/antoinelopez/Epitech/DIGITAL/DIGI 2/Victory Vision Analytics/pythonProject/.venv/lib/python3.12/site-packages/sklearn/metrics/_regression.py:492: FutureWarning: 'squared' is deprecated in version 1.4 and will be removed in 1.6. To calculate the root mean squared error, use the function'root_mean_squared_error'.
  warnings.warn(
/Users/antoinelopez/Epitech/DIGITAL/DIGI 2/Victory Vision Analytics/pythonProject/.venv/lib/python3.12/site-packages/sklearn/metrics/_regression.py:675: FutureWarning: 'squared' is deprecated in version 1.4 and will be removed in 1.6. To calculate the root mean squared logarithmic error, use the function'root_mean_squared_log_error'.
  warnings.warn(
INFO     | 2024-09-20 15:23:57 | __main__:optimize:122 - Metrics: {'r2': 0.9519969820976257, 'mse': 1.4928208237334364, 'mae': 0.7995059361291487, 'rmse': 1.2218104696447138, 'rmsle': 0.11211112731163442, 'loss': 1.2218104696447138}
[I 2024-09-20 15:23:57,519] Trial 320 finished with value: 1.2218104696447138 and parameters: {'learning_rate': 0.10781674365188652, 'reg_lambda': 0.48411200850896136, 'reg_alpha': 8.275648971364942e-07, 'subsample': 0.9259750949998301, 'colsample_bytree': 0.7140401381917236, 'max_depth': 4, 'early_stopping_rounds': 426, 'n_estimators': 7000}. Best is trial 207 with value: 1.189099607377955.
/Users/antoinelopez/Epitech/DIGITAL/DIGI 2/Victory Vision Analytics/pythonProject/.venv/lib/python3.12/site-packages/sklearn/metrics/_regression.py:492: FutureWarning: 'squared' is deprecated in version 1.4 and will be removed in 1.6. To calculate the root mean squared error, use the function'root_mean_squared_error'.
  warnings.warn(
/Users/antoinelopez/Epitech/DIGITAL/DIGI 2/Victory Vision Analytics/pythonProject/.venv/lib/python3.12/site-packages/sklearn/metrics/_regression.py:675: FutureWarning: 'squared' is deprecated in version 1.4 and will be removed in 1.6. To calculate the root mean squared logarithmic error, use the function'root_mean_squared_log_error'.
  warnings.warn(
INFO     | 2024-09-20 15:23:57 | __main__:optimize:122 - Metrics: {'r2': 0.9514847993850708, 'mse': 1.50874911746379, 'mae': 0.8134996853595556, 'rmse': 1.228311490406155, 'rmsle': 0.11013965596352554, 'loss': 1.228311490406155}
[I 2024-09-20 15:23:57,825] Trial 321 finished with value: 1.228311490406155 and parameters: {'learning_rate': 0.13158869786608626, 'reg_lambda': 0.011804076044171892, 'reg_alpha': 4.417711858615029e-06, 'subsample': 0.8422291086218775, 'colsample_bytree': 0.6578693632692099, 'max_depth': 4, 'early_stopping_rounds': 435, 'n_estimators': 7000}. Best is trial 207 with value: 1.189099607377955.
/Users/antoinelopez/Epitech/DIGITAL/DIGI 2/Victory Vision Analytics/pythonProject/.venv/lib/python3.12/site-packages/sklearn/metrics/_regression.py:492: FutureWarning: 'squared' is deprecated in version 1.4 and will be removed in 1.6. To calculate the root mean squared error, use the function'root_mean_squared_error'.
  warnings.warn(
/Users/antoinelopez/Epitech/DIGITAL/DIGI 2/Victory Vision Analytics/pythonProject/.venv/lib/python3.12/site-packages/sklearn/metrics/_regression.py:675: FutureWarning: 'squared' is deprecated in version 1.4 and will be removed in 1.6. To calculate the root mean squared logarithmic error, use the function'root_mean_squared_log_error'.
  warnings.warn(
INFO     | 2024-09-20 15:23:58 | __main__:optimize:122 - Metrics: {'r2': 0.9453297257423401, 'mse': 1.7001615348420784, 'mae': 0.8595752707747526, 'rmse': 1.3039024253532465, 'rmsle': 0.10562492210850595, 'loss': 1.3039024253532465}
[I 2024-09-20 15:23:58,056] Trial 322 finished with value: 1.3039024253532465 and parameters: {'learning_rate': 0.1446101687283477, 'reg_lambda': 0.00027677356045149057, 'reg_alpha': 1.0412003490039941e-07, 'subsample': 0.7271352151483288, 'colsample_bytree': 0.7656544969776683, 'max_depth': 3, 'early_stopping_rounds': 418, 'n_estimators': 7000}. Best is trial 207 with value: 1.189099607377955.
/Users/antoinelopez/Epitech/DIGITAL/DIGI 2/Victory Vision Analytics/pythonProject/.venv/lib/python3.12/site-packages/sklearn/metrics/_regression.py:492: FutureWarning: 'squared' is deprecated in version 1.4 and will be removed in 1.6. To calculate the root mean squared error, use the function'root_mean_squared_error'.
  warnings.warn(
/Users/antoinelopez/Epitech/DIGITAL/DIGI 2/Victory Vision Analytics/pythonProject/.venv/lib/python3.12/site-packages/sklearn/metrics/_regression.py:675: FutureWarning: 'squared' is deprecated in version 1.4 and will be removed in 1.6. To calculate the root mean squared logarithmic error, use the function'root_mean_squared_log_error'.
  warnings.warn(
INFO     | 2024-09-20 15:23:58 | __main__:optimize:122 - Metrics: {'r2': 0.9462945461273193, 'mse': 1.6701578761564464, 'mae': 0.882884194961814, 'rmse': 1.2923458810072659, 'rmsle': 0.12395607537286596, 'loss': 1.2923458810072659}
[I 2024-09-20 15:23:58,350] Trial 323 finished with value: 1.2923458810072659 and parameters: {'learning_rate': 0.11982484664041944, 'reg_lambda': 0.0059713100488034965, 'reg_alpha': 0.0007060598261848334, 'subsample': 0.6877736952488558, 'colsample_bytree': 0.6781198901180068, 'max_depth': 4, 'early_stopping_rounds': 442, 'n_estimators': 7000}. Best is trial 207 with value: 1.189099607377955.
/Users/antoinelopez/Epitech/DIGITAL/DIGI 2/Victory Vision Analytics/pythonProject/.venv/lib/python3.12/site-packages/sklearn/metrics/_regression.py:492: FutureWarning: 'squared' is deprecated in version 1.4 and will be removed in 1.6. To calculate the root mean squared error, use the function'root_mean_squared_error'.
  warnings.warn(
/Users/antoinelopez/Epitech/DIGITAL/DIGI 2/Victory Vision Analytics/pythonProject/.venv/lib/python3.12/site-packages/sklearn/metrics/_regression.py:675: FutureWarning: 'squared' is deprecated in version 1.4 and will be removed in 1.6. To calculate the root mean squared logarithmic error, use the function'root_mean_squared_log_error'.
  warnings.warn(
INFO     | 2024-09-20 15:23:58 | __main__:optimize:122 - Metrics: {'r2': 0.9507361054420471, 'mse': 1.5320325627860494, 'mae': 0.8225879816121833, 'rmse': 1.2377530298028154, 'rmsle': 0.1140479223083039, 'loss': 1.2377530298028154}
[I 2024-09-20 15:23:58,543] Trial 324 finished with value: 1.2377530298028154 and parameters: {'learning_rate': 0.12757007109986757, 'reg_lambda': 0.00048805238050395343, 'reg_alpha': 0.7385137464702525, 'subsample': 0.7960730468646108, 'colsample_bytree': 0.6988534575158629, 'max_depth': 4, 'early_stopping_rounds': 237, 'n_estimators': 7000}. Best is trial 207 with value: 1.189099607377955.
/Users/antoinelopez/Epitech/DIGITAL/DIGI 2/Victory Vision Analytics/pythonProject/.venv/lib/python3.12/site-packages/sklearn/metrics/_regression.py:492: FutureWarning: 'squared' is deprecated in version 1.4 and will be removed in 1.6. To calculate the root mean squared error, use the function'root_mean_squared_error'.
  warnings.warn(
/Users/antoinelopez/Epitech/DIGITAL/DIGI 2/Victory Vision Analytics/pythonProject/.venv/lib/python3.12/site-packages/sklearn/metrics/_regression.py:675: FutureWarning: 'squared' is deprecated in version 1.4 and will be removed in 1.6. To calculate the root mean squared logarithmic error, use the function'root_mean_squared_log_error'.
  warnings.warn(
INFO     | 2024-09-20 15:23:58 | __main__:optimize:122 - Metrics: {'r2': 0.9532440900802612, 'mse': 1.4540369824052997, 'mae': 0.8154591005901958, 'rmse': 1.2058345584719736, 'rmsle': 0.11685344183366521, 'loss': 1.2058345584719736}
[I 2024-09-20 15:23:58,915] Trial 325 finished with value: 1.2058345584719736 and parameters: {'learning_rate': 0.11227476809590065, 'reg_lambda': 0.15916487610446686, 'reg_alpha': 0.18435447527147475, 'subsample': 0.8834628233383492, 'colsample_bytree': 0.7342437079601902, 'max_depth': 4, 'early_stopping_rounds': 393, 'n_estimators': 7000}. Best is trial 207 with value: 1.189099607377955.
/Users/antoinelopez/Epitech/DIGITAL/DIGI 2/Victory Vision Analytics/pythonProject/.venv/lib/python3.12/site-packages/sklearn/metrics/_regression.py:492: FutureWarning: 'squared' is deprecated in version 1.4 and will be removed in 1.6. To calculate the root mean squared error, use the function'root_mean_squared_error'.
  warnings.warn(
/Users/antoinelopez/Epitech/DIGITAL/DIGI 2/Victory Vision Analytics/pythonProject/.venv/lib/python3.12/site-packages/sklearn/metrics/_regression.py:675: FutureWarning: 'squared' is deprecated in version 1.4 and will be removed in 1.6. To calculate the root mean squared logarithmic error, use the function'root_mean_squared_log_error'.
  warnings.warn(
INFO     | 2024-09-20 15:23:59 | __main__:optimize:122 - Metrics: {'r2': 0.9370277523994446, 'mse': 1.9583404213673798, 'mae': 1.0319879396017209, 'rmse': 1.3994071678276412, 'rmsle': 0.16598904871814693, 'loss': 1.3994071678276412}
