[I 2024-09-20 15:23:14,442] Trial 182 finished with value: 1.212092111208545 and parameters: {'learning_rate': 0.11711520236633567, 'reg_lambda': 0.0009592294676628054, 'reg_alpha': 0.10008622584714362, 'subsample': 0.8789679290084615, 'colsample_bytree': 0.6851993614880917, 'max_depth': 4, 'early_stopping_rounds': 407, 'n_estimators': 7000}. Best is trial 175 with value: 1.1987701319189907.
/Users/antoinelopez/Epitech/DIGITAL/DIGI 2/Victory Vision Analytics/pythonProject/.venv/lib/python3.12/site-packages/sklearn/metrics/_regression.py:492: FutureWarning: 'squared' is deprecated in version 1.4 and will be removed in 1.6. To calculate the root mean squared error, use the function'root_mean_squared_error'.
  warnings.warn(
/Users/antoinelopez/Epitech/DIGITAL/DIGI 2/Victory Vision Analytics/pythonProject/.venv/lib/python3.12/site-packages/sklearn/metrics/_regression.py:675: FutureWarning: 'squared' is deprecated in version 1.4 and will be removed in 1.6. To calculate the root mean squared logarithmic error, use the function'root_mean_squared_log_error'.
  warnings.warn(
INFO     | 2024-09-20 15:23:14 | __main__:optimize:122 - Metrics: {'r2': 0.949736475944519, 'mse': 1.5631189645139034, 'mae': 0.8281859871953032, 'rmse': 1.2502475612909243, 'rmsle': 0.11977303311495861, 'loss': 1.2502475612909243}
[I 2024-09-20 15:23:14,727] Trial 183 finished with value: 1.2502475612909243 and parameters: {'learning_rate': 0.10401775084798003, 'reg_lambda': 0.00035818442301758716, 'reg_alpha': 0.10043289233805426, 'subsample': 0.8539738187272043, 'colsample_bytree': 0.6904860929748955, 'max_depth': 4, 'early_stopping_rounds': 410, 'n_estimators': 7000}. Best is trial 175 with value: 1.1987701319189907.
/Users/antoinelopez/Epitech/DIGITAL/DIGI 2/Victory Vision Analytics/pythonProject/.venv/lib/python3.12/site-packages/sklearn/metrics/_regression.py:492: FutureWarning: 'squared' is deprecated in version 1.4 and will be removed in 1.6. To calculate the root mean squared error, use the function'root_mean_squared_error'.
  warnings.warn(
/Users/antoinelopez/Epitech/DIGITAL/DIGI 2/Victory Vision Analytics/pythonProject/.venv/lib/python3.12/site-packages/sklearn/metrics/_regression.py:675: FutureWarning: 'squared' is deprecated in version 1.4 and will be removed in 1.6. To calculate the root mean squared logarithmic error, use the function'root_mean_squared_log_error'.
  warnings.warn(
INFO     | 2024-09-20 15:23:15 | __main__:optimize:122 - Metrics: {'r2': 0.9531381726264954, 'mse': 1.4573317162445691, 'mae': 0.8157923242380453, 'rmse': 1.2071999487427794, 'rmsle': 0.11524363384266186, 'loss': 1.2071999487427794}
[I 2024-09-20 15:23:15,148] Trial 184 finished with value: 1.2071999487427794 and parameters: {'learning_rate': 0.1193295340097981, 'reg_lambda': 0.000974534818392721, 'reg_alpha': 0.0514566593842824, 'subsample': 0.885868621920882, 'colsample_bytree': 0.7105638054817562, 'max_depth': 4, 'early_stopping_rounds': 424, 'n_estimators': 7000}. Best is trial 175 with value: 1.1987701319189907.
/Users/antoinelopez/Epitech/DIGITAL/DIGI 2/Victory Vision Analytics/pythonProject/.venv/lib/python3.12/site-packages/sklearn/metrics/_regression.py:492: FutureWarning: 'squared' is deprecated in version 1.4 and will be removed in 1.6. To calculate the root mean squared error, use the function'root_mean_squared_error'.
  warnings.warn(
/Users/antoinelopez/Epitech/DIGITAL/DIGI 2/Victory Vision Analytics/pythonProject/.venv/lib/python3.12/site-packages/sklearn/metrics/_regression.py:675: FutureWarning: 'squared' is deprecated in version 1.4 and will be removed in 1.6. To calculate the root mean squared logarithmic error, use the function'root_mean_squared_log_error'.
  warnings.warn(
INFO     | 2024-09-20 15:23:15 | __main__:optimize:122 - Metrics: {'r2': 0.9527137875556946, 'mse': 1.4705285764010314, 'mae': 0.8111743786307268, 'rmse': 1.2126535269404164, 'rmsle': 0.11740968326639017, 'loss': 1.2126535269404164}
[I 2024-09-20 15:23:15,511] Trial 185 finished with value: 1.2126535269404164 and parameters: {'learning_rate': 0.11826796239375843, 'reg_lambda': 0.001308944646011041, 'reg_alpha': 0.027791883027287186, 'subsample': 0.8829918453095811, 'colsample_bytree': 0.7045986140543432, 'max_depth': 4, 'early_stopping_rounds': 421, 'n_estimators': 7000}. Best is trial 175 with value: 1.1987701319189907.
/Users/antoinelopez/Epitech/DIGITAL/DIGI 2/Victory Vision Analytics/pythonProject/.venv/lib/python3.12/site-packages/sklearn/metrics/_regression.py:492: FutureWarning: 'squared' is deprecated in version 1.4 and will be removed in 1.6. To calculate the root mean squared error, use the function'root_mean_squared_error'.
  warnings.warn(
/Users/antoinelopez/Epitech/DIGITAL/DIGI 2/Victory Vision Analytics/pythonProject/.venv/lib/python3.12/site-packages/sklearn/metrics/_regression.py:675: FutureWarning: 'squared' is deprecated in version 1.4 and will be removed in 1.6. To calculate the root mean squared logarithmic error, use the function'root_mean_squared_log_error'.
  warnings.warn(
INFO     | 2024-09-20 15:23:15 | __main__:optimize:122 - Metrics: {'r2': 0.9515450596809387, 'mse': 1.5068745595126614, 'mae': 0.8197750975919325, 'rmse': 1.2275481903015708, 'rmsle': 0.11690379815105095, 'loss': 1.2275481903015708}
[I 2024-09-20 15:23:15,788] Trial 186 finished with value: 1.2275481903015708 and parameters: {'learning_rate': 0.12250973793554243, 'reg_lambda': 0.000780360780393676, 'reg_alpha': 0.019543194851200606, 'subsample': 0.8842585095339153, 'colsample_bytree': 0.711621568380734, 'max_depth': 4, 'early_stopping_rounds': 406, 'n_estimators': 7000}. Best is trial 175 with value: 1.1987701319189907.
/Users/antoinelopez/Epitech/DIGITAL/DIGI 2/Victory Vision Analytics/pythonProject/.venv/lib/python3.12/site-packages/sklearn/metrics/_regression.py:492: FutureWarning: 'squared' is deprecated in version 1.4 and will be removed in 1.6. To calculate the root mean squared error, use the function'root_mean_squared_error'.
  warnings.warn(
/Users/antoinelopez/Epitech/DIGITAL/DIGI 2/Victory Vision Analytics/pythonProject/.venv/lib/python3.12/site-packages/sklearn/metrics/_regression.py:675: FutureWarning: 'squared' is deprecated in version 1.4 and will be removed in 1.6. To calculate the root mean squared logarithmic error, use the function'root_mean_squared_log_error'.
  warnings.warn(
INFO     | 2024-09-20 15:23:16 | __main__:optimize:122 - Metrics: {'r2': 0.9509658217430115, 'mse': 1.5248875622458735, 'mae': 0.798686534443567, 'rmse': 1.2348633779677303, 'rmsle': 0.11074317304132172, 'loss': 1.2348633779677303}
[I 2024-09-20 15:23:16,069] Trial 187 finished with value: 1.2348633779677303 and parameters: {'learning_rate': 0.11654151961622715, 'reg_lambda': 0.0012406228701639832, 'reg_alpha': 0.03613763285416819, 'subsample': 0.8597835438125858, 'colsample_bytree': 0.7381710879282617, 'max_depth': 4, 'early_stopping_rounds': 423, 'n_estimators': 7000}. Best is trial 175 with value: 1.1987701319189907.
/Users/antoinelopez/Epitech/DIGITAL/DIGI 2/Victory Vision Analytics/pythonProject/.venv/lib/python3.12/site-packages/sklearn/metrics/_regression.py:492: FutureWarning: 'squared' is deprecated in version 1.4 and will be removed in 1.6. To calculate the root mean squared error, use the function'root_mean_squared_error'.
  warnings.warn(
/Users/antoinelopez/Epitech/DIGITAL/DIGI 2/Victory Vision Analytics/pythonProject/.venv/lib/python3.12/site-packages/sklearn/metrics/_regression.py:675: FutureWarning: 'squared' is deprecated in version 1.4 and will be removed in 1.6. To calculate the root mean squared logarithmic error, use the function'root_mean_squared_log_error'.
  warnings.warn(
INFO     | 2024-09-20 15:23:16 | __main__:optimize:122 - Metrics: {'r2': 0.9509932994842529, 'mse': 1.524033554161091, 'mae': 0.8332173426483953, 'rmse': 1.2345175390253031, 'rmsle': 0.11048553926236641, 'loss': 1.2345175390253031}
[I 2024-09-20 15:23:16,336] Trial 188 finished with value: 1.2345175390253031 and parameters: {'learning_rate': 0.13101187582235915, 'reg_lambda': 0.0013889691689104862, 'reg_alpha': 0.04145443245613861, 'subsample': 0.8192887763556892, 'colsample_bytree': 0.7097144578668281, 'max_depth': 4, 'early_stopping_rounds': 404, 'n_estimators': 7000}. Best is trial 175 with value: 1.1987701319189907.
/Users/antoinelopez/Epitech/DIGITAL/DIGI 2/Victory Vision Analytics/pythonProject/.venv/lib/python3.12/site-packages/sklearn/metrics/_regression.py:492: FutureWarning: 'squared' is deprecated in version 1.4 and will be removed in 1.6. To calculate the root mean squared error, use the function'root_mean_squared_error'.
  warnings.warn(
/Users/antoinelopez/Epitech/DIGITAL/DIGI 2/Victory Vision Analytics/pythonProject/.venv/lib/python3.12/site-packages/sklearn/metrics/_regression.py:675: FutureWarning: 'squared' is deprecated in version 1.4 and will be removed in 1.6. To calculate the root mean squared logarithmic error, use the function'root_mean_squared_log_error'.
  warnings.warn(
INFO     | 2024-09-20 15:23:16 | __main__:optimize:122 - Metrics: {'r2': 0.9475589990615845, 'mse': 1.6308360725972104, 'mae': 0.8237228831579518, 'rmse': 1.2770419228033238, 'rmsle': 0.11739617435054865, 'loss': 1.2770419228033238}
[I 2024-09-20 15:23:16,738] Trial 189 finished with value: 1.2770419228033238 and parameters: {'learning_rate': 0.11687722419886971, 'reg_lambda': 0.00022114394707003663, 'reg_alpha': 0.025925024248517316, 'subsample': 0.8418655531613312, 'colsample_bytree': 0.6948051559024312, 'max_depth': 5, 'early_stopping_rounds': 441, 'n_estimators': 7000}. Best is trial 175 with value: 1.1987701319189907.
/Users/antoinelopez/Epitech/DIGITAL/DIGI 2/Victory Vision Analytics/pythonProject/.venv/lib/python3.12/site-packages/sklearn/metrics/_regression.py:492: FutureWarning: 'squared' is deprecated in version 1.4 and will be removed in 1.6. To calculate the root mean squared error, use the function'root_mean_squared_error'.
  warnings.warn(
/Users/antoinelopez/Epitech/DIGITAL/DIGI 2/Victory Vision Analytics/pythonProject/.venv/lib/python3.12/site-packages/sklearn/metrics/_regression.py:675: FutureWarning: 'squared' is deprecated in version 1.4 and will be removed in 1.6. To calculate the root mean squared logarithmic error, use the function'root_mean_squared_log_error'.
  warnings.warn(
INFO     | 2024-09-20 15:23:17 | __main__:optimize:122 - Metrics: {'r2': 0.9527212381362915, 'mse': 1.4702975791485282, 'mae': 0.8150829853706582, 'rmse': 1.2125582786606706, 'rmsle': 0.12279694679259459, 'loss': 1.2125582786606706}
[I 2024-09-20 15:23:17,058] Trial 190 finished with value: 1.2125582786606706 and parameters: {'learning_rate': 0.1082420512870658, 'reg_lambda': 0.004335712446276088, 'reg_alpha': 0.05284484720232304, 'subsample': 0.8788618611506714, 'colsample_bytree': 0.7599884011046786, 'max_depth': 4, 'early_stopping_rounds': 411, 'n_estimators': 7000}. Best is trial 175 with value: 1.1987701319189907.
/Users/antoinelopez/Epitech/DIGITAL/DIGI 2/Victory Vision Analytics/pythonProject/.venv/lib/python3.12/site-packages/sklearn/metrics/_regression.py:492: FutureWarning: 'squared' is deprecated in version 1.4 and will be removed in 1.6. To calculate the root mean squared error, use the function'root_mean_squared_error'.
  warnings.warn(
/Users/antoinelopez/Epitech/DIGITAL/DIGI 2/Victory Vision Analytics/pythonProject/.venv/lib/python3.12/site-packages/sklearn/metrics/_regression.py:675: FutureWarning: 'squared' is deprecated in version 1.4 and will be removed in 1.6. To calculate the root mean squared logarithmic error, use the function'root_mean_squared_log_error'.
  warnings.warn(
INFO     | 2024-09-20 15:23:17 | __main__:optimize:122 - Metrics: {'r2': 0.9510579705238342, 'mse': 1.5220222524851903, 'mae': 0.8462763019772463, 'rmse': 1.2337026596733875, 'rmsle': 0.12071452825857626, 'loss': 1.2337026596733875}
[I 2024-09-20 15:23:17,360] Trial 191 finished with value: 1.2337026596733875 and parameters: {'learning_rate': 0.10878766832311024, 'reg_lambda': 0.0045357004260461724, 'reg_alpha': 0.060153438091823115, 'subsample': 0.8813134128675422, 'colsample_bytree': 0.7597025514833036, 'max_depth': 4, 'early_stopping_rounds': 411, 'n_estimators': 7000}. Best is trial 175 with value: 1.1987701319189907.
/Users/antoinelopez/Epitech/DIGITAL/DIGI 2/Victory Vision Analytics/pythonProject/.venv/lib/python3.12/site-packages/sklearn/metrics/_regression.py:492: FutureWarning: 'squared' is deprecated in version 1.4 and will be removed in 1.6. To calculate the root mean squared error, use the function'root_mean_squared_error'.
  warnings.warn(
/Users/antoinelopez/Epitech/DIGITAL/DIGI 2/Victory Vision Analytics/pythonProject/.venv/lib/python3.12/site-packages/sklearn/metrics/_regression.py:675: FutureWarning: 'squared' is deprecated in version 1.4 and will be removed in 1.6. To calculate the root mean squared logarithmic error, use the function'root_mean_squared_log_error'.
  warnings.warn(
INFO     | 2024-09-20 15:23:17 | __main__:optimize:122 - Metrics: {'r2': 0.9507918953895569, 'mse': 1.5302972196112299, 'mae': 0.8155528580033502, 'rmse': 1.2370518257580116, 'rmsle': 0.12158233944053704, 'loss': 1.2370518257580116}
[I 2024-09-20 15:23:17,651] Trial 192 finished with value: 1.2370518257580116 and parameters: {'learning_rate': 0.1244462878722907, 'reg_lambda': 0.00045633941944950746, 'reg_alpha': 0.15259797021285107, 'subsample': 0.8684970659683476, 'colsample_bytree': 0.7249795341251023, 'max_depth': 4, 'early_stopping_rounds': 424, 'n_estimators': 7000}. Best is trial 175 with value: 1.1987701319189907.
/Users/antoinelopez/Epitech/DIGITAL/DIGI 2/Victory Vision Analytics/pythonProject/.venv/lib/python3.12/site-packages/sklearn/metrics/_regression.py:492: FutureWarning: 'squared' is deprecated in version 1.4 and will be removed in 1.6. To calculate the root mean squared error, use the function'root_mean_squared_error'.
  warnings.warn(
/Users/antoinelopez/Epitech/DIGITAL/DIGI 2/Victory Vision Analytics/pythonProject/.venv/lib/python3.12/site-packages/sklearn/metrics/_regression.py:675: FutureWarning: 'squared' is deprecated in version 1.4 and will be removed in 1.6. To calculate the root mean squared logarithmic error, use the function'root_mean_squared_log_error'.
  warnings.warn(
INFO     | 2024-09-20 15:23:17 | __main__:optimize:122 - Metrics: {'r2': 0.9497058391571045, 'mse': 1.5640715557748577, 'mae': 0.784319446530453, 'rmse': 1.250628464322981, 'rmsle': 0.1064558871116739, 'loss': 1.250628464322981}
[I 2024-09-20 15:23:17,938] Trial 193 finished with value: 1.250628464322981 and parameters: {'learning_rate': 0.11342380293205324, 'reg_lambda': 0.0032829989447961945, 'reg_alpha': 0.01291434893354808, 'subsample': 0.8877593508017152, 'colsample_bytree': 0.7790958391393668, 'max_depth': 4, 'early_stopping_rounds': 412, 'n_estimators': 7000}. Best is trial 175 with value: 1.1987701319189907.
/Users/antoinelopez/Epitech/DIGITAL/DIGI 2/Victory Vision Analytics/pythonProject/.venv/lib/python3.12/site-packages/sklearn/metrics/_regression.py:492: FutureWarning: 'squared' is deprecated in version 1.4 and will be removed in 1.6. To calculate the root mean squared error, use the function'root_mean_squared_error'.
  warnings.warn(
/Users/antoinelopez/Epitech/DIGITAL/DIGI 2/Victory Vision Analytics/pythonProject/.venv/lib/python3.12/site-packages/sklearn/metrics/_regression.py:675: FutureWarning: 'squared' is deprecated in version 1.4 and will be removed in 1.6. To calculate the root mean squared logarithmic error, use the function'root_mean_squared_log_error'.
  warnings.warn(
INFO     | 2024-09-20 15:23:18 | __main__:optimize:122 - Metrics: {'r2': 0.9492644667625427, 'mse': 1.5777974451277377, 'mae': 0.9087114499751912, 'rmse': 1.2561040741625424, 'rmsle': 0.13513324738666863, 'loss': 1.2561040741625424}
[I 2024-09-20 15:23:18,221] Trial 194 finished with value: 1.2561040741625424 and parameters: {'learning_rate': 0.1402795346752847, 'reg_lambda': 0.023905412654830163, 'reg_alpha': 0.05206280948982714, 'subsample': 0.8443450859989096, 'colsample_bytree': 0.7006487878892911, 'max_depth': 4, 'early_stopping_rounds': 428, 'n_estimators': 7000}. Best is trial 175 with value: 1.1987701319189907.
/Users/antoinelopez/Epitech/DIGITAL/DIGI 2/Victory Vision Analytics/pythonProject/.venv/lib/python3.12/site-packages/sklearn/metrics/_regression.py:492: FutureWarning: 'squared' is deprecated in version 1.4 and will be removed in 1.6. To calculate the root mean squared error, use the function'root_mean_squared_error'.
  warnings.warn(
/Users/antoinelopez/Epitech/DIGITAL/DIGI 2/Victory Vision Analytics/pythonProject/.venv/lib/python3.12/site-packages/sklearn/metrics/_regression.py:675: FutureWarning: 'squared' is deprecated in version 1.4 and will be removed in 1.6. To calculate the root mean squared logarithmic error, use the function'root_mean_squared_log_error'.
  warnings.warn(
INFO     | 2024-09-20 15:23:19 | __main__:optimize:122 - Metrics: {'r2': 0.9215064644813538, 'mse': 2.441030024019666, 'mae': 1.2311039641846058, 'rmse': 1.5623796030477568, 'rmsle': 0.2406773520259563, 'loss': 1.5623796030477568}
[I 2024-09-20 15:23:19,706] Trial 195 finished with value: 1.5623796030477568 and parameters: {'learning_rate': 0.13292752837028787, 'reg_lambda': 0.0005226118413208049, 'reg_alpha': 0.09876105375222251, 'subsample': 0.8675839997727328, 'colsample_bytree': 0.17490749809968775, 'max_depth': 4, 'early_stopping_rounds': 397, 'n_estimators': 7000}. Best is trial 175 with value: 1.1987701319189907.
/Users/antoinelopez/Epitech/DIGITAL/DIGI 2/Victory Vision Analytics/pythonProject/.venv/lib/python3.12/site-packages/sklearn/metrics/_regression.py:492: FutureWarning: 'squared' is deprecated in version 1.4 and will be removed in 1.6. To calculate the root mean squared error, use the function'root_mean_squared_error'.
  warnings.warn(
/Users/antoinelopez/Epitech/DIGITAL/DIGI 2/Victory Vision Analytics/pythonProject/.venv/lib/python3.12/site-packages/sklearn/metrics/_regression.py:675: FutureWarning: 'squared' is deprecated in version 1.4 and will be removed in 1.6. To calculate the root mean squared logarithmic error, use the function'root_mean_squared_log_error'.
  warnings.warn(
INFO     | 2024-09-20 15:23:20 | __main__:optimize:122 - Metrics: {'r2': 0.953910231590271, 'mse': 1.43332196052964, 'mae': 0.8026682568150897, 'rmse': 1.1972142500528633, 'rmsle': 0.11478022757440667, 'loss': 1.1972142500528633}
[I 2024-09-20 15:23:20,008] Trial 196 finished with value: 1.1972142500528633 and parameters: {'learning_rate': 0.10701766793821098, 'reg_lambda': 0.002008175128565696, 'reg_alpha': 0.004999696339027739, 'subsample': 0.8868838888391694, 'colsample_bytree': 0.7415541862318272, 'max_depth': 4, 'early_stopping_rounds': 438, 'n_estimators': 7000}. Best is trial 196 with value: 1.1972142500528633.
/Users/antoinelopez/Epitech/DIGITAL/DIGI 2/Victory Vision Analytics/pythonProject/.venv/lib/python3.12/site-packages/sklearn/metrics/_regression.py:492: FutureWarning: 'squared' is deprecated in version 1.4 and will be removed in 1.6. To calculate the root mean squared error, use the function'root_mean_squared_error'.
  warnings.warn(
/Users/antoinelopez/Epitech/DIGITAL/DIGI 2/Victory Vision Analytics/pythonProject/.venv/lib/python3.12/site-packages/sklearn/metrics/_regression.py:675: FutureWarning: 'squared' is deprecated in version 1.4 and will be removed in 1.6. To calculate the root mean squared logarithmic error, use the function'root_mean_squared_log_error'.
  warnings.warn(
INFO     | 2024-09-20 15:23:20 | __main__:optimize:122 - Metrics: {'r2': 0.948670506477356, 'mse': 1.596269268843105, 'mae': 0.8592874636483747, 'rmse': 1.2634355024468424, 'rmsle': 0.12274128861608818, 'loss': 1.2634355024468424}
[I 2024-09-20 15:23:20,327] Trial 197 finished with value: 1.2634355024468424 and parameters: {'learning_rate': 0.10904553835200441, 'reg_lambda': 0.0019090085161241556, 'reg_alpha': 0.001284604893642182, 'subsample': 0.8915876720804832, 'colsample_bytree': 0.7516572190175572, 'max_depth': 4, 'early_stopping_rounds': 437, 'n_estimators': 7000}. Best is trial 196 with value: 1.1972142500528633.
/Users/antoinelopez/Epitech/DIGITAL/DIGI 2/Victory Vision Analytics/pythonProject/.venv/lib/python3.12/site-packages/sklearn/metrics/_regression.py:492: FutureWarning: 'squared' is deprecated in version 1.4 and will be removed in 1.6. To calculate the root mean squared error, use the function'root_mean_squared_error'.
  warnings.warn(
/Users/antoinelopez/Epitech/DIGITAL/DIGI 2/Victory Vision Analytics/pythonProject/.venv/lib/python3.12/site-packages/sklearn/metrics/_regression.py:675: FutureWarning: 'squared' is deprecated in version 1.4 and will be removed in 1.6. To calculate the root mean squared logarithmic error, use the function'root_mean_squared_log_error'.
  warnings.warn(
INFO     | 2024-09-20 15:23:20 | __main__:optimize:122 - Metrics: {'r2': 0.950588047504425, 'mse': 1.5366369734026468, 'mae': 0.8516522675059562, 'rmse': 1.2396116220020876, 'rmsle': 0.11627674223995813, 'loss': 1.2396116220020876}
