Your installed package `nvidia-ml-py` is corrupted. Skip patch functions `nvmlDeviceGet{Compute,Graphics,MPSCompute}RunningProcesses`. You may get incorrect or incomplete results. Please consider reinstall package `nvidia-ml-py` via `pip3 install --force-reinstall nvidia-ml-py nvitop`.
Your installed package `nvidia-ml-py` is corrupted. Skip patch functions `nvmlDeviceGetMemoryInfo`. You may get incorrect or incomplete results. Please consider reinstall package `nvidia-ml-py` via `pip3 install --force-reinstall nvidia-ml-py nvitop`.
INFO     | 2024-09-20 15:19:24 | autotrain.app.ui_routes:<module>:32 - Starting AutoTrain...
INFO     | 2024-09-20 15:19:32 | autotrain.app.ui_routes:<module>:298 - AutoTrain started successfully
INFO     | 2024-09-20 15:19:32 | autotrain.app.app:<module>:13 - Starting AutoTrain...
INFO     | 2024-09-20 15:19:32 | autotrain.app.app:<module>:23 - AutoTrain version: 0.8.19
INFO     | 2024-09-20 15:19:32 | autotrain.app.app:<module>:24 - AutoTrain started successfully
INFO:     Started server process [65127]
INFO:     Waiting for application startup.
INFO:     Application startup complete.
INFO:     Uvicorn running on http://127.0.0.1:8082 (Press CTRL+C to quit)
INFO:     127.0.0.1:51915 - "GET /ui/is_model_training HTTP/1.1" 200 OK
INFO:     127.0.0.1:51917 - "GET /ui/accelerators HTTP/1.1" 200 OK
INFO:     127.0.0.1:51918 - "GET /ui/is_model_training HTTP/1.1" 200 OK
INFO     | 2024-09-20 15:19:41 | autotrain.app.ui_routes:handle_form:500 - hardware: local-ui
INFO:     127.0.0.1:51921 - "POST /ui/create_project HTTP/1.1" 409 Conflict
INFO:     127.0.0.1:51921 - "GET /ui/is_model_training HTTP/1.1" 200 OK
INFO:     127.0.0.1:51938 - "GET /ui/ HTTP/1.1" 200 OK
INFO:     127.0.0.1:51938 - "GET /static/scripts/fetch_data_and_update_models.js?cb=2024-09-20%2015:19:44 HTTP/1.1" 200 OK
INFO:     127.0.0.1:51938 - "GET /static/scripts/poll.js?cb=2024-09-20%2015:19:44 HTTP/1.1" 200 OK
INFO:     127.0.0.1:51958 - "GET /static/scripts/logs.js?cb=2024-09-20%2015:19:44 HTTP/1.1" 200 OK
INFO:     127.0.0.1:51956 - "GET /static/scripts/listeners.js?cb=2024-09-20%2015:19:44 HTTP/1.1" 200 OK
INFO:     127.0.0.1:51957 - "GET /static/scripts/utils.js?cb=2024-09-20%2015:19:44 HTTP/1.1" 200 OK
INFO:     127.0.0.1:51956 - "GET /ui/accelerators HTTP/1.1" 200 OK
INFO     | 2024-09-20 15:19:45 | autotrain.app.ui_routes:fetch_params:381 - Task: llm:sft
INFO:     127.0.0.1:51938 - "GET /ui/params/llm%3Asft/basic HTTP/1.1" 200 OK
INFO:     127.0.0.1:51958 - "GET /ui/is_model_training HTTP/1.1" 200 OK
INFO:     127.0.0.1:51957 - "GET /ui/model_choices/llm%3Asft HTTP/1.1" 200 OK
INFO:     127.0.0.1:51966 - "GET /ui/is_model_training HTTP/1.1" 200 OK
INFO:     127.0.0.1:51966 - "GET / HTTP/1.1" 307 Temporary Redirect
INFO:     127.0.0.1:51966 - "GET /ui/ HTTP/1.1" 200 OK
INFO:     127.0.0.1:51966 - "GET /static/scripts/fetch_data_and_update_models.js?cb=2024-09-20%2015:19:54 HTTP/1.1" 200 OK
INFO:     127.0.0.1:51966 - "GET /static/scripts/poll.js?cb=2024-09-20%2015:19:54 HTTP/1.1" 200 OK
INFO:     127.0.0.1:51966 - "GET /static/scripts/listeners.js?cb=2024-09-20%2015:19:54 HTTP/1.1" 200 OK
INFO:     127.0.0.1:51966 - "GET /static/scripts/utils.js?cb=2024-09-20%2015:19:54 HTTP/1.1" 200 OK
INFO:     127.0.0.1:51966 - "GET /static/scripts/logs.js?cb=2024-09-20%2015:19:54 HTTP/1.1" 200 OK
INFO:     127.0.0.1:51966 - "GET /ui/model_choices/llm%3Asft HTTP/1.1" 200 OK
INFO     | 2024-09-20 15:19:54 | autotrain.app.ui_routes:fetch_params:381 - Task: llm:sft
INFO:     127.0.0.1:51972 - "GET /ui/params/llm%3Asft/basic HTTP/1.1" 200 OK
INFO:     127.0.0.1:51970 - "GET /ui/accelerators HTTP/1.1" 200 OK
INFO:     127.0.0.1:51971 - "GET /ui/is_model_training HTTP/1.1" 200 OK
INFO:     127.0.0.1:51970 - "GET /ui/is_model_training HTTP/1.1" 200 OK
INFO:     127.0.0.1:51971 - "GET /ui/accelerators HTTP/1.1" 200 OK
INFO:     127.0.0.1:51981 - "GET /ui/is_model_training HTTP/1.1" 200 OK
INFO:     127.0.0.1:51981 - "GET /ui/is_model_training HTTP/1.1" 200 OK
INFO:     127.0.0.1:51985 - "GET /ui/is_model_training HTTP/1.1" 200 OK
INFO:     127.0.0.1:51984 - "GET /ui/accelerators HTTP/1.1" 200 OK
INFO:     127.0.0.1:51988 - "GET /ui/is_model_training HTTP/1.1" 200 OK
INFO:     127.0.0.1:51988 - "GET /ui/model_choices/tabular%3Aregression HTTP/1.1" 200 OK
INFO     | 2024-09-20 15:20:13 | autotrain.app.ui_routes:fetch_params:381 - Task: tabular:regression
INFO:     127.0.0.1:51990 - "GET /ui/params/tabular%3Aregression/basic HTTP/1.1" 200 OK
INFO:     127.0.0.1:51993 - "GET /ui/accelerators HTTP/1.1" 200 OK
INFO:     127.0.0.1:51994 - "GET /ui/is_model_training HTTP/1.1" 200 OK
INFO:     127.0.0.1:51997 - "GET /ui/is_model_training HTTP/1.1" 200 OK
INFO:     127.0.0.1:52000 - "GET /ui/is_model_training HTTP/1.1" 200 OK
INFO:     127.0.0.1:51999 - "GET /ui/accelerators HTTP/1.1" 200 OK
INFO:     127.0.0.1:52003 - "GET /ui/is_model_training HTTP/1.1" 200 OK
INFO:     127.0.0.1:52007 - "GET /ui/is_model_training HTTP/1.1" 200 OK
INFO:     127.0.0.1:52006 - "GET /ui/accelerators HTTP/1.1" 200 OK
INFO:     127.0.0.1:52010 - "GET /ui/is_model_training HTTP/1.1" 200 OK
INFO:     127.0.0.1:52012 - "GET /ui/accelerators HTTP/1.1" 200 OK
INFO:     127.0.0.1:52013 - "GET /ui/is_model_training HTTP/1.1" 200 OK
INFO:     127.0.0.1:52016 - "GET /ui/is_model_training HTTP/1.1" 200 OK
INFO     | 2024-09-20 15:20:51 | autotrain.app.ui_routes:handle_form:500 - hardware: local-ui
INFO:     127.0.0.1:52016 - "POST /ui/create_project HTTP/1.1" 409 Conflict
INFO:     127.0.0.1:52019 - "GET /ui/accelerators HTTP/1.1" 200 OK
INFO:     127.0.0.1:52020 - "GET /ui/is_model_training HTTP/1.1" 200 OK
INFO:     127.0.0.1:52024 - "GET /ui/is_model_training HTTP/1.1" 200 OK
INFO:     127.0.0.1:52026 - "GET /ui/accelerators HTTP/1.1" 200 OK
INFO:     127.0.0.1:52027 - "GET /ui/is_model_training HTTP/1.1" 200 OK
INFO:     127.0.0.1:52030 - "GET /ui/is_model_training HTTP/1.1" 200 OK
INFO:     127.0.0.1:52032 - "GET /ui/accelerators HTTP/1.1" 200 OK
INFO:     127.0.0.1:52033 - "GET /ui/is_model_training HTTP/1.1" 200 OK
INFO:     127.0.0.1:52037 - "GET /ui/is_model_training HTTP/1.1" 200 OK
INFO:     127.0.0.1:52039 - "GET /ui/accelerators HTTP/1.1" 200 OK
INFO:     127.0.0.1:52040 - "GET /ui/is_model_training HTTP/1.1" 200 OK
INFO:     127.0.0.1:52043 - "GET /ui/is_model_training HTTP/1.1" 200 OK
INFO:     127.0.0.1:52045 - "GET /ui/accelerators HTTP/1.1" 200 OK
INFO:     127.0.0.1:52046 - "GET /ui/is_model_training HTTP/1.1" 200 OK
INFO:     127.0.0.1:52045 - "GET /ui/is_model_training HTTP/1.1" 200 OK
INFO:     127.0.0.1:52051 - "GET /ui/accelerators HTTP/1.1" 200 OK
INFO:     127.0.0.1:52052 - "GET /ui/is_model_training HTTP/1.1" 200 OK
INFO     | 2024-09-20 15:21:45 | autotrain.app.ui_routes:handle_form:500 - hardware: local-ui
INFO     | 2024-09-20 15:21:45 | autotrain.app.ui_routes:handle_form:628 - Task: tabular_single_column_regression
INFO     | 2024-09-20 15:21:45 | autotrain.app.ui_routes:handle_form:629 - Column mapping: {'id': 'driver_id', 'label': ['finish_order_pos']}

Saving the dataset (0/1 shards):   0%|          | 0/1720 [00:00<?, ? examples/s]
Saving the dataset (1/1 shards): 100%|██████████| 1720/1720 [00:00<00:00, 164201.73 examples/s]
Saving the dataset (1/1 shards): 100%|██████████| 1720/1720 [00:00<00:00, 161229.25 examples/s]

Saving the dataset (0/1 shards):   0%|          | 0/430 [00:00<?, ? examples/s]
Saving the dataset (1/1 shards): 100%|██████████| 430/430 [00:00<00:00, 121606.82 examples/s]
Saving the dataset (1/1 shards): 100%|██████████| 430/430 [00:00<00:00, 119172.11 examples/s]
INFO     | 2024-09-20 15:21:45 | autotrain.backends.local:create:8 - Starting local training...
INFO     | 2024-09-20 15:21:45 | autotrain.commands:launch_command:489 - ['python', '-m', 'autotrain.trainers.tabular', '--training_config', 'VVA-project2/training_params.json']
INFO     | 2024-09-20 15:21:45 | autotrain.commands:launch_command:490 - {'data_path': 'VVA-project2/autotrain-data', 'model': 'xgboost', 'username': 'TryHax', 'seed': 42, 'train_split': 'train', 'valid_split': 'validation', 'project_name': 'VVA-project2', 'token': '*****', 'push_to_hub': True, 'id_column': 'autotrain_id', 'target_columns': ['autotrain_label'], 'categorical_columns': None, 'numerical_columns': None, 'task': 'regression', 'num_trials': 500, 'time_limit': 600, 'categorical_imputer': 'most_frequent', 'numerical_imputer': 'median', 'numeric_scaler': 'robust'}
INFO     | 2024-09-20 15:21:45 | autotrain.backends.local:create:13 - Training PID: 65149
INFO:     127.0.0.1:52051 - "POST /ui/create_project HTTP/1.1" 200 OK
INFO     | 2024-09-20 15:21:48 | __main__:train:133 - Starting training...
INFO     | 2024-09-20 15:21:48 | __main__:train:134 - Training config: {'data_path': 'VVA-project2/autotrain-data', 'model': 'xgboost', 'username': 'TryHax', 'seed': 42, 'train_split': 'train', 'valid_split': 'validation', 'project_name': 'VVA-project2', 'token': '*****', 'push_to_hub': True, 'id_column': 'autotrain_id', 'target_columns': ['autotrain_label'], 'categorical_columns': None, 'numerical_columns': None, 'task': 'regression', 'num_trials': 500, 'time_limit': 600, 'categorical_imputer': 'most_frequent', 'numerical_imputer': 'median', 'numeric_scaler': 'robust'}
INFO     | 2024-09-20 15:21:48 | __main__:train:139 - loading dataset from disk
INFO     | 2024-09-20 15:21:48 | __main__:train:160 - loading dataset from disk
INFO     | 2024-09-20 15:21:48 | __main__:train:196 - Categorical columns: ['driver_name', 'driver_nationality', 'circuit_name', 'race_date', 'status', 'total_time', 'fastestLap', 'fastestLapTime', 'fastestLapSpeed', 'const_name', 'const_nationality']
INFO     | 2024-09-20 15:21:48 | __main__:train:197 - Numerical columns: ['year', 'round', 'grid_pos', 'points_finish', 'laps', 'rank_fastest_lap_time', 'AirTemp', 'Humidity', 'Pressure', 'Rainfall', 'TrackTemp', 'WindDirection', 'WindSpeed', 'Round Number']
INFO     | 2024-09-20 15:21:48 | __main__:train:204 - Useful columns: ['driver_name', 'driver_nationality', 'circuit_name', 'race_date', 'status', 'total_time', 'fastestLap', 'fastestLapTime', 'fastestLapSpeed', 'const_name', 'const_nationality', 'year', 'round', 'grid_pos', 'points_finish', 'laps', 'rank_fastest_lap_time', 'AirTemp', 'Humidity', 'Pressure', 'Rainfall', 'TrackTemp', 'WindDirection', 'WindSpeed', 'Round Number']
INFO     | 2024-09-20 15:21:48 | __main__:train:266 - Preprocessor: ColumnTransformer(n_jobs=-1,
                  transformers=[('numeric',
                                 Pipeline(steps=[('num_imputer',
                                                  SimpleImputer(strategy='median')),
                                                 ('num_scaler',
                                                  RobustScaler())]),
                                 ['year', 'round', 'grid_pos', 'points_finish',
                                  'laps', 'rank_fastest_lap_time', 'AirTemp',
                                  'Humidity', 'Pressure', 'Rainfall',
                                  'TrackTemp', 'WindDirection', 'WindSpeed',
                                  'Round Number']),
                                ('categorical',
                                 Pipeline(steps=[('cat_imputer',
                                                  SimpleImputer(strategy='most_frequent')),
                                                 ('cat_encoder',
                                                  OrdinalEncoder(handle_unknown='use_encoded_value',
                                                                 unknown_value=nan))]),
                                 ['driver_name', 'driver_nationality',
                                  'circuit_name', 'race_date', 'status',
                                  'total_time', 'fastestLap', 'fastestLapTime',
                                  'fastestLapSpeed', 'const_name',
                                  'const_nationality'])],
                  verbose=True)
INFO     | 2024-09-20 15:21:48 | __main__:train:291 - Sub task: single_column_regression
[I 2024-09-20 15:21:48,557] A new study created in memory with name: AutoTrain
INFO:     127.0.0.1:52051 - "GET /ui/is_model_training HTTP/1.1" 200 OK
/Users/antoinelopez/Epitech/DIGITAL/DIGI 2/Victory Vision Analytics/pythonProject/.venv/lib/python3.12/site-packages/sklearn/metrics/_regression.py:492: FutureWarning: 'squared' is deprecated in version 1.4 and will be removed in 1.6. To calculate the root mean squared error, use the function'root_mean_squared_error'.
  warnings.warn(
/Users/antoinelopez/Epitech/DIGITAL/DIGI 2/Victory Vision Analytics/pythonProject/.venv/lib/python3.12/site-packages/sklearn/metrics/_regression.py:675: FutureWarning: 'squared' is deprecated in version 1.4 and will be removed in 1.6. To calculate the root mean squared logarithmic error, use the function'root_mean_squared_log_error'.
  warnings.warn(
INFO     | 2024-09-20 15:21:50 | __main__:optimize:122 - Metrics: {'r2': 0.8837912678718567, 'mse': 3.613914207675116, 'mae': 1.6270071744918824, 'rmse': 1.901029775588777, 'rmsle': 0.3018700478440517, 'loss': 1.901029775588777}
[I 2024-09-20 15:21:50,610] Trial 0 finished with value: 1.901029775588777 and parameters: {'learning_rate': 0.0574354672535553, 'reg_lambda': 0.2341340868925055, 'reg_alpha': 0.07317212978142287, 'subsample': 0.37367625738897325, 'colsample_bytree': 0.3862058649861023, 'max_depth': 7, 'early_stopping_rounds': 410, 'n_estimators': 7000}. Best is trial 0 with value: 1.901029775588777.
/Users/antoinelopez/Epitech/DIGITAL/DIGI 2/Victory Vision Analytics/pythonProject/.venv/lib/python3.12/site-packages/sklearn/metrics/_regression.py:492: FutureWarning: 'squared' is deprecated in version 1.4 and will be removed in 1.6. To calculate the root mean squared error, use the function'root_mean_squared_error'.
  warnings.warn(
/Users/antoinelopez/Epitech/DIGITAL/DIGI 2/Victory Vision Analytics/pythonProject/.venv/lib/python3.12/site-packages/sklearn/metrics/_regression.py:675: FutureWarning: 'squared' is deprecated in version 1.4 and will be removed in 1.6. To calculate the root mean squared logarithmic error, use the function'root_mean_squared_log_error'.
  warnings.warn(
INFO     | 2024-09-20 15:21:51 | __main__:optimize:122 - Metrics: {'r2': 0.9317841529846191, 'mse': 2.121409818785422, 'mae': 1.1291570433350497, 'rmse': 1.456506031153123, 'rmsle': 0.18888484772817274, 'loss': 1.456506031153123}
[I 2024-09-20 15:21:51,475] Trial 1 finished with value: 1.456506031153123 and parameters: {'learning_rate': 0.03467452253093951, 'reg_lambda': 1.80122235571034e-05, 'reg_alpha': 1.870265229718349e-06, 'subsample': 0.5639487454915563, 'colsample_bytree': 0.712191178102472, 'max_depth': 2, 'early_stopping_rounds': 256, 'n_estimators': 20000}. Best is trial 1 with value: 1.456506031153123.
INFO:     127.0.0.1:52059 - "GET /ui/is_model_training HTTP/1.1" 200 OK
INFO:     127.0.0.1:52058 - "GET /ui/accelerators HTTP/1.1" 200 OK
/Users/antoinelopez/Epitech/DIGITAL/DIGI 2/Victory Vision Analytics/pythonProject/.venv/lib/python3.12/site-packages/sklearn/metrics/_regression.py:492: FutureWarning: 'squared' is deprecated in version 1.4 and will be removed in 1.6. To calculate the root mean squared error, use the function'root_mean_squared_error'.
  warnings.warn(
/Users/antoinelopez/Epitech/DIGITAL/DIGI 2/Victory Vision Analytics/pythonProject/.venv/lib/python3.12/site-packages/sklearn/metrics/_regression.py:675: FutureWarning: 'squared' is deprecated in version 1.4 and will be removed in 1.6. To calculate the root mean squared logarithmic error, use the function'root_mean_squared_log_error'.
  warnings.warn(
INFO     | 2024-09-20 15:21:57 | __main__:optimize:122 - Metrics: {'r2': 0.8955233693122864, 'mse': 3.249065246825175, 'mae': 1.5462023443953936, 'rmse': 1.8025163652031497, 'rmsle': 0.28270038775451145, 'loss': 1.8025163652031497}
[I 2024-09-20 15:21:57,801] Trial 2 finished with value: 1.8025163652031497 and parameters: {'learning_rate': 0.01173026145042806, 'reg_lambda': 0.8478916732216601, 'reg_alpha': 2.6992552624283484e-08, 'subsample': 0.873790112429128, 'colsample_bytree': 0.4658216343935916, 'max_depth': 6, 'early_stopping_rounds': 420, 'n_estimators': 7000}. Best is trial 1 with value: 1.456506031153123.
/Users/antoinelopez/Epitech/DIGITAL/DIGI 2/Victory Vision Analytics/pythonProject/.venv/lib/python3.12/site-packages/sklearn/metrics/_regression.py:492: FutureWarning: 'squared' is deprecated in version 1.4 and will be removed in 1.6. To calculate the root mean squared error, use the function'root_mean_squared_error'.
  warnings.warn(
/Users/antoinelopez/Epitech/DIGITAL/DIGI 2/Victory Vision Analytics/pythonProject/.venv/lib/python3.12/site-packages/sklearn/metrics/_regression.py:675: FutureWarning: 'squared' is deprecated in version 1.4 and will be removed in 1.6. To calculate the root mean squared logarithmic error, use the function'root_mean_squared_log_error'.
  warnings.warn(
INFO     | 2024-09-20 15:21:58 | __main__:optimize:122 - Metrics: {'r2': 0.9143537282943726, 'mse': 2.6634686478933247, 'mae': 1.3010890896930252, 'rmse': 1.6320136788315607, 'rmsle': 0.20390099098093867, 'loss': 1.6320136788315607}
[I 2024-09-20 15:21:58,808] Trial 3 finished with value: 1.6320136788315607 and parameters: {'learning_rate': 0.03068724578657353, 'reg_lambda': 2.5093621018989852e-05, 'reg_alpha': 4.2793890271590123e-07, 'subsample': 0.6028707895446893, 'colsample_bytree': 0.5492065810527227, 'max_depth': 3, 'early_stopping_rounds': 499, 'n_estimators': 20000}. Best is trial 1 with value: 1.456506031153123.
INFO:     127.0.0.1:52062 - "GET /ui/is_model_training HTTP/1.1" 200 OK
/Users/antoinelopez/Epitech/DIGITAL/DIGI 2/Victory Vision Analytics/pythonProject/.venv/lib/python3.12/site-packages/sklearn/metrics/_regression.py:492: FutureWarning: 'squared' is deprecated in version 1.4 and will be removed in 1.6. To calculate the root mean squared error, use the function'root_mean_squared_error'.
  warnings.warn(
/Users/antoinelopez/Epitech/DIGITAL/DIGI 2/Victory Vision Analytics/pythonProject/.venv/lib/python3.12/site-packages/sklearn/metrics/_regression.py:675: FutureWarning: 'squared' is deprecated in version 1.4 and will be removed in 1.6. To calculate the root mean squared logarithmic error, use the function'root_mean_squared_log_error'.
  warnings.warn(
INFO     | 2024-09-20 15:22:03 | __main__:optimize:122 - Metrics: {'r2': 0.8989917635917664, 'mse': 3.141203041240937, 'mae': 1.4634086448092793, 'rmse': 1.7723439398832657, 'rmsle': 0.2786242588281574, 'loss': 1.7723439398832657}
[I 2024-09-20 15:22:03,443] Trial 4 finished with value: 1.7723439398832657 and parameters: {'learning_rate': 0.026001955924149285, 'reg_lambda': 18.743291543067212, 'reg_alpha': 0.0059461879971767695, 'subsample': 0.3305301969439368, 'colsample_bytree': 0.5165330846870559, 'max_depth': 5, 'early_stopping_rounds': 130, 'n_estimators': 20000}. Best is trial 1 with value: 1.456506031153123.
INFO:     127.0.0.1:52064 - "GET /ui/is_model_training HTTP/1.1" 200 OK
INFO:     127.0.0.1:52062 - "GET /ui/accelerators HTTP/1.1" 200 OK
/Users/antoinelopez/Epitech/DIGITAL/DIGI 2/Victory Vision Analytics/pythonProject/.venv/lib/python3.12/site-packages/sklearn/metrics/_regression.py:492: FutureWarning: 'squared' is deprecated in version 1.4 and will be removed in 1.6. To calculate the root mean squared error, use the function'root_mean_squared_error'.
  warnings.warn(
/Users/antoinelopez/Epitech/DIGITAL/DIGI 2/Victory Vision Analytics/pythonProject/.venv/lib/python3.12/site-packages/sklearn/metrics/_regression.py:675: FutureWarning: 'squared' is deprecated in version 1.4 and will be removed in 1.6. To calculate the root mean squared logarithmic error, use the function'root_mean_squared_log_error'.
  warnings.warn(
INFO     | 2024-09-20 15:22:04 | __main__:optimize:122 - Metrics: {'r2': 0.8456850051879883, 'mse': 4.798962683984493, 'mae': 1.8322598546050315, 'rmse': 2.190653483320558, 'rmsle': 0.37891982292178134, 'loss': 2.190653483320558}
[I 2024-09-20 15:22:04,813] Trial 5 finished with value: 2.190653483320558 and parameters: {'learning_rate': 0.04267096103152913, 'reg_lambda': 3.022224648990227e-05, 'reg_alpha': 4.6956739399797613e-07, 'subsample': 0.8387292870412439, 'colsample_bytree': 0.12266423278090305, 'max_depth': 5, 'early_stopping_rounds': 101, 'n_estimators': 15000}. Best is trial 1 with value: 1.456506031153123.
/Users/antoinelopez/Epitech/DIGITAL/DIGI 2/Victory Vision Analytics/pythonProject/.venv/lib/python3.12/site-packages/sklearn/metrics/_regression.py:492: FutureWarning: 'squared' is deprecated in version 1.4 and will be removed in 1.6. To calculate the root mean squared error, use the function'root_mean_squared_error'.
  warnings.warn(
/Users/antoinelopez/Epitech/DIGITAL/DIGI 2/Victory Vision Analytics/pythonProject/.venv/lib/python3.12/site-packages/sklearn/metrics/_regression.py:675: FutureWarning: 'squared' is deprecated in version 1.4 and will be removed in 1.6. To calculate the root mean squared logarithmic error, use the function'root_mean_squared_log_error'.
  warnings.warn(
INFO     | 2024-09-20 15:22:05 | __main__:optimize:122 - Metrics: {'r2': 0.93753981590271, 'mse': 1.9424165570264345, 'mae': 1.0172584736069967, 'rmse': 1.3937060511551331, 'rmsle': 0.16219439848296346, 'loss': 1.3937060511551331}
