[I 2024-09-20 15:23:45,683] Trial 278 finished with value: 1.1965106877478813 and parameters: {'learning_rate': 0.10526807973108217, 'reg_lambda': 0.49948824059543645, 'reg_alpha': 0.0007324635806267452, 'subsample': 0.8720941112953616, 'colsample_bytree': 0.6812549114551956, 'max_depth': 4, 'early_stopping_rounds': 260, 'n_estimators': 7000}. Best is trial 207 with value: 1.189099607377955.
/Users/antoinelopez/Epitech/DIGITAL/DIGI 2/Victory Vision Analytics/pythonProject/.venv/lib/python3.12/site-packages/sklearn/metrics/_regression.py:492: FutureWarning: 'squared' is deprecated in version 1.4 and will be removed in 1.6. To calculate the root mean squared error, use the function'root_mean_squared_error'.
  warnings.warn(
/Users/antoinelopez/Epitech/DIGITAL/DIGI 2/Victory Vision Analytics/pythonProject/.venv/lib/python3.12/site-packages/sklearn/metrics/_regression.py:675: FutureWarning: 'squared' is deprecated in version 1.4 and will be removed in 1.6. To calculate the root mean squared logarithmic error, use the function'root_mean_squared_log_error'.
  warnings.warn(
INFO     | 2024-09-20 15:23:45 | __main__:optimize:122 - Metrics: {'r2': 0.9518676996231079, 'mse': 1.4968408923806686, 'mae': 0.8233426576436952, 'rmse': 1.2234544913402658, 'rmsle': 0.10950792534546183, 'loss': 1.2234544913402658}
[I 2024-09-20 15:23:45,932] Trial 279 finished with value: 1.2234544913402658 and parameters: {'learning_rate': 0.12054700735605893, 'reg_lambda': 0.13396104927811303, 'reg_alpha': 0.0008401915656182415, 'subsample': 0.8563553673942651, 'colsample_bytree': 0.6815696097341312, 'max_depth': 4, 'early_stopping_rounds': 233, 'n_estimators': 7000}. Best is trial 207 with value: 1.189099607377955.
/Users/antoinelopez/Epitech/DIGITAL/DIGI 2/Victory Vision Analytics/pythonProject/.venv/lib/python3.12/site-packages/sklearn/metrics/_regression.py:492: FutureWarning: 'squared' is deprecated in version 1.4 and will be removed in 1.6. To calculate the root mean squared error, use the function'root_mean_squared_error'.
  warnings.warn(
/Users/antoinelopez/Epitech/DIGITAL/DIGI 2/Victory Vision Analytics/pythonProject/.venv/lib/python3.12/site-packages/sklearn/metrics/_regression.py:675: FutureWarning: 'squared' is deprecated in version 1.4 and will be removed in 1.6. To calculate the root mean squared logarithmic error, use the function'root_mean_squared_log_error'.
  warnings.warn(
INFO     | 2024-09-20 15:23:46 | __main__:optimize:122 - Metrics: {'r2': 0.9487808346748352, 'mse': 1.592838824676731, 'mae': 0.8349109663519748, 'rmse': 1.2620771864972171, 'rmsle': 0.1268144376498228, 'loss': 1.2620771864972171}
[I 2024-09-20 15:23:46,167] Trial 280 finished with value: 1.2620771864972171 and parameters: {'learning_rate': 0.15328995384946179, 'reg_lambda': 0.7130184690741667, 'reg_alpha': 0.0005653426968453207, 'subsample': 0.838638331947378, 'colsample_bytree': 0.6562868652495384, 'max_depth': 5, 'early_stopping_rounds': 246, 'n_estimators': 7000}. Best is trial 207 with value: 1.189099607377955.
/Users/antoinelopez/Epitech/DIGITAL/DIGI 2/Victory Vision Analytics/pythonProject/.venv/lib/python3.12/site-packages/sklearn/metrics/_regression.py:492: FutureWarning: 'squared' is deprecated in version 1.4 and will be removed in 1.6. To calculate the root mean squared error, use the function'root_mean_squared_error'.
  warnings.warn(
/Users/antoinelopez/Epitech/DIGITAL/DIGI 2/Victory Vision Analytics/pythonProject/.venv/lib/python3.12/site-packages/sklearn/metrics/_regression.py:675: FutureWarning: 'squared' is deprecated in version 1.4 and will be removed in 1.6. To calculate the root mean squared logarithmic error, use the function'root_mean_squared_log_error'.
  warnings.warn(
INFO     | 2024-09-20 15:23:46 | __main__:optimize:122 - Metrics: {'r2': 0.95156329870224, 'mse': 1.5063074363276412, 'mae': 0.8093575082546056, 'rmse': 1.227317170224405, 'rmsle': 0.10861227220615319, 'loss': 1.227317170224405}
[I 2024-09-20 15:23:46,406] Trial 281 finished with value: 1.227317170224405 and parameters: {'learning_rate': 0.10372974339031418, 'reg_lambda': 1.6383749964979575, 'reg_alpha': 0.0003603902545213815, 'subsample': 0.9149543203202986, 'colsample_bytree': 0.7006105476805995, 'max_depth': 4, 'early_stopping_rounds': 246, 'n_estimators': 7000}. Best is trial 207 with value: 1.189099607377955.
/Users/antoinelopez/Epitech/DIGITAL/DIGI 2/Victory Vision Analytics/pythonProject/.venv/lib/python3.12/site-packages/sklearn/metrics/_regression.py:492: FutureWarning: 'squared' is deprecated in version 1.4 and will be removed in 1.6. To calculate the root mean squared error, use the function'root_mean_squared_error'.
  warnings.warn(
/Users/antoinelopez/Epitech/DIGITAL/DIGI 2/Victory Vision Analytics/pythonProject/.venv/lib/python3.12/site-packages/sklearn/metrics/_regression.py:675: FutureWarning: 'squared' is deprecated in version 1.4 and will be removed in 1.6. To calculate the root mean squared logarithmic error, use the function'root_mean_squared_log_error'.
  warnings.warn(
INFO     | 2024-09-20 15:23:46 | __main__:optimize:122 - Metrics: {'r2': 0.9487842917442322, 'mse': 1.5927308217833163, 'mae': 0.861631931953652, 'rmse': 1.262034398019054, 'rmsle': 0.14120337007939657, 'loss': 1.262034398019054}
[I 2024-09-20 15:23:46,692] Trial 282 finished with value: 1.262034398019054 and parameters: {'learning_rate': 0.13275461328820737, 'reg_lambda': 0.3847626082658735, 'reg_alpha': 0.00019356629080313764, 'subsample': 0.896061428898422, 'colsample_bytree': 0.6320704109288912, 'max_depth': 4, 'early_stopping_rounds': 434, 'n_estimators': 7000}. Best is trial 207 with value: 1.189099607377955.
/Users/antoinelopez/Epitech/DIGITAL/DIGI 2/Victory Vision Analytics/pythonProject/.venv/lib/python3.12/site-packages/sklearn/metrics/_regression.py:492: FutureWarning: 'squared' is deprecated in version 1.4 and will be removed in 1.6. To calculate the root mean squared error, use the function'root_mean_squared_error'.
  warnings.warn(
/Users/antoinelopez/Epitech/DIGITAL/DIGI 2/Victory Vision Analytics/pythonProject/.venv/lib/python3.12/site-packages/sklearn/metrics/_regression.py:675: FutureWarning: 'squared' is deprecated in version 1.4 and will be removed in 1.6. To calculate the root mean squared logarithmic error, use the function'root_mean_squared_log_error'.
  warnings.warn(
INFO     | 2024-09-20 15:23:46 | __main__:optimize:122 - Metrics: {'r2': 0.9503840804100037, 'mse': 1.5429804358454533, 'mae': 0.8439472262249437, 'rmse': 1.2421676359676472, 'rmsle': 0.12276614097761825, 'loss': 1.2421676359676472}
[I 2024-09-20 15:23:46,919] Trial 283 finished with value: 1.2421676359676472 and parameters: {'learning_rate': 0.11516755453087961, 'reg_lambda': 0.0007634039302567652, 'reg_alpha': 0.002403085050279629, 'subsample': 0.8736817077091016, 'colsample_bytree': 0.6798820202747674, 'max_depth': 4, 'early_stopping_rounds': 282, 'n_estimators': 7000}. Best is trial 207 with value: 1.189099607377955.
/Users/antoinelopez/Epitech/DIGITAL/DIGI 2/Victory Vision Analytics/pythonProject/.venv/lib/python3.12/site-packages/sklearn/metrics/_regression.py:492: FutureWarning: 'squared' is deprecated in version 1.4 and will be removed in 1.6. To calculate the root mean squared error, use the function'root_mean_squared_error'.
  warnings.warn(
/Users/antoinelopez/Epitech/DIGITAL/DIGI 2/Victory Vision Analytics/pythonProject/.venv/lib/python3.12/site-packages/sklearn/metrics/_regression.py:675: FutureWarning: 'squared' is deprecated in version 1.4 and will be removed in 1.6. To calculate the root mean squared logarithmic error, use the function'root_mean_squared_log_error'.
  warnings.warn(
INFO     | 2024-09-20 15:23:47 | __main__:optimize:122 - Metrics: {'r2': 0.9518387317657471, 'mse': 1.4977420902713008, 'mae': 0.808975751732671, 'rmse': 1.2238227364578993, 'rmsle': 0.1164911986456247, 'loss': 1.2238227364578993}
[I 2024-09-20 15:23:47,205] Trial 284 finished with value: 1.2238227364578993 and parameters: {'learning_rate': 0.12762214429330024, 'reg_lambda': 0.05811921209141974, 'reg_alpha': 0.0011667758374893536, 'subsample': 0.9432190932974381, 'colsample_bytree': 0.7195358753905367, 'max_depth': 4, 'early_stopping_rounds': 465, 'n_estimators': 7000}. Best is trial 207 with value: 1.189099607377955.
/Users/antoinelopez/Epitech/DIGITAL/DIGI 2/Victory Vision Analytics/pythonProject/.venv/lib/python3.12/site-packages/sklearn/metrics/_regression.py:492: FutureWarning: 'squared' is deprecated in version 1.4 and will be removed in 1.6. To calculate the root mean squared error, use the function'root_mean_squared_error'.
  warnings.warn(
/Users/antoinelopez/Epitech/DIGITAL/DIGI 2/Victory Vision Analytics/pythonProject/.venv/lib/python3.12/site-packages/sklearn/metrics/_regression.py:675: FutureWarning: 'squared' is deprecated in version 1.4 and will be removed in 1.6. To calculate the root mean squared logarithmic error, use the function'root_mean_squared_log_error'.
  warnings.warn(
INFO     | 2024-09-20 15:23:47 | __main__:optimize:122 - Metrics: {'r2': 0.950961172580719, 'mse': 1.5250335096332683, 'mae': 0.8336258580518323, 'rmse': 1.2349224711022422, 'rmsle': 0.11384263547972312, 'loss': 1.2349224711022422}
[I 2024-09-20 15:23:47,485] Trial 285 finished with value: 1.2349224711022422 and parameters: {'learning_rate': 0.14500594447152337, 'reg_lambda': 0.0014851863647166938, 'reg_alpha': 0.0005240392313895836, 'subsample': 0.8532157805313341, 'colsample_bytree': 0.6658325805761734, 'max_depth': 4, 'early_stopping_rounds': 447, 'n_estimators': 7000}. Best is trial 207 with value: 1.189099607377955.
/Users/antoinelopez/Epitech/DIGITAL/DIGI 2/Victory Vision Analytics/pythonProject/.venv/lib/python3.12/site-packages/sklearn/metrics/_regression.py:492: FutureWarning: 'squared' is deprecated in version 1.4 and will be removed in 1.6. To calculate the root mean squared error, use the function'root_mean_squared_error'.
  warnings.warn(
/Users/antoinelopez/Epitech/DIGITAL/DIGI 2/Victory Vision Analytics/pythonProject/.venv/lib/python3.12/site-packages/sklearn/metrics/_regression.py:675: FutureWarning: 'squared' is deprecated in version 1.4 and will be removed in 1.6. To calculate the root mean squared logarithmic error, use the function'root_mean_squared_log_error'.
  warnings.warn(
INFO     | 2024-09-20 15:23:47 | __main__:optimize:122 - Metrics: {'r2': 0.9514811635017395, 'mse': 1.5088617138006455, 'mae': 0.8178796267786691, 'rmse': 1.228357323339038, 'rmsle': 0.11097644158421549, 'loss': 1.228357323339038}
[I 2024-09-20 15:23:47,776] Trial 286 finished with value: 1.228357323339038 and parameters: {'learning_rate': 0.11037096456548631, 'reg_lambda': 0.5764124623868857, 'reg_alpha': 0.4242096442368124, 'subsample': 0.9099431020355567, 'colsample_bytree': 0.6877382171648077, 'max_depth': 4, 'early_stopping_rounds': 255, 'n_estimators': 7000}. Best is trial 207 with value: 1.189099607377955.
/Users/antoinelopez/Epitech/DIGITAL/DIGI 2/Victory Vision Analytics/pythonProject/.venv/lib/python3.12/site-packages/sklearn/metrics/_regression.py:492: FutureWarning: 'squared' is deprecated in version 1.4 and will be removed in 1.6. To calculate the root mean squared error, use the function'root_mean_squared_error'.
  warnings.warn(
/Users/antoinelopez/Epitech/DIGITAL/DIGI 2/Victory Vision Analytics/pythonProject/.venv/lib/python3.12/site-packages/sklearn/metrics/_regression.py:675: FutureWarning: 'squared' is deprecated in version 1.4 and will be removed in 1.6. To calculate the root mean squared logarithmic error, use the function'root_mean_squared_log_error'.
  warnings.warn(
INFO     | 2024-09-20 15:23:48 | __main__:optimize:122 - Metrics: {'r2': 0.948747992515564, 'mse': 1.5938595222111824, 'mae': 0.8628631210604379, 'rmse': 1.2624814938093876, 'rmsle': 0.11741769385208754, 'loss': 1.2624814938093876}
[I 2024-09-20 15:23:48,004] Trial 287 finished with value: 1.2624814938093876 and parameters: {'learning_rate': 0.12180195539273322, 'reg_lambda': 0.0006853252576674179, 'reg_alpha': 0.0007840407099113843, 'subsample': 0.80965467501678, 'colsample_bytree': 0.6475128547565699, 'max_depth': 4, 'early_stopping_rounds': 263, 'n_estimators': 7000}. Best is trial 207 with value: 1.189099607377955.
/Users/antoinelopez/Epitech/DIGITAL/DIGI 2/Victory Vision Analytics/pythonProject/.venv/lib/python3.12/site-packages/sklearn/metrics/_regression.py:492: FutureWarning: 'squared' is deprecated in version 1.4 and will be removed in 1.6. To calculate the root mean squared error, use the function'root_mean_squared_error'.
  warnings.warn(
/Users/antoinelopez/Epitech/DIGITAL/DIGI 2/Victory Vision Analytics/pythonProject/.venv/lib/python3.12/site-packages/sklearn/metrics/_regression.py:675: FutureWarning: 'squared' is deprecated in version 1.4 and will be removed in 1.6. To calculate the root mean squared logarithmic error, use the function'root_mean_squared_log_error'.
  warnings.warn(
INFO     | 2024-09-20 15:23:48 | __main__:optimize:122 - Metrics: {'r2': 0.9535948634147644, 'mse': 1.443129322948466, 'mae': 0.8146820927775184, 'rmse': 1.2013031769492937, 'rmsle': 0.11053384023211141, 'loss': 1.2013031769492937}
[I 2024-09-20 15:23:48,212] Trial 288 finished with value: 1.2013031769492937 and parameters: {'learning_rate': 0.1375928732601533, 'reg_lambda': 0.2708126117897442, 'reg_alpha': 0.16119093225828557, 'subsample': 0.8712044694596934, 'colsample_bytree': 0.7119028112087163, 'max_depth': 4, 'early_stopping_rounds': 257, 'n_estimators': 7000}. Best is trial 207 with value: 1.189099607377955.
/Users/antoinelopez/Epitech/DIGITAL/DIGI 2/Victory Vision Analytics/pythonProject/.venv/lib/python3.12/site-packages/sklearn/metrics/_regression.py:492: FutureWarning: 'squared' is deprecated in version 1.4 and will be removed in 1.6. To calculate the root mean squared error, use the function'root_mean_squared_error'.
  warnings.warn(
/Users/antoinelopez/Epitech/DIGITAL/DIGI 2/Victory Vision Analytics/pythonProject/.venv/lib/python3.12/site-packages/sklearn/metrics/_regression.py:675: FutureWarning: 'squared' is deprecated in version 1.4 and will be removed in 1.6. To calculate the root mean squared logarithmic error, use the function'root_mean_squared_log_error'.
  warnings.warn(
INFO     | 2024-09-20 15:23:48 | __main__:optimize:122 - Metrics: {'r2': 0.9516538381576538, 'mse': 1.5034917283000024, 'mae': 0.7985455160917238, 'rmse': 1.2261695348931168, 'rmsle': 0.10267234272322899, 'loss': 1.2261695348931168}
[I 2024-09-20 15:23:48,427] Trial 289 finished with value: 1.2261695348931168 and parameters: {'learning_rate': 0.142525397280844, 'reg_lambda': 0.22273849580362554, 'reg_alpha': 0.14931952326513576, 'subsample': 0.8380508775297958, 'colsample_bytree': 0.6929487123960409, 'max_depth': 4, 'early_stopping_rounds': 259, 'n_estimators': 7000}. Best is trial 207 with value: 1.189099607377955.
/Users/antoinelopez/Epitech/DIGITAL/DIGI 2/Victory Vision Analytics/pythonProject/.venv/lib/python3.12/site-packages/sklearn/metrics/_regression.py:492: FutureWarning: 'squared' is deprecated in version 1.4 and will be removed in 1.6. To calculate the root mean squared error, use the function'root_mean_squared_error'.
  warnings.warn(
/Users/antoinelopez/Epitech/DIGITAL/DIGI 2/Victory Vision Analytics/pythonProject/.venv/lib/python3.12/site-packages/sklearn/metrics/_regression.py:675: FutureWarning: 'squared' is deprecated in version 1.4 and will be removed in 1.6. To calculate the root mean squared logarithmic error, use the function'root_mean_squared_log_error'.
  warnings.warn(
INFO     | 2024-09-20 15:23:48 | __main__:optimize:122 - Metrics: {'r2': 0.9433825016021729, 'mse': 1.7607183143276246, 'mae': 0.9129141258638959, 'rmse': 1.326920613423284, 'rmsle': 0.13952912089696826, 'loss': 1.326920613423284}
[I 2024-09-20 15:23:48,652] Trial 290 finished with value: 1.326920613423284 and parameters: {'learning_rate': 0.1068190379214136, 'reg_lambda': 0.31880631609909255, 'reg_alpha': 0.17217656732967093, 'subsample': 0.4173225381224382, 'colsample_bytree': 0.6668752146130354, 'max_depth': 4, 'early_stopping_rounds': 243, 'n_estimators': 7000}. Best is trial 207 with value: 1.189099607377955.
/Users/antoinelopez/Epitech/DIGITAL/DIGI 2/Victory Vision Analytics/pythonProject/.venv/lib/python3.12/site-packages/sklearn/metrics/_regression.py:492: FutureWarning: 'squared' is deprecated in version 1.4 and will be removed in 1.6. To calculate the root mean squared error, use the function'root_mean_squared_error'.
  warnings.warn(
/Users/antoinelopez/Epitech/DIGITAL/DIGI 2/Victory Vision Analytics/pythonProject/.venv/lib/python3.12/site-packages/sklearn/metrics/_regression.py:675: FutureWarning: 'squared' is deprecated in version 1.4 and will be removed in 1.6. To calculate the root mean squared logarithmic error, use the function'root_mean_squared_log_error'.
  warnings.warn(
INFO     | 2024-09-20 15:23:49 | __main__:optimize:122 - Metrics: {'r2': 0.9542919993400574, 'mse': 1.4214485997608177, 'mae': 0.8157480901410413, 'rmse': 1.1922451928025617, 'rmsle': 0.12979903081430752, 'loss': 1.1922451928025617}
[I 2024-09-20 15:23:49,006] Trial 291 finished with value: 1.1922451928025617 and parameters: {'learning_rate': 0.15718232845603514, 'reg_lambda': 0.25830136235672546, 'reg_alpha': 0.0002902220612938323, 'subsample': 0.8679499699487117, 'colsample_bytree': 0.7125192463313954, 'max_depth': 4, 'early_stopping_rounds': 275, 'n_estimators': 7000}. Best is trial 207 with value: 1.189099607377955.
/Users/antoinelopez/Epitech/DIGITAL/DIGI 2/Victory Vision Analytics/pythonProject/.venv/lib/python3.12/site-packages/sklearn/metrics/_regression.py:492: FutureWarning: 'squared' is deprecated in version 1.4 and will be removed in 1.6. To calculate the root mean squared error, use the function'root_mean_squared_error'.
  warnings.warn(
/Users/antoinelopez/Epitech/DIGITAL/DIGI 2/Victory Vision Analytics/pythonProject/.venv/lib/python3.12/site-packages/sklearn/metrics/_regression.py:675: FutureWarning: 'squared' is deprecated in version 1.4 and will be removed in 1.6. To calculate the root mean squared logarithmic error, use the function'root_mean_squared_log_error'.
  warnings.warn(
INFO     | 2024-09-20 15:23:49 | __main__:optimize:122 - Metrics: {'r2': 0.9523850679397583, 'mse': 1.4807513816787607, 'mae': 0.825810752219932, 'rmse': 1.216861282841541, 'rmsle': 0.11298405905919341, 'loss': 1.216861282841541}
[I 2024-09-20 15:23:49,240] Trial 292 finished with value: 1.216861282841541 and parameters: {'learning_rate': 0.16736276801276861, 'reg_lambda': 0.23997877910861806, 'reg_alpha': 0.00032203742520177305, 'subsample': 0.8664461678690811, 'colsample_bytree': 0.7179543907425284, 'max_depth': 4, 'early_stopping_rounds': 266, 'n_estimators': 7000}. Best is trial 207 with value: 1.189099607377955.
/Users/antoinelopez/Epitech/DIGITAL/DIGI 2/Victory Vision Analytics/pythonProject/.venv/lib/python3.12/site-packages/sklearn/metrics/_regression.py:492: FutureWarning: 'squared' is deprecated in version 1.4 and will be removed in 1.6. To calculate the root mean squared error, use the function'root_mean_squared_error'.
  warnings.warn(
/Users/antoinelopez/Epitech/DIGITAL/DIGI 2/Victory Vision Analytics/pythonProject/.venv/lib/python3.12/site-packages/sklearn/metrics/_regression.py:675: FutureWarning: 'squared' is deprecated in version 1.4 and will be removed in 1.6. To calculate the root mean squared logarithmic error, use the function'root_mean_squared_log_error'.
  warnings.warn(
INFO     | 2024-09-20 15:23:49 | __main__:optimize:122 - Metrics: {'r2': 0.9475530982017517, 'mse': 1.6310195136913466, 'mae': 0.8575387491736302, 'rmse': 1.2771137434431385, 'rmsle': 0.12323786589492874, 'loss': 1.2771137434431385}
[I 2024-09-20 15:23:49,456] Trial 293 finished with value: 1.2771137434431385 and parameters: {'learning_rate': 0.15832019428356248, 'reg_lambda': 0.07896895707156192, 'reg_alpha': 0.0015182223768427374, 'subsample': 0.8251722679460413, 'colsample_bytree': 0.7399272121473128, 'max_depth': 4, 'early_stopping_rounds': 257, 'n_estimators': 7000}. Best is trial 207 with value: 1.189099607377955.
/Users/antoinelopez/Epitech/DIGITAL/DIGI 2/Victory Vision Analytics/pythonProject/.venv/lib/python3.12/site-packages/sklearn/metrics/_regression.py:492: FutureWarning: 'squared' is deprecated in version 1.4 and will be removed in 1.6. To calculate the root mean squared error, use the function'root_mean_squared_error'.
  warnings.warn(
/Users/antoinelopez/Epitech/DIGITAL/DIGI 2/Victory Vision Analytics/pythonProject/.venv/lib/python3.12/site-packages/sklearn/metrics/_regression.py:675: FutureWarning: 'squared' is deprecated in version 1.4 and will be removed in 1.6. To calculate the root mean squared logarithmic error, use the function'root_mean_squared_log_error'.
  warnings.warn(
INFO     | 2024-09-20 15:23:49 | __main__:optimize:122 - Metrics: {'r2': 0.9518436193466187, 'mse': 1.4975904324042228, 'mae': 0.8365664350432019, 'rmse': 1.2237607741728866, 'rmsle': 0.11407647124954762, 'loss': 1.2237607741728866}
