[I 2024-09-20 15:24:14,120] Trial 374 finished with value: 1.2427504824233704 and parameters: {'learning_rate': 0.14756443108554812, 'reg_lambda': 2.0335211545949534e-06, 'reg_alpha': 9.77849543374107e-05, 'subsample': 0.8978064867499772, 'colsample_bytree': 0.7123618756708154, 'max_depth': 4, 'early_stopping_rounds': 297, 'n_estimators': 7000}. Best is trial 207 with value: 1.189099607377955.
/Users/antoinelopez/Epitech/DIGITAL/DIGI 2/Victory Vision Analytics/pythonProject/.venv/lib/python3.12/site-packages/sklearn/metrics/_regression.py:492: FutureWarning: 'squared' is deprecated in version 1.4 and will be removed in 1.6. To calculate the root mean squared error, use the function'root_mean_squared_error'.
  warnings.warn(
/Users/antoinelopez/Epitech/DIGITAL/DIGI 2/Victory Vision Analytics/pythonProject/.venv/lib/python3.12/site-packages/sklearn/metrics/_regression.py:675: FutureWarning: 'squared' is deprecated in version 1.4 and will be removed in 1.6. To calculate the root mean squared logarithmic error, use the function'root_mean_squared_log_error'.
  warnings.warn(
INFO     | 2024-09-20 15:24:14 | __main__:optimize:122 - Metrics: {'r2': 0.9527317881584167, 'mse': 1.4699693904713242, 'mae': 0.824043199766514, 'rmse': 1.2124229420756292, 'rmsle': 0.11565737537039425, 'loss': 1.2124229420756292}
[I 2024-09-20 15:24:14,431] Trial 375 finished with value: 1.2124229420756292 and parameters: {'learning_rate': 0.11999647614465028, 'reg_lambda': 1.205029217940307, 'reg_alpha': 0.25048498541275316, 'subsample': 0.8846963319585326, 'colsample_bytree': 0.6944663528920717, 'max_depth': 4, 'early_stopping_rounds': 288, 'n_estimators': 7000}. Best is trial 207 with value: 1.189099607377955.
/Users/antoinelopez/Epitech/DIGITAL/DIGI 2/Victory Vision Analytics/pythonProject/.venv/lib/python3.12/site-packages/sklearn/metrics/_regression.py:492: FutureWarning: 'squared' is deprecated in version 1.4 and will be removed in 1.6. To calculate the root mean squared error, use the function'root_mean_squared_error'.
  warnings.warn(
/Users/antoinelopez/Epitech/DIGITAL/DIGI 2/Victory Vision Analytics/pythonProject/.venv/lib/python3.12/site-packages/sklearn/metrics/_regression.py:675: FutureWarning: 'squared' is deprecated in version 1.4 and will be removed in 1.6. To calculate the root mean squared logarithmic error, use the function'root_mean_squared_log_error'.
  warnings.warn(
INFO     | 2024-09-20 15:24:14 | __main__:optimize:122 - Metrics: {'r2': 0.9454171657562256, 'mse': 1.6974437940423344, 'mae': 0.9181734892518021, 'rmse': 1.3028598520341066, 'rmsle': 0.1268589481266489, 'loss': 1.3028598520341066}
[I 2024-09-20 15:24:14,615] Trial 376 finished with value: 1.3028598520341066 and parameters: {'learning_rate': 0.13280789247577643, 'reg_lambda': 0.5137585437300882, 'reg_alpha': 0.001991558032214409, 'subsample': 0.3062227336937463, 'colsample_bytree': 0.6579463439643997, 'max_depth': 4, 'early_stopping_rounds': 230, 'n_estimators': 7000}. Best is trial 207 with value: 1.189099607377955.
/Users/antoinelopez/Epitech/DIGITAL/DIGI 2/Victory Vision Analytics/pythonProject/.venv/lib/python3.12/site-packages/sklearn/metrics/_regression.py:492: FutureWarning: 'squared' is deprecated in version 1.4 and will be removed in 1.6. To calculate the root mean squared error, use the function'root_mean_squared_error'.
  warnings.warn(
/Users/antoinelopez/Epitech/DIGITAL/DIGI 2/Victory Vision Analytics/pythonProject/.venv/lib/python3.12/site-packages/sklearn/metrics/_regression.py:675: FutureWarning: 'squared' is deprecated in version 1.4 and will be removed in 1.6. To calculate the root mean squared logarithmic error, use the function'root_mean_squared_log_error'.
  warnings.warn(
INFO     | 2024-09-20 15:24:14 | __main__:optimize:122 - Metrics: {'r2': 0.9519877433776855, 'mse': 1.4931089543823133, 'mae': 0.8071062244648157, 'rmse': 1.221928375307781, 'rmsle': 0.11299895671071383, 'loss': 1.221928375307781}
[I 2024-09-20 15:24:14,859] Trial 377 finished with value: 1.221928375307781 and parameters: {'learning_rate': 0.11436116733759726, 'reg_lambda': 0.009558264459685255, 'reg_alpha': 0.14054533390306104, 'subsample': 0.8608401503572513, 'colsample_bytree': 0.7432793845219247, 'max_depth': 4, 'early_stopping_rounds': 260, 'n_estimators': 7000}. Best is trial 207 with value: 1.189099607377955.
/Users/antoinelopez/Epitech/DIGITAL/DIGI 2/Victory Vision Analytics/pythonProject/.venv/lib/python3.12/site-packages/sklearn/metrics/_regression.py:492: FutureWarning: 'squared' is deprecated in version 1.4 and will be removed in 1.6. To calculate the root mean squared error, use the function'root_mean_squared_error'.
  warnings.warn(
/Users/antoinelopez/Epitech/DIGITAL/DIGI 2/Victory Vision Analytics/pythonProject/.venv/lib/python3.12/site-packages/sklearn/metrics/_regression.py:675: FutureWarning: 'squared' is deprecated in version 1.4 and will be removed in 1.6. To calculate the root mean squared logarithmic error, use the function'root_mean_squared_log_error'.
  warnings.warn(
INFO     | 2024-09-20 15:24:15 | __main__:optimize:122 - Metrics: {'r2': 0.9387511014938354, 'mse': 1.9047477750374846, 'mae': 1.0024221047412518, 'rmse': 1.3801259996962179, 'rmsle': 0.14624005990389394, 'loss': 1.3801259996962179}
[I 2024-09-20 15:24:15,144] Trial 378 finished with value: 1.3801259996962179 and parameters: {'learning_rate': 0.039174215292785176, 'reg_lambda': 0.05994531369549652, 'reg_alpha': 0.06624523631946676, 'subsample': 0.6697166938550116, 'colsample_bytree': 0.6786147323181658, 'max_depth': 4, 'early_stopping_rounds': 314, 'n_estimators': 7000}. Best is trial 207 with value: 1.189099607377955.
/Users/antoinelopez/Epitech/DIGITAL/DIGI 2/Victory Vision Analytics/pythonProject/.venv/lib/python3.12/site-packages/sklearn/metrics/_regression.py:492: FutureWarning: 'squared' is deprecated in version 1.4 and will be removed in 1.6. To calculate the root mean squared error, use the function'root_mean_squared_error'.
  warnings.warn(
/Users/antoinelopez/Epitech/DIGITAL/DIGI 2/Victory Vision Analytics/pythonProject/.venv/lib/python3.12/site-packages/sklearn/metrics/_regression.py:675: FutureWarning: 'squared' is deprecated in version 1.4 and will be removed in 1.6. To calculate the root mean squared logarithmic error, use the function'root_mean_squared_log_error'.
  warnings.warn(
INFO     | 2024-09-20 15:24:15 | __main__:optimize:122 - Metrics: {'r2': 0.9433591365814209, 'mse': 1.761444912552852, 'mae': 0.9149836196455845, 'rmse': 1.3271943763265621, 'rmsle': 0.12776149210461357, 'loss': 1.3271943763265621}
[I 2024-09-20 15:24:15,420] Trial 379 finished with value: 1.3271943763265621 and parameters: {'learning_rate': 0.10256763862281149, 'reg_lambda': 0.016931646347583592, 'reg_alpha': 0.0009939952735273508, 'subsample': 0.5542761164863417, 'colsample_bytree': 0.780846983107875, 'max_depth': 3, 'early_stopping_rounds': 420, 'n_estimators': 7000}. Best is trial 207 with value: 1.189099607377955.
/Users/antoinelopez/Epitech/DIGITAL/DIGI 2/Victory Vision Analytics/pythonProject/.venv/lib/python3.12/site-packages/sklearn/metrics/_regression.py:492: FutureWarning: 'squared' is deprecated in version 1.4 and will be removed in 1.6. To calculate the root mean squared error, use the function'root_mean_squared_error'.
  warnings.warn(
/Users/antoinelopez/Epitech/DIGITAL/DIGI 2/Victory Vision Analytics/pythonProject/.venv/lib/python3.12/site-packages/sklearn/metrics/_regression.py:675: FutureWarning: 'squared' is deprecated in version 1.4 and will be removed in 1.6. To calculate the root mean squared logarithmic error, use the function'root_mean_squared_log_error'.
  warnings.warn(
INFO     | 2024-09-20 15:24:15 | __main__:optimize:122 - Metrics: {'r2': 0.9522013664245605, 'mse': 1.4864652640947407, 'mae': 0.8297185228314511, 'rmse': 1.2192068176050939, 'rmsle': 0.12063671583970564, 'loss': 1.2192068176050939}
[I 2024-09-20 15:24:15,757] Trial 380 finished with value: 1.2192068176050939 and parameters: {'learning_rate': 0.12556441427715712, 'reg_lambda': 0.11122469059334358, 'reg_alpha': 0.48523655163260077, 'subsample': 0.9119775849044292, 'colsample_bytree': 0.7063687364630136, 'max_depth': 4, 'early_stopping_rounds': 437, 'n_estimators': 15000}. Best is trial 207 with value: 1.189099607377955.
/Users/antoinelopez/Epitech/DIGITAL/DIGI 2/Victory Vision Analytics/pythonProject/.venv/lib/python3.12/site-packages/sklearn/metrics/_regression.py:492: FutureWarning: 'squared' is deprecated in version 1.4 and will be removed in 1.6. To calculate the root mean squared error, use the function'root_mean_squared_error'.
  warnings.warn(
/Users/antoinelopez/Epitech/DIGITAL/DIGI 2/Victory Vision Analytics/pythonProject/.venv/lib/python3.12/site-packages/sklearn/metrics/_regression.py:675: FutureWarning: 'squared' is deprecated in version 1.4 and will be removed in 1.6. To calculate the root mean squared logarithmic error, use the function'root_mean_squared_log_error'.
  warnings.warn(
INFO     | 2024-09-20 15:24:16 | __main__:optimize:122 - Metrics: {'r2': 0.9482650756835938, 'mse': 1.6088769067214084, 'mae': 0.8526286590931027, 'rmse': 1.2684151160883446, 'rmsle': 0.12164392873969948, 'loss': 1.2684151160883446}
[I 2024-09-20 15:24:16,128] Trial 381 finished with value: 1.2684151160883446 and parameters: {'learning_rate': 0.1408742324512213, 'reg_lambda': 0.7707566330815652, 'reg_alpha': 0.0005533603198287432, 'subsample': 0.8121494779499824, 'colsample_bytree': 0.6417880637339972, 'max_depth': 5, 'early_stopping_rounds': 398, 'n_estimators': 7000}. Best is trial 207 with value: 1.189099607377955.
/Users/antoinelopez/Epitech/DIGITAL/DIGI 2/Victory Vision Analytics/pythonProject/.venv/lib/python3.12/site-packages/sklearn/metrics/_regression.py:492: FutureWarning: 'squared' is deprecated in version 1.4 and will be removed in 1.6. To calculate the root mean squared error, use the function'root_mean_squared_error'.
  warnings.warn(
/Users/antoinelopez/Epitech/DIGITAL/DIGI 2/Victory Vision Analytics/pythonProject/.venv/lib/python3.12/site-packages/sklearn/metrics/_regression.py:675: FutureWarning: 'squared' is deprecated in version 1.4 and will be removed in 1.6. To calculate the root mean squared logarithmic error, use the function'root_mean_squared_log_error'.
  warnings.warn(
INFO     | 2024-09-20 15:24:16 | __main__:optimize:122 - Metrics: {'r2': 0.94921875, 'mse': 1.579220381860961, 'mae': 0.8650455570498178, 'rmse': 1.2566703552885143, 'rmsle': 0.12814366992224477, 'loss': 1.2566703552885143}
[I 2024-09-20 15:24:16,413] Trial 382 finished with value: 1.2566703552885143 and parameters: {'learning_rate': 0.09561745827197222, 'reg_lambda': 0.2581751159943303, 'reg_alpha': 0.0065294068217368675, 'subsample': 0.8767967741704982, 'colsample_bytree': 0.7228508141161876, 'max_depth': 4, 'early_stopping_rounds': 381, 'n_estimators': 7000}. Best is trial 207 with value: 1.189099607377955.
/Users/antoinelopez/Epitech/DIGITAL/DIGI 2/Victory Vision Analytics/pythonProject/.venv/lib/python3.12/site-packages/sklearn/metrics/_regression.py:492: FutureWarning: 'squared' is deprecated in version 1.4 and will be removed in 1.6. To calculate the root mean squared error, use the function'root_mean_squared_error'.
  warnings.warn(
/Users/antoinelopez/Epitech/DIGITAL/DIGI 2/Victory Vision Analytics/pythonProject/.venv/lib/python3.12/site-packages/sklearn/metrics/_regression.py:675: FutureWarning: 'squared' is deprecated in version 1.4 and will be removed in 1.6. To calculate the root mean squared logarithmic error, use the function'root_mean_squared_log_error'.
  warnings.warn(
INFO     | 2024-09-20 15:24:16 | __main__:optimize:122 - Metrics: {'r2': 0.9507645964622498, 'mse': 1.5311468724349426, 'mae': 0.8106450502262559, 'rmse': 1.2373951965459307, 'rmsle': 0.11224578106820067, 'loss': 1.2373951965459307}
[I 2024-09-20 15:24:16,694] Trial 383 finished with value: 1.2373951965459307 and parameters: {'learning_rate': 0.1556990952295809, 'reg_lambda': 0.0027885555922374217, 'reg_alpha': 0.0002524974712384392, 'subsample': 0.8491656315505772, 'colsample_bytree': 0.6679802648826326, 'max_depth': 4, 'early_stopping_rounds': 415, 'n_estimators': 7000}. Best is trial 207 with value: 1.189099607377955.
/Users/antoinelopez/Epitech/DIGITAL/DIGI 2/Victory Vision Analytics/pythonProject/.venv/lib/python3.12/site-packages/sklearn/metrics/_regression.py:492: FutureWarning: 'squared' is deprecated in version 1.4 and will be removed in 1.6. To calculate the root mean squared error, use the function'root_mean_squared_error'.
  warnings.warn(
/Users/antoinelopez/Epitech/DIGITAL/DIGI 2/Victory Vision Analytics/pythonProject/.venv/lib/python3.12/site-packages/sklearn/metrics/_regression.py:675: FutureWarning: 'squared' is deprecated in version 1.4 and will be removed in 1.6. To calculate the root mean squared logarithmic error, use the function'root_mean_squared_log_error'.
  warnings.warn(
INFO     | 2024-09-20 15:24:16 | __main__:optimize:122 - Metrics: {'r2': 0.9488154649734497, 'mse': 1.5917606760622967, 'mae': 0.82583007218836, 'rmse': 1.2616499815964397, 'rmsle': 0.1292646249212971, 'loss': 1.2616499815964397}
[I 2024-09-20 15:24:16,955] Trial 384 finished with value: 1.2616499815964397 and parameters: {'learning_rate': 0.11408347556484315, 'reg_lambda': 0.02862800053240045, 'reg_alpha': 0.19864996603389856, 'subsample': 0.8931758476777237, 'colsample_bytree': 0.6898143898565989, 'max_depth': 4, 'early_stopping_rounds': 270, 'n_estimators': 7000}. Best is trial 207 with value: 1.189099607377955.
/Users/antoinelopez/Epitech/DIGITAL/DIGI 2/Victory Vision Analytics/pythonProject/.venv/lib/python3.12/site-packages/sklearn/metrics/_regression.py:492: FutureWarning: 'squared' is deprecated in version 1.4 and will be removed in 1.6. To calculate the root mean squared error, use the function'root_mean_squared_error'.
  warnings.warn(
/Users/antoinelopez/Epitech/DIGITAL/DIGI 2/Victory Vision Analytics/pythonProject/.venv/lib/python3.12/site-packages/sklearn/metrics/_regression.py:675: FutureWarning: 'squared' is deprecated in version 1.4 and will be removed in 1.6. To calculate the root mean squared logarithmic error, use the function'root_mean_squared_log_error'.
  warnings.warn(
INFO     | 2024-09-20 15:24:17 | __main__:optimize:122 - Metrics: {'r2': 0.9486526250839233, 'mse': 1.5968244569017724, 'mae': 0.8399879423684852, 'rmse': 1.2636551969986798, 'rmsle': 0.12131377772430942, 'loss': 1.2636551969986798}
[I 2024-09-20 15:24:17,272] Trial 385 finished with value: 1.2636551969986798 and parameters: {'learning_rate': 0.10749891007631375, 'reg_lambda': 0.004858966066724802, 'reg_alpha': 0.02591391364489622, 'subsample': 0.9484595987488976, 'colsample_bytree': 0.7561874425547874, 'max_depth': 4, 'early_stopping_rounds': 426, 'n_estimators': 7000}. Best is trial 207 with value: 1.189099607377955.
/Users/antoinelopez/Epitech/DIGITAL/DIGI 2/Victory Vision Analytics/pythonProject/.venv/lib/python3.12/site-packages/sklearn/metrics/_regression.py:492: FutureWarning: 'squared' is deprecated in version 1.4 and will be removed in 1.6. To calculate the root mean squared error, use the function'root_mean_squared_error'.
  warnings.warn(
/Users/antoinelopez/Epitech/DIGITAL/DIGI 2/Victory Vision Analytics/pythonProject/.venv/lib/python3.12/site-packages/sklearn/metrics/_regression.py:675: FutureWarning: 'squared' is deprecated in version 1.4 and will be removed in 1.6. To calculate the root mean squared logarithmic error, use the function'root_mean_squared_log_error'.
  warnings.warn(
INFO     | 2024-09-20 15:24:17 | __main__:optimize:122 - Metrics: {'r2': 0.9487322568893433, 'mse': 1.5943496158106147, 'mae': 0.8967292407744153, 'rmse': 1.2626755782110521, 'rmsle': 0.14335815796946075, 'loss': 1.2626755782110521}
[I 2024-09-20 15:24:17,507] Trial 386 finished with value: 1.2626755782110521 and parameters: {'learning_rate': 0.12112685744559618, 'reg_lambda': 0.007737263138482024, 'reg_alpha': 0.10042726988763291, 'subsample': 0.9222318765650541, 'colsample_bytree': 0.625174360030664, 'max_depth': 4, 'early_stopping_rounds': 242, 'n_estimators': 7000}. Best is trial 207 with value: 1.189099607377955.
/Users/antoinelopez/Epitech/DIGITAL/DIGI 2/Victory Vision Analytics/pythonProject/.venv/lib/python3.12/site-packages/sklearn/metrics/_regression.py:492: FutureWarning: 'squared' is deprecated in version 1.4 and will be removed in 1.6. To calculate the root mean squared error, use the function'root_mean_squared_error'.
  warnings.warn(
/Users/antoinelopez/Epitech/DIGITAL/DIGI 2/Victory Vision Analytics/pythonProject/.venv/lib/python3.12/site-packages/sklearn/metrics/_regression.py:675: FutureWarning: 'squared' is deprecated in version 1.4 and will be removed in 1.6. To calculate the root mean squared logarithmic error, use the function'root_mean_squared_log_error'.
  warnings.warn(
INFO     | 2024-09-20 15:24:17 | __main__:optimize:122 - Metrics: {'r2': 0.9493188261985779, 'mse': 1.5761076411819008, 'mae': 0.8097945593124212, 'rmse': 1.2554312570514965, 'rmsle': 0.10462652123292027, 'loss': 1.2554312570514965}
[I 2024-09-20 15:24:17,752] Trial 387 finished with value: 1.2554312570514965 and parameters: {'learning_rate': 0.13136090082565177, 'reg_lambda': 1.1842380723285783e-07, 'reg_alpha': 0.0004599304615176989, 'subsample': 0.8643173474136303, 'colsample_bytree': 0.7033418308769602, 'max_depth': 3, 'early_stopping_rounds': 404, 'n_estimators': 7000}. Best is trial 207 with value: 1.189099607377955.
/Users/antoinelopez/Epitech/DIGITAL/DIGI 2/Victory Vision Analytics/pythonProject/.venv/lib/python3.12/site-packages/sklearn/metrics/_regression.py:492: FutureWarning: 'squared' is deprecated in version 1.4 and will be removed in 1.6. To calculate the root mean squared error, use the function'root_mean_squared_error'.
  warnings.warn(
/Users/antoinelopez/Epitech/DIGITAL/DIGI 2/Victory Vision Analytics/pythonProject/.venv/lib/python3.12/site-packages/sklearn/metrics/_regression.py:675: FutureWarning: 'squared' is deprecated in version 1.4 and will be removed in 1.6. To calculate the root mean squared logarithmic error, use the function'root_mean_squared_log_error'.
  warnings.warn(
INFO     | 2024-09-20 15:24:18 | __main__:optimize:122 - Metrics: {'r2': 0.9541577696800232, 'mse': 1.4256234183385017, 'mae': 0.8026243126669595, 'rmse': 1.1939947312859056, 'rmsle': 0.1081089273820453, 'loss': 1.1939947312859056}
[I 2024-09-20 15:24:18,068] Trial 388 finished with value: 1.1939947312859056 and parameters: {'learning_rate': 0.14030339026740207, 'reg_lambda': 0.08881879452539476, 'reg_alpha': 0.00013536469090015248, 'subsample': 0.8294713104897414, 'colsample_bytree': 0.7275238445360722, 'max_depth': 4, 'early_stopping_rounds': 419, 'n_estimators': 7000}. Best is trial 207 with value: 1.189099607377955.
/Users/antoinelopez/Epitech/DIGITAL/DIGI 2/Victory Vision Analytics/pythonProject/.venv/lib/python3.12/site-packages/sklearn/metrics/_regression.py:492: FutureWarning: 'squared' is deprecated in version 1.4 and will be removed in 1.6. To calculate the root mean squared error, use the function'root_mean_squared_error'.
  warnings.warn(
/Users/antoinelopez/Epitech/DIGITAL/DIGI 2/Victory Vision Analytics/pythonProject/.venv/lib/python3.12/site-packages/sklearn/metrics/_regression.py:675: FutureWarning: 'squared' is deprecated in version 1.4 and will be removed in 1.6. To calculate the root mean squared logarithmic error, use the function'root_mean_squared_log_error'.
  warnings.warn(
INFO     | 2024-09-20 15:24:18 | __main__:optimize:122 - Metrics: {'r2': 0.9511687159538269, 'mse': 1.5185784200736578, 'mae': 0.8114010228667148, 'rmse': 1.2323061389418044, 'rmsle': 0.10976674310866884, 'loss': 1.2323061389418044}
[I 2024-09-20 15:24:18,357] Trial 389 finished with value: 1.2323061389418044 and parameters: {'learning_rate': 0.14592535588845088, 'reg_lambda': 0.07652912719669057, 'reg_alpha': 9.560693767938362e-05, 'subsample': 0.8364996666323246, 'colsample_bytree': 0.7355962346598741, 'max_depth': 4, 'early_stopping_rounds': 413, 'n_estimators': 7000}. Best is trial 207 with value: 1.189099607377955.
/Users/antoinelopez/Epitech/DIGITAL/DIGI 2/Victory Vision Analytics/pythonProject/.venv/lib/python3.12/site-packages/sklearn/metrics/_regression.py:492: FutureWarning: 'squared' is deprecated in version 1.4 and will be removed in 1.6. To calculate the root mean squared error, use the function'root_mean_squared_error'.
  warnings.warn(
/Users/antoinelopez/Epitech/DIGITAL/DIGI 2/Victory Vision Analytics/pythonProject/.venv/lib/python3.12/site-packages/sklearn/metrics/_regression.py:675: FutureWarning: 'squared' is deprecated in version 1.4 and will be removed in 1.6. To calculate the root mean squared logarithmic error, use the function'root_mean_squared_log_error'.
  warnings.warn(
INFO     | 2024-09-20 15:24:18 | __main__:optimize:122 - Metrics: {'r2': 0.946474015712738, 'mse': 1.6645770767125594, 'mae': 0.8746672336445298, 'rmse': 1.2901849002032846, 'rmsle': 0.12055089892727683, 'loss': 1.2901849002032846}
