[I 2024-09-20 15:24:50,199] Trial 499 finished with value: 1.2605366161318992 and parameters: {'learning_rate': 0.16157344205031163, 'reg_lambda': 0.10827641881194851, 'reg_alpha': 6.296966304304867e-07, 'subsample': 0.8446382742070564, 'colsample_bytree': 0.6866533439657262, 'max_depth': 4, 'early_stopping_rounds': 252, 'n_estimators': 7000}. Best is trial 444 with value: 1.1759216052666033.
INFO     | 2024-09-20 15:24:50 | __main__:train:309 - Best params: {'learning_rate': 0.1536315284792532, 'reg_lambda': 0.18193248295021622, 'reg_alpha': 6.60576691258007e-05, 'subsample': 0.8676522947680911, 'colsample_bytree': 0.6592590281734657, 'max_depth': 4, 'early_stopping_rounds': 265, 'n_estimators': 7000}
/Users/antoinelopez/Epitech/DIGITAL/DIGI 2/Victory Vision Analytics/pythonProject/.venv/lib/python3.12/site-packages/sklearn/metrics/_regression.py:492: FutureWarning: 'squared' is deprecated in version 1.4 and will be removed in 1.6. To calculate the root mean squared error, use the function'root_mean_squared_error'.
  warnings.warn(
/Users/antoinelopez/Epitech/DIGITAL/DIGI 2/Victory Vision Analytics/pythonProject/.venv/lib/python3.12/site-packages/sklearn/metrics/_regression.py:675: FutureWarning: 'squared' is deprecated in version 1.4 and will be removed in 1.6. To calculate the root mean squared logarithmic error, use the function'root_mean_squared_log_error'.
  warnings.warn(
INFO     | 2024-09-20 15:24:50 | __main__:optimize:122 - Metrics: {'r2': 0.9202287197113037, 'mse': 2.480766030974698, 'mae': 1.1680808128312576, 'rmse': 1.5750447711016655, 'rmsle': 0.15227428737164778, 'loss': 1.5750447711016655}
INFO     | 2024-09-20 15:24:50 | __main__:train:344 - Pushing model to hub...

model.joblib:   0%|          | 0.00/646k [00:00<?, ?B/s]

Upload 2 LFS files:   0%|          | 0/2 [00:00<?, ?it/s][A


target_encoders.joblib:   0%|          | 0.00/5.00 [00:00<?, ?B/s][A[A
model.joblib:   3%|▎         | 16.4k/646k [00:00<00:04, 139kB/s]


target_encoders.joblib: 100%|██████████| 5.00/5.00 [00:00<00:00, 43.4B/s][A[A
target_encoders.joblib: 100%|██████████| 5.00/5.00 [00:00<00:00, 19.3B/s]

model.joblib: 100%|██████████| 646k/646k [00:00<00:00, 919kB/s] 


Upload 2 LFS files:  50%|█████     | 1/2 [00:00<00:00,  1.06it/s][A
Upload 2 LFS files: 100%|██████████| 2/2 [00:00<00:00,  2.12it/s]
[ColumnTransformer] ....... (1 of 2) Processing numeric, total=   0.0s
[ColumnTransformer] ....... (1 of 2) Processing numeric, total=   0.0s
[ColumnTransformer] ....... (1 of 2) Processing numeric, total=   0.0s
[ColumnTransformer] ... (2 of 2) Processing categorical, total=   0.0s
[ColumnTransformer] ... (2 of 2) Processing categorical, total=   0.0s
[ColumnTransformer] ....... (1 of 2) Processing numeric, total=   0.0s
[ColumnTransformer] ....... (1 of 2) Processing numeric, total=   0.0s
[ColumnTransformer] ... (2 of 2) Processing categorical, total=   0.0s
[ColumnTransformer] ... (2 of 2) Processing categorical, total=   0.0s
[ColumnTransformer] ....... (1 of 2) Processing numeric, total=   0.0s
[ColumnTransformer] ... (2 of 2) Processing categorical, total=   0.0s
[ColumnTransformer] ....... (1 of 2) Processing numeric, total=   0.0s
[ColumnTransformer] ... (2 of 2) Processing categorical, total=   0.0s
[ColumnTransformer] ....... (1 of 2) Processing numeric, total=   0.0s
[ColumnTransformer] ....... (1 of 2) Processing numeric, total=   0.0s
[ColumnTransformer] ....... (1 of 2) Processing numeric, total=   0.0s
[ColumnTransformer] ....... (1 of 2) Processing numeric, total=   0.0s
[ColumnTransformer] ... (2 of 2) Processing categorical, total=   0.0s
[ColumnTransformer] ....... (1 of 2) Processing numeric, total=   0.0s
[ColumnTransformer] ... (2 of 2) Processing categorical, total=   0.0s
[ColumnTransformer] ....... (1 of 2) Processing numeric, total=   0.0s
[ColumnTransformer] ....... (1 of 2) Processing numeric, total=   0.0s
[ColumnTransformer] ....... (1 of 2) Processing numeric, total=   0.0s
[ColumnTransformer] ... (2 of 2) Processing categorical, total=   0.0s
[ColumnTransformer] ....... (1 of 2) Processing numeric, total=   0.0s
[ColumnTransformer] ....... (1 of 2) Processing numeric, total=   0.0s
[ColumnTransformer] ... (2 of 2) Processing categorical, total=   0.0s
[ColumnTransformer] ....... (1 of 2) Processing numeric, total=   0.0s
[ColumnTransformer] ... (2 of 2) Processing categorical, total=   0.0s
[ColumnTransformer] ... (2 of 2) Processing categorical, total=   0.0s
[ColumnTransformer] ... (2 of 2) Processing categorical, total=   0.0s
[ColumnTransformer] ... (2 of 2) Processing categorical, total=   0.0s
[ColumnTransformer] ....... (1 of 2) Processing numeric, total=   0.0s
[ColumnTransformer] ... (2 of 2) Processing categorical, total=   0.0s
[ColumnTransformer] ....... (1 of 2) Processing numeric, total=   0.0s
[ColumnTransformer] ....... (1 of 2) Processing numeric, total=   0.0s
[ColumnTransformer] ... (2 of 2) Processing categorical, total=   0.0s
[ColumnTransformer] ... (2 of 2) Processing categorical, total=   0.0s
[ColumnTransformer] ... (2 of 2) Processing categorical, total=   0.0s
[ColumnTransformer] ... (2 of 2) Processing categorical, total=   0.0s
[ColumnTransformer] ....... (1 of 2) Processing numeric, total=   0.0s
[ColumnTransformer] ....... (1 of 2) Processing numeric, total=   0.0s
[ColumnTransformer] ....... (1 of 2) Processing numeric, total=   0.0s
[ColumnTransformer] ....... (1 of 2) Processing numeric, total=   0.0s
[ColumnTransformer] ....... (1 of 2) Processing numeric, total=   0.0s
[ColumnTransformer] ... (2 of 2) Processing categorical, total=   0.0s
[ColumnTransformer] ... (2 of 2) Processing categorical, total=   0.0s
[ColumnTransformer] ....... (1 of 2) Processing numeric, total=   0.0s
[ColumnTransformer] ... (2 of 2) Processing categorical, total=   0.0s
[ColumnTransformer] ... (2 of 2) Processing categorical, total=   0.0s
[ColumnTransformer] ... (2 of 2) Processing categorical, total=   0.0s
[ColumnTransformer] ... (2 of 2) Processing categorical, total=   0.0s
[ColumnTransformer] ....... (1 of 2) Processing numeric, total=   0.0s
[ColumnTransformer] ... (2 of 2) Processing categorical, total=   0.0s
[ColumnTransformer] ....... (1 of 2) Processing numeric, total=   0.0s
[ColumnTransformer] ....... (1 of 2) Processing numeric, total=   0.0s
[ColumnTransformer] ... (2 of 2) Processing categorical, total=   0.0s
[ColumnTransformer] ... (2 of 2) Processing categorical, total=   0.0s
[ColumnTransformer] ....... (1 of 2) Processing numeric, total=   0.0s
[ColumnTransformer] ... (2 of 2) Processing categorical, total=   0.0s
[ColumnTransformer] ....... (1 of 2) Processing numeric, total=   0.0s
[ColumnTransformer] ....... (1 of 2) Processing numeric, total=   0.0s
[ColumnTransformer] ....... (1 of 2) Processing numeric, total=   0.0s
[ColumnTransformer] ....... (1 of 2) Processing numeric, total=   0.0s
[ColumnTransformer] ... (2 of 2) Processing categorical, total=   0.0s
[ColumnTransformer] ... (2 of 2) Processing categorical, total=   0.0s
[ColumnTransformer] ... (2 of 2) Processing categorical, total=   0.0s
[ColumnTransformer] ... (2 of 2) Processing categorical, total=   0.0s
[ColumnTransformer] ....... (1 of 2) Processing numeric, total=   0.0s
[ColumnTransformer] ....... (1 of 2) Processing numeric, total=   0.0s
[ColumnTransformer] ... (2 of 2) Processing categorical, total=   0.0s
[ColumnTransformer] ... (2 of 2) Processing categorical, total=   0.0s
[ColumnTransformer] ....... (1 of 2) Processing numeric, total=   0.0s
[ColumnTransformer] ... (2 of 2) Processing categorical, total=   0.0s
[ColumnTransformer] ....... (1 of 2) Processing numeric, total=   0.0s
[ColumnTransformer] ....... (1 of 2) Processing numeric, total=   0.0s
[ColumnTransformer] ... (2 of 2) Processing categorical, total=   0.0s
[ColumnTransformer] ... (2 of 2) Processing categorical, total=   0.0s
[ColumnTransformer] ....... (1 of 2) Processing numeric, total=   0.0s
[ColumnTransformer] ....... (1 of 2) Processing numeric, total=   0.0s
[ColumnTransformer] ... (2 of 2) Processing categorical, total=   0.0s
[ColumnTransformer] ....... (1 of 2) Processing numeric, total=   0.0s
[ColumnTransformer] ....... (1 of 2) Processing numeric, total=   0.0s
[ColumnTransformer] ... (2 of 2) Processing categorical, total=   0.0s
[ColumnTransformer] ... (2 of 2) Processing categorical, total=   0.0s
[ColumnTransformer] ... (2 of 2) Processing categorical, total=   0.0s
[ColumnTransformer] ....... (1 of 2) Processing numeric, total=   0.0s
[ColumnTransformer] ... (2 of 2) Processing categorical, total=   0.0s
[ColumnTransformer] ... (2 of 2) Processing categorical, total=   0.0s
[ColumnTransformer] ....... (1 of 2) Processing numeric, total=   0.0s
[ColumnTransformer] ....... (1 of 2) Processing numeric, total=   0.0s
[ColumnTransformer] ....... (1 of 2) Processing numeric, total=   0.0s
[ColumnTransformer] ....... (1 of 2) Processing numeric, total=   0.0s
[ColumnTransformer] ....... (1 of 2) Processing numeric, total=   0.0s
[ColumnTransformer] ... (2 of 2) Processing categorical, total=   0.0s
[ColumnTransformer] ....... (1 of 2) Processing numeric, total=   0.0s
[ColumnTransformer] ... (2 of 2) Processing categorical, total=   0.0s
[ColumnTransformer] ... (2 of 2) Processing categorical, total=   0.0s
[ColumnTransformer] ....... (1 of 2) Processing numeric, total=   0.0s
[ColumnTransformer] ....... (1 of 2) Processing numeric, total=   0.0s
[ColumnTransformer] ... (2 of 2) Processing categorical, total=   0.0s
[ColumnTransformer] ... (2 of 2) Processing categorical, total=   0.0s
[ColumnTransformer] ....... (1 of 2) Processing numeric, total=   0.0s
[ColumnTransformer] ... (2 of 2) Processing categorical, total=   0.0s
[ColumnTransformer] ....... (1 of 2) Processing numeric, total=   0.0s
[ColumnTransformer] ....... (1 of 2) Processing numeric, total=   0.0s
[ColumnTransformer] ....... (1 of 2) Processing numeric, total=   0.0s
[ColumnTransformer] ....... (1 of 2) Processing numeric, total=   0.0s
[ColumnTransformer] ... (2 of 2) Processing categorical, total=   0.0s
[ColumnTransformer] ... (2 of 2) Processing categorical, total=   0.0s
[ColumnTransformer] ....... (1 of 2) Processing numeric, total=   0.0s
[ColumnTransformer] ....... (1 of 2) Processing numeric, total=   0.0s
[ColumnTransformer] ... (2 of 2) Processing categorical, total=   0.0s
[ColumnTransformer] ....... (1 of 2) Processing numeric, total=   0.0s
[ColumnTransformer] ....... (1 of 2) Processing numeric, total=   0.0s
[ColumnTransformer] ... (2 of 2) Processing categorical, total=   0.0s
[ColumnTransformer] ... (2 of 2) Processing categorical, total=   0.0s
[ColumnTransformer] ... (2 of 2) Processing categorical, total=   0.0s
[ColumnTransformer] ....... (1 of 2) Processing numeric, total=   0.0s
[ColumnTransformer] ... (2 of 2) Processing categorical, total=   0.0s
[ColumnTransformer] ... (2 of 2) Processing categorical, total=   0.0s
[ColumnTransformer] ....... (1 of 2) Processing numeric, total=   0.0s
[ColumnTransformer] ... (2 of 2) Processing categorical, total=   0.0s
[ColumnTransformer] ....... (1 of 2) Processing numeric, total=   0.0s
[ColumnTransformer] ... (2 of 2) Processing categorical, total=   0.0s
[ColumnTransformer] ... (2 of 2) Processing categorical, total=   0.0s
[ColumnTransformer] ....... (1 of 2) Processing numeric, total=   0.0s
[ColumnTransformer] ....... (1 of 2) Processing numeric, total=   0.0s
[ColumnTransformer] ....... (1 of 2) Processing numeric, total=   0.0s
[ColumnTransformer] ....... (1 of 2) Processing numeric, total=   0.0s
[ColumnTransformer] ... (2 of 2) Processing categorical, total=   0.0s
[ColumnTransformer] ... (2 of 2) Processing categorical, total=   0.0s
[ColumnTransformer] ... (2 of 2) Processing categorical, total=   0.0s
[ColumnTransformer] ... (2 of 2) Processing categorical, total=   0.0s
[ColumnTransformer] ....... (1 of 2) Processing numeric, total=   0.0s
[ColumnTransformer] ... (2 of 2) Processing categorical, total=   0.0s
[ColumnTransformer] ... (2 of 2) Processing categorical, total=   0.0s
[ColumnTransformer] ....... (1 of 2) Processing numeric, total=   0.0s
[ColumnTransformer] ... (2 of 2) Processing categorical, total=   0.0s
[ColumnTransformer] ....... (1 of 2) Processing numeric, total=   0.0s
[ColumnTransformer] ... (2 of 2) Processing categorical, total=   0.0s
[ColumnTransformer] ... (2 of 2) Processing categorical, total=   0.0s
[ColumnTransformer] ... (2 of 2) Processing categorical, total=   0.0s
[ColumnTransformer] ....... (1 of 2) Processing numeric, total=   0.0s
[ColumnTransformer] ... (2 of 2) Processing categorical, total=   0.0s
[ColumnTransformer] ....... (1 of 2) Processing numeric, total=   0.0s
[ColumnTransformer] ... (2 of 2) Processing categorical, total=   0.0s
[ColumnTransformer] ....... (1 of 2) Processing numeric, total=   0.0s
[ColumnTransformer] ....... (1 of 2) Processing numeric, total=   0.0s
[ColumnTransformer] ... (2 of 2) Processing categorical, total=   0.0s
[ColumnTransformer] ....... (1 of 2) Processing numeric, total=   0.0s
[ColumnTransformer] ... (2 of 2) Processing categorical, total=   0.0s
[ColumnTransformer] ... (2 of 2) Processing categorical, total=   0.0s
[ColumnTransformer] ....... (1 of 2) Processing numeric, total=   0.0s
[ColumnTransformer] ... (2 of 2) Processing categorical, total=   0.0s
[ColumnTransformer] ... (2 of 2) Processing categorical, total=   0.0s
[ColumnTransformer] ....... (1 of 2) Processing numeric, total=   0.0s
[ColumnTransformer] ... (2 of 2) Processing categorical, total=   0.0s
[ColumnTransformer] ... (2 of 2) Processing categorical, total=   0.0s
[ColumnTransformer] ....... (1 of 2) Processing numeric, total=   0.0s
[ColumnTransformer] ... (2 of 2) Processing categorical, total=   0.0s
[ColumnTransformer] ....... (1 of 2) Processing numeric, total=   0.0s
[ColumnTransformer] ....... (1 of 2) Processing numeric, total=   0.0s
[ColumnTransformer] ....... (1 of 2) Processing numeric, total=   0.0s
[ColumnTransformer] ....... (1 of 2) Processing numeric, total=   0.0s
[ColumnTransformer] ... (2 of 2) Processing categorical, total=   0.0s
[ColumnTransformer] ....... (1 of 2) Processing numeric, total=   0.0s
[ColumnTransformer] ....... (1 of 2) Processing numeric, total=   0.0s
[ColumnTransformer] ... (2 of 2) Processing categorical, total=   0.0s
[ColumnTransformer] ... (2 of 2) Processing categorical, total=   0.0s
[ColumnTransformer] ....... (1 of 2) Processing numeric, total=   0.0s
[ColumnTransformer] ....... (1 of 2) Processing numeric, total=   0.0s
[ColumnTransformer] ... (2 of 2) Processing categorical, total=   0.0s
[ColumnTransformer] ... (2 of 2) Processing categorical, total=   0.0s
[ColumnTransformer] ... (2 of 2) Processing categorical, total=   0.0s
[ColumnTransformer] ....... (1 of 2) Processing numeric, total=   0.0s
[ColumnTransformer] ... (2 of 2) Processing categorical, total=   0.0s
[ColumnTransformer] ....... (1 of 2) Processing numeric, total=   0.0s
[ColumnTransformer] ... (2 of 2) Processing categorical, total=   0.0s
[ColumnTransformer] ... (2 of 2) Processing categorical, total=   0.0s
[ColumnTransformer] ....... (1 of 2) Processing numeric, total=   0.0s
[ColumnTransformer] ....... (1 of 2) Processing numeric, total=   0.0s
[ColumnTransformer] ....... (1 of 2) Processing numeric, total=   0.0s
[ColumnTransformer] ... (2 of 2) Processing categorical, total=   0.0s
[ColumnTransformer] ... (2 of 2) Processing categorical, total=   0.0s
[ColumnTransformer] ....... (1 of 2) Processing numeric, total=   0.0s
[ColumnTransformer] ....... (1 of 2) Processing numeric, total=   0.0s
[ColumnTransformer] ... (2 of 2) Processing categorical, total=   0.0s
[ColumnTransformer] ... (2 of 2) Processing categorical, total=   0.0s
[ColumnTransformer] ... (2 of 2) Processing categorical, total=   0.0s
[ColumnTransformer] ... (2 of 2) Processing categorical, total=   0.0s
[ColumnTransformer] ....... (1 of 2) Processing numeric, total=   0.0s
[ColumnTransformer] ... (2 of 2) Processing categorical, total=   0.0s
[ColumnTransformer] ....... (1 of 2) Processing numeric, total=   0.0s
[ColumnTransformer] ... (2 of 2) Processing categorical, total=   0.0s
[ColumnTransformer] ... (2 of 2) Processing categorical, total=   0.0s
[ColumnTransformer] ....... (1 of 2) Processing numeric, total=   0.0s
[ColumnTransformer] ... (2 of 2) Processing categorical, total=   0.0s
[ColumnTransformer] ... (2 of 2) Processing categorical, total=   0.0s
[ColumnTransformer] ... (2 of 2) Processing categorical, total=   0.0s
[ColumnTransformer] ... (2 of 2) Processing categorical, total=   0.0s
[ColumnTransformer] ....... (1 of 2) Processing numeric, total=   0.0s
[ColumnTransformer] ... (2 of 2) Processing categorical, total=   0.0s
[ColumnTransformer] ....... (1 of 2) Processing numeric, total=   0.0s
[ColumnTransformer] ... (2 of 2) Processing categorical, total=   0.0s
[ColumnTransformer] ....... (1 of 2) Processing numeric, total=   0.0s
[ColumnTransformer] ... (2 of 2) Processing categorical, total=   0.0s
[ColumnTransformer] ....... (1 of 2) Processing numeric, total=   0.0s
[ColumnTransformer] ....... (1 of 2) Processing numeric, total=   0.0s
[ColumnTransformer] ....... (1 of 2) Processing numeric, total=   0.0s
[ColumnTransformer] ... (2 of 2) Processing categorical, total=   0.0s
[ColumnTransformer] ....... (1 of 2) Processing numeric, total=   0.0s
[ColumnTransformer] ... (2 of 2) Processing categorical, total=   0.0s
[ColumnTransformer] ... (2 of 2) Processing categorical, total=   0.0s
[ColumnTransformer] ....... (1 of 2) Processing numeric, total=   0.0s
[ColumnTransformer] ....... (1 of 2) Processing numeric, total=   0.0s
[ColumnTransformer] ....... (1 of 2) Processing numeric, total=   0.0s
[ColumnTransformer] ....... (1 of 2) Processing numeric, total=   0.0s
[ColumnTransformer] ....... (1 of 2) Processing numeric, total=   0.0s
[ColumnTransformer] ....... (1 of 2) Processing numeric, total=   0.0s
[ColumnTransformer] ... (2 of 2) Processing categorical, total=   0.0s
[ColumnTransformer] ... (2 of 2) Processing categorical, total=   0.0s
[ColumnTransformer] ....... (1 of 2) Processing numeric, total=   0.0s
[ColumnTransformer] ....... (1 of 2) Processing numeric, total=   0.0s
[ColumnTransformer] ... (2 of 2) Processing categorical, total=   0.0s
[ColumnTransformer] ....... (1 of 2) Processing numeric, total=   0.0s
[ColumnTransformer] ....... (1 of 2) Processing numeric, total=   0.0s
[ColumnTransformer] ... (2 of 2) Processing categorical, total=   0.0s
[ColumnTransformer] ....... (1 of 2) Processing numeric, total=   0.0s
[ColumnTransformer] ....... (1 of 2) Processing numeric, total=   0.0s
[ColumnTransformer] ....... (1 of 2) Processing numeric, total=   0.0s
[ColumnTransformer] ... (2 of 2) Processing categorical, total=   0.0s
[ColumnTransformer] ....... (1 of 2) Processing numeric, total=   0.0s
[ColumnTransformer] ....... (1 of 2) Processing numeric, total=   0.0s
[ColumnTransformer] ... (2 of 2) Processing categorical, total=   0.0s
[ColumnTransformer] ....... (1 of 2) Processing numeric, total=   0.0s
[ColumnTransformer] ... (2 of 2) Processing categorical, total=   0.0s
[ColumnTransformer] ... (2 of 2) Processing categorical, total=   0.0s
[ColumnTransformer] ... (2 of 2) Processing categorical, total=   0.0s
[ColumnTransformer] ....... (1 of 2) Processing numeric, total=   0.0s
[ColumnTransformer] ... (2 of 2) Processing categorical, total=   0.0s
[ColumnTransformer] ... (2 of 2) Processing categorical, total=   0.0s
[ColumnTransformer] ... (2 of 2) Processing categorical, total=   0.0s
[ColumnTransformer] ... (2 of 2) Processing categorical, total=   0.0s
[ColumnTransformer] ... (2 of 2) Processing categorical, total=   0.0s
[ColumnTransformer] ....... (1 of 2) Processing numeric, total=   0.0s
[ColumnTransformer] ....... (1 of 2) Processing numeric, total=   0.0s
[ColumnTransformer] ....... (1 of 2) Processing numeric, total=   0.0s
[ColumnTransformer] ....... (1 of 2) Processing numeric, total=   0.0s
[ColumnTransformer] ... (2 of 2) Processing categorical, total=   0.0s
[ColumnTransformer] ....... (1 of 2) Processing numeric, total=   0.0s
[ColumnTransformer] ....... (1 of 2) Processing numeric, total=   0.0s
[ColumnTransformer] ... (2 of 2) Processing categorical, total=   0.0s
[ColumnTransformer] ....... (1 of 2) Processing numeric, total=   0.0s
[ColumnTransformer] ... (2 of 2) Processing categorical, total=   0.0s
[ColumnTransformer] ....... (1 of 2) Processing numeric, total=   0.0s
[ColumnTransformer] ... (2 of 2) Processing categorical, total=   0.0s
[ColumnTransformer] ....... (1 of 2) Processing numeric, total=   0.0s
[ColumnTransformer] ....... (1 of 2) Processing numeric, total=   0.0s
[ColumnTransformer] ....... (1 of 2) Processing numeric, total=   0.0s
[ColumnTransformer] ... (2 of 2) Processing categorical, total=   0.0s
[ColumnTransformer] ... (2 of 2) Processing categorical, total=   0.0s
[ColumnTransformer] ... (2 of 2) Processing categorical, total=   0.0s
[ColumnTransformer] ... (2 of 2) Processing categorical, total=   0.0s
[ColumnTransformer] ....... (1 of 2) Processing numeric, total=   0.0s
[ColumnTransformer] ....... (1 of 2) Processing numeric, total=   0.0s
[ColumnTransformer] ....... (1 of 2) Processing numeric, total=   0.0s
[ColumnTransformer] ... (2 of 2) Processing categorical, total=   0.0s
[ColumnTransformer] ....... (1 of 2) Processing numeric, total=   0.0s
[ColumnTransformer] ....... (1 of 2) Processing numeric, total=   0.0s
[ColumnTransformer] ... (2 of 2) Processing categorical, total=   0.0s
[ColumnTransformer] ....... (1 of 2) Processing numeric, total=   0.0s
[ColumnTransformer] ....... (1 of 2) Processing numeric, total=   0.0s
[ColumnTransformer] ... (2 of 2) Processing categorical, total=   0.0s
[ColumnTransformer] ....... (1 of 2) Processing numeric, total=   0.0s
[ColumnTransformer] ... (2 of 2) Processing categorical, total=   0.0s
[ColumnTransformer] ....... (1 of 2) Processing numeric, total=   0.0s
[C