[I 2024-09-20 15:23:40,802] Trial 262 finished with value: 1.2477162647917963 and parameters: {'learning_rate': 0.12420049241930649, 'reg_lambda': 0.30127409278429423, 'reg_alpha': 0.1885998332315526, 'subsample': 0.8860300844675063, 'colsample_bytree': 0.6768409188091892, 'max_depth': 4, 'early_stopping_rounds': 434, 'n_estimators': 7000}. Best is trial 207 with value: 1.189099607377955.
/Users/antoinelopez/Epitech/DIGITAL/DIGI 2/Victory Vision Analytics/pythonProject/.venv/lib/python3.12/site-packages/sklearn/metrics/_regression.py:492: FutureWarning: 'squared' is deprecated in version 1.4 and will be removed in 1.6. To calculate the root mean squared error, use the function'root_mean_squared_error'.
  warnings.warn(
/Users/antoinelopez/Epitech/DIGITAL/DIGI 2/Victory Vision Analytics/pythonProject/.venv/lib/python3.12/site-packages/sklearn/metrics/_regression.py:675: FutureWarning: 'squared' is deprecated in version 1.4 and will be removed in 1.6. To calculate the root mean squared logarithmic error, use the function'root_mean_squared_log_error'.
  warnings.warn(
INFO     | 2024-09-20 15:23:41 | __main__:optimize:122 - Metrics: {'r2': 0.9520658850669861, 'mse': 1.4906777179645863, 'mae': 0.7947667160699534, 'rmse': 1.2209331341087382, 'rmsle': 0.1123178350474518, 'loss': 1.2209331341087382}
[I 2024-09-20 15:23:41,106] Trial 263 finished with value: 1.2209331341087382 and parameters: {'learning_rate': 0.13551668843700537, 'reg_lambda': 0.8967189681997332, 'reg_alpha': 0.0006567758540320869, 'subsample': 0.8659402504010536, 'colsample_bytree': 0.6502918716488871, 'max_depth': 4, 'early_stopping_rounds': 440, 'n_estimators': 7000}. Best is trial 207 with value: 1.189099607377955.
/Users/antoinelopez/Epitech/DIGITAL/DIGI 2/Victory Vision Analytics/pythonProject/.venv/lib/python3.12/site-packages/sklearn/metrics/_regression.py:492: FutureWarning: 'squared' is deprecated in version 1.4 and will be removed in 1.6. To calculate the root mean squared error, use the function'root_mean_squared_error'.
  warnings.warn(
/Users/antoinelopez/Epitech/DIGITAL/DIGI 2/Victory Vision Analytics/pythonProject/.venv/lib/python3.12/site-packages/sklearn/metrics/_regression.py:675: FutureWarning: 'squared' is deprecated in version 1.4 and will be removed in 1.6. To calculate the root mean squared logarithmic error, use the function'root_mean_squared_log_error'.
  warnings.warn(
INFO     | 2024-09-20 15:23:41 | __main__:optimize:122 - Metrics: {'r2': 0.9530798196792603, 'mse': 1.4591453903649572, 'mae': 0.8141806695350381, 'rmse': 1.2079509056103883, 'rmsle': 0.11185288291634825, 'loss': 1.2079509056103883}
[I 2024-09-20 15:23:41,368] Trial 264 finished with value: 1.2079509056103883 and parameters: {'learning_rate': 0.11240258110782682, 'reg_lambda': 0.13077512960308668, 'reg_alpha': 0.0012987296474509435, 'subsample': 0.8977071412649618, 'colsample_bytree': 0.719830937648942, 'max_depth': 4, 'early_stopping_rounds': 292, 'n_estimators': 7000}. Best is trial 207 with value: 1.189099607377955.
/Users/antoinelopez/Epitech/DIGITAL/DIGI 2/Victory Vision Analytics/pythonProject/.venv/lib/python3.12/site-packages/sklearn/metrics/_regression.py:492: FutureWarning: 'squared' is deprecated in version 1.4 and will be removed in 1.6. To calculate the root mean squared error, use the function'root_mean_squared_error'.
  warnings.warn(
/Users/antoinelopez/Epitech/DIGITAL/DIGI 2/Victory Vision Analytics/pythonProject/.venv/lib/python3.12/site-packages/sklearn/metrics/_regression.py:675: FutureWarning: 'squared' is deprecated in version 1.4 and will be removed in 1.6. To calculate the root mean squared logarithmic error, use the function'root_mean_squared_log_error'.
  warnings.warn(
INFO     | 2024-09-20 15:23:41 | __main__:optimize:122 - Metrics: {'r2': 0.9497073888778687, 'mse': 1.5640240434130972, 'mae': 0.8508604494638221, 'rmse': 1.2506094687843592, 'rmsle': 0.1233639120880068, 'loss': 1.2506094687843592}
[I 2024-09-20 15:23:41,701] Trial 265 finished with value: 1.2506094687843592 and parameters: {'learning_rate': 0.11108892531494773, 'reg_lambda': 0.18277746536194264, 'reg_alpha': 0.12812922103826271, 'subsample': 0.8915342729271724, 'colsample_bytree': 0.73341652689689, 'max_depth': 4, 'early_stopping_rounds': 456, 'n_estimators': 7000}. Best is trial 207 with value: 1.189099607377955.
/Users/antoinelopez/Epitech/DIGITAL/DIGI 2/Victory Vision Analytics/pythonProject/.venv/lib/python3.12/site-packages/sklearn/metrics/_regression.py:492: FutureWarning: 'squared' is deprecated in version 1.4 and will be removed in 1.6. To calculate the root mean squared error, use the function'root_mean_squared_error'.
  warnings.warn(
/Users/antoinelopez/Epitech/DIGITAL/DIGI 2/Victory Vision Analytics/pythonProject/.venv/lib/python3.12/site-packages/sklearn/metrics/_regression.py:675: FutureWarning: 'squared' is deprecated in version 1.4 and will be removed in 1.6. To calculate the root mean squared logarithmic error, use the function'root_mean_squared_log_error'.
  warnings.warn(
INFO     | 2024-09-20 15:23:42 | __main__:optimize:122 - Metrics: {'r2': 0.9506468176841736, 'mse': 1.5348084211751907, 'mae': 0.8081171655377676, 'rmse': 1.23887385200237, 'rmsle': 0.11119861085232718, 'loss': 1.23887385200237}
[I 2024-09-20 15:23:42,018] Trial 266 finished with value: 1.23887385200237 and parameters: {'learning_rate': 0.10412602753531075, 'reg_lambda': 0.09324444572978796, 'reg_alpha': 0.00042691030786910674, 'subsample': 0.8572815640616942, 'colsample_bytree': 0.7137551668056241, 'max_depth': 4, 'early_stopping_rounds': 290, 'n_estimators': 7000}. Best is trial 207 with value: 1.189099607377955.
/Users/antoinelopez/Epitech/DIGITAL/DIGI 2/Victory Vision Analytics/pythonProject/.venv/lib/python3.12/site-packages/sklearn/metrics/_regression.py:492: FutureWarning: 'squared' is deprecated in version 1.4 and will be removed in 1.6. To calculate the root mean squared error, use the function'root_mean_squared_error'.
  warnings.warn(
/Users/antoinelopez/Epitech/DIGITAL/DIGI 2/Victory Vision Analytics/pythonProject/.venv/lib/python3.12/site-packages/sklearn/metrics/_regression.py:675: FutureWarning: 'squared' is deprecated in version 1.4 and will be removed in 1.6. To calculate the root mean squared logarithmic error, use the function'root_mean_squared_log_error'.
  warnings.warn(
INFO     | 2024-09-20 15:23:42 | __main__:optimize:122 - Metrics: {'r2': 0.9524896144866943, 'mse': 1.4775013831518142, 'mae': 0.7862368497737618, 'rmse': 1.21552514706682, 'rmsle': 0.11792447657942692, 'loss': 1.21552514706682}
[I 2024-09-20 15:23:42,318] Trial 267 finished with value: 1.21552514706682 and parameters: {'learning_rate': 0.11848402599681086, 'reg_lambda': 0.11793590045251523, 'reg_alpha': 0.0026677398888366034, 'subsample': 0.9014792602422529, 'colsample_bytree': 0.751712996238387, 'max_depth': 4, 'early_stopping_rounds': 430, 'n_estimators': 7000}. Best is trial 207 with value: 1.189099607377955.
/Users/antoinelopez/Epitech/DIGITAL/DIGI 2/Victory Vision Analytics/pythonProject/.venv/lib/python3.12/site-packages/sklearn/metrics/_regression.py:492: FutureWarning: 'squared' is deprecated in version 1.4 and will be removed in 1.6. To calculate the root mean squared error, use the function'root_mean_squared_error'.
  warnings.warn(
/Users/antoinelopez/Epitech/DIGITAL/DIGI 2/Victory Vision Analytics/pythonProject/.venv/lib/python3.12/site-packages/sklearn/metrics/_regression.py:675: FutureWarning: 'squared' is deprecated in version 1.4 and will be removed in 1.6. To calculate the root mean squared logarithmic error, use the function'root_mean_squared_log_error'.
  warnings.warn(
INFO     | 2024-09-20 15:23:42 | __main__:optimize:122 - Metrics: {'r2': 0.9504455327987671, 'mse': 1.5410682470160226, 'mae': 0.829444653211638, 'rmse': 1.241397698973227, 'rmsle': 0.1153968300223364, 'loss': 1.241397698973227}
[I 2024-09-20 15:23:42,558] Trial 268 finished with value: 1.241397698973227 and parameters: {'learning_rate': 0.11182732811915769, 'reg_lambda': 0.00043600175853125386, 'reg_alpha': 0.00799120197144547, 'subsample': 0.8766535160226077, 'colsample_bytree': 0.7287593028161161, 'max_depth': 4, 'early_stopping_rounds': 282, 'n_estimators': 7000}. Best is trial 207 with value: 1.189099607377955.
/Users/antoinelopez/Epitech/DIGITAL/DIGI 2/Victory Vision Analytics/pythonProject/.venv/lib/python3.12/site-packages/sklearn/metrics/_regression.py:492: FutureWarning: 'squared' is deprecated in version 1.4 and will be removed in 1.6. To calculate the root mean squared error, use the function'root_mean_squared_error'.
  warnings.warn(
/Users/antoinelopez/Epitech/DIGITAL/DIGI 2/Victory Vision Analytics/pythonProject/.venv/lib/python3.12/site-packages/sklearn/metrics/_regression.py:675: FutureWarning: 'squared' is deprecated in version 1.4 and will be removed in 1.6. To calculate the root mean squared logarithmic error, use the function'root_mean_squared_log_error'.
  warnings.warn(
INFO     | 2024-09-20 15:23:42 | __main__:optimize:122 - Metrics: {'r2': 0.9512251615524292, 'mse': 1.5168224637638543, 'mae': 0.8274849703145581, 'rmse': 1.2315934652976421, 'rmsle': 0.10978173550593953, 'loss': 1.2315934652976421}
[I 2024-09-20 15:23:42,880] Trial 269 finished with value: 1.2315934652976421 and parameters: {'learning_rate': 0.12097000221946577, 'reg_lambda': 0.7979563903347054, 'reg_alpha': 0.004776581692048706, 'subsample': 0.8171075732539417, 'colsample_bytree': 0.6957383806311132, 'max_depth': 4, 'early_stopping_rounds': 291, 'n_estimators': 7000}. Best is trial 207 with value: 1.189099607377955.
/Users/antoinelopez/Epitech/DIGITAL/DIGI 2/Victory Vision Analytics/pythonProject/.venv/lib/python3.12/site-packages/sklearn/metrics/_regression.py:492: FutureWarning: 'squared' is deprecated in version 1.4 and will be removed in 1.6. To calculate the root mean squared error, use the function'root_mean_squared_error'.
  warnings.warn(
/Users/antoinelopez/Epitech/DIGITAL/DIGI 2/Victory Vision Analytics/pythonProject/.venv/lib/python3.12/site-packages/sklearn/metrics/_regression.py:675: FutureWarning: 'squared' is deprecated in version 1.4 and will be removed in 1.6. To calculate the root mean squared logarithmic error, use the function'root_mean_squared_log_error'.
  warnings.warn(
INFO     | 2024-09-20 15:23:43 | __main__:optimize:122 - Metrics: {'r2': 0.950039267539978, 'mse': 1.553703086400255, 'mae': 0.8182743082212848, 'rmse': 1.2464762678848944, 'rmsle': 0.11713838028672309, 'loss': 1.2464762678848944}
[I 2024-09-20 15:23:43,267] Trial 270 finished with value: 1.2464762678848944 and parameters: {'learning_rate': 0.10300902242294042, 'reg_lambda': 0.050002459388863815, 'reg_alpha': 0.13661963959133602, 'subsample': 0.8466707526201759, 'colsample_bytree': 0.7161543182722394, 'max_depth': 4, 'early_stopping_rounds': 447, 'n_estimators': 7000}. Best is trial 207 with value: 1.189099607377955.
/Users/antoinelopez/Epitech/DIGITAL/DIGI 2/Victory Vision Analytics/pythonProject/.venv/lib/python3.12/site-packages/sklearn/metrics/_regression.py:492: FutureWarning: 'squared' is deprecated in version 1.4 and will be removed in 1.6. To calculate the root mean squared error, use the function'root_mean_squared_error'.
  warnings.warn(
/Users/antoinelopez/Epitech/DIGITAL/DIGI 2/Victory Vision Analytics/pythonProject/.venv/lib/python3.12/site-packages/sklearn/metrics/_regression.py:675: FutureWarning: 'squared' is deprecated in version 1.4 and will be removed in 1.6. To calculate the root mean squared logarithmic error, use the function'root_mean_squared_log_error'.
  warnings.warn(
INFO     | 2024-09-20 15:23:43 | __main__:optimize:122 - Metrics: {'r2': 0.9520779848098755, 'mse': 1.4903014698607282, 'mae': 0.788645276912423, 'rmse': 1.2207790421942573, 'rmsle': 0.09886201637374128, 'loss': 1.2207790421942573}
[I 2024-09-20 15:23:43,574] Trial 271 finished with value: 1.2207790421942573 and parameters: {'learning_rate': 0.14744582680663737, 'reg_lambda': 0.002094317607294971, 'reg_alpha': 0.001613250076279861, 'subsample': 0.9309450431860079, 'colsample_bytree': 0.7668200114982409, 'max_depth': 5, 'early_stopping_rounds': 300, 'n_estimators': 7000}. Best is trial 207 with value: 1.189099607377955.
/Users/antoinelopez/Epitech/DIGITAL/DIGI 2/Victory Vision Analytics/pythonProject/.venv/lib/python3.12/site-packages/sklearn/metrics/_regression.py:492: FutureWarning: 'squared' is deprecated in version 1.4 and will be removed in 1.6. To calculate the root mean squared error, use the function'root_mean_squared_error'.
  warnings.warn(
/Users/antoinelopez/Epitech/DIGITAL/DIGI 2/Victory Vision Analytics/pythonProject/.venv/lib/python3.12/site-packages/sklearn/metrics/_regression.py:675: FutureWarning: 'squared' is deprecated in version 1.4 and will be removed in 1.6. To calculate the root mean squared logarithmic error, use the function'root_mean_squared_log_error'.
  warnings.warn(
INFO     | 2024-09-20 15:23:43 | __main__:optimize:122 - Metrics: {'r2': 0.9526944160461426, 'mse': 1.4711325586600668, 'mae': 0.7921613714029623, 'rmse': 1.2129025346910884, 'rmsle': 0.11348078840230152, 'loss': 1.2129025346910884}
[I 2024-09-20 15:23:43,909] Trial 272 finished with value: 1.2129025346910884 and parameters: {'learning_rate': 0.11367008529316193, 'reg_lambda': 0.0010064684302901396, 'reg_alpha': 0.015085287025160578, 'subsample': 0.8889532866944372, 'colsample_bytree': 0.6908400697497856, 'max_depth': 4, 'early_stopping_rounds': 312, 'n_estimators': 15000}. Best is trial 207 with value: 1.189099607377955.
/Users/antoinelopez/Epitech/DIGITAL/DIGI 2/Victory Vision Analytics/pythonProject/.venv/lib/python3.12/site-packages/sklearn/metrics/_regression.py:492: FutureWarning: 'squared' is deprecated in version 1.4 and will be removed in 1.6. To calculate the root mean squared error, use the function'root_mean_squared_error'.
  warnings.warn(
/Users/antoinelopez/Epitech/DIGITAL/DIGI 2/Victory Vision Analytics/pythonProject/.venv/lib/python3.12/site-packages/sklearn/metrics/_regression.py:675: FutureWarning: 'squared' is deprecated in version 1.4 and will be removed in 1.6. To calculate the root mean squared logarithmic error, use the function'root_mean_squared_log_error'.
  warnings.warn(
INFO     | 2024-09-20 15:23:44 | __main__:optimize:122 - Metrics: {'r2': 0.9538028240203857, 'mse': 1.4366614566883464, 'mae': 0.8062855361505996, 'rmse': 1.1986081330811778, 'rmsle': 0.11677637050563333, 'loss': 1.1986081330811778}
[I 2024-09-20 15:23:44,334] Trial 273 finished with value: 1.1986081330811778 and parameters: {'learning_rate': 0.12586145391590708, 'reg_lambda': 0.003752740736840842, 'reg_alpha': 0.2876421551259252, 'subsample': 0.8696621265334018, 'colsample_bytree': 0.7216153607552838, 'max_depth': 4, 'early_stopping_rounds': 248, 'n_estimators': 7000}. Best is trial 207 with value: 1.189099607377955.
/Users/antoinelopez/Epitech/DIGITAL/DIGI 2/Victory Vision Analytics/pythonProject/.venv/lib/python3.12/site-packages/sklearn/metrics/_regression.py:492: FutureWarning: 'squared' is deprecated in version 1.4 and will be removed in 1.6. To calculate the root mean squared error, use the function'root_mean_squared_error'.
  warnings.warn(
/Users/antoinelopez/Epitech/DIGITAL/DIGI 2/Victory Vision Analytics/pythonProject/.venv/lib/python3.12/site-packages/sklearn/metrics/_regression.py:675: FutureWarning: 'squared' is deprecated in version 1.4 and will be removed in 1.6. To calculate the root mean squared logarithmic error, use the function'root_mean_squared_log_error'.
  warnings.warn(
INFO     | 2024-09-20 15:23:44 | __main__:optimize:122 - Metrics: {'r2': 0.9515588283538818, 'mse': 1.506446026070576, 'mae': 0.8090505084326101, 'rmse': 1.227373629369059, 'rmsle': 0.1115836775492212, 'loss': 1.227373629369059}
[I 2024-09-20 15:23:44,669] Trial 274 finished with value: 1.227373629369059 and parameters: {'learning_rate': 0.1356462722312328, 'reg_lambda': 0.004084946032740512, 'reg_alpha': 0.3548897332919122, 'subsample': 0.854522767661589, 'colsample_bytree': 0.7243967433368733, 'max_depth': 4, 'early_stopping_rounds': 243, 'n_estimators': 7000}. Best is trial 207 with value: 1.189099607377955.
/Users/antoinelopez/Epitech/DIGITAL/DIGI 2/Victory Vision Analytics/pythonProject/.venv/lib/python3.12/site-packages/sklearn/metrics/_regression.py:492: FutureWarning: 'squared' is deprecated in version 1.4 and will be removed in 1.6. To calculate the root mean squared error, use the function'root_mean_squared_error'.
  warnings.warn(
/Users/antoinelopez/Epitech/DIGITAL/DIGI 2/Victory Vision Analytics/pythonProject/.venv/lib/python3.12/site-packages/sklearn/metrics/_regression.py:675: FutureWarning: 'squared' is deprecated in version 1.4 and will be removed in 1.6. To calculate the root mean squared logarithmic error, use the function'root_mean_squared_log_error'.
  warnings.warn(
INFO     | 2024-09-20 15:23:44 | __main__:optimize:122 - Metrics: {'r2': 0.9497419595718384, 'mse': 1.562948248065641, 'mae': 0.8322723180748696, 'rmse': 1.2501792863688155, 'rmsle': 0.11867107099765643, 'loss': 1.2501792863688155}
[I 2024-09-20 15:23:44,929] Trial 275 finished with value: 1.2501792863688155 and parameters: {'learning_rate': 0.12503686560924784, 'reg_lambda': 0.005351616957891989, 'reg_alpha': 0.21490541751603223, 'subsample': 0.8300872336145713, 'colsample_bytree': 0.742831493701222, 'max_depth': 4, 'early_stopping_rounds': 322, 'n_estimators': 7000}. Best is trial 207 with value: 1.189099607377955.
/Users/antoinelopez/Epitech/DIGITAL/DIGI 2/Victory Vision Analytics/pythonProject/.venv/lib/python3.12/site-packages/sklearn/metrics/_regression.py:492: FutureWarning: 'squared' is deprecated in version 1.4 and will be removed in 1.6. To calculate the root mean squared error, use the function'root_mean_squared_error'.
  warnings.warn(
/Users/antoinelopez/Epitech/DIGITAL/DIGI 2/Victory Vision Analytics/pythonProject/.venv/lib/python3.12/site-packages/sklearn/metrics/_regression.py:675: FutureWarning: 'squared' is deprecated in version 1.4 and will be removed in 1.6. To calculate the root mean squared logarithmic error, use the function'root_mean_squared_log_error'.
  warnings.warn(
INFO     | 2024-09-20 15:23:45 | __main__:optimize:122 - Metrics: {'r2': 0.9516633152961731, 'mse': 1.5031971917219342, 'mae': 0.812916186937066, 'rmse': 1.226049424665227, 'rmsle': 0.11627928506762618, 'loss': 1.226049424665227}
[I 2024-09-20 15:23:45,154] Trial 276 finished with value: 1.226049424665227 and parameters: {'learning_rate': 0.14051779443213844, 'reg_lambda': 0.0022700053598073656, 'reg_alpha': 0.26062588588646857, 'subsample': 0.8687557354679962, 'colsample_bytree': 0.6642153309923502, 'max_depth': 4, 'early_stopping_rounds': 225, 'n_estimators': 7000}. Best is trial 207 with value: 1.189099607377955.
/Users/antoinelopez/Epitech/DIGITAL/DIGI 2/Victory Vision Analytics/pythonProject/.venv/lib/python3.12/site-packages/sklearn/metrics/_regression.py:492: FutureWarning: 'squared' is deprecated in version 1.4 and will be removed in 1.6. To calculate the root mean squared error, use the function'root_mean_squared_error'.
  warnings.warn(
/Users/antoinelopez/Epitech/DIGITAL/DIGI 2/Victory Vision Analytics/pythonProject/.venv/lib/python3.12/site-packages/sklearn/metrics/_regression.py:675: FutureWarning: 'squared' is deprecated in version 1.4 and will be removed in 1.6. To calculate the root mean squared logarithmic error, use the function'root_mean_squared_log_error'.
  warnings.warn(
INFO     | 2024-09-20 15:23:45 | __main__:optimize:122 - Metrics: {'r2': 0.9456634521484375, 'mse': 1.6897831426343342, 'mae': 0.9002627638190291, 'rmse': 1.2999165906450822, 'rmsle': 0.13664123363941585, 'loss': 1.2999165906450822}
[I 2024-09-20 15:23:45,440] Trial 277 finished with value: 1.2999165906450822 and parameters: {'learning_rate': 0.129580538577178, 'reg_lambda': 0.03275870822341757, 'reg_alpha': 3.924363390359399e-05, 'subsample': 0.9048294964682675, 'colsample_bytree': 0.5031711082728817, 'max_depth': 4, 'early_stopping_rounds': 440, 'n_estimators': 7000}. Best is trial 207 with value: 1.189099607377955.
/Users/antoinelopez/Epitech/DIGITAL/DIGI 2/Victory Vision Analytics/pythonProject/.venv/lib/python3.12/site-packages/sklearn/metrics/_regression.py:492: FutureWarning: 'squared' is deprecated in version 1.4 and will be removed in 1.6. To calculate the root mean squared error, use the function'root_mean_squared_error'.
  warnings.warn(
/Users/antoinelopez/Epitech/DIGITAL/DIGI 2/Victory Vision Analytics/pythonProject/.venv/lib/python3.12/site-packages/sklearn/metrics/_regression.py:675: FutureWarning: 'squared' is deprecated in version 1.4 and will be removed in 1.6. To calculate the root mean squared logarithmic error, use the function'root_mean_squared_log_error'.
  warnings.warn(
INFO     | 2024-09-20 15:23:45 | __main__:optimize:122 - Metrics: {'r2': 0.953964352607727, 'mse': 1.431637825894908, 'mae': 0.7962333120578944, 'rmse': 1.1965106877478813, 'rmsle': 0.11374656387196225, 'loss': 1.1965106877478813}
