[I 2024-09-20 15:22:11,877] Trial 22 finished with value: 1.308505318959268 and parameters: {'learning_rate': 0.1912487062236025, 'reg_lambda': 7.987788605639055e-08, 'reg_alpha': 0.002042346671107563, 'subsample': 0.6955431630291227, 'colsample_bytree': 0.6014738732768378, 'max_depth': 4, 'early_stopping_rounds': 320, 'n_estimators': 20000}. Best is trial 18 with value: 1.2739565443733687.
/Users/antoinelopez/Epitech/DIGITAL/DIGI 2/Victory Vision Analytics/pythonProject/.venv/lib/python3.12/site-packages/sklearn/metrics/_regression.py:492: FutureWarning: 'squared' is deprecated in version 1.4 and will be removed in 1.6. To calculate the root mean squared error, use the function'root_mean_squared_error'.
  warnings.warn(
/Users/antoinelopez/Epitech/DIGITAL/DIGI 2/Victory Vision Analytics/pythonProject/.venv/lib/python3.12/site-packages/sklearn/metrics/_regression.py:675: FutureWarning: 'squared' is deprecated in version 1.4 and will be removed in 1.6. To calculate the root mean squared logarithmic error, use the function'root_mean_squared_log_error'.
  warnings.warn(
INFO     | 2024-09-20 15:22:12 | __main__:optimize:122 - Metrics: {'r2': 0.9415748715400696, 'mse': 1.8169319314936723, 'mae': 0.9596821588139202, 'rmse': 1.3479361748590593, 'rmsle': 0.14689227218626608, 'loss': 1.3479361748590593}
[I 2024-09-20 15:22:12,065] Trial 23 finished with value: 1.3479361748590593 and parameters: {'learning_rate': 0.15872946731827153, 'reg_lambda': 2.226944304807961e-06, 'reg_alpha': 2.1509664950703176e-07, 'subsample': 0.6621401235664617, 'colsample_bytree': 0.4388260805605412, 'max_depth': 3, 'early_stopping_rounds': 325, 'n_estimators': 20000}. Best is trial 18 with value: 1.2739565443733687.
/Users/antoinelopez/Epitech/DIGITAL/DIGI 2/Victory Vision Analytics/pythonProject/.venv/lib/python3.12/site-packages/sklearn/metrics/_regression.py:492: FutureWarning: 'squared' is deprecated in version 1.4 and will be removed in 1.6. To calculate the root mean squared error, use the function'root_mean_squared_error'.
  warnings.warn(
/Users/antoinelopez/Epitech/DIGITAL/DIGI 2/Victory Vision Analytics/pythonProject/.venv/lib/python3.12/site-packages/sklearn/metrics/_regression.py:675: FutureWarning: 'squared' is deprecated in version 1.4 and will be removed in 1.6. To calculate the root mean squared logarithmic error, use the function'root_mean_squared_log_error'.
  warnings.warn(
INFO     | 2024-09-20 15:22:12 | __main__:optimize:122 - Metrics: {'r2': 0.9445756673812866, 'mse': 1.7236119680579836, 'mae': 0.9435118745232738, 'rmse': 1.3128640325860037, 'rmsle': 0.1237975495803107, 'loss': 1.3128640325860037}
[I 2024-09-20 15:22:12,269] Trial 24 finished with value: 1.3128640325860037 and parameters: {'learning_rate': 0.17743622457606623, 'reg_lambda': 4.836755133279927e-06, 'reg_alpha': 3.3586279998014545e-06, 'subsample': 0.7835903277353026, 'colsample_bytree': 0.6874140710225646, 'max_depth': 2, 'early_stopping_rounds': 380, 'n_estimators': 20000}. Best is trial 18 with value: 1.2739565443733687.
/Users/antoinelopez/Epitech/DIGITAL/DIGI 2/Victory Vision Analytics/pythonProject/.venv/lib/python3.12/site-packages/sklearn/metrics/_regression.py:492: FutureWarning: 'squared' is deprecated in version 1.4 and will be removed in 1.6. To calculate the root mean squared error, use the function'root_mean_squared_error'.
  warnings.warn(
/Users/antoinelopez/Epitech/DIGITAL/DIGI 2/Victory Vision Analytics/pythonProject/.venv/lib/python3.12/site-packages/sklearn/metrics/_regression.py:675: FutureWarning: 'squared' is deprecated in version 1.4 and will be removed in 1.6. To calculate the root mean squared logarithmic error, use the function'root_mean_squared_log_error'.
  warnings.warn(
INFO     | 2024-09-20 15:22:12 | __main__:optimize:122 - Metrics: {'r2': 0.9422222375869751, 'mse': 1.7968015557627384, 'mae': 0.8350809751554977, 'rmse': 1.3404482667237623, 'rmsle': 0.10634614579836976, 'loss': 1.3404482667237623}
[I 2024-09-20 15:22:12,467] Trial 25 finished with value: 1.3404482667237623 and parameters: {'learning_rate': 0.09877685147310634, 'reg_lambda': 5.793924146865372e-08, 'reg_alpha': 9.426955629570514e-08, 'subsample': 0.9121424477547173, 'colsample_bytree': 0.8828175651146521, 'max_depth': 4, 'early_stopping_rounds': 201, 'n_estimators': 15000}. Best is trial 18 with value: 1.2739565443733687.
/Users/antoinelopez/Epitech/DIGITAL/DIGI 2/Victory Vision Analytics/pythonProject/.venv/lib/python3.12/site-packages/sklearn/metrics/_regression.py:492: FutureWarning: 'squared' is deprecated in version 1.4 and will be removed in 1.6. To calculate the root mean squared error, use the function'root_mean_squared_error'.
  warnings.warn(
/Users/antoinelopez/Epitech/DIGITAL/DIGI 2/Victory Vision Analytics/pythonProject/.venv/lib/python3.12/site-packages/sklearn/metrics/_regression.py:675: FutureWarning: 'squared' is deprecated in version 1.4 and will be removed in 1.6. To calculate the root mean squared logarithmic error, use the function'root_mean_squared_log_error'.
  warnings.warn(
INFO     | 2024-09-20 15:22:12 | __main__:optimize:122 - Metrics: {'r2': 0.9304699897766113, 'mse': 2.1622782025326193, 'mae': 1.066550083631693, 'rmse': 1.47046870165013, 'rmsle': 0.16081668013721692, 'loss': 1.47046870165013}
[I 2024-09-20 15:22:12,868] Trial 26 finished with value: 1.47046870165013 and parameters: {'learning_rate': 0.24204767919863923, 'reg_lambda': 1.0243117639355363e-06, 'reg_alpha': 1.0523366060573978e-05, 'subsample': 0.4670601616841096, 'colsample_bytree': 0.5933685238265185, 'max_depth': 6, 'early_stopping_rounds': 393, 'n_estimators': 20000}. Best is trial 18 with value: 1.2739565443733687.
/Users/antoinelopez/Epitech/DIGITAL/DIGI 2/Victory Vision Analytics/pythonProject/.venv/lib/python3.12/site-packages/sklearn/metrics/_regression.py:492: FutureWarning: 'squared' is deprecated in version 1.4 and will be removed in 1.6. To calculate the root mean squared error, use the function'root_mean_squared_error'.
  warnings.warn(
/Users/antoinelopez/Epitech/DIGITAL/DIGI 2/Victory Vision Analytics/pythonProject/.venv/lib/python3.12/site-packages/sklearn/metrics/_regression.py:675: FutureWarning: 'squared' is deprecated in version 1.4 and will be removed in 1.6. To calculate the root mean squared logarithmic error, use the function'root_mean_squared_log_error'.
  warnings.warn(
INFO     | 2024-09-20 15:22:13 | __main__:optimize:122 - Metrics: {'r2': 0.9432481527328491, 'mse': 1.7648954976231135, 'mae': 0.9567109424014424, 'rmse': 1.3284936949880919, 'rmsle': 0.1513575978400588, 'loss': 1.3284936949880919}
[I 2024-09-20 15:22:13,169] Trial 27 finished with value: 1.3284936949880919 and parameters: {'learning_rate': 0.104741254335585, 'reg_lambda': 0.00010885019939802808, 'reg_alpha': 9.073307451729147e-07, 'subsample': 0.7770124307331125, 'colsample_bytree': 0.49247668778714127, 'max_depth': 5, 'early_stopping_rounds': 257, 'n_estimators': 20000}. Best is trial 18 with value: 1.2739565443733687.
/Users/antoinelopez/Epitech/DIGITAL/DIGI 2/Victory Vision Analytics/pythonProject/.venv/lib/python3.12/site-packages/sklearn/metrics/_regression.py:492: FutureWarning: 'squared' is deprecated in version 1.4 and will be removed in 1.6. To calculate the root mean squared error, use the function'root_mean_squared_error'.
  warnings.warn(
/Users/antoinelopez/Epitech/DIGITAL/DIGI 2/Victory Vision Analytics/pythonProject/.venv/lib/python3.12/site-packages/sklearn/metrics/_regression.py:675: FutureWarning: 'squared' is deprecated in version 1.4 and will be removed in 1.6. To calculate the root mean squared logarithmic error, use the function'root_mean_squared_log_error'.
  warnings.warn(
INFO     | 2024-09-20 15:22:13 | __main__:optimize:122 - Metrics: {'r2': 0.9428403973579407, 'mse': 1.7775771621907979, 'mae': 0.9035087541092274, 'rmse': 1.333258100365716, 'rmsle': 0.15031522316047335, 'loss': 1.333258100365716}
[I 2024-09-20 15:22:13,412] Trial 28 finished with value: 1.333258100365716 and parameters: {'learning_rate': 0.07534968857861613, 'reg_lambda': 6.702723395626861e-08, 'reg_alpha': 0.0007387583095941347, 'subsample': 0.6011909039599321, 'colsample_bytree': 0.7888361476185349, 'max_depth': 2, 'early_stopping_rounds': 455, 'n_estimators': 7000}. Best is trial 18 with value: 1.2739565443733687.
/Users/antoinelopez/Epitech/DIGITAL/DIGI 2/Victory Vision Analytics/pythonProject/.venv/lib/python3.12/site-packages/sklearn/metrics/_regression.py:492: FutureWarning: 'squared' is deprecated in version 1.4 and will be removed in 1.6. To calculate the root mean squared error, use the function'root_mean_squared_error'.
  warnings.warn(
/Users/antoinelopez/Epitech/DIGITAL/DIGI 2/Victory Vision Analytics/pythonProject/.venv/lib/python3.12/site-packages/sklearn/metrics/_regression.py:675: FutureWarning: 'squared' is deprecated in version 1.4 and will be removed in 1.6. To calculate the root mean squared logarithmic error, use the function'root_mean_squared_log_error'.
  warnings.warn(
INFO     | 2024-09-20 15:22:13 | __main__:optimize:122 - Metrics: {'r2': 0.9284176826477051, 'mse': 2.226101228718319, 'mae': 1.1357531609230263, 'rmse': 1.492012476059875, 'rmsle': 0.18661596242832137, 'loss': 1.492012476059875}
[I 2024-09-20 15:22:13,621] Trial 29 finished with value: 1.492012476059875 and parameters: {'learning_rate': 0.1572064682468873, 'reg_lambda': 7.346836216621179e-06, 'reg_alpha': 0.0001350472268189842, 'subsample': 0.7348966566183188, 'colsample_bytree': 0.37382497708879503, 'max_depth': 3, 'early_stopping_rounds': 336, 'n_estimators': 15000}. Best is trial 18 with value: 1.2739565443733687.
/Users/antoinelopez/Epitech/DIGITAL/DIGI 2/Victory Vision Analytics/pythonProject/.venv/lib/python3.12/site-packages/sklearn/metrics/_regression.py:492: FutureWarning: 'squared' is deprecated in version 1.4 and will be removed in 1.6. To calculate the root mean squared error, use the function'root_mean_squared_error'.
  warnings.warn(
/Users/antoinelopez/Epitech/DIGITAL/DIGI 2/Victory Vision Analytics/pythonProject/.venv/lib/python3.12/site-packages/sklearn/metrics/_regression.py:675: FutureWarning: 'squared' is deprecated in version 1.4 and will be removed in 1.6. To calculate the root mean squared logarithmic error, use the function'root_mean_squared_log_error'.
  warnings.warn(
INFO     | 2024-09-20 15:22:14 | __main__:optimize:122 - Metrics: {'r2': 0.914911687374115, 'mse': 2.646117011239056, 'mae': 1.2826386873112168, 'rmse': 1.6266889718809359, 'rmsle': 0.23600458497497792, 'loss': 1.6266889718809359}
[I 2024-09-20 15:22:14,389] Trial 30 finished with value: 1.6266889718809359 and parameters: {'learning_rate': 0.18999656796143014, 'reg_lambda': 0.00011201121189796171, 'reg_alpha': 2.0021862383848882e-05, 'subsample': 0.9207108264265461, 'colsample_bytree': 0.30131783568510123, 'max_depth': 5, 'early_stopping_rounds': 272, 'n_estimators': 7000}. Best is trial 18 with value: 1.2739565443733687.
/Users/antoinelopez/Epitech/DIGITAL/DIGI 2/Victory Vision Analytics/pythonProject/.venv/lib/python3.12/site-packages/sklearn/metrics/_regression.py:492: FutureWarning: 'squared' is deprecated in version 1.4 and will be removed in 1.6. To calculate the root mean squared error, use the function'root_mean_squared_error'.
  warnings.warn(
/Users/antoinelopez/Epitech/DIGITAL/DIGI 2/Victory Vision Analytics/pythonProject/.venv/lib/python3.12/site-packages/sklearn/metrics/_regression.py:675: FutureWarning: 'squared' is deprecated in version 1.4 and will be removed in 1.6. To calculate the root mean squared logarithmic error, use the function'root_mean_squared_log_error'.
  warnings.warn(
INFO     | 2024-09-20 15:22:14 | __main__:optimize:122 - Metrics: {'r2': 0.93674236536026, 'mse': 1.9672161658674667, 'mae': 1.0424588763436606, 'rmse': 1.40257483431989, 'rmsle': 0.1485124668300193, 'loss': 1.40257483431989}
[I 2024-09-20 15:22:14,555] Trial 31 finished with value: 1.40257483431989 and parameters: {'learning_rate': 0.2357920291253681, 'reg_lambda': 3.034256574521606e-07, 'reg_alpha': 1.1304743252063625e-05, 'subsample': 0.642317372472923, 'colsample_bytree': 0.6631822276935028, 'max_depth': 3, 'early_stopping_rounds': 300, 'n_estimators': 20000}. Best is trial 18 with value: 1.2739565443733687.
/Users/antoinelopez/Epitech/DIGITAL/DIGI 2/Victory Vision Analytics/pythonProject/.venv/lib/python3.12/site-packages/sklearn/metrics/_regression.py:492: FutureWarning: 'squared' is deprecated in version 1.4 and will be removed in 1.6. To calculate the root mean squared error, use the function'root_mean_squared_error'.
  warnings.warn(
/Users/antoinelopez/Epitech/DIGITAL/DIGI 2/Victory Vision Analytics/pythonProject/.venv/lib/python3.12/site-packages/sklearn/metrics/_regression.py:675: FutureWarning: 'squared' is deprecated in version 1.4 and will be removed in 1.6. To calculate the root mean squared logarithmic error, use the function'root_mean_squared_log_error'.
  warnings.warn(
INFO     | 2024-09-20 15:22:14 | __main__:optimize:122 - Metrics: {'r2': 0.9415814876556396, 'mse': 1.816726923307186, 'mae': 0.9394100011781205, 'rmse': 1.3478601275010647, 'rmsle': 0.13056638497665307, 'loss': 1.3478601275010647}
[I 2024-09-20 15:22:14,746] Trial 32 finished with value: 1.3478601275010647 and parameters: {'learning_rate': 0.2044764086733877, 'reg_lambda': 4.382000535899157e-07, 'reg_alpha': 1.858454456442661e-06, 'subsample': 0.5636518659268378, 'colsample_bytree': 0.7068354465546155, 'max_depth': 4, 'early_stopping_rounds': 288, 'n_estimators': 20000}. Best is trial 18 with value: 1.2739565443733687.
/Users/antoinelopez/Epitech/DIGITAL/DIGI 2/Victory Vision Analytics/pythonProject/.venv/lib/python3.12/site-packages/sklearn/metrics/_regression.py:492: FutureWarning: 'squared' is deprecated in version 1.4 and will be removed in 1.6. To calculate the root mean squared error, use the function'root_mean_squared_error'.
  warnings.warn(
/Users/antoinelopez/Epitech/DIGITAL/DIGI 2/Victory Vision Analytics/pythonProject/.venv/lib/python3.12/site-packages/sklearn/metrics/_regression.py:675: FutureWarning: 'squared' is deprecated in version 1.4 and will be removed in 1.6. To calculate the root mean squared logarithmic error, use the function'root_mean_squared_log_error'.
  warnings.warn(
INFO     | 2024-09-20 15:22:14 | __main__:optimize:122 - Metrics: {'r2': 0.9474077224731445, 'mse': 1.6355405489888257, 'mae': 0.8814758040010929, 'rmse': 1.2788825391680136, 'rmsle': 0.13068648787370818, 'loss': 1.2788825391680136}
[I 2024-09-20 15:22:14,919] Trial 33 finished with value: 1.2788825391680136 and parameters: {'learning_rate': 0.14317894533903813, 'reg_lambda': 1.9277175549783818e-08, 'reg_alpha': 0.0006053391479182124, 'subsample': 0.8328684454545083, 'colsample_bytree': 0.6024155311684987, 'max_depth': 2, 'early_stopping_rounds': 233, 'n_estimators': 20000}. Best is trial 18 with value: 1.2739565443733687.
/Users/antoinelopez/Epitech/DIGITAL/DIGI 2/Victory Vision Analytics/pythonProject/.venv/lib/python3.12/site-packages/sklearn/metrics/_regression.py:492: FutureWarning: 'squared' is deprecated in version 1.4 and will be removed in 1.6. To calculate the root mean squared error, use the function'root_mean_squared_error'.
  warnings.warn(
/Users/antoinelopez/Epitech/DIGITAL/DIGI 2/Victory Vision Analytics/pythonProject/.venv/lib/python3.12/site-packages/sklearn/metrics/_regression.py:675: FutureWarning: 'squared' is deprecated in version 1.4 and will be removed in 1.6. To calculate the root mean squared logarithmic error, use the function'root_mean_squared_log_error'.
  warnings.warn(
INFO     | 2024-09-20 15:22:15 | __main__:optimize:122 - Metrics: {'r2': 0.9436177015304565, 'mse': 1.753403534559238, 'mae': 0.9226974888942963, 'rmse': 1.3241614458060762, 'rmsle': 0.13865736812826604, 'loss': 1.3241614458060762}
[I 2024-09-20 15:22:15,104] Trial 34 finished with value: 1.3241614458060762 and parameters: {'learning_rate': 0.14677418781215462, 'reg_lambda': 3.4059584629242825e-08, 'reg_alpha': 0.0005812439513287419, 'subsample': 0.8543350004622128, 'colsample_bytree': 0.5708219033298574, 'max_depth': 2, 'early_stopping_rounds': 240, 'n_estimators': 20000}. Best is trial 18 with value: 1.2739565443733687.
INFO:     127.0.0.1:52070 - "GET /ui/is_model_training HTTP/1.1" 200 OK
INFO:     127.0.0.1:52069 - "GET /ui/accelerators HTTP/1.1" 200 OK
/Users/antoinelopez/Epitech/DIGITAL/DIGI 2/Victory Vision Analytics/pythonProject/.venv/lib/python3.12/site-packages/sklearn/metrics/_regression.py:492: FutureWarning: 'squared' is deprecated in version 1.4 and will be removed in 1.6. To calculate the root mean squared error, use the function'root_mean_squared_error'.
  warnings.warn(
/Users/antoinelopez/Epitech/DIGITAL/DIGI 2/Victory Vision Analytics/pythonProject/.venv/lib/python3.12/site-packages/sklearn/metrics/_regression.py:675: FutureWarning: 'squared' is deprecated in version 1.4 and will be removed in 1.6. To calculate the root mean squared logarithmic error, use the function'root_mean_squared_log_error'.
  warnings.warn(
INFO     | 2024-09-20 15:22:15 | __main__:optimize:122 - Metrics: {'r2': 0.9382372498512268, 'mse': 1.9207274867037287, 'mae': 1.008029238013334, 'rmse': 1.38590313034632, 'rmsle': 0.1487629187573139, 'loss': 1.38590313034632}
[I 2024-09-20 15:22:15,331] Trial 35 finished with value: 1.38590313034632 and parameters: {'learning_rate': 0.06341830868517738, 'reg_lambda': 1.4761099353443449e-08, 'reg_alpha': 0.0037750400578104256, 'subsample': 0.8998288963848915, 'colsample_bytree': 0.43505341291186583, 'max_depth': 2, 'early_stopping_rounds': 208, 'n_estimators': 20000}. Best is trial 18 with value: 1.2739565443733687.
/Users/antoinelopez/Epitech/DIGITAL/DIGI 2/Victory Vision Analytics/pythonProject/.venv/lib/python3.12/site-packages/sklearn/metrics/_regression.py:492: FutureWarning: 'squared' is deprecated in version 1.4 and will be removed in 1.6. To calculate the root mean squared error, use the function'root_mean_squared_error'.
  warnings.warn(
/Users/antoinelopez/Epitech/DIGITAL/DIGI 2/Victory Vision Analytics/pythonProject/.venv/lib/python3.12/site-packages/sklearn/metrics/_regression.py:675: FutureWarning: 'squared' is deprecated in version 1.4 and will be removed in 1.6. To calculate the root mean squared logarithmic error, use the function'root_mean_squared_log_error'.
  warnings.warn(
INFO     | 2024-09-20 15:22:15 | __main__:optimize:122 - Metrics: {'r2': 0.9221733212471008, 'mse': 2.4202922232185258, 'mae': 1.206180572925612, 'rmse': 1.5557288398749076, 'rmsle': 0.17720240484414507, 'loss': 1.5557288398749076}
[I 2024-09-20 15:22:15,817] Trial 36 finished with value: 1.5557288398749076 and parameters: {'learning_rate': 0.012641117012347108, 'reg_lambda': 0.07177540399156902, 'reg_alpha': 1.0001747262017692e-07, 'subsample': 0.8278778067752565, 'colsample_bytree': 0.5315399776184073, 'max_depth': 3, 'early_stopping_rounds': 165, 'n_estimators': 20000}. Best is trial 18 with value: 1.2739565443733687.
/Users/antoinelopez/Epitech/DIGITAL/DIGI 2/Victory Vision Analytics/pythonProject/.venv/lib/python3.12/site-packages/sklearn/metrics/_regression.py:492: FutureWarning: 'squared' is deprecated in version 1.4 and will be removed in 1.6. To calculate the root mean squared error, use the function'root_mean_squared_error'.
  warnings.warn(
/Users/antoinelopez/Epitech/DIGITAL/DIGI 2/Victory Vision Analytics/pythonProject/.venv/lib/python3.12/site-packages/sklearn/metrics/_regression.py:675: FutureWarning: 'squared' is deprecated in version 1.4 and will be removed in 1.6. To calculate the root mean squared logarithmic error, use the function'root_mean_squared_log_error'.
  warnings.warn(
INFO     | 2024-09-20 15:22:16 | __main__:optimize:122 - Metrics: {'r2': 0.9512075781822205, 'mse': 1.5173700542329023, 'mae': 0.8356011310289072, 'rmse': 1.231815754986476, 'rmsle': 0.12012107902271138, 'loss': 1.231815754986476}
[I 2024-09-20 15:22:16,092] Trial 37 finished with value: 1.231815754986476 and parameters: {'learning_rate': 0.11193769562104566, 'reg_lambda': 2.0366063374054666e-05, 'reg_alpha': 0.26844883851568224, 'subsample': 0.9986089500318778, 'colsample_bytree': 0.7554879290211629, 'max_depth': 4, 'early_stopping_rounds': 411, 'n_estimators': 20000}. Best is trial 37 with value: 1.231815754986476.
/Users/antoinelopez/Epitech/DIGITAL/DIGI 2/Victory Vision Analytics/pythonProject/.venv/lib/python3.12/site-packages/sklearn/metrics/_regression.py:492: FutureWarning: 'squared' is deprecated in version 1.4 and will be removed in 1.6. To calculate the root mean squared error, use the function'root_mean_squared_error'.
  warnings.warn(
/Users/antoinelopez/Epitech/DIGITAL/DIGI 2/Victory Vision Analytics/pythonProject/.venv/lib/python3.12/site-packages/sklearn/metrics/_regression.py:675: FutureWarning: 'squared' is deprecated in version 1.4 and will be removed in 1.6. To calculate the root mean squared logarithmic error, use the function'root_mean_squared_log_error'.
  warnings.warn(
INFO     | 2024-09-20 15:22:16 | __main__:optimize:122 - Metrics: {'r2': 0.9472195506095886, 'mse': 1.6413910061648964, 'mae': 0.8278231938217961, 'rmse': 1.281167829039153, 'rmsle': 0.10620153926212877, 'loss': 1.281167829039153}
