[I 2024-09-20 15:24:23,709] Trial 406 finished with value: 1.2233442468803999 and parameters: {'learning_rate': 0.12951440951205673, 'reg_lambda': 0.026847947482070676, 'reg_alpha': 0.0010376619405315878, 'subsample': 0.8870998155084062, 'colsample_bytree': 0.7037021967269207, 'max_depth': 4, 'early_stopping_rounds': 422, 'n_estimators': 7000}. Best is trial 207 with value: 1.189099607377955.
/Users/antoinelopez/Epitech/DIGITAL/DIGI 2/Victory Vision Analytics/pythonProject/.venv/lib/python3.12/site-packages/sklearn/metrics/_regression.py:492: FutureWarning: 'squared' is deprecated in version 1.4 and will be removed in 1.6. To calculate the root mean squared error, use the function'root_mean_squared_error'.
  warnings.warn(
/Users/antoinelopez/Epitech/DIGITAL/DIGI 2/Victory Vision Analytics/pythonProject/.venv/lib/python3.12/site-packages/sklearn/metrics/_regression.py:675: FutureWarning: 'squared' is deprecated in version 1.4 and will be removed in 1.6. To calculate the root mean squared logarithmic error, use the function'root_mean_squared_log_error'.
  warnings.warn(
INFO     | 2024-09-20 15:24:23 | __main__:optimize:122 - Metrics: {'r2': 0.9477953910827637, 'mse': 1.623484731848442, 'mae': 0.8691711176273434, 'rmse': 1.2741604027156244, 'rmsle': 0.11175837093904767, 'loss': 1.2741604027156244}
[I 2024-09-20 15:24:23,969] Trial 407 finished with value: 1.2741604027156244 and parameters: {'learning_rate': 0.15622818599589702, 'reg_lambda': 6.634084212994702e-08, 'reg_alpha': 0.0004305297597653563, 'subsample': 0.8351853949520828, 'colsample_bytree': 0.6824360054443364, 'max_depth': 4, 'early_stopping_rounds': 400, 'n_estimators': 7000}. Best is trial 207 with value: 1.189099607377955.
/Users/antoinelopez/Epitech/DIGITAL/DIGI 2/Victory Vision Analytics/pythonProject/.venv/lib/python3.12/site-packages/sklearn/metrics/_regression.py:492: FutureWarning: 'squared' is deprecated in version 1.4 and will be removed in 1.6. To calculate the root mean squared error, use the function'root_mean_squared_error'.
  warnings.warn(
/Users/antoinelopez/Epitech/DIGITAL/DIGI 2/Victory Vision Analytics/pythonProject/.venv/lib/python3.12/site-packages/sklearn/metrics/_regression.py:675: FutureWarning: 'squared' is deprecated in version 1.4 and will be removed in 1.6. To calculate the root mean squared logarithmic error, use the function'root_mean_squared_log_error'.
  warnings.warn(
INFO     | 2024-09-20 15:24:24 | __main__:optimize:122 - Metrics: {'r2': 0.949701726436615, 'mse': 1.564199047112212, 'mae': 0.8454263459804446, 'rmse': 1.250679434192556, 'rmsle': 0.12730929242418165, 'loss': 1.250679434192556}
[I 2024-09-20 15:24:24,285] Trial 408 finished with value: 1.250679434192556 and parameters: {'learning_rate': 0.13535433425305554, 'reg_lambda': 2.1023013440796543, 'reg_alpha': 0.9963860041521709, 'subsample': 0.871471204994904, 'colsample_bytree': 0.7242962785502285, 'max_depth': 4, 'early_stopping_rounds': 430, 'n_estimators': 7000}. Best is trial 207 with value: 1.189099607377955.
/Users/antoinelopez/Epitech/DIGITAL/DIGI 2/Victory Vision Analytics/pythonProject/.venv/lib/python3.12/site-packages/sklearn/metrics/_regression.py:492: FutureWarning: 'squared' is deprecated in version 1.4 and will be removed in 1.6. To calculate the root mean squared error, use the function'root_mean_squared_error'.
  warnings.warn(
/Users/antoinelopez/Epitech/DIGITAL/DIGI 2/Victory Vision Analytics/pythonProject/.venv/lib/python3.12/site-packages/sklearn/metrics/_regression.py:675: FutureWarning: 'squared' is deprecated in version 1.4 and will be removed in 1.6. To calculate the root mean squared logarithmic error, use the function'root_mean_squared_log_error'.
  warnings.warn(
INFO     | 2024-09-20 15:24:24 | __main__:optimize:122 - Metrics: {'r2': 0.952438473701477, 'mse': 1.479090408469162, 'mae': 0.8183829506469328, 'rmse': 1.2161786087862103, 'rmsle': 0.1149238511493168, 'loss': 1.2161786087862103}
[I 2024-09-20 15:24:24,610] Trial 409 finished with value: 1.2161786087862103 and parameters: {'learning_rate': 0.12125712865123667, 'reg_lambda': 0.015043980306587542, 'reg_alpha': 0.0002324742058081633, 'subsample': 0.909461273207804, 'colsample_bytree': 0.6978862588682706, 'max_depth': 4, 'early_stopping_rounds': 435, 'n_estimators': 7000}. Best is trial 207 with value: 1.189099607377955.
/Users/antoinelopez/Epitech/DIGITAL/DIGI 2/Victory Vision Analytics/pythonProject/.venv/lib/python3.12/site-packages/sklearn/metrics/_regression.py:492: FutureWarning: 'squared' is deprecated in version 1.4 and will be removed in 1.6. To calculate the root mean squared error, use the function'root_mean_squared_error'.
  warnings.warn(
/Users/antoinelopez/Epitech/DIGITAL/DIGI 2/Victory Vision Analytics/pythonProject/.venv/lib/python3.12/site-packages/sklearn/metrics/_regression.py:675: FutureWarning: 'squared' is deprecated in version 1.4 and will be removed in 1.6. To calculate the root mean squared logarithmic error, use the function'root_mean_squared_log_error'.
  warnings.warn(
INFO     | 2024-09-20 15:24:24 | __main__:optimize:122 - Metrics: {'r2': 0.9532272815704346, 'mse': 1.454560372197939, 'mae': 0.8218168717484141, 'rmse': 1.206051562827203, 'rmsle': 0.11254307166143569, 'loss': 1.206051562827203}
[I 2024-09-20 15:24:24,928] Trial 410 finished with value: 1.206051562827203 and parameters: {'learning_rate': 0.12952825653348915, 'reg_lambda': 0.22689501228725223, 'reg_alpha': 0.0001267284154489831, 'subsample': 0.854566354191764, 'colsample_bytree': 0.7447332581137031, 'max_depth': 4, 'early_stopping_rounds': 370, 'n_estimators': 7000}. Best is trial 207 with value: 1.189099607377955.
/Users/antoinelopez/Epitech/DIGITAL/DIGI 2/Victory Vision Analytics/pythonProject/.venv/lib/python3.12/site-packages/sklearn/metrics/_regression.py:492: FutureWarning: 'squared' is deprecated in version 1.4 and will be removed in 1.6. To calculate the root mean squared error, use the function'root_mean_squared_error'.
  warnings.warn(
/Users/antoinelopez/Epitech/DIGITAL/DIGI 2/Victory Vision Analytics/pythonProject/.venv/lib/python3.12/site-packages/sklearn/metrics/_regression.py:675: FutureWarning: 'squared' is deprecated in version 1.4 and will be removed in 1.6. To calculate the root mean squared logarithmic error, use the function'root_mean_squared_log_error'.
  warnings.warn(
INFO     | 2024-09-20 15:24:25 | __main__:optimize:122 - Metrics: {'r2': 0.9457495212554932, 'mse': 1.6871072468922816, 'mae': 0.9316200974375702, 'rmse': 1.298886926138023, 'rmsle': 0.14450843092740545, 'loss': 1.298886926138023}
[I 2024-09-20 15:24:25,182] Trial 411 finished with value: 1.298886926138023 and parameters: {'learning_rate': 0.1414794684193396, 'reg_lambda': 0.2713017839645468, 'reg_alpha': 0.00013000635025759956, 'subsample': 0.8244307936710819, 'colsample_bytree': 0.5505333103356007, 'max_depth': 4, 'early_stopping_rounds': 363, 'n_estimators': 7000}. Best is trial 207 with value: 1.189099607377955.
/Users/antoinelopez/Epitech/DIGITAL/DIGI 2/Victory Vision Analytics/pythonProject/.venv/lib/python3.12/site-packages/sklearn/metrics/_regression.py:492: FutureWarning: 'squared' is deprecated in version 1.4 and will be removed in 1.6. To calculate the root mean squared error, use the function'root_mean_squared_error'.
  warnings.warn(
/Users/antoinelopez/Epitech/DIGITAL/DIGI 2/Victory Vision Analytics/pythonProject/.venv/lib/python3.12/site-packages/sklearn/metrics/_regression.py:675: FutureWarning: 'squared' is deprecated in version 1.4 and will be removed in 1.6. To calculate the root mean squared logarithmic error, use the function'root_mean_squared_log_error'.
  warnings.warn(
INFO     | 2024-09-20 15:24:25 | __main__:optimize:122 - Metrics: {'r2': 0.9489104151725769, 'mse': 1.5888080027958948, 'mae': 0.9209324967029483, 'rmse': 1.260479275036244, 'rmsle': 0.13382002827866024, 'loss': 1.260479275036244}
[I 2024-09-20 15:24:25,441] Trial 412 finished with value: 1.260479275036244 and parameters: {'learning_rate': 0.16956725312065482, 'reg_lambda': 6.777817490420756, 'reg_alpha': 0.00010883859431065795, 'subsample': 0.8483302607478692, 'colsample_bytree': 0.7530903301131111, 'max_depth': 4, 'early_stopping_rounds': 368, 'n_estimators': 7000}. Best is trial 207 with value: 1.189099607377955.
/Users/antoinelopez/Epitech/DIGITAL/DIGI 2/Victory Vision Analytics/pythonProject/.venv/lib/python3.12/site-packages/sklearn/metrics/_regression.py:492: FutureWarning: 'squared' is deprecated in version 1.4 and will be removed in 1.6. To calculate the root mean squared error, use the function'root_mean_squared_error'.
  warnings.warn(
/Users/antoinelopez/Epitech/DIGITAL/DIGI 2/Victory Vision Analytics/pythonProject/.venv/lib/python3.12/site-packages/sklearn/metrics/_regression.py:675: FutureWarning: 'squared' is deprecated in version 1.4 and will be removed in 1.6. To calculate the root mean squared logarithmic error, use the function'root_mean_squared_log_error'.
  warnings.warn(
INFO     | 2024-09-20 15:24:25 | __main__:optimize:122 - Metrics: {'r2': 0.9486743807792664, 'mse': 1.5961490745307074, 'mae': 0.7920956395393194, 'rmse': 1.2633879350898944, 'rmsle': 0.10170667097310962, 'loss': 1.2633879350898944}
[I 2024-09-20 15:24:25,702] Trial 413 finished with value: 1.2633879350898944 and parameters: {'learning_rate': 0.13121065574451454, 'reg_lambda': 0.5138218411015627, 'reg_alpha': 7.025036836232864e-05, 'subsample': 0.8548807340077917, 'colsample_bytree': 0.7799117998069056, 'max_depth': 4, 'early_stopping_rounds': 340, 'n_estimators': 7000}. Best is trial 207 with value: 1.189099607377955.
/Users/antoinelopez/Epitech/DIGITAL/DIGI 2/Victory Vision Analytics/pythonProject/.venv/lib/python3.12/site-packages/sklearn/metrics/_regression.py:492: FutureWarning: 'squared' is deprecated in version 1.4 and will be removed in 1.6. To calculate the root mean squared error, use the function'root_mean_squared_error'.
  warnings.warn(
/Users/antoinelopez/Epitech/DIGITAL/DIGI 2/Victory Vision Analytics/pythonProject/.venv/lib/python3.12/site-packages/sklearn/metrics/_regression.py:675: FutureWarning: 'squared' is deprecated in version 1.4 and will be removed in 1.6. To calculate the root mean squared logarithmic error, use the function'root_mean_squared_log_error'.
  warnings.warn(
INFO     | 2024-09-20 15:24:26 | __main__:optimize:122 - Metrics: {'r2': 0.9496739506721497, 'mse': 1.565063183946394, 'mae': 0.8709987259188364, 'rmse': 1.2510248534487212, 'rmsle': 0.11814616524624197, 'loss': 1.2510248534487212}
[I 2024-09-20 15:24:26,042] Trial 414 finished with value: 1.2510248534487212 and parameters: {'learning_rate': 0.14620715941232573, 'reg_lambda': 1.0565045154285055, 'reg_alpha': 0.0001960238845085522, 'subsample': 0.8121114005864166, 'colsample_bytree': 0.6572353753861558, 'max_depth': 4, 'early_stopping_rounds': 387, 'n_estimators': 7000}. Best is trial 207 with value: 1.189099607377955.
/Users/antoinelopez/Epitech/DIGITAL/DIGI 2/Victory Vision Analytics/pythonProject/.venv/lib/python3.12/site-packages/sklearn/metrics/_regression.py:492: FutureWarning: 'squared' is deprecated in version 1.4 and will be removed in 1.6. To calculate the root mean squared error, use the function'root_mean_squared_error'.
  warnings.warn(
/Users/antoinelopez/Epitech/DIGITAL/DIGI 2/Victory Vision Analytics/pythonProject/.venv/lib/python3.12/site-packages/sklearn/metrics/_regression.py:675: FutureWarning: 'squared' is deprecated in version 1.4 and will be removed in 1.6. To calculate the root mean squared logarithmic error, use the function'root_mean_squared_log_error'.
  warnings.warn(
INFO     | 2024-09-20 15:24:26 | __main__:optimize:122 - Metrics: {'r2': 0.9448652267456055, 'mse': 1.7146077424171629, 'mae': 0.8588763799778251, 'rmse': 1.309430312165242, 'rmsle': 0.1101398106679579, 'loss': 1.309430312165242}
[I 2024-09-20 15:24:26,368] Trial 415 finished with value: 1.309430312165242 and parameters: {'learning_rate': 0.1262594149753768, 'reg_lambda': 0.0008010616853942933, 'reg_alpha': 5.4064146032330464e-05, 'subsample': 0.8377748509700336, 'colsample_bytree': 0.7650830512684692, 'max_depth': 4, 'early_stopping_rounds': 389, 'n_estimators': 7000}. Best is trial 207 with value: 1.189099607377955.
/Users/antoinelopez/Epitech/DIGITAL/DIGI 2/Victory Vision Analytics/pythonProject/.venv/lib/python3.12/site-packages/sklearn/metrics/_regression.py:492: FutureWarning: 'squared' is deprecated in version 1.4 and will be removed in 1.6. To calculate the root mean squared error, use the function'root_mean_squared_error'.
  warnings.warn(
/Users/antoinelopez/Epitech/DIGITAL/DIGI 2/Victory Vision Analytics/pythonProject/.venv/lib/python3.12/site-packages/sklearn/metrics/_regression.py:675: FutureWarning: 'squared' is deprecated in version 1.4 and will be removed in 1.6. To calculate the root mean squared logarithmic error, use the function'root_mean_squared_log_error'.
  warnings.warn(
INFO     | 2024-09-20 15:24:26 | __main__:optimize:122 - Metrics: {'r2': 0.9522318840026855, 'mse': 1.4855152869140817, 'mae': 0.8385236559219138, 'rmse': 1.2188171671395516, 'rmsle': 0.1219939123498504, 'loss': 1.2188171671395516}
[I 2024-09-20 15:24:26,728] Trial 416 finished with value: 1.2188171671395516 and parameters: {'learning_rate': 0.13808208401287805, 'reg_lambda': 0.0027208480446176742, 'reg_alpha': 0.00012846629372632653, 'subsample': 0.7951287421109368, 'colsample_bytree': 0.7354353600430094, 'max_depth': 5, 'early_stopping_rounds': 385, 'n_estimators': 7000}. Best is trial 207 with value: 1.189099607377955.
/Users/antoinelopez/Epitech/DIGITAL/DIGI 2/Victory Vision Analytics/pythonProject/.venv/lib/python3.12/site-packages/sklearn/metrics/_regression.py:492: FutureWarning: 'squared' is deprecated in version 1.4 and will be removed in 1.6. To calculate the root mean squared error, use the function'root_mean_squared_error'.
  warnings.warn(
/Users/antoinelopez/Epitech/DIGITAL/DIGI 2/Victory Vision Analytics/pythonProject/.venv/lib/python3.12/site-packages/sklearn/metrics/_regression.py:675: FutureWarning: 'squared' is deprecated in version 1.4 and will be removed in 1.6. To calculate the root mean squared logarithmic error, use the function'root_mean_squared_log_error'.
  warnings.warn(
INFO     | 2024-09-20 15:24:27 | __main__:optimize:122 - Metrics: {'r2': 0.9553680419921875, 'mse': 1.3879869800767501, 'mae': 0.7932105247364488, 'rmse': 1.1781285923347884, 'rmsle': 0.10846281490933672, 'loss': 1.1781285923347884}
[I 2024-09-20 15:24:27,005] Trial 417 finished with value: 1.1781285923347884 and parameters: {'learning_rate': 0.15318320792393036, 'reg_lambda': 0.24886045456744868, 'reg_alpha': 0.000321372152193603, 'subsample': 0.8662491874379395, 'colsample_bytree': 0.676879046890837, 'max_depth': 4, 'early_stopping_rounds': 400, 'n_estimators': 7000}. Best is trial 417 with value: 1.1781285923347884.
/Users/antoinelopez/Epitech/DIGITAL/DIGI 2/Victory Vision Analytics/pythonProject/.venv/lib/python3.12/site-packages/sklearn/metrics/_regression.py:492: FutureWarning: 'squared' is deprecated in version 1.4 and will be removed in 1.6. To calculate the root mean squared error, use the function'root_mean_squared_error'.
  warnings.warn(
/Users/antoinelopez/Epitech/DIGITAL/DIGI 2/Victory Vision Analytics/pythonProject/.venv/lib/python3.12/site-packages/sklearn/metrics/_regression.py:675: FutureWarning: 'squared' is deprecated in version 1.4 and will be removed in 1.6. To calculate the root mean squared logarithmic error, use the function'root_mean_squared_log_error'.
  warnings.warn(
INFO     | 2024-09-20 15:24:27 | __main__:optimize:122 - Metrics: {'r2': 0.9511426687240601, 'mse': 1.5193892170461674, 'mae': 0.815755829145742, 'rmse': 1.2326350705079616, 'rmsle': 0.1094573613022047, 'loss': 1.2326350705079616}
[I 2024-09-20 15:24:27,262] Trial 418 finished with value: 1.2326350705079616 and parameters: {'learning_rate': 0.16415970896539453, 'reg_lambda': 0.28667212961788063, 'reg_alpha': 3.540275573412543e-05, 'subsample': 0.8618615066793816, 'colsample_bytree': 0.6417917280823162, 'max_depth': 4, 'early_stopping_rounds': 398, 'n_estimators': 7000}. Best is trial 417 with value: 1.1781285923347884.
/Users/antoinelopez/Epitech/DIGITAL/DIGI 2/Victory Vision Analytics/pythonProject/.venv/lib/python3.12/site-packages/sklearn/metrics/_regression.py:492: FutureWarning: 'squared' is deprecated in version 1.4 and will be removed in 1.6. To calculate the root mean squared error, use the function'root_mean_squared_error'.
  warnings.warn(
/Users/antoinelopez/Epitech/DIGITAL/DIGI 2/Victory Vision Analytics/pythonProject/.venv/lib/python3.12/site-packages/sklearn/metrics/_regression.py:675: FutureWarning: 'squared' is deprecated in version 1.4 and will be removed in 1.6. To calculate the root mean squared logarithmic error, use the function'root_mean_squared_log_error'.
  warnings.warn(
INFO     | 2024-09-20 15:24:27 | __main__:optimize:122 - Metrics: {'r2': 0.9486914873123169, 'mse': 1.5956169325752785, 'mae': 0.8491212169791377, 'rmse': 1.2631773163634938, 'rmsle': 0.11122852351770204, 'loss': 1.2631773163634938}
[I 2024-09-20 15:24:27,527] Trial 419 finished with value: 1.2631773163634938 and parameters: {'learning_rate': 0.15230460836359933, 'reg_lambda': 0.21696212697863818, 'reg_alpha': 0.0002446218676145766, 'subsample': 0.8392285486020237, 'colsample_bytree': 0.6735916349428096, 'max_depth': 4, 'early_stopping_rounds': 377, 'n_estimators': 7000}. Best is trial 417 with value: 1.1781285923347884.
/Users/antoinelopez/Epitech/DIGITAL/DIGI 2/Victory Vision Analytics/pythonProject/.venv/lib/python3.12/site-packages/sklearn/metrics/_regression.py:492: FutureWarning: 'squared' is deprecated in version 1.4 and will be removed in 1.6. To calculate the root mean squared error, use the function'root_mean_squared_error'.
  warnings.warn(
/Users/antoinelopez/Epitech/DIGITAL/DIGI 2/Victory Vision Analytics/pythonProject/.venv/lib/python3.12/site-packages/sklearn/metrics/_regression.py:675: FutureWarning: 'squared' is deprecated in version 1.4 and will be removed in 1.6. To calculate the root mean squared logarithmic error, use the function'root_mean_squared_log_error'.
  warnings.warn(
INFO     | 2024-09-20 15:24:27 | __main__:optimize:122 - Metrics: {'r2': 0.9517554044723511, 'mse': 1.5003336924269826, 'mae': 0.8623497537402219, 'rmse': 1.224881093178837, 'rmsle': 0.14277600409836116, 'loss': 1.224881093178837}
[I 2024-09-20 15:24:27,810] Trial 420 finished with value: 1.224881093178837 and parameters: {'learning_rate': 0.1739920970250212, 'reg_lambda': 0.5230951374002496, 'reg_alpha': 0.0004813159852514565, 'subsample': 0.8761762386165899, 'colsample_bytree': 0.6049185729587272, 'max_depth': 4, 'early_stopping_rounds': 393, 'n_estimators': 7000}. Best is trial 417 with value: 1.1781285923347884.
/Users/antoinelopez/Epitech/DIGITAL/DIGI 2/Victory Vision Analytics/pythonProject/.venv/lib/python3.12/site-packages/sklearn/metrics/_regression.py:492: FutureWarning: 'squared' is deprecated in version 1.4 and will be removed in 1.6. To calculate the root mean squared error, use the function'root_mean_squared_error'.
  warnings.warn(
/Users/antoinelopez/Epitech/DIGITAL/DIGI 2/Victory Vision Analytics/pythonProject/.venv/lib/python3.12/site-packages/sklearn/metrics/_regression.py:675: FutureWarning: 'squared' is deprecated in version 1.4 and will be removed in 1.6. To calculate the root mean squared logarithmic error, use the function'root_mean_squared_log_error'.
  warnings.warn(
INFO     | 2024-09-20 15:24:28 | __main__:optimize:122 - Metrics: {'r2': 0.9458374381065369, 'mse': 1.684372945933358, 'mae': 0.8534758013348247, 'rmse': 1.2978339438978155, 'rmsle': 0.12281868067995587, 'loss': 1.2978339438978155}
[I 2024-09-20 15:24:28,151] Trial 421 finished with value: 1.2978339438978155 and parameters: {'learning_rate': 0.07228729971448912, 'reg_lambda': 0.4432866952797174, 'reg_alpha': 0.00033433237064182047, 'subsample': 0.8585707996252087, 'colsample_bytree': 0.6517931626445042, 'max_depth': 4, 'early_stopping_rounds': 374, 'n_estimators': 7000}. Best is trial 417 with value: 1.1781285923347884.
/Users/antoinelopez/Epitech/DIGITAL/DIGI 2/Victory Vision Analytics/pythonProject/.venv/lib/python3.12/site-packages/sklearn/metrics/_regression.py:492: FutureWarning: 'squared' is deprecated in version 1.4 and will be removed in 1.6. To calculate the root mean squared error, use the function'root_mean_squared_error'.
  warnings.warn(
/Users/antoinelopez/Epitech/DIGITAL/DIGI 2/Victory Vision Analytics/pythonProject/.venv/lib/python3.12/site-packages/sklearn/metrics/_regression.py:675: FutureWarning: 'squared' is deprecated in version 1.4 and will be removed in 1.6. To calculate the root mean squared logarithmic error, use the function'root_mean_squared_log_error'.
  warnings.warn(
INFO     | 2024-09-20 15:24:28 | __main__:optimize:122 - Metrics: {'r2': 0.945347785949707, 'mse': 1.6996013749385441, 'mae': 0.894583333231682, 'rmse': 1.303687606345379, 'rmsle': 0.11843134814693107, 'loss': 1.303687606345379}
