[I 2024-09-20 15:23:30,355] Trial 230 finished with value: 1.2643707359663643 and parameters: {'learning_rate': 0.11042517752828304, 'reg_lambda': 0.0026065709877272016, 'reg_alpha': 0.0009541166188199529, 'subsample': 0.9034896277899791, 'colsample_bytree': 0.639027891396648, 'max_depth': 4, 'early_stopping_rounds': 442, 'n_estimators': 7000}. Best is trial 207 with value: 1.189099607377955.
/Users/antoinelopez/Epitech/DIGITAL/DIGI 2/Victory Vision Analytics/pythonProject/.venv/lib/python3.12/site-packages/sklearn/metrics/_regression.py:492: FutureWarning: 'squared' is deprecated in version 1.4 and will be removed in 1.6. To calculate the root mean squared error, use the function'root_mean_squared_error'.
  warnings.warn(
/Users/antoinelopez/Epitech/DIGITAL/DIGI 2/Victory Vision Analytics/pythonProject/.venv/lib/python3.12/site-packages/sklearn/metrics/_regression.py:675: FutureWarning: 'squared' is deprecated in version 1.4 and will be removed in 1.6. To calculate the root mean squared logarithmic error, use the function'root_mean_squared_log_error'.
  warnings.warn(
INFO     | 2024-09-20 15:23:30 | __main__:optimize:122 - Metrics: {'r2': 0.9541579484939575, 'mse': 1.4256183457614195, 'mae': 0.7880696525407392, 'rmse': 1.1939926070798845, 'rmsle': 0.11128490378378532, 'loss': 1.1939926070798845}
[I 2024-09-20 15:23:30,635] Trial 231 finished with value: 1.1939926070798845 and parameters: {'learning_rate': 0.12845965096179707, 'reg_lambda': 0.03811055752812012, 'reg_alpha': 0.0007180855005802313, 'subsample': 0.8691756129873132, 'colsample_bytree': 0.7018690583559822, 'max_depth': 4, 'early_stopping_rounds': 407, 'n_estimators': 7000}. Best is trial 207 with value: 1.189099607377955.
/Users/antoinelopez/Epitech/DIGITAL/DIGI 2/Victory Vision Analytics/pythonProject/.venv/lib/python3.12/site-packages/sklearn/metrics/_regression.py:492: FutureWarning: 'squared' is deprecated in version 1.4 and will be removed in 1.6. To calculate the root mean squared error, use the function'root_mean_squared_error'.
  warnings.warn(
/Users/antoinelopez/Epitech/DIGITAL/DIGI 2/Victory Vision Analytics/pythonProject/.venv/lib/python3.12/site-packages/sklearn/metrics/_regression.py:675: FutureWarning: 'squared' is deprecated in version 1.4 and will be removed in 1.6. To calculate the root mean squared logarithmic error, use the function'root_mean_squared_log_error'.
  warnings.warn(
INFO     | 2024-09-20 15:23:30 | __main__:optimize:122 - Metrics: {'r2': 0.9525089859962463, 'mse': 1.4768981816276296, 'mae': 0.7983196718748226, 'rmse': 1.215276997901149, 'rmsle': 0.11200081938763998, 'loss': 1.215276997901149}
[I 2024-09-20 15:23:30,902] Trial 232 finished with value: 1.215276997901149 and parameters: {'learning_rate': 0.1464494738466454, 'reg_lambda': 0.07201988725309409, 'reg_alpha': 0.00015756851665156598, 'subsample': 0.8755023611495947, 'colsample_bytree': 0.6848206837884305, 'max_depth': 4, 'early_stopping_rounds': 409, 'n_estimators': 7000}. Best is trial 207 with value: 1.189099607377955.
/Users/antoinelopez/Epitech/DIGITAL/DIGI 2/Victory Vision Analytics/pythonProject/.venv/lib/python3.12/site-packages/sklearn/metrics/_regression.py:492: FutureWarning: 'squared' is deprecated in version 1.4 and will be removed in 1.6. To calculate the root mean squared error, use the function'root_mean_squared_error'.
  warnings.warn(
/Users/antoinelopez/Epitech/DIGITAL/DIGI 2/Victory Vision Analytics/pythonProject/.venv/lib/python3.12/site-packages/sklearn/metrics/_regression.py:675: FutureWarning: 'squared' is deprecated in version 1.4 and will be removed in 1.6. To calculate the root mean squared logarithmic error, use the function'root_mean_squared_log_error'.
  warnings.warn(
INFO     | 2024-09-20 15:23:31 | __main__:optimize:122 - Metrics: {'r2': 0.9372124075889587, 'mse': 1.9525981976720554, 'mae': 1.004856468078702, 'rmse': 1.397353998696127, 'rmsle': 0.14123020234611997, 'loss': 1.397353998696127}
[I 2024-09-20 15:23:31,263] Trial 233 finished with value: 1.397353998696127 and parameters: {'learning_rate': 0.042672871730741795, 'reg_lambda': 0.04237507193030803, 'reg_alpha': 0.0005884668225621045, 'subsample': 0.8525190058386742, 'colsample_bytree': 0.6602368255392731, 'max_depth': 4, 'early_stopping_rounds': 393, 'n_estimators': 7000}. Best is trial 207 with value: 1.189099607377955.
/Users/antoinelopez/Epitech/DIGITAL/DIGI 2/Victory Vision Analytics/pythonProject/.venv/lib/python3.12/site-packages/sklearn/metrics/_regression.py:492: FutureWarning: 'squared' is deprecated in version 1.4 and will be removed in 1.6. To calculate the root mean squared error, use the function'root_mean_squared_error'.
  warnings.warn(
/Users/antoinelopez/Epitech/DIGITAL/DIGI 2/Victory Vision Analytics/pythonProject/.venv/lib/python3.12/site-packages/sklearn/metrics/_regression.py:675: FutureWarning: 'squared' is deprecated in version 1.4 and will be removed in 1.6. To calculate the root mean squared logarithmic error, use the function'root_mean_squared_log_error'.
  warnings.warn(
INFO     | 2024-09-20 15:23:31 | __main__:optimize:122 - Metrics: {'r2': 0.952530026435852, 'mse': 1.476243788151865, 'mae': 0.8116389425688012, 'rmse': 1.215007731725138, 'rmsle': 0.11425160672682216, 'loss': 1.215007731725138}
[I 2024-09-20 15:23:31,578] Trial 234 finished with value: 1.215007731725138 and parameters: {'learning_rate': 0.12356264024965076, 'reg_lambda': 0.019911430013971658, 'reg_alpha': 0.0002503310560876983, 'subsample': 0.8871624650555171, 'colsample_bytree': 0.709578009236683, 'max_depth': 4, 'early_stopping_rounds': 432, 'n_estimators': 7000}. Best is trial 207 with value: 1.189099607377955.
/Users/antoinelopez/Epitech/DIGITAL/DIGI 2/Victory Vision Analytics/pythonProject/.venv/lib/python3.12/site-packages/sklearn/metrics/_regression.py:492: FutureWarning: 'squared' is deprecated in version 1.4 and will be removed in 1.6. To calculate the root mean squared error, use the function'root_mean_squared_error'.
  warnings.warn(
/Users/antoinelopez/Epitech/DIGITAL/DIGI 2/Victory Vision Analytics/pythonProject/.venv/lib/python3.12/site-packages/sklearn/metrics/_regression.py:675: FutureWarning: 'squared' is deprecated in version 1.4 and will be removed in 1.6. To calculate the root mean squared logarithmic error, use the function'root_mean_squared_log_error'.
  warnings.warn(
INFO     | 2024-09-20 15:23:31 | __main__:optimize:122 - Metrics: {'r2': 0.9478802680969238, 'mse': 1.6208438953259214, 'mae': 0.8865145263976829, 'rmse': 1.2731236763668805, 'rmsle': 0.12094394641397652, 'loss': 1.2731236763668805}
[I 2024-09-20 15:23:31,891] Trial 235 finished with value: 1.2731236763668805 and parameters: {'learning_rate': 0.13290347624601742, 'reg_lambda': 0.021473442282833814, 'reg_alpha': 0.00024819566378616405, 'subsample': 0.4991647145342895, 'colsample_bytree': 0.7102332318525433, 'max_depth': 4, 'early_stopping_rounds': 418, 'n_estimators': 7000}. Best is trial 207 with value: 1.189099607377955.
/Users/antoinelopez/Epitech/DIGITAL/DIGI 2/Victory Vision Analytics/pythonProject/.venv/lib/python3.12/site-packages/sklearn/metrics/_regression.py:492: FutureWarning: 'squared' is deprecated in version 1.4 and will be removed in 1.6. To calculate the root mean squared error, use the function'root_mean_squared_error'.
  warnings.warn(
/Users/antoinelopez/Epitech/DIGITAL/DIGI 2/Victory Vision Analytics/pythonProject/.venv/lib/python3.12/site-packages/sklearn/metrics/_regression.py:675: FutureWarning: 'squared' is deprecated in version 1.4 and will be removed in 1.6. To calculate the root mean squared logarithmic error, use the function'root_mean_squared_log_error'.
  warnings.warn(
INFO     | 2024-09-20 15:23:32 | __main__:optimize:122 - Metrics: {'r2': 0.951503336429596, 'mse': 1.5081726994652958, 'mae': 0.8476880578107612, 'rmse': 1.2280768296264268, 'rmsle': 0.11980111002973526, 'loss': 1.2280768296264268}
[I 2024-09-20 15:23:32,186] Trial 236 finished with value: 1.2280768296264268 and parameters: {'learning_rate': 0.12186371784178099, 'reg_lambda': 0.0906455877145129, 'reg_alpha': 0.00030251101626296633, 'subsample': 0.8897910595491169, 'colsample_bytree': 0.7222928842994907, 'max_depth': 4, 'early_stopping_rounds': 430, 'n_estimators': 7000}. Best is trial 207 with value: 1.189099607377955.
/Users/antoinelopez/Epitech/DIGITAL/DIGI 2/Victory Vision Analytics/pythonProject/.venv/lib/python3.12/site-packages/sklearn/metrics/_regression.py:492: FutureWarning: 'squared' is deprecated in version 1.4 and will be removed in 1.6. To calculate the root mean squared error, use the function'root_mean_squared_error'.
  warnings.warn(
/Users/antoinelopez/Epitech/DIGITAL/DIGI 2/Victory Vision Analytics/pythonProject/.venv/lib/python3.12/site-packages/sklearn/metrics/_regression.py:675: FutureWarning: 'squared' is deprecated in version 1.4 and will be removed in 1.6. To calculate the root mean squared logarithmic error, use the function'root_mean_squared_log_error'.
  warnings.warn(
INFO     | 2024-09-20 15:23:32 | __main__:optimize:122 - Metrics: {'r2': 0.9404626488685608, 'mse': 1.8515208090110438, 'mae': 0.9151600456515024, 'rmse': 1.3607059965367403, 'rmsle': 0.12392602651127496, 'loss': 1.3607059965367403}
[I 2024-09-20 15:23:32,433] Trial 237 finished with value: 1.3607059965367403 and parameters: {'learning_rate': 0.13451021150210568, 'reg_lambda': 0.037320649777916284, 'reg_alpha': 0.0003993827672458562, 'subsample': 0.2690727465736157, 'colsample_bytree': 0.6965343280381304, 'max_depth': 4, 'early_stopping_rounds': 403, 'n_estimators': 7000}. Best is trial 207 with value: 1.189099607377955.
/Users/antoinelopez/Epitech/DIGITAL/DIGI 2/Victory Vision Analytics/pythonProject/.venv/lib/python3.12/site-packages/sklearn/metrics/_regression.py:492: FutureWarning: 'squared' is deprecated in version 1.4 and will be removed in 1.6. To calculate the root mean squared error, use the function'root_mean_squared_error'.
  warnings.warn(
/Users/antoinelopez/Epitech/DIGITAL/DIGI 2/Victory Vision Analytics/pythonProject/.venv/lib/python3.12/site-packages/sklearn/metrics/_regression.py:675: FutureWarning: 'squared' is deprecated in version 1.4 and will be removed in 1.6. To calculate the root mean squared logarithmic error, use the function'root_mean_squared_log_error'.
  warnings.warn(
INFO     | 2024-09-20 15:23:32 | __main__:optimize:122 - Metrics: {'r2': 0.9488257765769958, 'mse': 1.5914403867884297, 'mae': 0.8553890163122222, 'rmse': 1.2615230425118797, 'rmsle': 0.1222595428413995, 'loss': 1.2615230425118797}
[I 2024-09-20 15:23:32,699] Trial 238 finished with value: 1.2615230425118797 and parameters: {'learning_rate': 0.11783803466905081, 'reg_lambda': 0.009626988030333876, 'reg_alpha': 6.463978656702541e-05, 'subsample': 0.9161296909588545, 'colsample_bytree': 0.7562615574817181, 'max_depth': 4, 'early_stopping_rounds': 414, 'n_estimators': 7000}. Best is trial 207 with value: 1.189099607377955.
/Users/antoinelopez/Epitech/DIGITAL/DIGI 2/Victory Vision Analytics/pythonProject/.venv/lib/python3.12/site-packages/sklearn/metrics/_regression.py:492: FutureWarning: 'squared' is deprecated in version 1.4 and will be removed in 1.6. To calculate the root mean squared error, use the function'root_mean_squared_error'.
  warnings.warn(
/Users/antoinelopez/Epitech/DIGITAL/DIGI 2/Victory Vision Analytics/pythonProject/.venv/lib/python3.12/site-packages/sklearn/metrics/_regression.py:675: FutureWarning: 'squared' is deprecated in version 1.4 and will be removed in 1.6. To calculate the root mean squared logarithmic error, use the function'root_mean_squared_log_error'.
  warnings.warn(
INFO     | 2024-09-20 15:23:33 | __main__:optimize:122 - Metrics: {'r2': 0.9521878361701965, 'mse': 1.486885628854495, 'mae': 0.8426168495832488, 'rmse': 1.2193791981391575, 'rmsle': 0.11448894034384602, 'loss': 1.2193791981391575}
[I 2024-09-20 15:23:33,024] Trial 239 finished with value: 1.2193791981391575 and parameters: {'learning_rate': 0.1454912298619921, 'reg_lambda': 0.0033899692599375104, 'reg_alpha': 0.0009709094710196747, 'subsample': 0.8760595496402286, 'colsample_bytree': 0.7209307340327374, 'max_depth': 4, 'early_stopping_rounds': 426, 'n_estimators': 7000}. Best is trial 207 with value: 1.189099607377955.
/Users/antoinelopez/Epitech/DIGITAL/DIGI 2/Victory Vision Analytics/pythonProject/.venv/lib/python3.12/site-packages/sklearn/metrics/_regression.py:492: FutureWarning: 'squared' is deprecated in version 1.4 and will be removed in 1.6. To calculate the root mean squared error, use the function'root_mean_squared_error'.
  warnings.warn(
/Users/antoinelopez/Epitech/DIGITAL/DIGI 2/Victory Vision Analytics/pythonProject/.venv/lib/python3.12/site-packages/sklearn/metrics/_regression.py:675: FutureWarning: 'squared' is deprecated in version 1.4 and will be removed in 1.6. To calculate the root mean squared logarithmic error, use the function'root_mean_squared_log_error'.
  warnings.warn(
INFO     | 2024-09-20 15:23:33 | __main__:optimize:122 - Metrics: {'r2': 0.9523529410362244, 'mse': 1.4817510697864202, 'mae': 0.818024559630904, 'rmse': 1.217271978559607, 'rmsle': 0.1188616697060372, 'loss': 1.217271978559607}
[I 2024-09-20 15:23:33,295] Trial 240 finished with value: 1.217271978559607 and parameters: {'learning_rate': 0.1262900032556853, 'reg_lambda': 0.015879582168185004, 'reg_alpha': 0.00015623980148914612, 'subsample': 0.9001474263671864, 'colsample_bytree': 0.7393516888557442, 'max_depth': 4, 'early_stopping_rounds': 412, 'n_estimators': 7000}. Best is trial 207 with value: 1.189099607377955.
/Users/antoinelopez/Epitech/DIGITAL/DIGI 2/Victory Vision Analytics/pythonProject/.venv/lib/python3.12/site-packages/sklearn/metrics/_regression.py:492: FutureWarning: 'squared' is deprecated in version 1.4 and will be removed in 1.6. To calculate the root mean squared error, use the function'root_mean_squared_error'.
  warnings.warn(
/Users/antoinelopez/Epitech/DIGITAL/DIGI 2/Victory Vision Analytics/pythonProject/.venv/lib/python3.12/site-packages/sklearn/metrics/_regression.py:675: FutureWarning: 'squared' is deprecated in version 1.4 and will be removed in 1.6. To calculate the root mean squared logarithmic error, use the function'root_mean_squared_log_error'.
  warnings.warn(
INFO     | 2024-09-20 15:23:33 | __main__:optimize:122 - Metrics: {'r2': 0.9488318562507629, 'mse': 1.5912512407516044, 'mae': 0.8392102509043937, 'rmse': 1.2614480729509259, 'rmsle': 0.11684353679299807, 'loss': 1.2614480729509259}
[I 2024-09-20 15:23:33,592] Trial 241 finished with value: 1.2614480729509259 and parameters: {'learning_rate': 0.11203587939312852, 'reg_lambda': 0.0008757634345423568, 'reg_alpha': 0.0006534501643094727, 'subsample': 0.838234093184307, 'colsample_bytree': 0.6709621044591765, 'max_depth': 4, 'early_stopping_rounds': 431, 'n_estimators': 7000}. Best is trial 207 with value: 1.189099607377955.
/Users/antoinelopez/Epitech/DIGITAL/DIGI 2/Victory Vision Analytics/pythonProject/.venv/lib/python3.12/site-packages/sklearn/metrics/_regression.py:492: FutureWarning: 'squared' is deprecated in version 1.4 and will be removed in 1.6. To calculate the root mean squared error, use the function'root_mean_squared_error'.
  warnings.warn(
/Users/antoinelopez/Epitech/DIGITAL/DIGI 2/Victory Vision Analytics/pythonProject/.venv/lib/python3.12/site-packages/sklearn/metrics/_regression.py:675: FutureWarning: 'squared' is deprecated in version 1.4 and will be removed in 1.6. To calculate the root mean squared logarithmic error, use the function'root_mean_squared_log_error'.
  warnings.warn(
INFO     | 2024-09-20 15:23:33 | __main__:optimize:122 - Metrics: {'r2': 0.9529582262039185, 'mse': 1.4629281810113468, 'mae': 0.8007448339185049, 'rmse': 1.2095156803495135, 'rmsle': 0.11257916751160049, 'loss': 1.2095156803495135}
[I 2024-09-20 15:23:33,911] Trial 242 finished with value: 1.2095156803495135 and parameters: {'learning_rate': 0.11703779587213099, 'reg_lambda': 0.0014414044714387265, 'reg_alpha': 0.0001829453486544643, 'subsample': 0.8624955673191379, 'colsample_bytree': 0.6889058797451674, 'max_depth': 4, 'early_stopping_rounds': 443, 'n_estimators': 7000}. Best is trial 207 with value: 1.189099607377955.
/Users/antoinelopez/Epitech/DIGITAL/DIGI 2/Victory Vision Analytics/pythonProject/.venv/lib/python3.12/site-packages/sklearn/metrics/_regression.py:492: FutureWarning: 'squared' is deprecated in version 1.4 and will be removed in 1.6. To calculate the root mean squared error, use the function'root_mean_squared_error'.
  warnings.warn(
/Users/antoinelopez/Epitech/DIGITAL/DIGI 2/Victory Vision Analytics/pythonProject/.venv/lib/python3.12/site-packages/sklearn/metrics/_regression.py:675: FutureWarning: 'squared' is deprecated in version 1.4 and will be removed in 1.6. To calculate the root mean squared logarithmic error, use the function'root_mean_squared_log_error'.
  warnings.warn(
INFO     | 2024-09-20 15:23:34 | __main__:optimize:122 - Metrics: {'r2': 0.9519625902175903, 'mse': 1.4938900196764322, 'mae': 0.8179893953855648, 'rmse': 1.222247937071866, 'rmsle': 0.10893422780859717, 'loss': 1.222247937071866}
[I 2024-09-20 15:23:34,212] Trial 243 finished with value: 1.222247937071866 and parameters: {'learning_rate': 0.11938332664302194, 'reg_lambda': 0.0019661906256673123, 'reg_alpha': 0.00015802777558148856, 'subsample': 0.8648929065859755, 'colsample_bytree': 0.6930967738104861, 'max_depth': 4, 'early_stopping_rounds': 448, 'n_estimators': 7000}. Best is trial 207 with value: 1.189099607377955.
/Users/antoinelopez/Epitech/DIGITAL/DIGI 2/Victory Vision Analytics/pythonProject/.venv/lib/python3.12/site-packages/sklearn/metrics/_regression.py:492: FutureWarning: 'squared' is deprecated in version 1.4 and will be removed in 1.6. To calculate the root mean squared error, use the function'root_mean_squared_error'.
  warnings.warn(
/Users/antoinelopez/Epitech/DIGITAL/DIGI 2/Victory Vision Analytics/pythonProject/.venv/lib/python3.12/site-packages/sklearn/metrics/_regression.py:675: FutureWarning: 'squared' is deprecated in version 1.4 and will be removed in 1.6. To calculate the root mean squared logarithmic error, use the function'root_mean_squared_log_error'.
  warnings.warn(
INFO     | 2024-09-20 15:23:34 | __main__:optimize:122 - Metrics: {'r2': 0.9508911967277527, 'mse': 1.5272098867100963, 'mae': 0.8227677239928135, 'rmse': 1.2358033365831702, 'rmsle': 0.11519484531422321, 'loss': 1.2358033365831702}
[I 2024-09-20 15:23:34,529] Trial 244 finished with value: 1.2358033365831702 and parameters: {'learning_rate': 0.10584979968092702, 'reg_lambda': 3.379210506931939, 'reg_alpha': 6.662157966522035e-05, 'subsample': 0.8817618445518115, 'colsample_bytree': 0.7059718491369193, 'max_depth': 4, 'early_stopping_rounds': 421, 'n_estimators': 7000}. Best is trial 207 with value: 1.189099607377955.
/Users/antoinelopez/Epitech/DIGITAL/DIGI 2/Victory Vision Analytics/pythonProject/.venv/lib/python3.12/site-packages/sklearn/metrics/_regression.py:492: FutureWarning: 'squared' is deprecated in version 1.4 and will be removed in 1.6. To calculate the root mean squared error, use the function'root_mean_squared_error'.
  warnings.warn(
/Users/antoinelopez/Epitech/DIGITAL/DIGI 2/Victory Vision Analytics/pythonProject/.venv/lib/python3.12/site-packages/sklearn/metrics/_regression.py:675: FutureWarning: 'squared' is deprecated in version 1.4 and will be removed in 1.6. To calculate the root mean squared logarithmic error, use the function'root_mean_squared_log_error'.
  warnings.warn(
INFO     | 2024-09-20 15:23:34 | __main__:optimize:122 - Metrics: {'r2': 0.9508064389228821, 'mse': 1.529844869310148, 'mae': 0.8251603789107744, 'rmse': 1.2368689782309799, 'rmsle': 0.11367431834211103, 'loss': 1.2368689782309799}
[I 2024-09-20 15:23:34,820] Trial 245 finished with value: 1.2368689782309799 and parameters: {'learning_rate': 0.1260903811366147, 'reg_lambda': 0.0012137444477277352, 'reg_alpha': 0.0002135191004263116, 'subsample': 0.9405205080332626, 'colsample_bytree': 0.6842667329441265, 'max_depth': 4, 'early_stopping_rounds': 436, 'n_estimators': 7000}. Best is trial 207 with value: 1.189099607377955.
/Users/antoinelopez/Epitech/DIGITAL/DIGI 2/Victory Vision Analytics/pythonProject/.venv/lib/python3.12/site-packages/sklearn/metrics/_regression.py:492: FutureWarning: 'squared' is deprecated in version 1.4 and will be removed in 1.6. To calculate the root mean squared error, use the function'root_mean_squared_error'.
  warnings.warn(
/Users/antoinelopez/Epitech/DIGITAL/DIGI 2/Victory Vision Analytics/pythonProject/.venv/lib/python3.12/site-packages/sklearn/metrics/_regression.py:675: FutureWarning: 'squared' is deprecated in version 1.4 and will be removed in 1.6. To calculate the root mean squared logarithmic error, use the function'root_mean_squared_log_error'.
  warnings.warn(
INFO     | 2024-09-20 15:23:35 | __main__:optimize:122 - Metrics: {'r2': 0.9512905478477478, 'mse': 1.5147892432405945, 'mae': 0.8168903738953347, 'rmse': 1.2307677454502106, 'rmsle': 0.12399124288775701, 'loss': 1.2307677454502106}
