[I 2024-09-20 15:23:06,951] Trial 166 finished with value: 1.2860779227836778 and parameters: {'learning_rate': 0.12635378001341416, 'reg_lambda': 1.0673114415316278e-05, 'reg_alpha': 0.025716086844410586, 'subsample': 0.8541261266562609, 'colsample_bytree': 0.6185962100260324, 'max_depth': 4, 'early_stopping_rounds': 445, 'n_estimators': 7000}. Best is trial 130 with value: 1.2046515087531384.
/Users/antoinelopez/Epitech/DIGITAL/DIGI 2/Victory Vision Analytics/pythonProject/.venv/lib/python3.12/site-packages/sklearn/metrics/_regression.py:492: FutureWarning: 'squared' is deprecated in version 1.4 and will be removed in 1.6. To calculate the root mean squared error, use the function'root_mean_squared_error'.
  warnings.warn(
/Users/antoinelopez/Epitech/DIGITAL/DIGI 2/Victory Vision Analytics/pythonProject/.venv/lib/python3.12/site-packages/sklearn/metrics/_regression.py:675: FutureWarning: 'squared' is deprecated in version 1.4 and will be removed in 1.6. To calculate the root mean squared logarithmic error, use the function'root_mean_squared_log_error'.
  warnings.warn(
INFO     | 2024-09-20 15:23:09 | __main__:optimize:122 - Metrics: {'r2': 0.9326437711715698, 'mse': 2.0946768646281013, 'mae': 1.1065833056562169, 'rmse': 1.4472998530463896, 'rmsle': 0.2079799540162952, 'loss': 1.4472998530463896}
[I 2024-09-20 15:23:09,149] Trial 167 finished with value: 1.4472998530463896 and parameters: {'learning_rate': 0.08785123484476043, 'reg_lambda': 48.4146777535925, 'reg_alpha': 0.10816626563929668, 'subsample': 0.9066625903605573, 'colsample_bytree': 0.31769353924005644, 'max_depth': 3, 'early_stopping_rounds': 432, 'n_estimators': 7000}. Best is trial 130 with value: 1.2046515087531384.
/Users/antoinelopez/Epitech/DIGITAL/DIGI 2/Victory Vision Analytics/pythonProject/.venv/lib/python3.12/site-packages/sklearn/metrics/_regression.py:492: FutureWarning: 'squared' is deprecated in version 1.4 and will be removed in 1.6. To calculate the root mean squared error, use the function'root_mean_squared_error'.
  warnings.warn(
/Users/antoinelopez/Epitech/DIGITAL/DIGI 2/Victory Vision Analytics/pythonProject/.venv/lib/python3.12/site-packages/sklearn/metrics/_regression.py:675: FutureWarning: 'squared' is deprecated in version 1.4 and will be removed in 1.6. To calculate the root mean squared logarithmic error, use the function'root_mean_squared_log_error'.
  warnings.warn(
INFO     | 2024-09-20 15:23:09 | __main__:optimize:122 - Metrics: {'r2': 0.9494079351425171, 'mse': 1.5733363371575166, 'mae': 0.8522894751193911, 'rmse': 1.254327045533786, 'rmsle': 0.12537469657834224, 'loss': 1.254327045533786}
[I 2024-09-20 15:23:09,537] Trial 168 finished with value: 1.254327045533786 and parameters: {'learning_rate': 0.10811203156451114, 'reg_lambda': 2.5743497096149065e-05, 'reg_alpha': 0.009048928776581085, 'subsample': 0.9473321873452147, 'colsample_bytree': 0.6765273850680926, 'max_depth': 5, 'early_stopping_rounds': 414, 'n_estimators': 7000}. Best is trial 130 with value: 1.2046515087531384.
/Users/antoinelopez/Epitech/DIGITAL/DIGI 2/Victory Vision Analytics/pythonProject/.venv/lib/python3.12/site-packages/sklearn/metrics/_regression.py:492: FutureWarning: 'squared' is deprecated in version 1.4 and will be removed in 1.6. To calculate the root mean squared error, use the function'root_mean_squared_error'.
  warnings.warn(
/Users/antoinelopez/Epitech/DIGITAL/DIGI 2/Victory Vision Analytics/pythonProject/.venv/lib/python3.12/site-packages/sklearn/metrics/_regression.py:675: FutureWarning: 'squared' is deprecated in version 1.4 and will be removed in 1.6. To calculate the root mean squared logarithmic error, use the function'root_mean_squared_log_error'.
  warnings.warn(
INFO     | 2024-09-20 15:23:09 | __main__:optimize:122 - Metrics: {'r2': 0.9527226686477661, 'mse': 1.47025370588033, 'mae': 0.8343606791524, 'rmse': 1.2125401873259005, 'rmsle': 0.11046759658923758, 'loss': 1.2125401873259005}
[I 2024-09-20 15:23:09,895] Trial 169 finished with value: 1.2125401873259005 and parameters: {'learning_rate': 0.13313818579463327, 'reg_lambda': 0.001203062714673607, 'reg_alpha': 0.5236048977724329, 'subsample': 0.8799892455271985, 'colsample_bytree': 0.7134848896478776, 'max_depth': 3, 'early_stopping_rounds': 422, 'n_estimators': 7000}. Best is trial 130 with value: 1.2046515087531384.
/Users/antoinelopez/Epitech/DIGITAL/DIGI 2/Victory Vision Analytics/pythonProject/.venv/lib/python3.12/site-packages/sklearn/metrics/_regression.py:492: FutureWarning: 'squared' is deprecated in version 1.4 and will be removed in 1.6. To calculate the root mean squared error, use the function'root_mean_squared_error'.
  warnings.warn(
/Users/antoinelopez/Epitech/DIGITAL/DIGI 2/Victory Vision Analytics/pythonProject/.venv/lib/python3.12/site-packages/sklearn/metrics/_regression.py:675: FutureWarning: 'squared' is deprecated in version 1.4 and will be removed in 1.6. To calculate the root mean squared logarithmic error, use the function'root_mean_squared_log_error'.
  warnings.warn(
INFO     | 2024-09-20 15:23:10 | __main__:optimize:122 - Metrics: {'r2': 0.9416099190711975, 'mse': 1.8158432915589127, 'mae': 0.9714940622795459, 'rmse': 1.3475322970374077, 'rmsle': 0.1418443762698345, 'loss': 1.3475322970374077}
[I 2024-09-20 15:23:10,780] Trial 170 finished with value: 1.3475322970374077 and parameters: {'learning_rate': 0.12214157816241195, 'reg_lambda': 0.00016213301413256495, 'reg_alpha': 0.6069919607317825, 'subsample': 0.8055415235441706, 'colsample_bytree': 0.7119047622869493, 'max_depth': 9, 'early_stopping_rounds': 426, 'n_estimators': 7000}. Best is trial 130 with value: 1.2046515087531384.
/Users/antoinelopez/Epitech/DIGITAL/DIGI 2/Victory Vision Analytics/pythonProject/.venv/lib/python3.12/site-packages/sklearn/metrics/_regression.py:492: FutureWarning: 'squared' is deprecated in version 1.4 and will be removed in 1.6. To calculate the root mean squared error, use the function'root_mean_squared_error'.
  warnings.warn(
/Users/antoinelopez/Epitech/DIGITAL/DIGI 2/Victory Vision Analytics/pythonProject/.venv/lib/python3.12/site-packages/sklearn/metrics/_regression.py:675: FutureWarning: 'squared' is deprecated in version 1.4 and will be removed in 1.6. To calculate the root mean squared logarithmic error, use the function'root_mean_squared_log_error'.
  warnings.warn(
INFO     | 2024-09-20 15:23:11 | __main__:optimize:122 - Metrics: {'r2': 0.9518364667892456, 'mse': 1.4978124738409644, 'mae': 0.808260585263718, 'rmse': 1.223851491742754, 'rmsle': 0.10883371564847988, 'loss': 1.223851491742754}
[I 2024-09-20 15:23:11,036] Trial 171 finished with value: 1.223851491742754 and parameters: {'learning_rate': 0.13824730030874033, 'reg_lambda': 2.7829447129824837e-06, 'reg_alpha': 0.2527468265388543, 'subsample': 0.879913601540937, 'colsample_bytree': 0.6931667732285265, 'max_depth': 3, 'early_stopping_rounds': 439, 'n_estimators': 7000}. Best is trial 130 with value: 1.2046515087531384.
/Users/antoinelopez/Epitech/DIGITAL/DIGI 2/Victory Vision Analytics/pythonProject/.venv/lib/python3.12/site-packages/sklearn/metrics/_regression.py:492: FutureWarning: 'squared' is deprecated in version 1.4 and will be removed in 1.6. To calculate the root mean squared error, use the function'root_mean_squared_error'.
  warnings.warn(
/Users/antoinelopez/Epitech/DIGITAL/DIGI 2/Victory Vision Analytics/pythonProject/.venv/lib/python3.12/site-packages/sklearn/metrics/_regression.py:675: FutureWarning: 'squared' is deprecated in version 1.4 and will be removed in 1.6. To calculate the root mean squared logarithmic error, use the function'root_mean_squared_log_error'.
  warnings.warn(
INFO     | 2024-09-20 15:23:11 | __main__:optimize:122 - Metrics: {'r2': 0.953340470790863, 'mse': 1.451040220066077, 'mae': 0.7989399456700613, 'rmse': 1.2045913083141837, 'rmsle': 0.10754283604876991, 'loss': 1.2045913083141837}
[I 2024-09-20 15:23:11,339] Trial 172 finished with value: 1.2045913083141837 and parameters: {'learning_rate': 0.11707024406087618, 'reg_lambda': 0.000600098409800225, 'reg_alpha': 0.25572527408643964, 'subsample': 0.8766207069290056, 'colsample_bytree': 0.6920790509972673, 'max_depth': 3, 'early_stopping_rounds': 440, 'n_estimators': 7000}. Best is trial 172 with value: 1.2045913083141837.
/Users/antoinelopez/Epitech/DIGITAL/DIGI 2/Victory Vision Analytics/pythonProject/.venv/lib/python3.12/site-packages/sklearn/metrics/_regression.py:492: FutureWarning: 'squared' is deprecated in version 1.4 and will be removed in 1.6. To calculate the root mean squared error, use the function'root_mean_squared_error'.
  warnings.warn(
/Users/antoinelopez/Epitech/DIGITAL/DIGI 2/Victory Vision Analytics/pythonProject/.venv/lib/python3.12/site-packages/sklearn/metrics/_regression.py:675: FutureWarning: 'squared' is deprecated in version 1.4 and will be removed in 1.6. To calculate the root mean squared logarithmic error, use the function'root_mean_squared_log_error'.
  warnings.warn(
INFO     | 2024-09-20 15:23:11 | __main__:optimize:122 - Metrics: {'r2': 0.9504715800285339, 'mse': 1.5402589125891175, 'mae': 0.8028190618337587, 'rmse': 1.241071679069794, 'rmsle': 0.1123337497381052, 'loss': 1.241071679069794}
[I 2024-09-20 15:23:11,614] Trial 173 finished with value: 1.241071679069794 and parameters: {'learning_rate': 0.10315133982469753, 'reg_lambda': 0.0038939203928616225, 'reg_alpha': 0.27834490945037876, 'subsample': 0.8760989632803787, 'colsample_bytree': 0.6932498484988383, 'max_depth': 3, 'early_stopping_rounds': 449, 'n_estimators': 7000}. Best is trial 172 with value: 1.2045913083141837.
/Users/antoinelopez/Epitech/DIGITAL/DIGI 2/Victory Vision Analytics/pythonProject/.venv/lib/python3.12/site-packages/sklearn/metrics/_regression.py:492: FutureWarning: 'squared' is deprecated in version 1.4 and will be removed in 1.6. To calculate the root mean squared error, use the function'root_mean_squared_error'.
  warnings.warn(
/Users/antoinelopez/Epitech/DIGITAL/DIGI 2/Victory Vision Analytics/pythonProject/.venv/lib/python3.12/site-packages/sklearn/metrics/_regression.py:675: FutureWarning: 'squared' is deprecated in version 1.4 and will be removed in 1.6. To calculate the root mean squared logarithmic error, use the function'root_mean_squared_log_error'.
  warnings.warn(
INFO     | 2024-09-20 15:23:11 | __main__:optimize:122 - Metrics: {'r2': 0.9510083794593811, 'mse': 1.523565337055734, 'mae': 0.8287037885466287, 'rmse': 1.2343278887944378, 'rmsle': 0.1131334989088222, 'loss': 1.2343278887944378}
[I 2024-09-20 15:23:11,861] Trial 174 finished with value: 1.2343278887944378 and parameters: {'learning_rate': 0.1375186035725121, 'reg_lambda': 0.0018215313967327909, 'reg_alpha': 0.5062246158051263, 'subsample': 0.8330931004010929, 'colsample_bytree': 0.730581105432513, 'max_depth': 3, 'early_stopping_rounds': 437, 'n_estimators': 7000}. Best is trial 172 with value: 1.2045913083141837.
/Users/antoinelopez/Epitech/DIGITAL/DIGI 2/Victory Vision Analytics/pythonProject/.venv/lib/python3.12/site-packages/sklearn/metrics/_regression.py:492: FutureWarning: 'squared' is deprecated in version 1.4 and will be removed in 1.6. To calculate the root mean squared error, use the function'root_mean_squared_error'.
  warnings.warn(
/Users/antoinelopez/Epitech/DIGITAL/DIGI 2/Victory Vision Analytics/pythonProject/.venv/lib/python3.12/site-packages/sklearn/metrics/_regression.py:675: FutureWarning: 'squared' is deprecated in version 1.4 and will be removed in 1.6. To calculate the root mean squared logarithmic error, use the function'root_mean_squared_log_error'.
  warnings.warn(
INFO     | 2024-09-20 15:23:12 | __main__:optimize:122 - Metrics: {'r2': 0.9537903666496277, 'mse': 1.4370498291810747, 'mae': 0.7983427940413009, 'rmse': 1.1987701319189907, 'rmsle': 0.10556494968325476, 'loss': 1.1987701319189907}
[I 2024-09-20 15:23:12,148] Trial 175 finished with value: 1.1987701319189907 and parameters: {'learning_rate': 0.11463242915358779, 'reg_lambda': 0.0008419484031570742, 'reg_alpha': 0.07492506121517173, 'subsample': 0.8530516040339912, 'colsample_bytree': 0.7524924762094519, 'max_depth': 4, 'early_stopping_rounds': 419, 'n_estimators': 7000}. Best is trial 175 with value: 1.1987701319189907.
/Users/antoinelopez/Epitech/DIGITAL/DIGI 2/Victory Vision Analytics/pythonProject/.venv/lib/python3.12/site-packages/sklearn/metrics/_regression.py:492: FutureWarning: 'squared' is deprecated in version 1.4 and will be removed in 1.6. To calculate the root mean squared error, use the function'root_mean_squared_error'.
  warnings.warn(
/Users/antoinelopez/Epitech/DIGITAL/DIGI 2/Victory Vision Analytics/pythonProject/.venv/lib/python3.12/site-packages/sklearn/metrics/_regression.py:675: FutureWarning: 'squared' is deprecated in version 1.4 and will be removed in 1.6. To calculate the root mean squared logarithmic error, use the function'root_mean_squared_log_error'.
  warnings.warn(
INFO     | 2024-09-20 15:23:12 | __main__:optimize:122 - Metrics: {'r2': 0.9491683840751648, 'mse': 1.5807857402999939, 'mae': 0.8397849916025649, 'rmse': 1.2572930208586994, 'rmsle': 0.1147857395958068, 'loss': 1.2572930208586994}
[I 2024-09-20 15:23:12,431] Trial 176 finished with value: 1.2572930208586994 and parameters: {'learning_rate': 0.1150127647525971, 'reg_lambda': 0.0008905355400423284, 'reg_alpha': 0.24952275938879812, 'subsample': 0.8489029307594942, 'colsample_bytree': 0.7517107406056339, 'max_depth': 3, 'early_stopping_rounds': 416, 'n_estimators': 7000}. Best is trial 175 with value: 1.1987701319189907.
/Users/antoinelopez/Epitech/DIGITAL/DIGI 2/Victory Vision Analytics/pythonProject/.venv/lib/python3.12/site-packages/sklearn/metrics/_regression.py:492: FutureWarning: 'squared' is deprecated in version 1.4 and will be removed in 1.6. To calculate the root mean squared error, use the function'root_mean_squared_error'.
  warnings.warn(
/Users/antoinelopez/Epitech/DIGITAL/DIGI 2/Victory Vision Analytics/pythonProject/.venv/lib/python3.12/site-packages/sklearn/metrics/_regression.py:675: FutureWarning: 'squared' is deprecated in version 1.4 and will be removed in 1.6. To calculate the root mean squared logarithmic error, use the function'root_mean_squared_log_error'.
  warnings.warn(
INFO     | 2024-09-20 15:23:12 | __main__:optimize:122 - Metrics: {'r2': 0.9511720538139343, 'mse': 1.5184748683984088, 'mae': 0.7979328942853351, 'rmse': 1.2322641228236781, 'rmsle': 0.10461702564445291, 'loss': 1.2322641228236781}
[I 2024-09-20 15:23:12,690] Trial 177 finished with value: 1.2322641228236781 and parameters: {'learning_rate': 0.12678706750227395, 'reg_lambda': 0.0005952353137856069, 'reg_alpha': 0.1352546528856288, 'subsample': 0.8305119984857178, 'colsample_bytree': 0.7181908437584705, 'max_depth': 3, 'early_stopping_rounds': 464, 'n_estimators': 7000}. Best is trial 175 with value: 1.1987701319189907.
/Users/antoinelopez/Epitech/DIGITAL/DIGI 2/Victory Vision Analytics/pythonProject/.venv/lib/python3.12/site-packages/sklearn/metrics/_regression.py:492: FutureWarning: 'squared' is deprecated in version 1.4 and will be removed in 1.6. To calculate the root mean squared error, use the function'root_mean_squared_error'.
  warnings.warn(
/Users/antoinelopez/Epitech/DIGITAL/DIGI 2/Victory Vision Analytics/pythonProject/.venv/lib/python3.12/site-packages/sklearn/metrics/_regression.py:675: FutureWarning: 'squared' is deprecated in version 1.4 and will be removed in 1.6. To calculate the root mean squared logarithmic error, use the function'root_mean_squared_log_error'.
  warnings.warn(
INFO     | 2024-09-20 15:23:13 | __main__:optimize:122 - Metrics: {'r2': 0.9329419136047363, 'mse': 2.0854053492751348, 'mae': 1.0939747487389764, 'rmse': 1.4440932619727629, 'rmsle': 0.15535878988762497, 'loss': 1.4440932619727629}
[I 2024-09-20 15:23:13,301] Trial 178 finished with value: 1.4440932619727629 and parameters: {'learning_rate': 0.017488949470961235, 'reg_lambda': 0.0010269111126372037, 'reg_alpha': 0.38162059003372006, 'subsample': 0.8793236502355501, 'colsample_bytree': 0.702841314939257, 'max_depth': 4, 'early_stopping_rounds': 443, 'n_estimators': 7000}. Best is trial 175 with value: 1.1987701319189907.
/Users/antoinelopez/Epitech/DIGITAL/DIGI 2/Victory Vision Analytics/pythonProject/.venv/lib/python3.12/site-packages/sklearn/metrics/_regression.py:492: FutureWarning: 'squared' is deprecated in version 1.4 and will be removed in 1.6. To calculate the root mean squared error, use the function'root_mean_squared_error'.
  warnings.warn(
/Users/antoinelopez/Epitech/DIGITAL/DIGI 2/Victory Vision Analytics/pythonProject/.venv/lib/python3.12/site-packages/sklearn/metrics/_regression.py:675: FutureWarning: 'squared' is deprecated in version 1.4 and will be removed in 1.6. To calculate the root mean squared logarithmic error, use the function'root_mean_squared_log_error'.
  warnings.warn(
INFO     | 2024-09-20 15:23:13 | __main__:optimize:122 - Metrics: {'r2': 0.9486085772514343, 'mse': 1.5981953819155257, 'mae': 0.8286579911098924, 'rmse': 1.2641975248811104, 'rmsle': 0.11705101711286649, 'loss': 1.2641975248811104}
[I 2024-09-20 15:23:13,538] Trial 179 finished with value: 1.2641975248811104 and parameters: {'learning_rate': 0.13581938941924687, 'reg_lambda': 0.007512088521325031, 'reg_alpha': 0.00027078888297816725, 'subsample': 0.8648469399277563, 'colsample_bytree': 0.750149034209002, 'max_depth': 3, 'early_stopping_rounds': 420, 'n_estimators': 7000}. Best is trial 175 with value: 1.1987701319189907.
/Users/antoinelopez/Epitech/DIGITAL/DIGI 2/Victory Vision Analytics/pythonProject/.venv/lib/python3.12/site-packages/sklearn/metrics/_regression.py:492: FutureWarning: 'squared' is deprecated in version 1.4 and will be removed in 1.6. To calculate the root mean squared error, use the function'root_mean_squared_error'.
  warnings.warn(
/Users/antoinelopez/Epitech/DIGITAL/DIGI 2/Victory Vision Analytics/pythonProject/.venv/lib/python3.12/site-packages/sklearn/metrics/_regression.py:675: FutureWarning: 'squared' is deprecated in version 1.4 and will be removed in 1.6. To calculate the root mean squared logarithmic error, use the function'root_mean_squared_log_error'.
  warnings.warn(
INFO     | 2024-09-20 15:23:13 | __main__:optimize:122 - Metrics: {'r2': 0.9498185515403748, 'mse': 1.560566795865954, 'mae': 0.8336039893848951, 'rmse': 1.2492264790124943, 'rmsle': 0.11858076243426588, 'loss': 1.2492264790124943}
[I 2024-09-20 15:23:13,828] Trial 180 finished with value: 1.2492264790124943 and parameters: {'learning_rate': 0.11049505323815499, 'reg_lambda': 0.0024586033989698578, 'reg_alpha': 0.06136025375577792, 'subsample': 0.9179002589122782, 'colsample_bytree': 0.7315837838581927, 'max_depth': 4, 'early_stopping_rounds': 454, 'n_estimators': 7000}. Best is trial 175 with value: 1.1987701319189907.
/Users/antoinelopez/Epitech/DIGITAL/DIGI 2/Victory Vision Analytics/pythonProject/.venv/lib/python3.12/site-packages/sklearn/metrics/_regression.py:492: FutureWarning: 'squared' is deprecated in version 1.4 and will be removed in 1.6. To calculate the root mean squared error, use the function'root_mean_squared_error'.
  warnings.warn(
/Users/antoinelopez/Epitech/DIGITAL/DIGI 2/Victory Vision Analytics/pythonProject/.venv/lib/python3.12/site-packages/sklearn/metrics/_regression.py:675: FutureWarning: 'squared' is deprecated in version 1.4 and will be removed in 1.6. To calculate the root mean squared logarithmic error, use the function'root_mean_squared_log_error'.
  warnings.warn(
INFO     | 2024-09-20 15:23:14 | __main__:optimize:122 - Metrics: {'r2': 0.952286422252655, 'mse': 1.4838192026208834, 'mae': 0.8260544744341872, 'rmse': 1.2181211773140155, 'rmsle': 0.12005834751012236, 'loss': 1.2181211773140155}
[I 2024-09-20 15:23:14,136] Trial 181 finished with value: 1.2181211773140155 and parameters: {'learning_rate': 0.1002177244138058, 'reg_lambda': 0.0002988070146904147, 'reg_alpha': 0.07754892317080907, 'subsample': 0.8843265524809665, 'colsample_bytree': 0.6923885818352453, 'max_depth': 4, 'early_stopping_rounds': 409, 'n_estimators': 7000}. Best is trial 175 with value: 1.1987701319189907.
/Users/antoinelopez/Epitech/DIGITAL/DIGI 2/Victory Vision Analytics/pythonProject/.venv/lib/python3.12/site-packages/sklearn/metrics/_regression.py:492: FutureWarning: 'squared' is deprecated in version 1.4 and will be removed in 1.6. To calculate the root mean squared error, use the function'root_mean_squared_error'.
  warnings.warn(
/Users/antoinelopez/Epitech/DIGITAL/DIGI 2/Victory Vision Analytics/pythonProject/.venv/lib/python3.12/site-packages/sklearn/metrics/_regression.py:675: FutureWarning: 'squared' is deprecated in version 1.4 and will be removed in 1.6. To calculate the root mean squared logarithmic error, use the function'root_mean_squared_log_error'.
  warnings.warn(
INFO     | 2024-09-20 15:23:14 | __main__:optimize:122 - Metrics: {'r2': 0.9527575969696045, 'mse': 1.469167286053988, 'mae': 0.8006843311842098, 'rmse': 1.212092111208545, 'rmsle': 0.11644521383390591, 'loss': 1.212092111208545}
