[I 2024-09-20 15:22:37,675] Trial 70 finished with value: 1.4674343068201425 and parameters: {'learning_rate': 0.1269606164660335, 'reg_lambda': 1.9130427016016816e-07, 'reg_alpha': 0.4881347616462946, 'subsample': 0.9229939534125352, 'colsample_bytree': 0.9985119610621296, 'max_depth': 6, 'early_stopping_rounds': 422, 'n_estimators': 15000}. Best is trial 37 with value: 1.231815754986476.
/Users/antoinelopez/Epitech/DIGITAL/DIGI 2/Victory Vision Analytics/pythonProject/.venv/lib/python3.12/site-packages/sklearn/metrics/_regression.py:492: FutureWarning: 'squared' is deprecated in version 1.4 and will be removed in 1.6. To calculate the root mean squared error, use the function'root_mean_squared_error'.
  warnings.warn(
/Users/antoinelopez/Epitech/DIGITAL/DIGI 2/Victory Vision Analytics/pythonProject/.venv/lib/python3.12/site-packages/sklearn/metrics/_regression.py:675: FutureWarning: 'squared' is deprecated in version 1.4 and will be removed in 1.6. To calculate the root mean squared logarithmic error, use the function'root_mean_squared_log_error'.
  warnings.warn(
INFO     | 2024-09-20 15:22:37 | __main__:optimize:122 - Metrics: {'r2': 0.947928249835968, 'mse': 1.6193530554483666, 'mae': 0.8048413344593935, 'rmse': 1.2725380369357793, 'rmsle': 0.10491700145903919, 'loss': 1.2725380369357793}
[I 2024-09-20 15:22:37,956] Trial 71 finished with value: 1.2725380369357793 and parameters: {'learning_rate': 0.11243693128863802, 'reg_lambda': 7.067396860153053e-05, 'reg_alpha': 0.03246201120615382, 'subsample': 0.9565091426199201, 'colsample_bytree': 0.7996027244466255, 'max_depth': 4, 'early_stopping_rounds': 446, 'n_estimators': 20000}. Best is trial 37 with value: 1.231815754986476.
/Users/antoinelopez/Epitech/DIGITAL/DIGI 2/Victory Vision Analytics/pythonProject/.venv/lib/python3.12/site-packages/sklearn/metrics/_regression.py:492: FutureWarning: 'squared' is deprecated in version 1.4 and will be removed in 1.6. To calculate the root mean squared error, use the function'root_mean_squared_error'.
  warnings.warn(
/Users/antoinelopez/Epitech/DIGITAL/DIGI 2/Victory Vision Analytics/pythonProject/.venv/lib/python3.12/site-packages/sklearn/metrics/_regression.py:675: FutureWarning: 'squared' is deprecated in version 1.4 and will be removed in 1.6. To calculate the root mean squared logarithmic error, use the function'root_mean_squared_log_error'.
  warnings.warn(
INFO     | 2024-09-20 15:22:38 | __main__:optimize:122 - Metrics: {'r2': 0.9370213747024536, 'mse': 1.958539099857592, 'mae': 0.8851833318555078, 'rmse': 1.399478152690349, 'rmsle': 0.11987005601997236, 'loss': 1.399478152690349}
[I 2024-09-20 15:22:38,488] Trial 72 finished with value: 1.399478152690349 and parameters: {'learning_rate': 0.07587579458768011, 'reg_lambda': 2.1806699986502295e-05, 'reg_alpha': 0.0020097979150773184, 'subsample': 0.5284269042618255, 'colsample_bytree': 0.9046258197702033, 'max_depth': 6, 'early_stopping_rounds': 428, 'n_estimators': 20000}. Best is trial 37 with value: 1.231815754986476.
/Users/antoinelopez/Epitech/DIGITAL/DIGI 2/Victory Vision Analytics/pythonProject/.venv/lib/python3.12/site-packages/sklearn/metrics/_regression.py:492: FutureWarning: 'squared' is deprecated in version 1.4 and will be removed in 1.6. To calculate the root mean squared error, use the function'root_mean_squared_error'.
  warnings.warn(
/Users/antoinelopez/Epitech/DIGITAL/DIGI 2/Victory Vision Analytics/pythonProject/.venv/lib/python3.12/site-packages/sklearn/metrics/_regression.py:675: FutureWarning: 'squared' is deprecated in version 1.4 and will be removed in 1.6. To calculate the root mean squared logarithmic error, use the function'root_mean_squared_log_error'.
  warnings.warn(
INFO     | 2024-09-20 15:22:38 | __main__:optimize:122 - Metrics: {'r2': 0.9398847222328186, 'mse': 1.8694932284778198, 'mae': 0.979669739063396, 'rmse': 1.3672941265425738, 'rmsle': 0.13999386467172714, 'loss': 1.3672941265425738}
[I 2024-09-20 15:22:38,917] Trial 73 finished with value: 1.3672941265425738 and parameters: {'learning_rate': 0.08599675879058742, 'reg_lambda': 4.988881475752632e-06, 'reg_alpha': 0.09054788247956674, 'subsample': 0.3973749522689871, 'colsample_bytree': 0.7638002259867505, 'max_depth': 5, 'early_stopping_rounds': 488, 'n_estimators': 20000}. Best is trial 37 with value: 1.231815754986476.
/Users/antoinelopez/Epitech/DIGITAL/DIGI 2/Victory Vision Analytics/pythonProject/.venv/lib/python3.12/site-packages/sklearn/metrics/_regression.py:492: FutureWarning: 'squared' is deprecated in version 1.4 and will be removed in 1.6. To calculate the root mean squared error, use the function'root_mean_squared_error'.
  warnings.warn(
/Users/antoinelopez/Epitech/DIGITAL/DIGI 2/Victory Vision Analytics/pythonProject/.venv/lib/python3.12/site-packages/sklearn/metrics/_regression.py:675: FutureWarning: 'squared' is deprecated in version 1.4 and will be removed in 1.6. To calculate the root mean squared logarithmic error, use the function'root_mean_squared_log_error'.
  warnings.warn(
INFO     | 2024-09-20 15:22:39 | __main__:optimize:122 - Metrics: {'r2': 0.9412906765937805, 'mse': 1.8257708030869118, 'mae': 0.9455867892087892, 'rmse': 1.3512108655154131, 'rmsle': 0.13630558932018552, 'loss': 1.3512108655154131}
[I 2024-09-20 15:22:39,412] Trial 74 finished with value: 1.3512108655154131 and parameters: {'learning_rate': 0.1631972524907124, 'reg_lambda': 8.219671229219496e-05, 'reg_alpha': 0.010929002295972544, 'subsample': 0.9774619488873195, 'colsample_bytree': 0.6717775226293845, 'max_depth': 8, 'early_stopping_rounds': 467, 'n_estimators': 15000}. Best is trial 37 with value: 1.231815754986476.
/Users/antoinelopez/Epitech/DIGITAL/DIGI 2/Victory Vision Analytics/pythonProject/.venv/lib/python3.12/site-packages/sklearn/metrics/_regression.py:492: FutureWarning: 'squared' is deprecated in version 1.4 and will be removed in 1.6. To calculate the root mean squared error, use the function'root_mean_squared_error'.
  warnings.warn(
/Users/antoinelopez/Epitech/DIGITAL/DIGI 2/Victory Vision Analytics/pythonProject/.venv/lib/python3.12/site-packages/sklearn/metrics/_regression.py:675: FutureWarning: 'squared' is deprecated in version 1.4 and will be removed in 1.6. To calculate the root mean squared logarithmic error, use the function'root_mean_squared_log_error'.
  warnings.warn(
INFO     | 2024-09-20 15:22:39 | __main__:optimize:122 - Metrics: {'r2': 0.9361187815666199, 'mse': 1.9866081799783764, 'mae': 0.9823522849138393, 'rmse': 1.4094708865309622, 'rmsle': 0.14003151229001837, 'loss': 1.4094708865309622}
[I 2024-09-20 15:22:39,695] Trial 75 finished with value: 1.4094708865309622 and parameters: {'learning_rate': 0.11805374749981946, 'reg_lambda': 0.00016467600580301935, 'reg_alpha': 0.1873035299955036, 'subsample': 0.8907843373090159, 'colsample_bytree': 0.8583578089813206, 'max_depth': 4, 'early_stopping_rounds': 406, 'n_estimators': 7000}. Best is trial 37 with value: 1.231815754986476.
/Users/antoinelopez/Epitech/DIGITAL/DIGI 2/Victory Vision Analytics/pythonProject/.venv/lib/python3.12/site-packages/sklearn/metrics/_regression.py:492: FutureWarning: 'squared' is deprecated in version 1.4 and will be removed in 1.6. To calculate the root mean squared error, use the function'root_mean_squared_error'.
  warnings.warn(
/Users/antoinelopez/Epitech/DIGITAL/DIGI 2/Victory Vision Analytics/pythonProject/.venv/lib/python3.12/site-packages/sklearn/metrics/_regression.py:675: FutureWarning: 'squared' is deprecated in version 1.4 and will be removed in 1.6. To calculate the root mean squared logarithmic error, use the function'root_mean_squared_log_error'.
  warnings.warn(
INFO     | 2024-09-20 15:22:40 | __main__:optimize:122 - Metrics: {'r2': 0.945573627948761, 'mse': 1.6925773583299313, 'mae': 0.8810715520104696, 'rmse': 1.3009909140074465, 'rmsle': 0.11646565506695522, 'loss': 1.3009909140074465}
[I 2024-09-20 15:22:40,179] Trial 76 finished with value: 1.3009909140074465 and parameters: {'learning_rate': 0.09515697367186238, 'reg_lambda': 2.7336865980816295e-06, 'reg_alpha': 0.0025386163622722045, 'subsample': 0.3049958316467932, 'colsample_bytree': 0.7137914880933858, 'max_depth': 6, 'early_stopping_rounds': 453, 'n_estimators': 20000}. Best is trial 37 with value: 1.231815754986476.
INFO:     127.0.0.1:52085 - "GET /ui/is_model_training HTTP/1.1" 200 OK
/Users/antoinelopez/Epitech/DIGITAL/DIGI 2/Victory Vision Analytics/pythonProject/.venv/lib/python3.12/site-packages/sklearn/metrics/_regression.py:492: FutureWarning: 'squared' is deprecated in version 1.4 and will be removed in 1.6. To calculate the root mean squared error, use the function'root_mean_squared_error'.
  warnings.warn(
/Users/antoinelopez/Epitech/DIGITAL/DIGI 2/Victory Vision Analytics/pythonProject/.venv/lib/python3.12/site-packages/sklearn/metrics/_regression.py:675: FutureWarning: 'squared' is deprecated in version 1.4 and will be removed in 1.6. To calculate the root mean squared logarithmic error, use the function'root_mean_squared_log_error'.
  warnings.warn(
INFO     | 2024-09-20 15:22:40 | __main__:optimize:122 - Metrics: {'r2': 0.9476916790008545, 'mse': 1.6267091520186594, 'mae': 0.8392522030098494, 'rmse': 1.2754250867921093, 'rmsle': 0.11940506806065113, 'loss': 1.2754250867921093}
[I 2024-09-20 15:22:40,539] Trial 77 finished with value: 1.2754250867921093 and parameters: {'learning_rate': 0.10537099422176016, 'reg_lambda': 9.769442266799188e-06, 'reg_alpha': 0.060244530508682954, 'subsample': 0.8547297373664338, 'colsample_bytree': 0.7215548547347149, 'max_depth': 5, 'early_stopping_rounds': 388, 'n_estimators': 20000}. Best is trial 37 with value: 1.231815754986476.
/Users/antoinelopez/Epitech/DIGITAL/DIGI 2/Victory Vision Analytics/pythonProject/.venv/lib/python3.12/site-packages/sklearn/metrics/_regression.py:492: FutureWarning: 'squared' is deprecated in version 1.4 and will be removed in 1.6. To calculate the root mean squared error, use the function'root_mean_squared_error'.
  warnings.warn(
/Users/antoinelopez/Epitech/DIGITAL/DIGI 2/Victory Vision Analytics/pythonProject/.venv/lib/python3.12/site-packages/sklearn/metrics/_regression.py:675: FutureWarning: 'squared' is deprecated in version 1.4 and will be removed in 1.6. To calculate the root mean squared logarithmic error, use the function'root_mean_squared_log_error'.
  warnings.warn(
INFO     | 2024-09-20 15:22:40 | __main__:optimize:122 - Metrics: {'r2': 0.9504109025001526, 'mse': 1.5421463351613447, 'mae': 0.8025181093881296, 'rmse': 1.241831846572371, 'rmsle': 0.10661215518627495, 'loss': 1.241831846572371}
[I 2024-09-20 15:22:40,760] Trial 78 finished with value: 1.241831846572371 and parameters: {'learning_rate': 0.14950602449245828, 'reg_lambda': 4.41760916713331e-05, 'reg_alpha': 1.3019026674874463, 'subsample': 0.7721292082941644, 'colsample_bytree': 0.7758241462746507, 'max_depth': 3, 'early_stopping_rounds': 416, 'n_estimators': 20000}. Best is trial 37 with value: 1.231815754986476.
/Users/antoinelopez/Epitech/DIGITAL/DIGI 2/Victory Vision Analytics/pythonProject/.venv/lib/python3.12/site-packages/sklearn/metrics/_regression.py:492: FutureWarning: 'squared' is deprecated in version 1.4 and will be removed in 1.6. To calculate the root mean squared error, use the function'root_mean_squared_error'.
  warnings.warn(
/Users/antoinelopez/Epitech/DIGITAL/DIGI 2/Victory Vision Analytics/pythonProject/.venv/lib/python3.12/site-packages/sklearn/metrics/_regression.py:675: FutureWarning: 'squared' is deprecated in version 1.4 and will be removed in 1.6. To calculate the root mean squared logarithmic error, use the function'root_mean_squared_log_error'.
  warnings.warn(
INFO     | 2024-09-20 15:22:41 | __main__:optimize:122 - Metrics: {'r2': 0.9516777396202087, 'mse': 1.5027487445082062, 'mae': 0.8507690654244534, 'rmse': 1.2258665280152674, 'rmsle': 0.11707648307104182, 'loss': 1.2258665280152674}
[I 2024-09-20 15:22:41,025] Trial 79 finished with value: 1.2258665280152674 and parameters: {'learning_rate': 0.15009482572083663, 'reg_lambda': 1.0164479960155845e-06, 'reg_alpha': 1.190868236006714, 'subsample': 0.9310359715072982, 'colsample_bytree': 0.64515623609192, 'max_depth': 3, 'early_stopping_rounds': 418, 'n_estimators': 20000}. Best is trial 79 with value: 1.2258665280152674.
/Users/antoinelopez/Epitech/DIGITAL/DIGI 2/Victory Vision Analytics/pythonProject/.venv/lib/python3.12/site-packages/sklearn/metrics/_regression.py:492: FutureWarning: 'squared' is deprecated in version 1.4 and will be removed in 1.6. To calculate the root mean squared error, use the function'root_mean_squared_error'.
  warnings.warn(
/Users/antoinelopez/Epitech/DIGITAL/DIGI 2/Victory Vision Analytics/pythonProject/.venv/lib/python3.12/site-packages/sklearn/metrics/_regression.py:675: FutureWarning: 'squared' is deprecated in version 1.4 and will be removed in 1.6. To calculate the root mean squared logarithmic error, use the function'root_mean_squared_log_error'.
  warnings.warn(
INFO     | 2024-09-20 15:22:41 | __main__:optimize:122 - Metrics: {'r2': 0.946060061454773, 'mse': 1.6774498850173052, 'mae': 0.8999294201995052, 'rmse': 1.295164037879876, 'rmsle': 0.13843774337113596, 'loss': 1.295164037879876}
[I 2024-09-20 15:22:41,252] Trial 80 finished with value: 1.295164037879876 and parameters: {'learning_rate': 0.15707918011482327, 'reg_lambda': 1.150800203230984e-06, 'reg_alpha': 3.2319856358744556, 'subsample': 0.9995540419758137, 'colsample_bytree': 0.5754148554169398, 'max_depth': 3, 'early_stopping_rounds': 363, 'n_estimators': 15000}. Best is trial 79 with value: 1.2258665280152674.
/Users/antoinelopez/Epitech/DIGITAL/DIGI 2/Victory Vision Analytics/pythonProject/.venv/lib/python3.12/site-packages/sklearn/metrics/_regression.py:492: FutureWarning: 'squared' is deprecated in version 1.4 and will be removed in 1.6. To calculate the root mean squared error, use the function'root_mean_squared_error'.
  warnings.warn(
/Users/antoinelopez/Epitech/DIGITAL/DIGI 2/Victory Vision Analytics/pythonProject/.venv/lib/python3.12/site-packages/sklearn/metrics/_regression.py:675: FutureWarning: 'squared' is deprecated in version 1.4 and will be removed in 1.6. To calculate the root mean squared logarithmic error, use the function'root_mean_squared_log_error'.
  warnings.warn(
INFO     | 2024-09-20 15:22:41 | __main__:optimize:122 - Metrics: {'r2': 0.9508793354034424, 'mse': 1.52757826189059, 'mae': 0.8269669870997585, 'rmse': 1.2359523703972537, 'rmsle': 0.115105144588957, 'loss': 1.2359523703972537}
[I 2024-09-20 15:22:41,467] Trial 81 finished with value: 1.2359523703972537 and parameters: {'learning_rate': 0.1487024873759447, 'reg_lambda': 3.546492521516601e-07, 'reg_alpha': 1.2721541953685902, 'subsample': 0.9264909060539119, 'colsample_bytree': 0.653767946420993, 'max_depth': 3, 'early_stopping_rounds': 415, 'n_estimators': 20000}. Best is trial 79 with value: 1.2258665280152674.
/Users/antoinelopez/Epitech/DIGITAL/DIGI 2/Victory Vision Analytics/pythonProject/.venv/lib/python3.12/site-packages/sklearn/metrics/_regression.py:492: FutureWarning: 'squared' is deprecated in version 1.4 and will be removed in 1.6. To calculate the root mean squared error, use the function'root_mean_squared_error'.
  warnings.warn(
/Users/antoinelopez/Epitech/DIGITAL/DIGI 2/Victory Vision Analytics/pythonProject/.venv/lib/python3.12/site-packages/sklearn/metrics/_regression.py:675: FutureWarning: 'squared' is deprecated in version 1.4 and will be removed in 1.6. To calculate the root mean squared logarithmic error, use the function'root_mean_squared_log_error'.
  warnings.warn(
INFO     | 2024-09-20 15:22:41 | __main__:optimize:122 - Metrics: {'r2': 0.9479838013648987, 'mse': 1.6176248558273412, 'mae': 0.9090136893959933, 'rmse': 1.2718588191412368, 'rmsle': 0.15260759096270624, 'loss': 1.2718588191412368}
[I 2024-09-20 15:22:41,719] Trial 82 finished with value: 1.2718588191412368 and parameters: {'learning_rate': 0.14548754348099155, 'reg_lambda': 4.5492634978752354e-07, 'reg_alpha': 6.3092654551232705, 'subsample': 0.9224735617030027, 'colsample_bytree': 0.625273518821787, 'max_depth': 3, 'early_stopping_rounds': 415, 'n_estimators': 20000}. Best is trial 79 with value: 1.2258665280152674.
/Users/antoinelopez/Epitech/DIGITAL/DIGI 2/Victory Vision Analytics/pythonProject/.venv/lib/python3.12/site-packages/sklearn/metrics/_regression.py:492: FutureWarning: 'squared' is deprecated in version 1.4 and will be removed in 1.6. To calculate the root mean squared error, use the function'root_mean_squared_error'.
  warnings.warn(
/Users/antoinelopez/Epitech/DIGITAL/DIGI 2/Victory Vision Analytics/pythonProject/.venv/lib/python3.12/site-packages/sklearn/metrics/_regression.py:675: FutureWarning: 'squared' is deprecated in version 1.4 and will be removed in 1.6. To calculate the root mean squared logarithmic error, use the function'root_mean_squared_log_error'.
  warnings.warn(
INFO     | 2024-09-20 15:22:41 | __main__:optimize:122 - Metrics: {'r2': 0.9502531290054321, 'mse': 1.5470527970534411, 'mae': 0.8312676804010258, 'rmse': 1.243805771434367, 'rmsle': 0.1131310775413501, 'loss': 1.243805771434367}
[I 2024-09-20 15:22:41,950] Trial 83 finished with value: 1.243805771434367 and parameters: {'learning_rate': 0.12852266321040606, 'reg_lambda': 2.1521256304958688e-07, 'reg_alpha': 1.3271315787115514, 'subsample': 0.9548262591769285, 'colsample_bytree': 0.6592059928022281, 'max_depth': 3, 'early_stopping_rounds': 383, 'n_estimators': 20000}. Best is trial 79 with value: 1.2258665280152674.
/Users/antoinelopez/Epitech/DIGITAL/DIGI 2/Victory Vision Analytics/pythonProject/.venv/lib/python3.12/site-packages/sklearn/metrics/_regression.py:492: FutureWarning: 'squared' is deprecated in version 1.4 and will be removed in 1.6. To calculate the root mean squared error, use the function'root_mean_squared_error'.
  warnings.warn(
/Users/antoinelopez/Epitech/DIGITAL/DIGI 2/Victory Vision Analytics/pythonProject/.venv/lib/python3.12/site-packages/sklearn/metrics/_regression.py:675: FutureWarning: 'squared' is deprecated in version 1.4 and will be removed in 1.6. To calculate the root mean squared logarithmic error, use the function'root_mean_squared_log_error'.
  warnings.warn(
INFO     | 2024-09-20 15:22:42 | __main__:optimize:122 - Metrics: {'r2': 0.9442849159240723, 'mse': 1.7326535697406653, 'mae': 0.9399769234102826, 'rmse': 1.3163029931367114, 'rmsle': 0.13083424202938565, 'loss': 1.3163029931367114}
[I 2024-09-20 15:22:42,164] Trial 84 finished with value: 1.3163029931367114 and parameters: {'learning_rate': 0.20402125279227132, 'reg_lambda': 1.2279419848602474e-07, 'reg_alpha': 1.1802336791652734, 'subsample': 0.9726698494808947, 'colsample_bytree': 0.651413749103417, 'max_depth': 3, 'early_stopping_rounds': 382, 'n_estimators': 20000}. Best is trial 79 with value: 1.2258665280152674.
/Users/antoinelopez/Epitech/DIGITAL/DIGI 2/Victory Vision Analytics/pythonProject/.venv/lib/python3.12/site-packages/sklearn/metrics/_regression.py:492: FutureWarning: 'squared' is deprecated in version 1.4 and will be removed in 1.6. To calculate the root mean squared error, use the function'root_mean_squared_error'.
  warnings.warn(
/Users/antoinelopez/Epitech/DIGITAL/DIGI 2/Victory Vision Analytics/pythonProject/.venv/lib/python3.12/site-packages/sklearn/metrics/_regression.py:675: FutureWarning: 'squared' is deprecated in version 1.4 and will be removed in 1.6. To calculate the root mean squared logarithmic error, use the function'root_mean_squared_log_error'.
  warnings.warn(
INFO     | 2024-09-20 15:22:42 | __main__:optimize:122 - Metrics: {'r2': 0.9487771391868591, 'mse': 1.5929525333530437, 'mae': 0.8770588945510776, 'rmse': 1.2621222339191414, 'rmsle': 0.1458509324167788, 'loss': 1.2621222339191414}
[I 2024-09-20 15:22:42,403] Trial 85 finished with value: 1.2621222339191414 and parameters: {'learning_rate': 0.17324735421859322, 'reg_lambda': 1.748656406022611e-07, 'reg_alpha': 11.359575397893822, 'subsample': 0.9493271986748877, 'colsample_bytree': 0.5978996711662016, 'max_depth': 2, 'early_stopping_rounds': 421, 'n_estimators': 20000}. Best is trial 79 with value: 1.2258665280152674.
/Users/antoinelopez/Epitech/DIGITAL/DIGI 2/Victory Vision Analytics/pythonProject/.venv/lib/python3.12/site-packages/sklearn/metrics/_regression.py:492: FutureWarning: 'squared' is deprecated in version 1.4 and will be removed in 1.6. To calculate the root mean squared error, use the function'root_mean_squared_error'.
  warnings.warn(
/Users/antoinelopez/Epitech/DIGITAL/DIGI 2/Victory Vision Analytics/pythonProject/.venv/lib/python3.12/site-packages/sklearn/metrics/_regression.py:675: FutureWarning: 'squared' is deprecated in version 1.4 and will be removed in 1.6. To calculate the root mean squared logarithmic error, use the function'root_mean_squared_log_error'.
  warnings.warn(
INFO     | 2024-09-20 15:22:42 | __main__:optimize:122 - Metrics: {'r2': 0.9484528303146362, 'mse': 1.6030388052423532, 'mae': 0.8910078955251117, 'rmse': 1.2661116875072094, 'rmsle': 0.12901639670275072, 'loss': 1.2661116875072094}
