[I 2024-09-20 15:24:45,964] Trial 486 finished with value: 1.181011491972612 and parameters: {'learning_rate': 0.13821413267226035, 'reg_lambda': 0.07020802745565732, 'reg_alpha': 9.763349209175454e-07, 'subsample': 0.8883576143685703, 'colsample_bytree': 0.6904933512223492, 'max_depth': 4, 'early_stopping_rounds': 251, 'n_estimators': 7000}. Best is trial 444 with value: 1.1759216052666033.
/Users/antoinelopez/Epitech/DIGITAL/DIGI 2/Victory Vision Analytics/pythonProject/.venv/lib/python3.12/site-packages/sklearn/metrics/_regression.py:492: FutureWarning: 'squared' is deprecated in version 1.4 and will be removed in 1.6. To calculate the root mean squared error, use the function'root_mean_squared_error'.
  warnings.warn(
/Users/antoinelopez/Epitech/DIGITAL/DIGI 2/Victory Vision Analytics/pythonProject/.venv/lib/python3.12/site-packages/sklearn/metrics/_regression.py:675: FutureWarning: 'squared' is deprecated in version 1.4 and will be removed in 1.6. To calculate the root mean squared logarithmic error, use the function'root_mean_squared_log_error'.
  warnings.warn(
INFO     | 2024-09-20 15:24:46 | __main__:optimize:122 - Metrics: {'r2': 0.9548640251159668, 'mse': 1.40366085286267, 'mae': 0.7879879505135292, 'rmse': 1.1847619393205835, 'rmsle': 0.11130084454318813, 'loss': 1.1847619393205835}
[I 2024-09-20 15:24:46,256] Trial 487 finished with value: 1.1847619393205835 and parameters: {'learning_rate': 0.133500567191089, 'reg_lambda': 0.06744339584670045, 'reg_alpha': 7.440531488736856e-08, 'subsample': 0.9249444679384061, 'colsample_bytree': 0.7107790981868349, 'max_depth': 4, 'early_stopping_rounds': 367, 'n_estimators': 7000}. Best is trial 444 with value: 1.1759216052666033.
/Users/antoinelopez/Epitech/DIGITAL/DIGI 2/Victory Vision Analytics/pythonProject/.venv/lib/python3.12/site-packages/sklearn/metrics/_regression.py:492: FutureWarning: 'squared' is deprecated in version 1.4 and will be removed in 1.6. To calculate the root mean squared error, use the function'root_mean_squared_error'.
  warnings.warn(
/Users/antoinelopez/Epitech/DIGITAL/DIGI 2/Victory Vision Analytics/pythonProject/.venv/lib/python3.12/site-packages/sklearn/metrics/_regression.py:675: FutureWarning: 'squared' is deprecated in version 1.4 and will be removed in 1.6. To calculate the root mean squared logarithmic error, use the function'root_mean_squared_log_error'.
  warnings.warn(
INFO     | 2024-09-20 15:24:46 | __main__:optimize:122 - Metrics: {'r2': 0.9459894299507141, 'mse': 1.6796469224375064, 'mae': 0.7705186713573544, 'rmse': 1.2960119298978332, 'rmsle': 0.0995225933837674, 'loss': 1.2960119298978332}
[I 2024-09-20 15:24:46,513] Trial 488 finished with value: 1.2960119298978332 and parameters: {'learning_rate': 0.13833635559042562, 'reg_lambda': 0.046133197346008376, 'reg_alpha': 9.595873228847173e-08, 'subsample': 0.9242230398285491, 'colsample_bytree': 0.8949002269586185, 'max_depth': 4, 'early_stopping_rounds': 357, 'n_estimators': 7000}. Best is trial 444 with value: 1.1759216052666033.
/Users/antoinelopez/Epitech/DIGITAL/DIGI 2/Victory Vision Analytics/pythonProject/.venv/lib/python3.12/site-packages/sklearn/metrics/_regression.py:492: FutureWarning: 'squared' is deprecated in version 1.4 and will be removed in 1.6. To calculate the root mean squared error, use the function'root_mean_squared_error'.
  warnings.warn(
/Users/antoinelopez/Epitech/DIGITAL/DIGI 2/Victory Vision Analytics/pythonProject/.venv/lib/python3.12/site-packages/sklearn/metrics/_regression.py:675: FutureWarning: 'squared' is deprecated in version 1.4 and will be removed in 1.6. To calculate the root mean squared logarithmic error, use the function'root_mean_squared_log_error'.
  warnings.warn(
INFO     | 2024-09-20 15:24:47 | __main__:optimize:122 - Metrics: {'r2': 0.929366946220398, 'mse': 2.1965798111058765, 'mae': 1.1228592727073403, 'rmse': 1.4820863035281975, 'rmsle': 0.15585247717412828, 'loss': 1.4820863035281975}
[I 2024-09-20 15:24:47,251] Trial 489 finished with value: 1.4820863035281975 and parameters: {'learning_rate': 0.014563324688808952, 'reg_lambda': 0.06904466450567288, 'reg_alpha': 1.4561990173295168e-07, 'subsample': 0.9269614743646438, 'colsample_bytree': 0.7159899242624148, 'max_depth': 4, 'early_stopping_rounds': 349, 'n_estimators': 7000}. Best is trial 444 with value: 1.1759216052666033.
/Users/antoinelopez/Epitech/DIGITAL/DIGI 2/Victory Vision Analytics/pythonProject/.venv/lib/python3.12/site-packages/sklearn/metrics/_regression.py:492: FutureWarning: 'squared' is deprecated in version 1.4 and will be removed in 1.6. To calculate the root mean squared error, use the function'root_mean_squared_error'.
  warnings.warn(
/Users/antoinelopez/Epitech/DIGITAL/DIGI 2/Victory Vision Analytics/pythonProject/.venv/lib/python3.12/site-packages/sklearn/metrics/_regression.py:675: FutureWarning: 'squared' is deprecated in version 1.4 and will be removed in 1.6. To calculate the root mean squared logarithmic error, use the function'root_mean_squared_log_error'.
  warnings.warn(
INFO     | 2024-09-20 15:24:47 | __main__:optimize:122 - Metrics: {'r2': 0.9499738812446594, 'mse': 1.5557364132474276, 'mae': 0.8616364533124968, 'rmse': 1.247291631194336, 'rmsle': 0.1224645117366454, 'loss': 1.247291631194336}
[I 2024-09-20 15:24:47,521] Trial 490 finished with value: 1.247291631194336 and parameters: {'learning_rate': 0.13510068005604212, 'reg_lambda': 0.023482880326172264, 'reg_alpha': 3.4249083696642394e-07, 'subsample': 0.9408821150362864, 'colsample_bytree': 0.7143717408572529, 'max_depth': 4, 'early_stopping_rounds': 373, 'n_estimators': 7000}. Best is trial 444 with value: 1.1759216052666033.
/Users/antoinelopez/Epitech/DIGITAL/DIGI 2/Victory Vision Analytics/pythonProject/.venv/lib/python3.12/site-packages/sklearn/metrics/_regression.py:492: FutureWarning: 'squared' is deprecated in version 1.4 and will be removed in 1.6. To calculate the root mean squared error, use the function'root_mean_squared_error'.
  warnings.warn(
/Users/antoinelopez/Epitech/DIGITAL/DIGI 2/Victory Vision Analytics/pythonProject/.venv/lib/python3.12/site-packages/sklearn/metrics/_regression.py:675: FutureWarning: 'squared' is deprecated in version 1.4 and will be removed in 1.6. To calculate the root mean squared logarithmic error, use the function'root_mean_squared_log_error'.
  warnings.warn(
INFO     | 2024-09-20 15:24:48 | __main__:optimize:122 - Metrics: {'r2': 0.943860650062561, 'mse': 1.7458477461871849, 'mae': 0.9134919687759044, 'rmse': 1.3213053190641384, 'rmsle': 0.14227677438880865, 'loss': 1.3213053190641384}
[I 2024-09-20 15:24:48,026] Trial 491 finished with value: 1.3213053190641384 and parameters: {'learning_rate': 0.14200929132957138, 'reg_lambda': 0.056393806844777426, 'reg_alpha': 4.902229350015856e-06, 'subsample': 0.9004025029213216, 'colsample_bytree': 0.6969029764455534, 'max_depth': 7, 'early_stopping_rounds': 369, 'n_estimators': 7000}. Best is trial 444 with value: 1.1759216052666033.
/Users/antoinelopez/Epitech/DIGITAL/DIGI 2/Victory Vision Analytics/pythonProject/.venv/lib/python3.12/site-packages/sklearn/metrics/_regression.py:492: FutureWarning: 'squared' is deprecated in version 1.4 and will be removed in 1.6. To calculate the root mean squared error, use the function'root_mean_squared_error'.
  warnings.warn(
/Users/antoinelopez/Epitech/DIGITAL/DIGI 2/Victory Vision Analytics/pythonProject/.venv/lib/python3.12/site-packages/sklearn/metrics/_regression.py:675: FutureWarning: 'squared' is deprecated in version 1.4 and will be removed in 1.6. To calculate the root mean squared logarithmic error, use the function'root_mean_squared_log_error'.
  warnings.warn(
INFO     | 2024-09-20 15:24:48 | __main__:optimize:122 - Metrics: {'r2': 0.9508709907531738, 'mse': 1.527837558174676, 'mae': 0.8217402515023253, 'rmse': 1.2360572633072773, 'rmsle': 0.114999797227509, 'loss': 1.2360572633072773}
[I 2024-09-20 15:24:48,279] Trial 492 finished with value: 1.2360572633072773 and parameters: {'learning_rate': 0.1312903122585417, 'reg_lambda': 0.08002777333722404, 'reg_alpha': 1.3081205074612458e-06, 'subsample': 0.9174046854780779, 'colsample_bytree': 0.723927289088737, 'max_depth': 4, 'early_stopping_rounds': 344, 'n_estimators': 7000}. Best is trial 444 with value: 1.1759216052666033.
/Users/antoinelopez/Epitech/DIGITAL/DIGI 2/Victory Vision Analytics/pythonProject/.venv/lib/python3.12/site-packages/sklearn/metrics/_regression.py:492: FutureWarning: 'squared' is deprecated in version 1.4 and will be removed in 1.6. To calculate the root mean squared error, use the function'root_mean_squared_error'.
  warnings.warn(
/Users/antoinelopez/Epitech/DIGITAL/DIGI 2/Victory Vision Analytics/pythonProject/.venv/lib/python3.12/site-packages/sklearn/metrics/_regression.py:675: FutureWarning: 'squared' is deprecated in version 1.4 and will be removed in 1.6. To calculate the root mean squared logarithmic error, use the function'root_mean_squared_log_error'.
  warnings.warn(
INFO     | 2024-09-20 15:24:48 | __main__:optimize:122 - Metrics: {'r2': 0.951789379119873, 'mse': 1.4992763732335355, 'mae': 0.8371019251124804, 'rmse': 1.2244494163637532, 'rmsle': 0.1181313019161827, 'loss': 1.2244494163637532}
[I 2024-09-20 15:24:48,548] Trial 493 finished with value: 1.2244494163637532 and parameters: {'learning_rate': 0.1458741897876998, 'reg_lambda': 0.03376177853014604, 'reg_alpha': 6.5811276444833215e-06, 'subsample': 0.9072903073228449, 'colsample_bytree': 0.6924042531148347, 'max_depth': 4, 'early_stopping_rounds': 362, 'n_estimators': 7000}. Best is trial 444 with value: 1.1759216052666033.
/Users/antoinelopez/Epitech/DIGITAL/DIGI 2/Victory Vision Analytics/pythonProject/.venv/lib/python3.12/site-packages/sklearn/metrics/_regression.py:492: FutureWarning: 'squared' is deprecated in version 1.4 and will be removed in 1.6. To calculate the root mean squared error, use the function'root_mean_squared_error'.
  warnings.warn(
/Users/antoinelopez/Epitech/DIGITAL/DIGI 2/Victory Vision Analytics/pythonProject/.venv/lib/python3.12/site-packages/sklearn/metrics/_regression.py:675: FutureWarning: 'squared' is deprecated in version 1.4 and will be removed in 1.6. To calculate the root mean squared logarithmic error, use the function'root_mean_squared_log_error'.
  warnings.warn(
INFO     | 2024-09-20 15:24:48 | __main__:optimize:122 - Metrics: {'r2': 0.9531932473182678, 'mse': 1.4556182466487093, 'mae': 0.8063194552133249, 'rmse': 1.2064900524449877, 'rmsle': 0.11371517204953019, 'loss': 1.2064900524449877}
[I 2024-09-20 15:24:48,872] Trial 494 finished with value: 1.2064900524449877 and parameters: {'learning_rate': 0.12987941438512926, 'reg_lambda': 0.09253188394472153, 'reg_alpha': 7.825581941751981e-08, 'subsample': 0.8877204601379179, 'colsample_bytree': 0.7089383031581262, 'max_depth': 4, 'early_stopping_rounds': 333, 'n_estimators': 7000}. Best is trial 444 with value: 1.1759216052666033.
/Users/antoinelopez/Epitech/DIGITAL/DIGI 2/Victory Vision Analytics/pythonProject/.venv/lib/python3.12/site-packages/sklearn/metrics/_regression.py:492: FutureWarning: 'squared' is deprecated in version 1.4 and will be removed in 1.6. To calculate the root mean squared error, use the function'root_mean_squared_error'.
  warnings.warn(
/Users/antoinelopez/Epitech/DIGITAL/DIGI 2/Victory Vision Analytics/pythonProject/.venv/lib/python3.12/site-packages/sklearn/metrics/_regression.py:675: FutureWarning: 'squared' is deprecated in version 1.4 and will be removed in 1.6. To calculate the root mean squared logarithmic error, use the function'root_mean_squared_log_error'.
  warnings.warn(
INFO     | 2024-09-20 15:24:49 | __main__:optimize:122 - Metrics: {'r2': 0.9519053101539612, 'mse': 1.495671007852033, 'mae': 0.8151820776074432, 'rmse': 1.2229762907971817, 'rmsle': 0.12095448157925012, 'loss': 1.2229762907971817}
[I 2024-09-20 15:24:49,134] Trial 495 finished with value: 1.2229762907971817 and parameters: {'learning_rate': 0.14213671843523515, 'reg_lambda': 0.018324530922509765, 'reg_alpha': 3.0556779366528615e-06, 'subsample': 0.9386635125436447, 'colsample_bytree': 0.7258908595778181, 'max_depth': 4, 'early_stopping_rounds': 263, 'n_estimators': 7000}. Best is trial 444 with value: 1.1759216052666033.
/Users/antoinelopez/Epitech/DIGITAL/DIGI 2/Victory Vision Analytics/pythonProject/.venv/lib/python3.12/site-packages/sklearn/metrics/_regression.py:492: FutureWarning: 'squared' is deprecated in version 1.4 and will be removed in 1.6. To calculate the root mean squared error, use the function'root_mean_squared_error'.
  warnings.warn(
/Users/antoinelopez/Epitech/DIGITAL/DIGI 2/Victory Vision Analytics/pythonProject/.venv/lib/python3.12/site-packages/sklearn/metrics/_regression.py:675: FutureWarning: 'squared' is deprecated in version 1.4 and will be removed in 1.6. To calculate the root mean squared logarithmic error, use the function'root_mean_squared_log_error'.
  warnings.warn(
INFO     | 2024-09-20 15:24:49 | __main__:optimize:122 - Metrics: {'r2': 0.9487319588661194, 'mse': 1.5943577435385268, 'mae': 0.8469429167204126, 'rmse': 1.2626787966614972, 'rmsle': 0.1174101637842324, 'loss': 1.2626787966614972}
[I 2024-09-20 15:24:49,423] Trial 496 finished with value: 1.2626787966614972 and parameters: {'learning_rate': 0.12699661876395488, 'reg_lambda': 0.008746133921443475, 'reg_alpha': 3.198548399592043e-07, 'subsample': 0.9131478914698239, 'colsample_bytree': 0.6963894845199903, 'max_depth': 4, 'early_stopping_rounds': 365, 'n_estimators': 7000}. Best is trial 444 with value: 1.1759216052666033.
/Users/antoinelopez/Epitech/DIGITAL/DIGI 2/Victory Vision Analytics/pythonProject/.venv/lib/python3.12/site-packages/sklearn/metrics/_regression.py:492: FutureWarning: 'squared' is deprecated in version 1.4 and will be removed in 1.6. To calculate the root mean squared error, use the function'root_mean_squared_error'.
  warnings.warn(
/Users/antoinelopez/Epitech/DIGITAL/DIGI 2/Victory Vision Analytics/pythonProject/.venv/lib/python3.12/site-packages/sklearn/metrics/_regression.py:675: FutureWarning: 'squared' is deprecated in version 1.4 and will be removed in 1.6. To calculate the root mean squared logarithmic error, use the function'root_mean_squared_log_error'.
  warnings.warn(
INFO     | 2024-09-20 15:24:49 | __main__:optimize:122 - Metrics: {'r2': 0.9475691914558411, 'mse': 1.6305180740075245, 'mae': 0.8549280811187833, 'rmse': 1.2769174108013113, 'rmsle': 0.11194095649252213, 'loss': 1.2769174108013113}
[I 2024-09-20 15:24:49,694] Trial 497 finished with value: 1.2769174108013113 and parameters: {'learning_rate': 0.1377856745375263, 'reg_lambda': 0.053276283656268526, 'reg_alpha': 2.2842155475778858e-07, 'subsample': 0.43308060388343894, 'colsample_bytree': 0.6765726334385136, 'max_depth': 4, 'early_stopping_rounds': 378, 'n_estimators': 7000}. Best is trial 444 with value: 1.1759216052666033.
/Users/antoinelopez/Epitech/DIGITAL/DIGI 2/Victory Vision Analytics/pythonProject/.venv/lib/python3.12/site-packages/sklearn/metrics/_regression.py:492: FutureWarning: 'squared' is deprecated in version 1.4 and will be removed in 1.6. To calculate the root mean squared error, use the function'root_mean_squared_error'.
  warnings.warn(
/Users/antoinelopez/Epitech/DIGITAL/DIGI 2/Victory Vision Analytics/pythonProject/.venv/lib/python3.12/site-packages/sklearn/metrics/_regression.py:675: FutureWarning: 'squared' is deprecated in version 1.4 and will be removed in 1.6. To calculate the root mean squared logarithmic error, use the function'root_mean_squared_log_error'.
  warnings.warn(
INFO     | 2024-09-20 15:24:49 | __main__:optimize:122 - Metrics: {'r2': 0.9535603523254395, 'mse': 1.4442017329570496, 'mae': 0.8189049067885377, 'rmse': 1.201749446830349, 'rmsle': 0.11711827926120535, 'loss': 1.201749446830349}
[I 2024-09-20 15:24:49,976] Trial 498 finished with value: 1.201749446830349 and parameters: {'learning_rate': 0.14842872738484442, 'reg_lambda': 0.028624268681105784, 'reg_alpha': 5.963318612050374e-08, 'subsample': 0.891863106695111, 'colsample_bytree': 0.7096521085354804, 'max_depth': 4, 'early_stopping_rounds': 351, 'n_estimators': 7000}. Best is trial 444 with value: 1.1759216052666033.
/Users/antoinelopez/Epitech/DIGITAL/DIGI 2/Victory Vision Analytics/pythonProject/.venv/lib/python3.12/site-packages/sklearn/metrics/_regression.py:492: FutureWarning: 'squared' is deprecated in version 1.4 and will be removed in 1.6. To calculate the root mean squared error, use the function'root_mean_squared_error'.
  warnings.warn(
/Users/antoinelopez/Epitech/DIGITAL/DIGI 2/Victory Vision Analytics/pythonProject/.venv/lib/python3.12/site-packages/sklearn/metrics/_regression.py:675: FutureWarning: 'squared' is deprecated in version 1.4 and will be removed in 1.6. To calculate the root mean squared logarithmic error, use the function'root_mean_squared_log_error'.
  warnings.warn(
INFO     | 2024-09-20 15:24:50 | __main__:optimize:122 - Metrics: {'r2': 0.9489057660102844, 'mse': 1.588952560609259, 'mae': 0.8723396487014238, 'rmse': 1.2605366161318992, 'rmsle': 0.1032216828261655, 'loss': 1.2605366161318992}
