[I 2024-09-20 15:22:46,741] Trial 102 finished with value: 1.2947291285293947 and parameters: {'learning_rate': 0.1377803269798982, 'reg_lambda': 3.802296914636895e-08, 'reg_alpha': 2.855234532256211, 'subsample': 0.44756627971201784, 'colsample_bytree': 0.6863760564917302, 'max_depth': 3, 'early_stopping_rounds': 312, 'n_estimators': 7000}. Best is trial 95 with value: 1.2076441519605186.
/Users/antoinelopez/Epitech/DIGITAL/DIGI 2/Victory Vision Analytics/pythonProject/.venv/lib/python3.12/site-packages/sklearn/metrics/_regression.py:492: FutureWarning: 'squared' is deprecated in version 1.4 and will be removed in 1.6. To calculate the root mean squared error, use the function'root_mean_squared_error'.
  warnings.warn(
/Users/antoinelopez/Epitech/DIGITAL/DIGI 2/Victory Vision Analytics/pythonProject/.venv/lib/python3.12/site-packages/sklearn/metrics/_regression.py:675: FutureWarning: 'squared' is deprecated in version 1.4 and will be removed in 1.6. To calculate the root mean squared logarithmic error, use the function'root_mean_squared_log_error'.
  warnings.warn(
INFO     | 2024-09-20 15:22:46 | __main__:optimize:122 - Metrics: {'r2': 0.9426156878471375, 'mse': 1.7845653823915923, 'mae': 0.9522954691634622, 'rmse': 1.3358762601347447, 'rmsle': 0.1412760807731856, 'loss': 1.3358762601347447}
[I 2024-09-20 15:22:46,992] Trial 103 finished with value: 1.3358762601347447 and parameters: {'learning_rate': 0.12099311051866117, 'reg_lambda': 3.755686277675219e-07, 'reg_alpha': 1.1062234801209059, 'subsample': 0.8945737000592938, 'colsample_bytree': 0.5897713239593686, 'max_depth': 3, 'early_stopping_rounds': 410, 'n_estimators': 7000}. Best is trial 95 with value: 1.2076441519605186.
/Users/antoinelopez/Epitech/DIGITAL/DIGI 2/Victory Vision Analytics/pythonProject/.venv/lib/python3.12/site-packages/sklearn/metrics/_regression.py:492: FutureWarning: 'squared' is deprecated in version 1.4 and will be removed in 1.6. To calculate the root mean squared error, use the function'root_mean_squared_error'.
  warnings.warn(
/Users/antoinelopez/Epitech/DIGITAL/DIGI 2/Victory Vision Analytics/pythonProject/.venv/lib/python3.12/site-packages/sklearn/metrics/_regression.py:675: FutureWarning: 'squared' is deprecated in version 1.4 and will be removed in 1.6. To calculate the root mean squared logarithmic error, use the function'root_mean_squared_log_error'.
  warnings.warn(
INFO     | 2024-09-20 15:22:47 | __main__:optimize:122 - Metrics: {'r2': 0.9479436874389648, 'mse': 1.618872314668526, 'mae': 0.9387346766715826, 'rmse': 1.2723491323801521, 'rmsle': 0.15090754187681774, 'loss': 1.2723491323801521}
[I 2024-09-20 15:22:47,367] Trial 104 finished with value: 1.2723491323801521 and parameters: {'learning_rate': 0.16894650214435256, 'reg_lambda': 1.1735101997722127e-06, 'reg_alpha': 1.5583753249235577, 'subsample': 0.8722652147672005, 'colsample_bytree': 0.6476375653486731, 'max_depth': 2, 'early_stopping_rounds': 398, 'n_estimators': 7000}. Best is trial 95 with value: 1.2076441519605186.
/Users/antoinelopez/Epitech/DIGITAL/DIGI 2/Victory Vision Analytics/pythonProject/.venv/lib/python3.12/site-packages/sklearn/metrics/_regression.py:492: FutureWarning: 'squared' is deprecated in version 1.4 and will be removed in 1.6. To calculate the root mean squared error, use the function'root_mean_squared_error'.
  warnings.warn(
/Users/antoinelopez/Epitech/DIGITAL/DIGI 2/Victory Vision Analytics/pythonProject/.venv/lib/python3.12/site-packages/sklearn/metrics/_regression.py:675: FutureWarning: 'squared' is deprecated in version 1.4 and will be removed in 1.6. To calculate the root mean squared logarithmic error, use the function'root_mean_squared_log_error'.
  warnings.warn(
INFO     | 2024-09-20 15:22:47 | __main__:optimize:122 - Metrics: {'r2': 0.9479320049285889, 'mse': 1.6192362490182752, 'mae': 0.862344818891481, 'rmse': 1.2724921410438161, 'rmsle': 0.14012762798428757, 'loss': 1.2724921410438161}
[I 2024-09-20 15:22:47,599] Trial 105 finished with value: 1.2724921410438161 and parameters: {'learning_rate': 0.13280891713696868, 'reg_lambda': 5.717672356870698e-08, 'reg_alpha': 11.403885173714626, 'subsample': 0.8233269452636094, 'colsample_bytree': 0.7477827204131338, 'max_depth': 2, 'early_stopping_rounds': 432, 'n_estimators': 7000}. Best is trial 95 with value: 1.2076441519605186.
/Users/antoinelopez/Epitech/DIGITAL/DIGI 2/Victory Vision Analytics/pythonProject/.venv/lib/python3.12/site-packages/sklearn/metrics/_regression.py:492: FutureWarning: 'squared' is deprecated in version 1.4 and will be removed in 1.6. To calculate the root mean squared error, use the function'root_mean_squared_error'.
  warnings.warn(
/Users/antoinelopez/Epitech/DIGITAL/DIGI 2/Victory Vision Analytics/pythonProject/.venv/lib/python3.12/site-packages/sklearn/metrics/_regression.py:675: FutureWarning: 'squared' is deprecated in version 1.4 and will be removed in 1.6. To calculate the root mean squared logarithmic error, use the function'root_mean_squared_log_error'.
  warnings.warn(
INFO     | 2024-09-20 15:22:47 | __main__:optimize:122 - Metrics: {'r2': 0.9467843770980835, 'mse': 1.6549241600046904, 'mae': 0.8878725182178409, 'rmse': 1.2864385566379337, 'rmsle': 0.12367197935033673, 'loss': 1.2864385566379337}
[I 2024-09-20 15:22:47,807] Trial 106 finished with value: 1.2864385566379337 and parameters: {'learning_rate': 0.15235006218913671, 'reg_lambda': 2.2939889261847444e-08, 'reg_alpha': 0.8062697241353249, 'subsample': 0.5399634991985053, 'colsample_bytree': 0.7071609681543355, 'max_depth': 3, 'early_stopping_rounds': 370, 'n_estimators': 7000}. Best is trial 95 with value: 1.2076441519605186.
/Users/antoinelopez/Epitech/DIGITAL/DIGI 2/Victory Vision Analytics/pythonProject/.venv/lib/python3.12/site-packages/sklearn/metrics/_regression.py:492: FutureWarning: 'squared' is deprecated in version 1.4 and will be removed in 1.6. To calculate the root mean squared error, use the function'root_mean_squared_error'.
  warnings.warn(
/Users/antoinelopez/Epitech/DIGITAL/DIGI 2/Victory Vision Analytics/pythonProject/.venv/lib/python3.12/site-packages/sklearn/metrics/_regression.py:675: FutureWarning: 'squared' is deprecated in version 1.4 and will be removed in 1.6. To calculate the root mean squared logarithmic error, use the function'root_mean_squared_log_error'.
  warnings.warn(
INFO     | 2024-09-20 15:22:48 | __main__:optimize:122 - Metrics: {'r2': 0.9479323625564575, 'mse': 1.6192239273232247, 'mae': 0.8966025198614874, 'rmse': 1.2724872994742324, 'rmsle': 0.1350533630457148, 'loss': 1.2724872994742324}
[I 2024-09-20 15:22:48,030] Trial 107 finished with value: 1.2724872994742324 and parameters: {'learning_rate': 0.14567505650823048, 'reg_lambda': 5.487792475326441e-07, 'reg_alpha': 0.4215208551780031, 'subsample': 0.9320650624055128, 'colsample_bytree': 0.6236021094988777, 'max_depth': 3, 'early_stopping_rounds': 421, 'n_estimators': 7000}. Best is trial 95 with value: 1.2076441519605186.
/Users/antoinelopez/Epitech/DIGITAL/DIGI 2/Victory Vision Analytics/pythonProject/.venv/lib/python3.12/site-packages/sklearn/metrics/_regression.py:492: FutureWarning: 'squared' is deprecated in version 1.4 and will be removed in 1.6. To calculate the root mean squared error, use the function'root_mean_squared_error'.
  warnings.warn(
/Users/antoinelopez/Epitech/DIGITAL/DIGI 2/Victory Vision Analytics/pythonProject/.venv/lib/python3.12/site-packages/sklearn/metrics/_regression.py:675: FutureWarning: 'squared' is deprecated in version 1.4 and will be removed in 1.6. To calculate the root mean squared logarithmic error, use the function'root_mean_squared_log_error'.
  warnings.warn(
INFO     | 2024-09-20 15:22:49 | __main__:optimize:122 - Metrics: {'r2': 0.8970301747322083, 'mse': 3.202204849869326, 'mae': 1.4776779745900355, 'rmse': 1.789470550154242, 'rmsle': 0.24325917203324715, 'loss': 1.789470550154242}
[I 2024-09-20 15:22:49,172] Trial 108 finished with value: 1.789470550154242 and parameters: {'learning_rate': 0.0102754943680032, 'reg_lambda': 2.5404778282694527e-07, 'reg_alpha': 3.0430835655997166, 'subsample': 0.5821473814334671, 'colsample_bytree': 0.558387825565643, 'max_depth': 2, 'early_stopping_rounds': 400, 'n_estimators': 7000}. Best is trial 95 with value: 1.2076441519605186.
/Users/antoinelopez/Epitech/DIGITAL/DIGI 2/Victory Vision Analytics/pythonProject/.venv/lib/python3.12/site-packages/sklearn/metrics/_regression.py:492: FutureWarning: 'squared' is deprecated in version 1.4 and will be removed in 1.6. To calculate the root mean squared error, use the function'root_mean_squared_error'.
  warnings.warn(
/Users/antoinelopez/Epitech/DIGITAL/DIGI 2/Victory Vision Analytics/pythonProject/.venv/lib/python3.12/site-packages/sklearn/metrics/_regression.py:675: FutureWarning: 'squared' is deprecated in version 1.4 and will be removed in 1.6. To calculate the root mean squared logarithmic error, use the function'root_mean_squared_log_error'.
  warnings.warn(
INFO     | 2024-09-20 15:22:49 | __main__:optimize:122 - Metrics: {'r2': 0.9353048801422119, 'mse': 2.0119202485515215, 'mae': 1.0192406298809273, 'rmse': 1.4184217456566017, 'rmsle': 0.14132239788198528, 'loss': 1.4184217456566017}
[I 2024-09-20 15:22:49,374] Trial 109 finished with value: 1.4184217456566017 and parameters: {'learning_rate': 0.18321370223312466, 'reg_lambda': 1.520831202350544e-07, 'reg_alpha': 0.19271511511711167, 'subsample': 0.17780008848049067, 'colsample_bytree': 0.606756314001108, 'max_depth': 3, 'early_stopping_rounds': 385, 'n_estimators': 7000}. Best is trial 95 with value: 1.2076441519605186.
/Users/antoinelopez/Epitech/DIGITAL/DIGI 2/Victory Vision Analytics/pythonProject/.venv/lib/python3.12/site-packages/sklearn/metrics/_regression.py:492: FutureWarning: 'squared' is deprecated in version 1.4 and will be removed in 1.6. To calculate the root mean squared error, use the function'root_mean_squared_error'.
  warnings.warn(
/Users/antoinelopez/Epitech/DIGITAL/DIGI 2/Victory Vision Analytics/pythonProject/.venv/lib/python3.12/site-packages/sklearn/metrics/_regression.py:675: FutureWarning: 'squared' is deprecated in version 1.4 and will be removed in 1.6. To calculate the root mean squared logarithmic error, use the function'root_mean_squared_log_error'.
  warnings.warn(
INFO     | 2024-09-20 15:22:49 | __main__:optimize:122 - Metrics: {'r2': 0.946902334690094, 'mse': 1.6512561000752826, 'mae': 0.8765806275744771, 'rmse': 1.2850121011396285, 'rmsle': 0.13840315948423498, 'loss': 1.2850121011396285}
[I 2024-09-20 15:22:49,596] Trial 110 finished with value: 1.2850121011396285 and parameters: {'learning_rate': 0.1330040029765686, 'reg_lambda': 4.480259292400757e-07, 'reg_alpha': 16.760091736892115, 'subsample': 0.6664366584082737, 'colsample_bytree': 0.6700031207272932, 'max_depth': 3, 'early_stopping_rounds': 268, 'n_estimators': 7000}. Best is trial 95 with value: 1.2076441519605186.
/Users/antoinelopez/Epitech/DIGITAL/DIGI 2/Victory Vision Analytics/pythonProject/.venv/lib/python3.12/site-packages/sklearn/metrics/_regression.py:492: FutureWarning: 'squared' is deprecated in version 1.4 and will be removed in 1.6. To calculate the root mean squared error, use the function'root_mean_squared_error'.
  warnings.warn(
/Users/antoinelopez/Epitech/DIGITAL/DIGI 2/Victory Vision Analytics/pythonProject/.venv/lib/python3.12/site-packages/sklearn/metrics/_regression.py:675: FutureWarning: 'squared' is deprecated in version 1.4 and will be removed in 1.6. To calculate the root mean squared logarithmic error, use the function'root_mean_squared_log_error'.
  warnings.warn(
INFO     | 2024-09-20 15:22:49 | __main__:optimize:122 - Metrics: {'r2': 0.948500394821167, 'mse': 1.6015586601028466, 'mae': 0.8473488215790238, 'rmse': 1.2655270285943507, 'rmsle': 0.12054245891034258, 'loss': 1.2655270285943507}
[I 2024-09-20 15:22:49,906] Trial 111 finished with value: 1.2655270285943507 and parameters: {'learning_rate': 0.11618048877353623, 'reg_lambda': 1.1111453512997464e-08, 'reg_alpha': 1.796820317216249, 'subsample': 0.7739901354247889, 'colsample_bytree': 0.7176954884018873, 'max_depth': 4, 'early_stopping_rounds': 440, 'n_estimators': 7000}. Best is trial 95 with value: 1.2076441519605186.
INFO:     127.0.0.1:52091 - "GET /ui/is_model_training HTTP/1.1" 200 OK
/Users/antoinelopez/Epitech/DIGITAL/DIGI 2/Victory Vision Analytics/pythonProject/.venv/lib/python3.12/site-packages/sklearn/metrics/_regression.py:492: FutureWarning: 'squared' is deprecated in version 1.4 and will be removed in 1.6. To calculate the root mean squared error, use the function'root_mean_squared_error'.
  warnings.warn(
/Users/antoinelopez/Epitech/DIGITAL/DIGI 2/Victory Vision Analytics/pythonProject/.venv/lib/python3.12/site-packages/sklearn/metrics/_regression.py:675: FutureWarning: 'squared' is deprecated in version 1.4 and will be removed in 1.6. To calculate the root mean squared logarithmic error, use the function'root_mean_squared_log_error'.
  warnings.warn(
INFO     | 2024-09-20 15:22:50 | __main__:optimize:122 - Metrics: {'r2': 0.9525619149208069, 'mse': 1.475252723865801, 'mae': 0.8145929178526236, 'rmse': 1.2145998204617854, 'rmsle': 0.11086057853307159, 'loss': 1.2145998204617854}
[I 2024-09-20 15:22:50,290] Trial 112 finished with value: 1.2145998204617854 and parameters: {'learning_rate': 0.1389923980134693, 'reg_lambda': 1.2179138750125624e-06, 'reg_alpha': 2.0934367075531224, 'subsample': 0.9810430218319951, 'colsample_bytree': 0.6916100230660835, 'max_depth': 3, 'early_stopping_rounds': 416, 'n_estimators': 7000}. Best is trial 95 with value: 1.2076441519605186.
/Users/antoinelopez/Epitech/DIGITAL/DIGI 2/Victory Vision Analytics/pythonProject/.venv/lib/python3.12/site-packages/sklearn/metrics/_regression.py:492: FutureWarning: 'squared' is deprecated in version 1.4 and will be removed in 1.6. To calculate the root mean squared error, use the function'root_mean_squared_error'.
  warnings.warn(
/Users/antoinelopez/Epitech/DIGITAL/DIGI 2/Victory Vision Analytics/pythonProject/.venv/lib/python3.12/site-packages/sklearn/metrics/_regression.py:675: FutureWarning: 'squared' is deprecated in version 1.4 and will be removed in 1.6. To calculate the root mean squared logarithmic error, use the function'root_mean_squared_log_error'.
  warnings.warn(
INFO     | 2024-09-20 15:22:50 | __main__:optimize:122 - Metrics: {'r2': 0.9503406882286072, 'mse': 1.544329353678514, 'mae': 0.8952644704386246, 'rmse': 1.2427104866695677, 'rmsle': 0.12771598757077127, 'loss': 1.2427104866695677}
[I 2024-09-20 15:22:50,638] Trial 113 finished with value: 1.2427104866695677 and parameters: {'learning_rate': 0.162394880353292, 'reg_lambda': 1.2918290309588723e-06, 'reg_alpha': 0.9177351245954086, 'subsample': 0.9783995372790828, 'colsample_bytree': 0.687577296633548, 'max_depth': 3, 'early_stopping_rounds': 408, 'n_estimators': 7000}. Best is trial 95 with value: 1.2076441519605186.
/Users/antoinelopez/Epitech/DIGITAL/DIGI 2/Victory Vision Analytics/pythonProject/.venv/lib/python3.12/site-packages/sklearn/metrics/_regression.py:492: FutureWarning: 'squared' is deprecated in version 1.4 and will be removed in 1.6. To calculate the root mean squared error, use the function'root_mean_squared_error'.
  warnings.warn(
/Users/antoinelopez/Epitech/DIGITAL/DIGI 2/Victory Vision Analytics/pythonProject/.venv/lib/python3.12/site-packages/sklearn/metrics/_regression.py:675: FutureWarning: 'squared' is deprecated in version 1.4 and will be removed in 1.6. To calculate the root mean squared logarithmic error, use the function'root_mean_squared_log_error'.
  warnings.warn(
INFO     | 2024-09-20 15:22:51 | __main__:optimize:122 - Metrics: {'r2': 0.9501608610153198, 'mse': 1.5499216200066355, 'mae': 0.8905943887178288, 'rmse': 1.2449584812380834, 'rmsle': 0.12495953817606958, 'loss': 1.2449584812380834}
[I 2024-09-20 15:22:51,042] Trial 114 finished with value: 1.2449584812380834 and parameters: {'learning_rate': 0.1636399905350775, 'reg_lambda': 1.4179232533117373e-06, 'reg_alpha': 0.7309534031424975, 'subsample': 0.97943219277149, 'colsample_bytree': 0.7408900287456975, 'max_depth': 3, 'early_stopping_rounds': 393, 'n_estimators': 7000}. Best is trial 95 with value: 1.2076441519605186.
/Users/antoinelopez/Epitech/DIGITAL/DIGI 2/Victory Vision Analytics/pythonProject/.venv/lib/python3.12/site-packages/sklearn/metrics/_regression.py:492: FutureWarning: 'squared' is deprecated in version 1.4 and will be removed in 1.6. To calculate the root mean squared error, use the function'root_mean_squared_error'.
  warnings.warn(
/Users/antoinelopez/Epitech/DIGITAL/DIGI 2/Victory Vision Analytics/pythonProject/.venv/lib/python3.12/site-packages/sklearn/metrics/_regression.py:675: FutureWarning: 'squared' is deprecated in version 1.4 and will be removed in 1.6. To calculate the root mean squared logarithmic error, use the function'root_mean_squared_log_error'.
  warnings.warn(
INFO     | 2024-09-20 15:22:51 | __main__:optimize:122 - Metrics: {'r2': 0.9492257833480835, 'mse': 1.5790009482558531, 'mae': 0.8608417885248051, 'rmse': 1.256583044711273, 'rmsle': 0.12836041891166286, 'loss': 1.256583044711273}
[I 2024-09-20 15:22:51,266] Trial 115 finished with value: 1.256583044711273 and parameters: {'learning_rate': 0.16572438992504998, 'reg_lambda': 1.0838554144336222e-06, 'reg_alpha': 9.016176883371546, 'subsample': 0.9859691567351457, 'colsample_bytree': 0.7438362545332868, 'max_depth': 3, 'early_stopping_rounds': 395, 'n_estimators': 7000}. Best is trial 95 with value: 1.2076441519605186.
/Users/antoinelopez/Epitech/DIGITAL/DIGI 2/Victory Vision Analytics/pythonProject/.venv/lib/python3.12/site-packages/sklearn/metrics/_regression.py:492: FutureWarning: 'squared' is deprecated in version 1.4 and will be removed in 1.6. To calculate the root mean squared error, use the function'root_mean_squared_error'.
  warnings.warn(
/Users/antoinelopez/Epitech/DIGITAL/DIGI 2/Victory Vision Analytics/pythonProject/.venv/lib/python3.12/site-packages/sklearn/metrics/_regression.py:675: FutureWarning: 'squared' is deprecated in version 1.4 and will be removed in 1.6. To calculate the root mean squared logarithmic error, use the function'root_mean_squared_log_error'.
  warnings.warn(
INFO     | 2024-09-20 15:22:51 | __main__:optimize:122 - Metrics: {'r2': 0.9508070349693298, 'mse': 1.5298261931803505, 'mae': 0.8619220365272012, 'rmse': 1.2368614284471606, 'rmsle': 0.12103904419238172, 'loss': 1.2368614284471606}
[I 2024-09-20 15:22:51,580] Trial 116 finished with value: 1.2368614284471606 and parameters: {'learning_rate': 0.15905601907146646, 'reg_lambda': 2.50164249638633e-06, 'reg_alpha': 1.0836171478670231, 'subsample': 0.9548860128520207, 'colsample_bytree': 0.6983553383422951, 'max_depth': 3, 'early_stopping_rounds': 404, 'n_estimators': 7000}. Best is trial 95 with value: 1.2076441519605186.
/Users/antoinelopez/Epitech/DIGITAL/DIGI 2/Victory Vision Analytics/pythonProject/.venv/lib/python3.12/site-packages/sklearn/metrics/_regression.py:492: FutureWarning: 'squared' is deprecated in version 1.4 and will be removed in 1.6. To calculate the root mean squared error, use the function'root_mean_squared_error'.
  warnings.warn(
/Users/antoinelopez/Epitech/DIGITAL/DIGI 2/Victory Vision Analytics/pythonProject/.venv/lib/python3.12/site-packages/sklearn/metrics/_regression.py:675: FutureWarning: 'squared' is deprecated in version 1.4 and will be removed in 1.6. To calculate the root mean squared logarithmic error, use the function'root_mean_squared_log_error'.
  warnings.warn(
INFO     | 2024-09-20 15:22:51 | __main__:optimize:122 - Metrics: {'r2': 0.9495235085487366, 'mse': 1.5697414737498807, 'mae': 0.8225477318431056, 'rmse': 1.2528932411621834, 'rmsle': 0.11125508142975309, 'loss': 1.2528932411621834}
[I 2024-09-20 15:22:51,838] Trial 117 finished with value: 1.2528932411621834 and parameters: {'learning_rate': 0.21139975272512057, 'reg_lambda': 2.5944950859415192e-06, 'reg_alpha': 3.9455880916664814, 'subsample': 0.950844789374812, 'colsample_bytree': 0.7917346102515617, 'max_depth': 4, 'early_stopping_rounds': 405, 'n_estimators': 7000}. Best is trial 95 with value: 1.2076441519605186.
/Users/antoinelopez/Epitech/DIGITAL/DIGI 2/Victory Vision Analytics/pythonProject/.venv/lib/python3.12/site-packages/sklearn/metrics/_regression.py:492: FutureWarning: 'squared' is deprecated in version 1.4 and will be removed in 1.6. To calculate the root mean squared error, use the function'root_mean_squared_error'.
  warnings.warn(
/Users/antoinelopez/Epitech/DIGITAL/DIGI 2/Victory Vision Analytics/pythonProject/.venv/lib/python3.12/site-packages/sklearn/metrics/_regression.py:675: FutureWarning: 'squared' is deprecated in version 1.4 and will be removed in 1.6. To calculate the root mean squared logarithmic error, use the function'root_mean_squared_log_error'.
  warnings.warn(
INFO     | 2024-09-20 15:22:52 | __main__:optimize:122 - Metrics: {'r2': 0.9479130506515503, 'mse': 1.6198259467294076, 'mae': 0.9120343133460643, 'rmse': 1.272723829716961, 'rmsle': 0.13306551287430624, 'loss': 1.272723829716961}
