[I 2024-09-20 15:24:04,716] Trial 342 finished with value: 1.2187254282072963 and parameters: {'learning_rate': 0.13736055674911457, 'reg_lambda': 0.0004753888490375223, 'reg_alpha': 0.0009369313838521594, 'subsample': 0.8358126164408893, 'colsample_bytree': 0.7220145387067908, 'max_depth': 4, 'early_stopping_rounds': 428, 'n_estimators': 7000}. Best is trial 207 with value: 1.189099607377955.
/Users/antoinelopez/Epitech/DIGITAL/DIGI 2/Victory Vision Analytics/pythonProject/.venv/lib/python3.12/site-packages/sklearn/metrics/_regression.py:492: FutureWarning: 'squared' is deprecated in version 1.4 and will be removed in 1.6. To calculate the root mean squared error, use the function'root_mean_squared_error'.
  warnings.warn(
/Users/antoinelopez/Epitech/DIGITAL/DIGI 2/Victory Vision Analytics/pythonProject/.venv/lib/python3.12/site-packages/sklearn/metrics/_regression.py:675: FutureWarning: 'squared' is deprecated in version 1.4 and will be removed in 1.6. To calculate the root mean squared logarithmic error, use the function'root_mean_squared_log_error'.
  warnings.warn(
INFO     | 2024-09-20 15:24:04 | __main__:optimize:122 - Metrics: {'r2': 0.9394426941871643, 'mse': 1.8832404497029687, 'mae': 0.9572556980820589, 'rmse': 1.3723120817448808, 'rmsle': 0.13310389728039007, 'loss': 1.3723120817448808}
[I 2024-09-20 15:24:04,973] Trial 343 finished with value: 1.3723120817448808 and parameters: {'learning_rate': 0.10985256804125927, 'reg_lambda': 0.010618231990089258, 'reg_alpha': 0.0005154852032358682, 'subsample': 0.2240926579172875, 'colsample_bytree': 0.7027778677512572, 'max_depth': 4, 'early_stopping_rounds': 395, 'n_estimators': 7000}. Best is trial 207 with value: 1.189099607377955.
/Users/antoinelopez/Epitech/DIGITAL/DIGI 2/Victory Vision Analytics/pythonProject/.venv/lib/python3.12/site-packages/sklearn/metrics/_regression.py:492: FutureWarning: 'squared' is deprecated in version 1.4 and will be removed in 1.6. To calculate the root mean squared error, use the function'root_mean_squared_error'.
  warnings.warn(
/Users/antoinelopez/Epitech/DIGITAL/DIGI 2/Victory Vision Analytics/pythonProject/.venv/lib/python3.12/site-packages/sklearn/metrics/_regression.py:675: FutureWarning: 'squared' is deprecated in version 1.4 and will be removed in 1.6. To calculate the root mean squared logarithmic error, use the function'root_mean_squared_log_error'.
  warnings.warn(
INFO     | 2024-09-20 15:24:05 | __main__:optimize:122 - Metrics: {'r2': 0.9521015882492065, 'mse': 1.4895684826758198, 'mae': 0.8069784849189049, 'rmse': 1.220478792390847, 'rmsle': 0.11155638680917801, 'loss': 1.220478792390847}
[I 2024-09-20 15:24:05,219] Trial 344 finished with value: 1.220478792390847 and parameters: {'learning_rate': 0.12457993745498766, 'reg_lambda': 0.002904686347532143, 'reg_alpha': 0.44105823806646177, 'subsample': 0.8930857665522584, 'colsample_bytree': 0.6804041620235537, 'max_depth': 3, 'early_stopping_rounds': 302, 'n_estimators': 7000}. Best is trial 207 with value: 1.189099607377955.
/Users/antoinelopez/Epitech/DIGITAL/DIGI 2/Victory Vision Analytics/pythonProject/.venv/lib/python3.12/site-packages/sklearn/metrics/_regression.py:492: FutureWarning: 'squared' is deprecated in version 1.4 and will be removed in 1.6. To calculate the root mean squared error, use the function'root_mean_squared_error'.
  warnings.warn(
/Users/antoinelopez/Epitech/DIGITAL/DIGI 2/Victory Vision Analytics/pythonProject/.venv/lib/python3.12/site-packages/sklearn/metrics/_regression.py:675: FutureWarning: 'squared' is deprecated in version 1.4 and will be removed in 1.6. To calculate the root mean squared logarithmic error, use the function'root_mean_squared_log_error'.
  warnings.warn(
INFO     | 2024-09-20 15:24:05 | __main__:optimize:122 - Metrics: {'r2': 0.9494411945343018, 'mse': 1.5723024066640323, 'mae': 0.7929125228593515, 'rmse': 1.2539148323008356, 'rmsle': 0.10369883961013177, 'loss': 1.2539148323008356}
[I 2024-09-20 15:24:05,530] Trial 345 finished with value: 1.2539148323008356 and parameters: {'learning_rate': 0.09882589160844205, 'reg_lambda': 0.14548039283473055, 'reg_alpha': 0.10346326562734347, 'subsample': 0.9173635448667921, 'colsample_bytree': 0.7762684867313803, 'max_depth': 4, 'early_stopping_rounds': 406, 'n_estimators': 7000}. Best is trial 207 with value: 1.189099607377955.
/Users/antoinelopez/Epitech/DIGITAL/DIGI 2/Victory Vision Analytics/pythonProject/.venv/lib/python3.12/site-packages/sklearn/metrics/_regression.py:492: FutureWarning: 'squared' is deprecated in version 1.4 and will be removed in 1.6. To calculate the root mean squared error, use the function'root_mean_squared_error'.
  warnings.warn(
/Users/antoinelopez/Epitech/DIGITAL/DIGI 2/Victory Vision Analytics/pythonProject/.venv/lib/python3.12/site-packages/sklearn/metrics/_regression.py:675: FutureWarning: 'squared' is deprecated in version 1.4 and will be removed in 1.6. To calculate the root mean squared logarithmic error, use the function'root_mean_squared_log_error'.
  warnings.warn(
INFO     | 2024-09-20 15:24:05 | __main__:optimize:122 - Metrics: {'r2': 0.9512848854064941, 'mse': 1.5149663701500544, 'mae': 0.8137678430523984, 'rmse': 1.230839701240602, 'rmsle': 0.11488284164493033, 'loss': 1.230839701240602}
[I 2024-09-20 15:24:05,755] Trial 346 finished with value: 1.230839701240602 and parameters: {'learning_rate': 0.11740736344479555, 'reg_lambda': 0.018202348609010793, 'reg_alpha': 0.010021331328979368, 'subsample': 0.8586270990044194, 'colsample_bytree': 0.7358495470637344, 'max_depth': 4, 'early_stopping_rounds': 251, 'n_estimators': 7000}. Best is trial 207 with value: 1.189099607377955.
/Users/antoinelopez/Epitech/DIGITAL/DIGI 2/Victory Vision Analytics/pythonProject/.venv/lib/python3.12/site-packages/sklearn/metrics/_regression.py:492: FutureWarning: 'squared' is deprecated in version 1.4 and will be removed in 1.6. To calculate the root mean squared error, use the function'root_mean_squared_error'.
  warnings.warn(
/Users/antoinelopez/Epitech/DIGITAL/DIGI 2/Victory Vision Analytics/pythonProject/.venv/lib/python3.12/site-packages/sklearn/metrics/_regression.py:675: FutureWarning: 'squared' is deprecated in version 1.4 and will be removed in 1.6. To calculate the root mean squared logarithmic error, use the function'root_mean_squared_log_error'.
  warnings.warn(
INFO     | 2024-09-20 15:24:06 | __main__:optimize:122 - Metrics: {'r2': 0.9534802436828613, 'mse': 1.4466930431280531, 'mae': 0.8063958420309909, 'rmse': 1.2027855349679148, 'rmsle': 0.11451067718061173, 'loss': 1.2027855349679148}
[I 2024-09-20 15:24:06,029] Trial 347 finished with value: 1.2027855349679148 and parameters: {'learning_rate': 0.13190097574285167, 'reg_lambda': 0.32321463515696097, 'reg_alpha': 0.0002729804928940854, 'subsample': 0.879161464074635, 'colsample_bytree': 0.6407298255465682, 'max_depth': 4, 'early_stopping_rounds': 415, 'n_estimators': 7000}. Best is trial 207 with value: 1.189099607377955.
/Users/antoinelopez/Epitech/DIGITAL/DIGI 2/Victory Vision Analytics/pythonProject/.venv/lib/python3.12/site-packages/sklearn/metrics/_regression.py:492: FutureWarning: 'squared' is deprecated in version 1.4 and will be removed in 1.6. To calculate the root mean squared error, use the function'root_mean_squared_error'.
  warnings.warn(
/Users/antoinelopez/Epitech/DIGITAL/DIGI 2/Victory Vision Analytics/pythonProject/.venv/lib/python3.12/site-packages/sklearn/metrics/_regression.py:675: FutureWarning: 'squared' is deprecated in version 1.4 and will be removed in 1.6. To calculate the root mean squared logarithmic error, use the function'root_mean_squared_log_error'.
  warnings.warn(
INFO     | 2024-09-20 15:24:06 | __main__:optimize:122 - Metrics: {'r2': 0.951328694820404, 'mse': 1.5136032435184723, 'mae': 0.8692581636961116, 'rmse': 1.2302858381361919, 'rmsle': 0.11479683153635958, 'loss': 1.2302858381361919}
[I 2024-09-20 15:24:06,249] Trial 348 finished with value: 1.2302858381361919 and parameters: {'learning_rate': 0.13890301564427762, 'reg_lambda': 0.9785241024926075, 'reg_alpha': 0.0002493851610755125, 'subsample': 0.8183261806393648, 'colsample_bytree': 0.6549708849316282, 'max_depth': 4, 'early_stopping_rounds': 277, 'n_estimators': 7000}. Best is trial 207 with value: 1.189099607377955.
/Users/antoinelopez/Epitech/DIGITAL/DIGI 2/Victory Vision Analytics/pythonProject/.venv/lib/python3.12/site-packages/sklearn/metrics/_regression.py:492: FutureWarning: 'squared' is deprecated in version 1.4 and will be removed in 1.6. To calculate the root mean squared error, use the function'root_mean_squared_error'.
  warnings.warn(
/Users/antoinelopez/Epitech/DIGITAL/DIGI 2/Victory Vision Analytics/pythonProject/.venv/lib/python3.12/site-packages/sklearn/metrics/_regression.py:675: FutureWarning: 'squared' is deprecated in version 1.4 and will be removed in 1.6. To calculate the root mean squared logarithmic error, use the function'root_mean_squared_log_error'.
  warnings.warn(
INFO     | 2024-09-20 15:24:06 | __main__:optimize:122 - Metrics: {'r2': 0.9434769153594971, 'mse': 1.7577812166094835, 'mae': 0.9336648289027603, 'rmse': 1.3258134169669138, 'rmsle': 0.14001363030005295, 'loss': 1.3258134169669138}
[I 2024-09-20 15:24:06,556] Trial 349 finished with value: 1.3258134169669138 and parameters: {'learning_rate': 0.14412039862484466, 'reg_lambda': 0.38172495267637685, 'reg_alpha': 0.0004314608474841949, 'subsample': 0.8959210842140978, 'colsample_bytree': 0.5954176089084262, 'max_depth': 3, 'early_stopping_rounds': 426, 'n_estimators': 7000}. Best is trial 207 with value: 1.189099607377955.
/Users/antoinelopez/Epitech/DIGITAL/DIGI 2/Victory Vision Analytics/pythonProject/.venv/lib/python3.12/site-packages/sklearn/metrics/_regression.py:492: FutureWarning: 'squared' is deprecated in version 1.4 and will be removed in 1.6. To calculate the root mean squared error, use the function'root_mean_squared_error'.
  warnings.warn(
/Users/antoinelopez/Epitech/DIGITAL/DIGI 2/Victory Vision Analytics/pythonProject/.venv/lib/python3.12/site-packages/sklearn/metrics/_regression.py:675: FutureWarning: 'squared' is deprecated in version 1.4 and will be removed in 1.6. To calculate the root mean squared logarithmic error, use the function'root_mean_squared_log_error'.
  warnings.warn(
INFO     | 2024-09-20 15:24:06 | __main__:optimize:122 - Metrics: {'r2': 0.9502581357955933, 'mse': 1.5468963190191802, 'mae': 0.8676128651167071, 'rmse': 1.2437428669219295, 'rmsle': 0.14398574095638536, 'loss': 1.2437428669219295}
[I 2024-09-20 15:24:06,860] Trial 350 finished with value: 1.2437428669219295 and parameters: {'learning_rate': 0.13028969519423203, 'reg_lambda': 0.4092156304042788, 'reg_alpha': 0.00020596576060606921, 'subsample': 0.8728249260587211, 'colsample_bytree': 0.6319187136602362, 'max_depth': 4, 'early_stopping_rounds': 416, 'n_estimators': 7000}. Best is trial 207 with value: 1.189099607377955.
/Users/antoinelopez/Epitech/DIGITAL/DIGI 2/Victory Vision Analytics/pythonProject/.venv/lib/python3.12/site-packages/sklearn/metrics/_regression.py:492: FutureWarning: 'squared' is deprecated in version 1.4 and will be removed in 1.6. To calculate the root mean squared error, use the function'root_mean_squared_error'.
  warnings.warn(
/Users/antoinelopez/Epitech/DIGITAL/DIGI 2/Victory Vision Analytics/pythonProject/.venv/lib/python3.12/site-packages/sklearn/metrics/_regression.py:675: FutureWarning: 'squared' is deprecated in version 1.4 and will be removed in 1.6. To calculate the root mean squared logarithmic error, use the function'root_mean_squared_log_error'.
  warnings.warn(
INFO     | 2024-09-20 15:24:07 | __main__:optimize:122 - Metrics: {'r2': 0.9496073722839355, 'mse': 1.5671351821953807, 'mae': 0.8472065737081128, 'rmse': 1.251852699879415, 'rmsle': 0.12369004894435996, 'loss': 1.251852699879415}
[I 2024-09-20 15:24:07,137] Trial 351 finished with value: 1.251852699879415 and parameters: {'learning_rate': 0.15906485625043792, 'reg_lambda': 0.26584596218107837, 'reg_alpha': 5.831515681463071e-05, 'subsample': 0.84746943382887, 'colsample_bytree': 0.6185979350698825, 'max_depth': 4, 'early_stopping_rounds': 439, 'n_estimators': 7000}. Best is trial 207 with value: 1.189099607377955.
/Users/antoinelopez/Epitech/DIGITAL/DIGI 2/Victory Vision Analytics/pythonProject/.venv/lib/python3.12/site-packages/sklearn/metrics/_regression.py:492: FutureWarning: 'squared' is deprecated in version 1.4 and will be removed in 1.6. To calculate the root mean squared error, use the function'root_mean_squared_error'.
  warnings.warn(
/Users/antoinelopez/Epitech/DIGITAL/DIGI 2/Victory Vision Analytics/pythonProject/.venv/lib/python3.12/site-packages/sklearn/metrics/_regression.py:675: FutureWarning: 'squared' is deprecated in version 1.4 and will be removed in 1.6. To calculate the root mean squared logarithmic error, use the function'root_mean_squared_log_error'.
  warnings.warn(
INFO     | 2024-09-20 15:24:07 | __main__:optimize:122 - Metrics: {'r2': 0.9416183829307556, 'mse': 1.8155799911969994, 'mae': 0.9998874690643577, 'rmse': 1.3474345962594991, 'rmsle': 0.15272359154044507, 'loss': 1.3474345962594991}
[I 2024-09-20 15:24:07,433] Trial 352 finished with value: 1.3474345962594991 and parameters: {'learning_rate': 0.13186482558585952, 'reg_lambda': 0.20722627754743927, 'reg_alpha': 0.00035013118713838796, 'subsample': 0.9529231625117507, 'colsample_bytree': 0.5775971405373721, 'max_depth': 4, 'early_stopping_rounds': 432, 'n_estimators': 7000}. Best is trial 207 with value: 1.189099607377955.
/Users/antoinelopez/Epitech/DIGITAL/DIGI 2/Victory Vision Analytics/pythonProject/.venv/lib/python3.12/site-packages/sklearn/metrics/_regression.py:492: FutureWarning: 'squared' is deprecated in version 1.4 and will be removed in 1.6. To calculate the root mean squared error, use the function'root_mean_squared_error'.
  warnings.warn(
/Users/antoinelopez/Epitech/DIGITAL/DIGI 2/Victory Vision Analytics/pythonProject/.venv/lib/python3.12/site-packages/sklearn/metrics/_regression.py:675: FutureWarning: 'squared' is deprecated in version 1.4 and will be removed in 1.6. To calculate the root mean squared logarithmic error, use the function'root_mean_squared_log_error'.
  warnings.warn(
INFO     | 2024-09-20 15:24:07 | __main__:optimize:122 - Metrics: {'r2': 0.9502539038658142, 'mse': 1.547028176778157, 'mae': 0.8172275213308112, 'rmse': 1.2437958742406878, 'rmsle': 0.10922417010832741, 'loss': 1.2437958742406878}
[I 2024-09-20 15:24:07,682] Trial 353 finished with value: 1.2437958742406878 and parameters: {'learning_rate': 0.15196185341544324, 'reg_lambda': 0.10893338490403741, 'reg_alpha': 0.0001173308611335198, 'subsample': 0.9208429140134125, 'colsample_bytree': 0.6417236606818496, 'max_depth': 3, 'early_stopping_rounds': 421, 'n_estimators': 7000}. Best is trial 207 with value: 1.189099607377955.
/Users/antoinelopez/Epitech/DIGITAL/DIGI 2/Victory Vision Analytics/pythonProject/.venv/lib/python3.12/site-packages/sklearn/metrics/_regression.py:492: FutureWarning: 'squared' is deprecated in version 1.4 and will be removed in 1.6. To calculate the root mean squared error, use the function'root_mean_squared_error'.
  warnings.warn(
/Users/antoinelopez/Epitech/DIGITAL/DIGI 2/Victory Vision Analytics/pythonProject/.venv/lib/python3.12/site-packages/sklearn/metrics/_regression.py:675: FutureWarning: 'squared' is deprecated in version 1.4 and will be removed in 1.6. To calculate the root mean squared logarithmic error, use the function'root_mean_squared_log_error'.
  warnings.warn(
INFO     | 2024-09-20 15:24:08 | __main__:optimize:122 - Metrics: {'r2': 0.948367178440094, 'mse': 1.6057016384952292, 'mae': 0.8769793371821559, 'rmse': 1.2671628303005218, 'rmsle': 0.12115248169445147, 'loss': 1.2671628303005218}
[I 2024-09-20 15:24:08,018] Trial 354 finished with value: 1.2671628303005218 and parameters: {'learning_rate': 0.23216661273589986, 'reg_lambda': 0.07820999153488054, 'reg_alpha': 0.0007513049810452552, 'subsample': 0.8852677811666921, 'colsample_bytree': 0.6641461239739794, 'max_depth': 5, 'early_stopping_rounds': 410, 'n_estimators': 7000}. Best is trial 207 with value: 1.189099607377955.
/Users/antoinelopez/Epitech/DIGITAL/DIGI 2/Victory Vision Analytics/pythonProject/.venv/lib/python3.12/site-packages/sklearn/metrics/_regression.py:492: FutureWarning: 'squared' is deprecated in version 1.4 and will be removed in 1.6. To calculate the root mean squared error, use the function'root_mean_squared_error'.
  warnings.warn(
/Users/antoinelopez/Epitech/DIGITAL/DIGI 2/Victory Vision Analytics/pythonProject/.venv/lib/python3.12/site-packages/sklearn/metrics/_regression.py:675: FutureWarning: 'squared' is deprecated in version 1.4 and will be removed in 1.6. To calculate the root mean squared logarithmic error, use the function'root_mean_squared_log_error'.
  warnings.warn(
INFO     | 2024-09-20 15:24:08 | __main__:optimize:122 - Metrics: {'r2': 0.9481902718544006, 'mse': 1.6112037408510034, 'mae': 0.8429578348647716, 'rmse': 1.2693320057616932, 'rmsle': 0.11365411512895783, 'loss': 1.2693320057616932}
[I 2024-09-20 15:24:08,292] Trial 355 finished with value: 1.2693320057616932 and parameters: {'learning_rate': 0.12297367172336986, 'reg_lambda': 0.18160212792992114, 'reg_alpha': 0.0015187121448667223, 'subsample': 0.33185250607819594, 'colsample_bytree': 0.7125210034393814, 'max_depth': 4, 'early_stopping_rounds': 429, 'n_estimators': 7000}. Best is trial 207 with value: 1.189099607377955.
/Users/antoinelopez/Epitech/DIGITAL/DIGI 2/Victory Vision Analytics/pythonProject/.venv/lib/python3.12/site-packages/sklearn/metrics/_regression.py:492: FutureWarning: 'squared' is deprecated in version 1.4 and will be removed in 1.6. To calculate the root mean squared error, use the function'root_mean_squared_error'.
  warnings.warn(
/Users/antoinelopez/Epitech/DIGITAL/DIGI 2/Victory Vision Analytics/pythonProject/.venv/lib/python3.12/site-packages/sklearn/metrics/_regression.py:675: FutureWarning: 'squared' is deprecated in version 1.4 and will be removed in 1.6. To calculate the root mean squared logarithmic error, use the function'root_mean_squared_log_error'.
  warnings.warn(
INFO     | 2024-09-20 15:24:08 | __main__:optimize:122 - Metrics: {'r2': 0.9542277455329895, 'mse': 1.4234483717566708, 'mae': 0.7930817690006522, 'rmse': 1.1930835560666615, 'rmsle': 0.10855515389512287, 'loss': 1.1930835560666615}
[I 2024-09-20 15:24:08,535] Trial 356 finished with value: 1.1930835560666615 and parameters: {'learning_rate': 0.13965732369768907, 'reg_lambda': 0.47234508482594156, 'reg_alpha': 0.00018433061474790587, 'subsample': 0.8635813670647936, 'colsample_bytree': 0.6701275188766302, 'max_depth': 4, 'early_stopping_rounds': 351, 'n_estimators': 7000}. Best is trial 207 with value: 1.189099607377955.
/Users/antoinelopez/Epitech/DIGITAL/DIGI 2/Victory Vision Analytics/pythonProject/.venv/lib/python3.12/site-packages/sklearn/metrics/_regression.py:492: FutureWarning: 'squared' is deprecated in version 1.4 and will be removed in 1.6. To calculate the root mean squared error, use the function'root_mean_squared_error'.
  warnings.warn(
/Users/antoinelopez/Epitech/DIGITAL/DIGI 2/Victory Vision Analytics/pythonProject/.venv/lib/python3.12/site-packages/sklearn/metrics/_regression.py:675: FutureWarning: 'squared' is deprecated in version 1.4 and will be removed in 1.6. To calculate the root mean squared logarithmic error, use the function'root_mean_squared_log_error'.
  warnings.warn(
INFO     | 2024-09-20 15:24:08 | __main__:optimize:122 - Metrics: {'r2': 0.9522187113761902, 'mse': 1.4859252828504659, 'mae': 0.8255729072315748, 'rmse': 1.218985349727578, 'rmsle': 0.12090855061120712, 'loss': 1.218985349727578}
[I 2024-09-20 15:24:08,814] Trial 357 finished with value: 1.218985349727578 and parameters: {'learning_rate': 0.13490295429822197, 'reg_lambda': 0.6052300233723676, 'reg_alpha': 0.0006138529223227681, 'subsample': 0.9076687609359895, 'colsample_bytree': 0.649253536209987, 'max_depth': 4, 'early_stopping_rounds': 350, 'n_estimators': 7000}. Best is trial 207 with value: 1.189099607377955.
/Users/antoinelopez/Epitech/DIGITAL/DIGI 2/Victory Vision Analytics/pythonProject/.venv/lib/python3.12/site-packages/sklearn/metrics/_regression.py:492: FutureWarning: 'squared' is deprecated in version 1.4 and will be removed in 1.6. To calculate the root mean squared error, use the function'root_mean_squared_error'.
  warnings.warn(
/Users/antoinelopez/Epitech/DIGITAL/DIGI 2/Victory Vision Analytics/pythonProject/.venv/lib/python3.12/site-packages/sklearn/metrics/_regression.py:675: FutureWarning: 'squared' is deprecated in version 1.4 and will be removed in 1.6. To calculate the root mean squared logarithmic error, use the function'root_mean_squared_log_error'.
  warnings.warn(
INFO     | 2024-09-20 15:24:09 | __main__:optimize:122 - Metrics: {'r2': 0.9519786834716797, 'mse': 1.493389428144259, 'mae': 0.8301207830739575, 'rmse': 1.2220431367772002, 'rmsle': 0.11409948739611424, 'loss': 1.2220431367772002}
