[I 2024-09-20 15:23:01,986] Trial 150 finished with value: 1.2493983923543241 and parameters: {'learning_rate': 0.09165264106352651, 'reg_lambda': 1.553021573869677e-05, 'reg_alpha': 0.08554327612914896, 'subsample': 0.8850611119594769, 'colsample_bytree': 0.7193586023937445, 'max_depth': 4, 'early_stopping_rounds': 461, 'n_estimators': 7000}. Best is trial 130 with value: 1.2046515087531384.
/Users/antoinelopez/Epitech/DIGITAL/DIGI 2/Victory Vision Analytics/pythonProject/.venv/lib/python3.12/site-packages/sklearn/metrics/_regression.py:492: FutureWarning: 'squared' is deprecated in version 1.4 and will be removed in 1.6. To calculate the root mean squared error, use the function'root_mean_squared_error'.
  warnings.warn(
/Users/antoinelopez/Epitech/DIGITAL/DIGI 2/Victory Vision Analytics/pythonProject/.venv/lib/python3.12/site-packages/sklearn/metrics/_regression.py:675: FutureWarning: 'squared' is deprecated in version 1.4 and will be removed in 1.6. To calculate the root mean squared logarithmic error, use the function'root_mean_squared_log_error'.
  warnings.warn(
INFO     | 2024-09-20 15:23:02 | __main__:optimize:122 - Metrics: {'r2': 0.9507926106452942, 'mse': 1.5302751931948622, 'mae': 0.8299604991147684, 'rmse': 1.2370429229395647, 'rmsle': 0.12028159898296806, 'loss': 1.2370429229395647}
[I 2024-09-20 15:23:02,364] Trial 151 finished with value: 1.2370429229395647 and parameters: {'learning_rate': 0.11524334362901176, 'reg_lambda': 2.9349101521490717e-05, 'reg_alpha': 0.22004139191673885, 'subsample': 0.9116344946880885, 'colsample_bytree': 0.7262731616035026, 'max_depth': 4, 'early_stopping_rounds': 483, 'n_estimators': 7000}. Best is trial 130 with value: 1.2046515087531384.
/Users/antoinelopez/Epitech/DIGITAL/DIGI 2/Victory Vision Analytics/pythonProject/.venv/lib/python3.12/site-packages/sklearn/metrics/_regression.py:492: FutureWarning: 'squared' is deprecated in version 1.4 and will be removed in 1.6. To calculate the root mean squared error, use the function'root_mean_squared_error'.
  warnings.warn(
/Users/antoinelopez/Epitech/DIGITAL/DIGI 2/Victory Vision Analytics/pythonProject/.venv/lib/python3.12/site-packages/sklearn/metrics/_regression.py:675: FutureWarning: 'squared' is deprecated in version 1.4 and will be removed in 1.6. To calculate the root mean squared logarithmic error, use the function'root_mean_squared_log_error'.
  warnings.warn(
INFO     | 2024-09-20 15:23:02 | __main__:optimize:122 - Metrics: {'r2': 0.950204074382782, 'mse': 1.5485774670490215, 'mae': 0.82661651511525, 'rmse': 1.244418525677363, 'rmsle': 0.11832672935678536, 'loss': 1.244418525677363}
[I 2024-09-20 15:23:02,641] Trial 152 finished with value: 1.244418525677363 and parameters: {'learning_rate': 0.12001898716633966, 'reg_lambda': 5.199581899836289e-05, 'reg_alpha': 0.02021408828194701, 'subsample': 0.8431170907514505, 'colsample_bytree': 0.6846547807246819, 'max_depth': 4, 'early_stopping_rounds': 450, 'n_estimators': 7000}. Best is trial 130 with value: 1.2046515087531384.
/Users/antoinelopez/Epitech/DIGITAL/DIGI 2/Victory Vision Analytics/pythonProject/.venv/lib/python3.12/site-packages/sklearn/metrics/_regression.py:492: FutureWarning: 'squared' is deprecated in version 1.4 and will be removed in 1.6. To calculate the root mean squared error, use the function'root_mean_squared_error'.
  warnings.warn(
/Users/antoinelopez/Epitech/DIGITAL/DIGI 2/Victory Vision Analytics/pythonProject/.venv/lib/python3.12/site-packages/sklearn/metrics/_regression.py:675: FutureWarning: 'squared' is deprecated in version 1.4 and will be removed in 1.6. To calculate the root mean squared logarithmic error, use the function'root_mean_squared_log_error'.
  warnings.warn(
INFO     | 2024-09-20 15:23:02 | __main__:optimize:122 - Metrics: {'r2': 0.9519183039665222, 'mse': 1.4952682559791626, 'mae': 0.8068730670352314, 'rmse': 1.22281161917082, 'rmsle': 0.10790072421506569, 'loss': 1.22281161917082}
[I 2024-09-20 15:23:02,960] Trial 153 finished with value: 1.22281161917082 and parameters: {'learning_rate': 0.09812457023132543, 'reg_lambda': 0.00012063171306405744, 'reg_alpha': 0.051171217294163386, 'subsample': 0.8777392839581586, 'colsample_bytree': 0.6673316905081316, 'max_depth': 4, 'early_stopping_rounds': 430, 'n_estimators': 7000}. Best is trial 130 with value: 1.2046515087531384.
/Users/antoinelopez/Epitech/DIGITAL/DIGI 2/Victory Vision Analytics/pythonProject/.venv/lib/python3.12/site-packages/sklearn/metrics/_regression.py:492: FutureWarning: 'squared' is deprecated in version 1.4 and will be removed in 1.6. To calculate the root mean squared error, use the function'root_mean_squared_error'.
  warnings.warn(
/Users/antoinelopez/Epitech/DIGITAL/DIGI 2/Victory Vision Analytics/pythonProject/.venv/lib/python3.12/site-packages/sklearn/metrics/_regression.py:675: FutureWarning: 'squared' is deprecated in version 1.4 and will be removed in 1.6. To calculate the root mean squared logarithmic error, use the function'root_mean_squared_log_error'.
  warnings.warn(
INFO     | 2024-09-20 15:23:03 | __main__:optimize:122 - Metrics: {'r2': 0.953069269657135, 'mse': 1.4594751125954157, 'mae': 0.8007807045481926, 'rmse': 1.2080873778810106, 'rmsle': 0.11581916718802578, 'loss': 1.2080873778810106}
[I 2024-09-20 15:23:03,273] Trial 154 finished with value: 1.2080873778810106 and parameters: {'learning_rate': 0.10725353778112616, 'reg_lambda': 5.803802466028312e-06, 'reg_alpha': 0.05401460033309621, 'subsample': 0.8698026247661019, 'colsample_bytree': 0.6743621545953814, 'max_depth': 4, 'early_stopping_rounds': 444, 'n_estimators': 7000}. Best is trial 130 with value: 1.2046515087531384.
/Users/antoinelopez/Epitech/DIGITAL/DIGI 2/Victory Vision Analytics/pythonProject/.venv/lib/python3.12/site-packages/sklearn/metrics/_regression.py:492: FutureWarning: 'squared' is deprecated in version 1.4 and will be removed in 1.6. To calculate the root mean squared error, use the function'root_mean_squared_error'.
  warnings.warn(
/Users/antoinelopez/Epitech/DIGITAL/DIGI 2/Victory Vision Analytics/pythonProject/.venv/lib/python3.12/site-packages/sklearn/metrics/_regression.py:675: FutureWarning: 'squared' is deprecated in version 1.4 and will be removed in 1.6. To calculate the root mean squared logarithmic error, use the function'root_mean_squared_log_error'.
  warnings.warn(
INFO     | 2024-09-20 15:23:03 | __main__:optimize:122 - Metrics: {'r2': 0.9489186406135559, 'mse': 1.5885519524106368, 'mae': 0.8361249322114989, 'rmse': 1.2603777022823899, 'rmsle': 0.11902340622166312, 'loss': 1.2603777022823899}
[I 2024-09-20 15:23:03,605] Trial 155 finished with value: 1.2603777022823899 and parameters: {'learning_rate': 0.09922506039347104, 'reg_lambda': 0.00011731376596284458, 'reg_alpha': 0.04825315876836232, 'subsample': 0.8655042096663081, 'colsample_bytree': 0.6691525901963352, 'max_depth': 4, 'early_stopping_rounds': 456, 'n_estimators': 7000}. Best is trial 130 with value: 1.2046515087531384.
/Users/antoinelopez/Epitech/DIGITAL/DIGI 2/Victory Vision Analytics/pythonProject/.venv/lib/python3.12/site-packages/sklearn/metrics/_regression.py:492: FutureWarning: 'squared' is deprecated in version 1.4 and will be removed in 1.6. To calculate the root mean squared error, use the function'root_mean_squared_error'.
  warnings.warn(
/Users/antoinelopez/Epitech/DIGITAL/DIGI 2/Victory Vision Analytics/pythonProject/.venv/lib/python3.12/site-packages/sklearn/metrics/_regression.py:675: FutureWarning: 'squared' is deprecated in version 1.4 and will be removed in 1.6. To calculate the root mean squared logarithmic error, use the function'root_mean_squared_log_error'.
  warnings.warn(
INFO     | 2024-09-20 15:23:03 | __main__:optimize:122 - Metrics: {'r2': 0.9460267424583435, 'mse': 1.6784860342948715, 'mae': 0.9318649653085442, 'rmse': 1.2955639830957295, 'rmsle': 0.14167951398698586, 'loss': 1.2955639830957295}
[I 2024-09-20 15:23:03,779] Trial 156 finished with value: 1.2955639830957295 and parameters: {'learning_rate': 0.10720451816709348, 'reg_lambda': 5.479944929768254e-06, 'reg_alpha': 0.05983457284628835, 'subsample': 0.8172330123102266, 'colsample_bytree': 0.6005492340414605, 'max_depth': 4, 'early_stopping_rounds': 159, 'n_estimators': 7000}. Best is trial 130 with value: 1.2046515087531384.
/Users/antoinelopez/Epitech/DIGITAL/DIGI 2/Victory Vision Analytics/pythonProject/.venv/lib/python3.12/site-packages/sklearn/metrics/_regression.py:492: FutureWarning: 'squared' is deprecated in version 1.4 and will be removed in 1.6. To calculate the root mean squared error, use the function'root_mean_squared_error'.
  warnings.warn(
/Users/antoinelopez/Epitech/DIGITAL/DIGI 2/Victory Vision Analytics/pythonProject/.venv/lib/python3.12/site-packages/sklearn/metrics/_regression.py:675: FutureWarning: 'squared' is deprecated in version 1.4 and will be removed in 1.6. To calculate the root mean squared logarithmic error, use the function'root_mean_squared_log_error'.
  warnings.warn(
INFO     | 2024-09-20 15:23:04 | __main__:optimize:122 - Metrics: {'r2': 0.9511122107505798, 'mse': 1.5203351901596605, 'mae': 0.8092135913150255, 'rmse': 1.233018730660512, 'rmsle': 0.11628927981944517, 'loss': 1.233018730660512}
[I 2024-09-20 15:23:04,106] Trial 157 finished with value: 1.233018730660512 and parameters: {'learning_rate': 0.08246677299997694, 'reg_lambda': 9.864364215084515e-06, 'reg_alpha': 0.014426542265583528, 'subsample': 0.8768077766592917, 'colsample_bytree': 0.6865265172367638, 'max_depth': 4, 'early_stopping_rounds': 471, 'n_estimators': 7000}. Best is trial 130 with value: 1.2046515087531384.
/Users/antoinelopez/Epitech/DIGITAL/DIGI 2/Victory Vision Analytics/pythonProject/.venv/lib/python3.12/site-packages/sklearn/metrics/_regression.py:492: FutureWarning: 'squared' is deprecated in version 1.4 and will be removed in 1.6. To calculate the root mean squared error, use the function'root_mean_squared_error'.
  warnings.warn(
/Users/antoinelopez/Epitech/DIGITAL/DIGI 2/Victory Vision Analytics/pythonProject/.venv/lib/python3.12/site-packages/sklearn/metrics/_regression.py:675: FutureWarning: 'squared' is deprecated in version 1.4 and will be removed in 1.6. To calculate the root mean squared logarithmic error, use the function'root_mean_squared_log_error'.
  warnings.warn(
INFO     | 2024-09-20 15:23:04 | __main__:optimize:122 - Metrics: {'r2': 0.9480413794517517, 'mse': 1.6158333994465524, 'mae': 0.9268730466102445, 'rmse': 1.2711543570497457, 'rmsle': 0.143415823783913, 'loss': 1.2711543570497457}
[I 2024-09-20 15:23:04,439] Trial 158 finished with value: 1.2711543570497457 and parameters: {'learning_rate': 0.09203142281777314, 'reg_lambda': 2.02747838309944e-05, 'reg_alpha': 0.07380390760235436, 'subsample': 0.8888505265551435, 'colsample_bytree': 0.6294102094057245, 'max_depth': 4, 'early_stopping_rounds': 446, 'n_estimators': 7000}. Best is trial 130 with value: 1.2046515087531384.
/Users/antoinelopez/Epitech/DIGITAL/DIGI 2/Victory Vision Analytics/pythonProject/.venv/lib/python3.12/site-packages/sklearn/metrics/_regression.py:492: FutureWarning: 'squared' is deprecated in version 1.4 and will be removed in 1.6. To calculate the root mean squared error, use the function'root_mean_squared_error'.
  warnings.warn(
/Users/antoinelopez/Epitech/DIGITAL/DIGI 2/Victory Vision Analytics/pythonProject/.venv/lib/python3.12/site-packages/sklearn/metrics/_regression.py:675: FutureWarning: 'squared' is deprecated in version 1.4 and will be removed in 1.6. To calculate the root mean squared logarithmic error, use the function'root_mean_squared_log_error'.
  warnings.warn(
INFO     | 2024-09-20 15:23:04 | __main__:optimize:122 - Metrics: {'r2': 0.9508579969406128, 'mse': 1.5282415524790858, 'mae': 0.8358339796232622, 'rmse': 1.2362206730511691, 'rmsle': 0.11649327241210537, 'loss': 1.2362206730511691}
[I 2024-09-20 15:23:04,759] Trial 159 finished with value: 1.2362206730511691 and parameters: {'learning_rate': 0.11697716992637343, 'reg_lambda': 5.772579361683942e-06, 'reg_alpha': 0.0351649903874952, 'subsample': 0.8414313174883908, 'colsample_bytree': 0.6545790919373622, 'max_depth': 4, 'early_stopping_rounds': 432, 'n_estimators': 7000}. Best is trial 130 with value: 1.2046515087531384.
/Users/antoinelopez/Epitech/DIGITAL/DIGI 2/Victory Vision Analytics/pythonProject/.venv/lib/python3.12/site-packages/sklearn/metrics/_regression.py:492: FutureWarning: 'squared' is deprecated in version 1.4 and will be removed in 1.6. To calculate the root mean squared error, use the function'root_mean_squared_error'.
  warnings.warn(
/Users/antoinelopez/Epitech/DIGITAL/DIGI 2/Victory Vision Analytics/pythonProject/.venv/lib/python3.12/site-packages/sklearn/metrics/_regression.py:675: FutureWarning: 'squared' is deprecated in version 1.4 and will be removed in 1.6. To calculate the root mean squared logarithmic error, use the function'root_mean_squared_log_error'.
  warnings.warn(
INFO     | 2024-09-20 15:23:05 | __main__:optimize:122 - Metrics: {'r2': 0.9509775042533875, 'mse': 1.5245257578762472, 'mae': 0.808680675750555, 'rmse': 1.2347168735690977, 'rmsle': 0.11213792492890004, 'loss': 1.2347168735690977}
[I 2024-09-20 15:23:05,048] Trial 160 finished with value: 1.2347168735690977 and parameters: {'learning_rate': 0.10135533618149474, 'reg_lambda': 0.00031945188717042995, 'reg_alpha': 0.11459640615548199, 'subsample': 0.9410650921826806, 'colsample_bytree': 0.7075451567936566, 'max_depth': 4, 'early_stopping_rounds': 442, 'n_estimators': 7000}. Best is trial 130 with value: 1.2046515087531384.
INFO:     127.0.0.1:52101 - "GET /ui/is_model_training HTTP/1.1" 200 OK
INFO:     127.0.0.1:52100 - "GET /ui/accelerators HTTP/1.1" 200 OK
/Users/antoinelopez/Epitech/DIGITAL/DIGI 2/Victory Vision Analytics/pythonProject/.venv/lib/python3.12/site-packages/sklearn/metrics/_regression.py:492: FutureWarning: 'squared' is deprecated in version 1.4 and will be removed in 1.6. To calculate the root mean squared error, use the function'root_mean_squared_error'.
  warnings.warn(
/Users/antoinelopez/Epitech/DIGITAL/DIGI 2/Victory Vision Analytics/pythonProject/.venv/lib/python3.12/site-packages/sklearn/metrics/_regression.py:675: FutureWarning: 'squared' is deprecated in version 1.4 and will be removed in 1.6. To calculate the root mean squared logarithmic error, use the function'root_mean_squared_log_error'.
  warnings.warn(
INFO     | 2024-09-20 15:23:05 | __main__:optimize:122 - Metrics: {'r2': 0.9501818418502808, 'mse': 1.5492688266071133, 'mae': 0.8280420870975006, 'rmse': 1.2446962788596716, 'rmsle': 0.11609162977530685, 'loss': 1.2446962788596716}
[I 2024-09-20 15:23:05,334] Trial 161 finished with value: 1.2446962788596716 and parameters: {'learning_rate': 0.12399944242809813, 'reg_lambda': 3.3739614482354702e-06, 'reg_alpha': 0.5297499180236273, 'subsample': 0.900206638592676, 'colsample_bytree': 0.6663637422636038, 'max_depth': 3, 'early_stopping_rounds': 428, 'n_estimators': 7000}. Best is trial 130 with value: 1.2046515087531384.
/Users/antoinelopez/Epitech/DIGITAL/DIGI 2/Victory Vision Analytics/pythonProject/.venv/lib/python3.12/site-packages/sklearn/metrics/_regression.py:492: FutureWarning: 'squared' is deprecated in version 1.4 and will be removed in 1.6. To calculate the root mean squared error, use the function'root_mean_squared_error'.
  warnings.warn(
/Users/antoinelopez/Epitech/DIGITAL/DIGI 2/Victory Vision Analytics/pythonProject/.venv/lib/python3.12/site-packages/sklearn/metrics/_regression.py:675: FutureWarning: 'squared' is deprecated in version 1.4 and will be removed in 1.6. To calculate the root mean squared logarithmic error, use the function'root_mean_squared_log_error'.
  warnings.warn(
INFO     | 2024-09-20 15:23:05 | __main__:optimize:122 - Metrics: {'r2': 0.9497938752174377, 'mse': 1.561333681037027, 'mae': 0.8275340725516164, 'rmse': 1.249533385323108, 'rmsle': 0.11900812286502513, 'loss': 1.249533385323108}
[I 2024-09-20 15:23:05,723] Trial 162 finished with value: 1.249533385323108 and parameters: {'learning_rate': 0.11041131042587533, 'reg_lambda': 1.8153963374905688e-06, 'reg_alpha': 0.1520517612471909, 'subsample': 0.917652962444775, 'colsample_bytree': 0.6425436928114029, 'max_depth': 4, 'early_stopping_rounds': 436, 'n_estimators': 7000}. Best is trial 130 with value: 1.2046515087531384.
/Users/antoinelopez/Epitech/DIGITAL/DIGI 2/Victory Vision Analytics/pythonProject/.venv/lib/python3.12/site-packages/sklearn/metrics/_regression.py:492: FutureWarning: 'squared' is deprecated in version 1.4 and will be removed in 1.6. To calculate the root mean squared error, use the function'root_mean_squared_error'.
  warnings.warn(
/Users/antoinelopez/Epitech/DIGITAL/DIGI 2/Victory Vision Analytics/pythonProject/.venv/lib/python3.12/site-packages/sklearn/metrics/_regression.py:675: FutureWarning: 'squared' is deprecated in version 1.4 and will be removed in 1.6. To calculate the root mean squared logarithmic error, use the function'root_mean_squared_log_error'.
  warnings.warn(
INFO     | 2024-09-20 15:23:05 | __main__:optimize:122 - Metrics: {'r2': 0.9497371912002563, 'mse': 1.5630976247628559, 'mae': 0.8233363667199778, 'rmse': 1.2502390270515698, 'rmsle': 0.10633207806733157, 'loss': 1.2502390270515698}
[I 2024-09-20 15:23:05,950] Trial 163 finished with value: 1.2502390270515698 and parameters: {'learning_rate': 0.1308623661244911, 'reg_lambda': 8.861117560658419e-05, 'reg_alpha': 0.20508868553058068, 'subsample': 0.8668168163811106, 'colsample_bytree': 0.6888302634136348, 'max_depth': 3, 'early_stopping_rounds': 419, 'n_estimators': 7000}. Best is trial 130 with value: 1.2046515087531384.
/Users/antoinelopez/Epitech/DIGITAL/DIGI 2/Victory Vision Analytics/pythonProject/.venv/lib/python3.12/site-packages/sklearn/metrics/_regression.py:492: FutureWarning: 'squared' is deprecated in version 1.4 and will be removed in 1.6. To calculate the root mean squared error, use the function'root_mean_squared_error'.
  warnings.warn(
/Users/antoinelopez/Epitech/DIGITAL/DIGI 2/Victory Vision Analytics/pythonProject/.venv/lib/python3.12/site-packages/sklearn/metrics/_regression.py:675: FutureWarning: 'squared' is deprecated in version 1.4 and will be removed in 1.6. To calculate the root mean squared logarithmic error, use the function'root_mean_squared_log_error'.
  warnings.warn(
INFO     | 2024-09-20 15:23:06 | __main__:optimize:122 - Metrics: {'r2': 0.946089506149292, 'mse': 1.6765333905909572, 'mae': 0.8598676377950712, 'rmse': 1.294810175504872, 'rmsle': 0.1203668032575394, 'loss': 1.294810175504872}
[I 2024-09-20 15:23:06,341] Trial 164 finished with value: 1.294810175504872 and parameters: {'learning_rate': 0.11380322359114715, 'reg_lambda': 4.098288440650492e-06, 'reg_alpha': 0.03782481248372901, 'subsample': 0.8962840777061498, 'colsample_bytree': 0.6622383933352375, 'max_depth': 5, 'early_stopping_rounds': 426, 'n_estimators': 7000}. Best is trial 130 with value: 1.2046515087531384.
/Users/antoinelopez/Epitech/DIGITAL/DIGI 2/Victory Vision Analytics/pythonProject/.venv/lib/python3.12/site-packages/sklearn/metrics/_regression.py:492: FutureWarning: 'squared' is deprecated in version 1.4 and will be removed in 1.6. To calculate the root mean squared error, use the function'root_mean_squared_error'.
  warnings.warn(
/Users/antoinelopez/Epitech/DIGITAL/DIGI 2/Victory Vision Analytics/pythonProject/.venv/lib/python3.12/site-packages/sklearn/metrics/_regression.py:675: FutureWarning: 'squared' is deprecated in version 1.4 and will be removed in 1.6. To calculate the root mean squared logarithmic error, use the function'root_mean_squared_log_error'.
  warnings.warn(
INFO     | 2024-09-20 15:23:06 | __main__:optimize:122 - Metrics: {'r2': 0.9471921920776367, 'mse': 1.6422430303717652, 'mae': 0.8901950460880301, 'rmse': 1.2815003044758768, 'rmsle': 0.13067543533964537, 'loss': 1.2815003044758768}
[I 2024-09-20 15:23:06,639] Trial 165 finished with value: 1.2815003044758768 and parameters: {'learning_rate': 0.0978341690004122, 'reg_lambda': 1.501429540617626e-06, 'reg_alpha': 0.3441084673379001, 'subsample': 0.9284694494039115, 'colsample_bytree': 0.7309201208551314, 'max_depth': 3, 'early_stopping_rounds': 457, 'n_estimators': 7000}. Best is trial 130 with value: 1.2046515087531384.
/Users/antoinelopez/Epitech/DIGITAL/DIGI 2/Victory Vision Analytics/pythonProject/.venv/lib/python3.12/site-packages/sklearn/metrics/_regression.py:492: FutureWarning: 'squared' is deprecated in version 1.4 and will be removed in 1.6. To calculate the root mean squared error, use the function'root_mean_squared_error'.
  warnings.warn(
/Users/antoinelopez/Epitech/DIGITAL/DIGI 2/Victory Vision Analytics/pythonProject/.venv/lib/python3.12/site-packages/sklearn/metrics/_regression.py:675: FutureWarning: 'squared' is deprecated in version 1.4 and will be removed in 1.6. To calculate the root mean squared logarithmic error, use the function'root_mean_squared_log_error'.
  warnings.warn(
INFO     | 2024-09-20 15:23:06 | __main__:optimize:122 - Metrics: {'r2': 0.946814239025116, 'mse': 1.6539964234715796, 'mae': 0.8596491671578829, 'rmse': 1.2860779227836778, 'rmsle': 0.1225830825467039, 'loss': 1.2860779227836778}
