[I 2024-09-20 15:22:05,005] Trial 6 finished with value: 1.3937060511551331 and parameters: {'learning_rate': 0.12836912727835506, 'reg_lambda': 0.7452360046804811, 'reg_alpha': 0.061411563813909824, 'subsample': 0.35125961020049123, 'colsample_bytree': 0.872707375907033, 'max_depth': 1, 'early_stopping_rounds': 438, 'n_estimators': 15000}. Best is trial 6 with value: 1.3937060511551331.
/Users/antoinelopez/Epitech/DIGITAL/DIGI 2/Victory Vision Analytics/pythonProject/.venv/lib/python3.12/site-packages/sklearn/metrics/_regression.py:492: FutureWarning: 'squared' is deprecated in version 1.4 and will be removed in 1.6. To calculate the root mean squared error, use the function'root_mean_squared_error'.
  warnings.warn(
/Users/antoinelopez/Epitech/DIGITAL/DIGI 2/Victory Vision Analytics/pythonProject/.venv/lib/python3.12/site-packages/sklearn/metrics/_regression.py:675: FutureWarning: 'squared' is deprecated in version 1.4 and will be removed in 1.6. To calculate the root mean squared logarithmic error, use the function'root_mean_squared_log_error'.
  warnings.warn(
INFO     | 2024-09-20 15:22:05 | __main__:optimize:122 - Metrics: {'r2': 0.8053637742996216, 'mse': 6.0528898899090295, 'mae': 2.0714688506237295, 'rmse': 2.4602621587767897, 'rmsle': 0.4005923275500761, 'loss': 2.4602621587767897}
[I 2024-09-20 15:22:05,889] Trial 7 finished with value: 2.4602621587767897 and parameters: {'learning_rate': 0.07115120837214517, 'reg_lambda': 0.4788063467591238, 'reg_alpha': 4.750245690148444e-06, 'subsample': 0.4012056950466105, 'colsample_bytree': 0.2582808333014607, 'max_depth': 8, 'early_stopping_rounds': 118, 'n_estimators': 15000}. Best is trial 6 with value: 1.3937060511551331.
/Users/antoinelopez/Epitech/DIGITAL/DIGI 2/Victory Vision Analytics/pythonProject/.venv/lib/python3.12/site-packages/sklearn/metrics/_regression.py:492: FutureWarning: 'squared' is deprecated in version 1.4 and will be removed in 1.6. To calculate the root mean squared error, use the function'root_mean_squared_error'.
  warnings.warn(
/Users/antoinelopez/Epitech/DIGITAL/DIGI 2/Victory Vision Analytics/pythonProject/.venv/lib/python3.12/site-packages/sklearn/metrics/_regression.py:675: FutureWarning: 'squared' is deprecated in version 1.4 and will be removed in 1.6. To calculate the root mean squared logarithmic error, use the function'root_mean_squared_log_error'.
  warnings.warn(
INFO     | 2024-09-20 15:22:07 | __main__:optimize:122 - Metrics: {'r2': 0.9252747893333435, 'mse': 2.323840319838669, 'mae': 1.2213283332281335, 'rmse': 1.5244147466613767, 'rmsle': 0.23724949939625248, 'loss': 1.5244147466613767}
[I 2024-09-20 15:22:07,650] Trial 8 finished with value: 1.5244147466613767 and parameters: {'learning_rate': 0.0534527808663175, 'reg_lambda': 0.004927674634732891, 'reg_alpha': 2.600364778433849, 'subsample': 0.7839821347583219, 'colsample_bytree': 0.36080265657952215, 'max_depth': 4, 'early_stopping_rounds': 181, 'n_estimators': 15000}. Best is trial 6 with value: 1.3937060511551331.
/Users/antoinelopez/Epitech/DIGITAL/DIGI 2/Victory Vision Analytics/pythonProject/.venv/lib/python3.12/site-packages/sklearn/metrics/_regression.py:492: FutureWarning: 'squared' is deprecated in version 1.4 and will be removed in 1.6. To calculate the root mean squared error, use the function'root_mean_squared_error'.
  warnings.warn(
/Users/antoinelopez/Epitech/DIGITAL/DIGI 2/Victory Vision Analytics/pythonProject/.venv/lib/python3.12/site-packages/sklearn/metrics/_regression.py:675: FutureWarning: 'squared' is deprecated in version 1.4 and will be removed in 1.6. To calculate the root mean squared logarithmic error, use the function'root_mean_squared_log_error'.
  warnings.warn(
INFO     | 2024-09-20 15:22:07 | __main__:optimize:122 - Metrics: {'r2': 0.93020099401474, 'mse': 2.170642712454471, 'mae': 1.1385474094124728, 'rmse': 1.4733101209366855, 'rmsle': 0.20427716730312306, 'loss': 1.4733101209366855}
[I 2024-09-20 15:22:07,945] Trial 9 finished with value: 1.4733101209366855 and parameters: {'learning_rate': 0.04091663861392523, 'reg_lambda': 0.0005706700558216288, 'reg_alpha': 2.0761980492123353, 'subsample': 0.3399005765005093, 'colsample_bytree': 0.798830295398805, 'max_depth': 2, 'early_stopping_rounds': 347, 'n_estimators': 15000}. Best is trial 6 with value: 1.3937060511551331.
/Users/antoinelopez/Epitech/DIGITAL/DIGI 2/Victory Vision Analytics/pythonProject/.venv/lib/python3.12/site-packages/sklearn/metrics/_regression.py:492: FutureWarning: 'squared' is deprecated in version 1.4 and will be removed in 1.6. To calculate the root mean squared error, use the function'root_mean_squared_error'.
  warnings.warn(
/Users/antoinelopez/Epitech/DIGITAL/DIGI 2/Victory Vision Analytics/pythonProject/.venv/lib/python3.12/site-packages/sklearn/metrics/_regression.py:675: FutureWarning: 'squared' is deprecated in version 1.4 and will be removed in 1.6. To calculate the root mean squared logarithmic error, use the function'root_mean_squared_log_error'.
  warnings.warn(
INFO     | 2024-09-20 15:22:08 | __main__:optimize:122 - Metrics: {'r2': 0.8703010082244873, 'mse': 4.033440624265965, 'mae': 1.668232816319133, 'rmse': 2.0083427556734343, 'rmsle': 0.29656588967199815, 'loss': 2.0083427556734343}
[I 2024-09-20 15:22:08,093] Trial 10 finished with value: 2.0083427556734343 and parameters: {'learning_rate': 0.20320970859354381, 'reg_lambda': 1.7018811525682725e-07, 'reg_alpha': 46.775035716810805, 'subsample': 0.25485782384153605, 'colsample_bytree': 0.9828068334061707, 'max_depth': 1, 'early_stopping_rounds': 295, 'n_estimators': 15000}. Best is trial 6 with value: 1.3937060511551331.
/Users/antoinelopez/Epitech/DIGITAL/DIGI 2/Victory Vision Analytics/pythonProject/.venv/lib/python3.12/site-packages/sklearn/metrics/_regression.py:492: FutureWarning: 'squared' is deprecated in version 1.4 and will be removed in 1.6. To calculate the root mean squared error, use the function'root_mean_squared_error'.
  warnings.warn(
/Users/antoinelopez/Epitech/DIGITAL/DIGI 2/Victory Vision Analytics/pythonProject/.venv/lib/python3.12/site-packages/sklearn/metrics/_regression.py:675: FutureWarning: 'squared' is deprecated in version 1.4 and will be removed in 1.6. To calculate the root mean squared logarithmic error, use the function'root_mean_squared_log_error'.
  warnings.warn(
INFO     | 2024-09-20 15:22:08 | __main__:optimize:122 - Metrics: {'r2': 0.9387296438217163, 'mse': 1.9054141276538754, 'mae': 0.9929897244586501, 'rmse': 1.380367388651976, 'rmsle': 0.16135129356073571, 'loss': 1.380367388651976}
[I 2024-09-20 15:22:08,263] Trial 11 finished with value: 1.380367388651976 and parameters: {'learning_rate': 0.13264971709467385, 'reg_lambda': 1.2551702456453422e-08, 'reg_alpha': 8.112435171672454e-05, 'subsample': 0.12540778675956243, 'colsample_bytree': 0.7398555888043284, 'max_depth': 1, 'early_stopping_rounds': 246, 'n_estimators': 20000}. Best is trial 11 with value: 1.380367388651976.
/Users/antoinelopez/Epitech/DIGITAL/DIGI 2/Victory Vision Analytics/pythonProject/.venv/lib/python3.12/site-packages/sklearn/metrics/_regression.py:492: FutureWarning: 'squared' is deprecated in version 1.4 and will be removed in 1.6. To calculate the root mean squared error, use the function'root_mean_squared_error'.
  warnings.warn(
/Users/antoinelopez/Epitech/DIGITAL/DIGI 2/Victory Vision Analytics/pythonProject/.venv/lib/python3.12/site-packages/sklearn/metrics/_regression.py:675: FutureWarning: 'squared' is deprecated in version 1.4 and will be removed in 1.6. To calculate the root mean squared logarithmic error, use the function'root_mean_squared_log_error'.
  warnings.warn(
INFO     | 2024-09-20 15:22:08 | __main__:optimize:122 - Metrics: {'r2': 0.9306855797767639, 'mse': 2.1555727319367617, 'mae': 1.095560837346454, 'rmse': 1.468186885902732, 'rmsle': 0.177394814381381, 'loss': 1.468186885902732}
[I 2024-09-20 15:22:08,471] Trial 12 finished with value: 1.468186885902732 and parameters: {'learning_rate': 0.1508918881434776, 'reg_lambda': 1.3631326338663353e-08, 'reg_alpha': 0.00023431827374251316, 'subsample': 0.14849028385712654, 'colsample_bytree': 0.7477399636018386, 'max_depth': 1, 'early_stopping_rounds': 222, 'n_estimators': 20000}. Best is trial 11 with value: 1.380367388651976.
/Users/antoinelopez/Epitech/DIGITAL/DIGI 2/Victory Vision Analytics/pythonProject/.venv/lib/python3.12/site-packages/sklearn/metrics/_regression.py:492: FutureWarning: 'squared' is deprecated in version 1.4 and will be removed in 1.6. To calculate the root mean squared error, use the function'root_mean_squared_error'.
  warnings.warn(
/Users/antoinelopez/Epitech/DIGITAL/DIGI 2/Victory Vision Analytics/pythonProject/.venv/lib/python3.12/site-packages/sklearn/metrics/_regression.py:675: FutureWarning: 'squared' is deprecated in version 1.4 and will be removed in 1.6. To calculate the root mean squared logarithmic error, use the function'root_mean_squared_log_error'.
  warnings.warn(
INFO     | 2024-09-20 15:22:08 | __main__:optimize:122 - Metrics: {'r2': 0.905402421951294, 'mse': 2.941841328991921, 'mae': 1.3294099025948103, 'rmse': 1.7151796783404125, 'rmsle': 0.22795270105469628, 'loss': 1.7151796783404125}
[I 2024-09-20 15:22:08,770] Trial 13 finished with value: 1.7151796783404125 and parameters: {'learning_rate': 0.0988342437579532, 'reg_lambda': 82.72370239956652, 'reg_alpha': 0.00023226011161820698, 'subsample': 0.10528495606233895, 'colsample_bytree': 0.9399773248966704, 'max_depth': 3, 'early_stopping_rounds': 355, 'n_estimators': 20000}. Best is trial 11 with value: 1.380367388651976.
/Users/antoinelopez/Epitech/DIGITAL/DIGI 2/Victory Vision Analytics/pythonProject/.venv/lib/python3.12/site-packages/sklearn/metrics/_regression.py:492: FutureWarning: 'squared' is deprecated in version 1.4 and will be removed in 1.6. To calculate the root mean squared error, use the function'root_mean_squared_error'.
  warnings.warn(
/Users/antoinelopez/Epitech/DIGITAL/DIGI 2/Victory Vision Analytics/pythonProject/.venv/lib/python3.12/site-packages/sklearn/metrics/_regression.py:675: FutureWarning: 'squared' is deprecated in version 1.4 and will be removed in 1.6. To calculate the root mean squared logarithmic error, use the function'root_mean_squared_log_error'.
  warnings.warn(
INFO     | 2024-09-20 15:22:09 | __main__:optimize:122 - Metrics: {'r2': 0.9199459552764893, 'mse': 2.4895591212474644, 'mae': 1.1792254049764124, 'rmse': 1.577833679843178, 'rmsle': 0.17017344401401624, 'loss': 1.577833679843178}
[I 2024-09-20 15:22:09,594] Trial 14 finished with value: 1.577833679843178 and parameters: {'learning_rate': 0.11749878787039042, 'reg_lambda': 0.010878201474763403, 'reg_alpha': 0.020522269241479773, 'subsample': 0.21434015646825927, 'colsample_bytree': 0.8228414584222109, 'max_depth': 9, 'early_stopping_rounds': 490, 'n_estimators': 7000}. Best is trial 11 with value: 1.380367388651976.
/Users/antoinelopez/Epitech/DIGITAL/DIGI 2/Victory Vision Analytics/pythonProject/.venv/lib/python3.12/site-packages/sklearn/metrics/_regression.py:492: FutureWarning: 'squared' is deprecated in version 1.4 and will be removed in 1.6. To calculate the root mean squared error, use the function'root_mean_squared_error'.
  warnings.warn(
/Users/antoinelopez/Epitech/DIGITAL/DIGI 2/Victory Vision Analytics/pythonProject/.venv/lib/python3.12/site-packages/sklearn/metrics/_regression.py:675: FutureWarning: 'squared' is deprecated in version 1.4 and will be removed in 1.6. To calculate the root mean squared logarithmic error, use the function'root_mean_squared_log_error'.
  warnings.warn(
INFO     | 2024-09-20 15:22:09 | __main__:optimize:122 - Metrics: {'r2': 0.9423384070396423, 'mse': 1.793188071789861, 'mae': 0.9235964305179064, 'rmse': 1.339099724363298, 'rmsle': 0.1253393888569537, 'loss': 1.339099724363298}
[I 2024-09-20 15:22:09,740] Trial 15 finished with value: 1.339099724363298 and parameters: {'learning_rate': 0.24434410029045697, 'reg_lambda': 7.227610017630466e-07, 'reg_alpha': 4.149487587870398e-05, 'subsample': 0.48650380616019034, 'colsample_bytree': 0.6425906337109037, 'max_depth': 1, 'early_stopping_rounds': 300, 'n_estimators': 15000}. Best is trial 15 with value: 1.339099724363298.
/Users/antoinelopez/Epitech/DIGITAL/DIGI 2/Victory Vision Analytics/pythonProject/.venv/lib/python3.12/site-packages/sklearn/metrics/_regression.py:492: FutureWarning: 'squared' is deprecated in version 1.4 and will be removed in 1.6. To calculate the root mean squared error, use the function'root_mean_squared_error'.
  warnings.warn(
/Users/antoinelopez/Epitech/DIGITAL/DIGI 2/Victory Vision Analytics/pythonProject/.venv/lib/python3.12/site-packages/sklearn/metrics/_regression.py:675: FutureWarning: 'squared' is deprecated in version 1.4 and will be removed in 1.6. To calculate the root mean squared logarithmic error, use the function'root_mean_squared_log_error'.
  warnings.warn(
INFO     | 2024-09-20 15:22:09 | __main__:optimize:122 - Metrics: {'r2': 0.946282148361206, 'mse': 1.6705435092301717, 'mae': 0.8971330212992291, 'rmse': 1.2924950712595278, 'rmsle': 0.11901878919304149, 'loss': 1.2924950712595278}
[I 2024-09-20 15:22:09,891] Trial 16 finished with value: 1.2924950712595278 and parameters: {'learning_rate': 0.22236883709732227, 'reg_lambda': 3.602177900696271e-07, 'reg_alpha': 1.8120024074559447e-05, 'subsample': 0.6957583899956821, 'colsample_bytree': 0.6598527689075755, 'max_depth': 3, 'early_stopping_rounds': 283, 'n_estimators': 20000}. Best is trial 16 with value: 1.2924950712595278.
/Users/antoinelopez/Epitech/DIGITAL/DIGI 2/Victory Vision Analytics/pythonProject/.venv/lib/python3.12/site-packages/sklearn/metrics/_regression.py:492: FutureWarning: 'squared' is deprecated in version 1.4 and will be removed in 1.6. To calculate the root mean squared error, use the function'root_mean_squared_error'.
  warnings.warn(
/Users/antoinelopez/Epitech/DIGITAL/DIGI 2/Victory Vision Analytics/pythonProject/.venv/lib/python3.12/site-packages/sklearn/metrics/_regression.py:675: FutureWarning: 'squared' is deprecated in version 1.4 and will be removed in 1.6. To calculate the root mean squared logarithmic error, use the function'root_mean_squared_log_error'.
  warnings.warn(
INFO     | 2024-09-20 15:22:10 | __main__:optimize:122 - Metrics: {'r2': 0.9464045763015747, 'mse': 1.6667351717061392, 'mae': 0.9105376482009888, 'rmse': 1.2910209803508768, 'rmsle': 0.1165663184484657, 'loss': 1.2910209803508768}
[I 2024-09-20 15:22:10,092] Trial 17 finished with value: 1.2910209803508768 and parameters: {'learning_rate': 0.2175240439600683, 'reg_lambda': 8.340778041049746e-07, 'reg_alpha': 1.5970104529061636e-05, 'subsample': 0.6856568332045629, 'colsample_bytree': 0.6457812005602358, 'max_depth': 3, 'early_stopping_rounds': 320, 'n_estimators': 15000}. Best is trial 17 with value: 1.2910209803508768.
INFO:     127.0.0.1:52067 - "GET /ui/is_model_training HTTP/1.1" 200 OK
/Users/antoinelopez/Epitech/DIGITAL/DIGI 2/Victory Vision Analytics/pythonProject/.venv/lib/python3.12/site-packages/sklearn/metrics/_regression.py:492: FutureWarning: 'squared' is deprecated in version 1.4 and will be removed in 1.6. To calculate the root mean squared error, use the function'root_mean_squared_error'.
  warnings.warn(
/Users/antoinelopez/Epitech/DIGITAL/DIGI 2/Victory Vision Analytics/pythonProject/.venv/lib/python3.12/site-packages/sklearn/metrics/_regression.py:675: FutureWarning: 'squared' is deprecated in version 1.4 and will be removed in 1.6. To calculate the root mean squared logarithmic error, use the function'root_mean_squared_log_error'.
  warnings.warn(
INFO     | 2024-09-20 15:22:10 | __main__:optimize:122 - Metrics: {'r2': 0.9478120803833008, 'mse': 1.6229652769517349, 'mae': 0.8520298690296882, 'rmse': 1.2739565443733687, 'rmsle': 0.11599028318977968, 'loss': 1.2739565443733687}
[I 2024-09-20 15:22:10,310] Trial 18 finished with value: 1.2739565443733687 and parameters: {'learning_rate': 0.18735846826761637, 'reg_lambda': 5.727338656376666e-07, 'reg_alpha': 1.5213211275950268e-08, 'subsample': 0.9934059368841287, 'colsample_bytree': 0.6508667246256988, 'max_depth': 4, 'early_stopping_rounds': 357, 'n_estimators': 20000}. Best is trial 18 with value: 1.2739565443733687.
/Users/antoinelopez/Epitech/DIGITAL/DIGI 2/Victory Vision Analytics/pythonProject/.venv/lib/python3.12/site-packages/sklearn/metrics/_regression.py:492: FutureWarning: 'squared' is deprecated in version 1.4 and will be removed in 1.6. To calculate the root mean squared error, use the function'root_mean_squared_error'.
  warnings.warn(
/Users/antoinelopez/Epitech/DIGITAL/DIGI 2/Victory Vision Analytics/pythonProject/.venv/lib/python3.12/site-packages/sklearn/metrics/_regression.py:675: FutureWarning: 'squared' is deprecated in version 1.4 and will be removed in 1.6. To calculate the root mean squared logarithmic error, use the function'root_mean_squared_log_error'.
  warnings.warn(
INFO     | 2024-09-20 15:22:10 | __main__:optimize:122 - Metrics: {'r2': 0.9199397563934326, 'mse': 2.4897527629656593, 'mae': 1.2683478463527769, 'rmse': 1.577895041809074, 'rmsle': 0.19533200198967415, 'loss': 1.577895041809074}
[I 2024-09-20 15:22:10,994] Trial 19 finished with value: 1.577895041809074 and parameters: {'learning_rate': 0.01905220438448675, 'reg_lambda': 2.9079314968168884e-06, 'reg_alpha': 1.1806822088406062e-08, 'subsample': 0.9937570952891381, 'colsample_bytree': 0.5561879555148977, 'max_depth': 4, 'early_stopping_rounds': 355, 'n_estimators': 7000}. Best is trial 18 with value: 1.2739565443733687.
/Users/antoinelopez/Epitech/DIGITAL/DIGI 2/Victory Vision Analytics/pythonProject/.venv/lib/python3.12/site-packages/sklearn/metrics/_regression.py:492: FutureWarning: 'squared' is deprecated in version 1.4 and will be removed in 1.6. To calculate the root mean squared error, use the function'root_mean_squared_error'.
  warnings.warn(
/Users/antoinelopez/Epitech/DIGITAL/DIGI 2/Victory Vision Analytics/pythonProject/.venv/lib/python3.12/site-packages/sklearn/metrics/_regression.py:675: FutureWarning: 'squared' is deprecated in version 1.4 and will be removed in 1.6. To calculate the root mean squared logarithmic error, use the function'root_mean_squared_log_error'.
  warnings.warn(
INFO     | 2024-09-20 15:22:11 | __main__:optimize:122 - Metrics: {'r2': 0.9340828061103821, 'mse': 2.049925105118365, 'mae': 1.1041871447895848, 'rmse': 1.431755951661583, 'rmsle': 0.18562254379124485, 'loss': 1.431755951661583}
[I 2024-09-20 15:22:11,482] Trial 20 finished with value: 1.431755951661583 and parameters: {'learning_rate': 0.08090806414362699, 'reg_lambda': 0.00050479331705099, 'reg_alpha': 3.853292624108772e-08, 'subsample': 0.9618827634161783, 'colsample_bytree': 0.6291246428840774, 'max_depth': 6, 'early_stopping_rounds': 380, 'n_estimators': 20000}. Best is trial 18 with value: 1.2739565443733687.
/Users/antoinelopez/Epitech/DIGITAL/DIGI 2/Victory Vision Analytics/pythonProject/.venv/lib/python3.12/site-packages/sklearn/metrics/_regression.py:492: FutureWarning: 'squared' is deprecated in version 1.4 and will be removed in 1.6. To calculate the root mean squared error, use the function'root_mean_squared_error'.
  warnings.warn(
/Users/antoinelopez/Epitech/DIGITAL/DIGI 2/Victory Vision Analytics/pythonProject/.venv/lib/python3.12/site-packages/sklearn/metrics/_regression.py:675: FutureWarning: 'squared' is deprecated in version 1.4 and will be removed in 1.6. To calculate the root mean squared logarithmic error, use the function'root_mean_squared_log_error'.
  warnings.warn(
INFO     | 2024-09-20 15:22:11 | __main__:optimize:122 - Metrics: {'r2': 0.9464926719665527, 'mse': 1.6639975122208988, 'mae': 0.8925826804582463, 'rmse': 1.2899602754429684, 'rmsle': 0.11971857935464503, 'loss': 1.2899602754429684}
[I 2024-09-20 15:22:11,644] Trial 21 finished with value: 1.2899602754429684 and parameters: {'learning_rate': 0.18027539666770892, 'reg_lambda': 1.41673191020814e-07, 'reg_alpha': 1.142977201157302e-05, 'subsample': 0.7053083458749005, 'colsample_bytree': 0.6411200063744228, 'max_depth': 3, 'early_stopping_rounds': 306, 'n_estimators': 20000}. Best is trial 18 with value: 1.2739565443733687.
/Users/antoinelopez/Epitech/DIGITAL/DIGI 2/Victory Vision Analytics/pythonProject/.venv/lib/python3.12/site-packages/sklearn/metrics/_regression.py:492: FutureWarning: 'squared' is deprecated in version 1.4 and will be removed in 1.6. To calculate the root mean squared error, use the function'root_mean_squared_error'.
  warnings.warn(
/Users/antoinelopez/Epitech/DIGITAL/DIGI 2/Victory Vision Analytics/pythonProject/.venv/lib/python3.12/site-packages/sklearn/metrics/_regression.py:675: FutureWarning: 'squared' is deprecated in version 1.4 and will be removed in 1.6. To calculate the root mean squared logarithmic error, use the function'root_mean_squared_log_error'.
  warnings.warn(
INFO     | 2024-09-20 15:22:11 | __main__:optimize:122 - Metrics: {'r2': 0.9449430704116821, 'mse': 1.7121861697446954, 'mae': 0.9390632002852684, 'rmse': 1.308505318959268, 'rmsle': 0.15216256636381945, 'loss': 1.308505318959268}
