[I 2024-09-20 15:23:49,662] Trial 294 finished with value: 1.2237607741728866 and parameters: {'learning_rate': 0.15340096665847372, 'reg_lambda': 0.4167847497102554, 'reg_alpha': 0.00401585529601844, 'subsample': 0.8721848453784058, 'colsample_bytree': 0.7040572227245367, 'max_depth': 4, 'early_stopping_rounds': 274, 'n_estimators': 15000}. Best is trial 207 with value: 1.189099607377955.
/Users/antoinelopez/Epitech/DIGITAL/DIGI 2/Victory Vision Analytics/pythonProject/.venv/lib/python3.12/site-packages/sklearn/metrics/_regression.py:492: FutureWarning: 'squared' is deprecated in version 1.4 and will be removed in 1.6. To calculate the root mean squared error, use the function'root_mean_squared_error'.
  warnings.warn(
/Users/antoinelopez/Epitech/DIGITAL/DIGI 2/Victory Vision Analytics/pythonProject/.venv/lib/python3.12/site-packages/sklearn/metrics/_regression.py:675: FutureWarning: 'squared' is deprecated in version 1.4 and will be removed in 1.6. To calculate the root mean squared logarithmic error, use the function'root_mean_squared_log_error'.
  warnings.warn(
INFO     | 2024-09-20 15:23:49 | __main__:optimize:122 - Metrics: {'r2': 0.9460060000419617, 'mse': 1.6791322930212724, 'mae': 0.9065267000087472, 'rmse': 1.2958133712156517, 'rmsle': 0.1374342155813296, 'loss': 1.2958133712156517}
[I 2024-09-20 15:23:49,914] Trial 295 finished with value: 1.2958133712156517 and parameters: {'learning_rate': 0.17689404899278416, 'reg_lambda': 0.008095039425316612, 'reg_alpha': 3.822825212859381e-08, 'subsample': 0.8502463408501219, 'colsample_bytree': 0.7239160253573582, 'max_depth': 5, 'early_stopping_rounds': 267, 'n_estimators': 7000}. Best is trial 207 with value: 1.189099607377955.
/Users/antoinelopez/Epitech/DIGITAL/DIGI 2/Victory Vision Analytics/pythonProject/.venv/lib/python3.12/site-packages/sklearn/metrics/_regression.py:492: FutureWarning: 'squared' is deprecated in version 1.4 and will be removed in 1.6. To calculate the root mean squared error, use the function'root_mean_squared_error'.
  warnings.warn(
/Users/antoinelopez/Epitech/DIGITAL/DIGI 2/Victory Vision Analytics/pythonProject/.venv/lib/python3.12/site-packages/sklearn/metrics/_regression.py:675: FutureWarning: 'squared' is deprecated in version 1.4 and will be removed in 1.6. To calculate the root mean squared logarithmic error, use the function'root_mean_squared_log_error'.
  warnings.warn(
INFO     | 2024-09-20 15:23:50 | __main__:optimize:122 - Metrics: {'r2': 0.9521065950393677, 'mse': 1.4894115259700305, 'mae': 0.8034909086171971, 'rmse': 1.2204144894133429, 'rmsle': 0.11081219852844465, 'loss': 1.2204144894133429}
[I 2024-09-20 15:23:50,195] Trial 296 finished with value: 1.2204144894133429 and parameters: {'learning_rate': 0.09360149002888228, 'reg_lambda': 0.0033668918898789213, 'reg_alpha': 0.000994582506671495, 'subsample': 0.890897675459338, 'colsample_bytree': 0.7009267814891508, 'max_depth': 4, 'early_stopping_rounds': 255, 'n_estimators': 7000}. Best is trial 207 with value: 1.189099607377955.
/Users/antoinelopez/Epitech/DIGITAL/DIGI 2/Victory Vision Analytics/pythonProject/.venv/lib/python3.12/site-packages/sklearn/metrics/_regression.py:492: FutureWarning: 'squared' is deprecated in version 1.4 and will be removed in 1.6. To calculate the root mean squared error, use the function'root_mean_squared_error'.
  warnings.warn(
/Users/antoinelopez/Epitech/DIGITAL/DIGI 2/Victory Vision Analytics/pythonProject/.venv/lib/python3.12/site-packages/sklearn/metrics/_regression.py:675: FutureWarning: 'squared' is deprecated in version 1.4 and will be removed in 1.6. To calculate the root mean squared logarithmic error, use the function'root_mean_squared_log_error'.
  warnings.warn(
INFO     | 2024-09-20 15:23:50 | __main__:optimize:122 - Metrics: {'r2': 0.9496408104896545, 'mse': 1.5660943816522324, 'mae': 0.8600864600303562, 'rmse': 1.2514369267574903, 'rmsle': 0.1301973025279713, 'loss': 1.2514369267574903}
[I 2024-09-20 15:23:50,395] Trial 297 finished with value: 1.2514369267574903 and parameters: {'learning_rate': 0.11539175661080421, 'reg_lambda': 1.0965052712413412, 'reg_alpha': 0.11076835266111673, 'subsample': 0.8645392372988675, 'colsample_bytree': 0.464213490638696, 'max_depth': 4, 'early_stopping_rounds': 236, 'n_estimators': 7000}. Best is trial 207 with value: 1.189099607377955.
/Users/antoinelopez/Epitech/DIGITAL/DIGI 2/Victory Vision Analytics/pythonProject/.venv/lib/python3.12/site-packages/sklearn/metrics/_regression.py:492: FutureWarning: 'squared' is deprecated in version 1.4 and will be removed in 1.6. To calculate the root mean squared error, use the function'root_mean_squared_error'.
  warnings.warn(
/Users/antoinelopez/Epitech/DIGITAL/DIGI 2/Victory Vision Analytics/pythonProject/.venv/lib/python3.12/site-packages/sklearn/metrics/_regression.py:675: FutureWarning: 'squared' is deprecated in version 1.4 and will be removed in 1.6. To calculate the root mean squared logarithmic error, use the function'root_mean_squared_log_error'.
  warnings.warn(
INFO     | 2024-09-20 15:23:50 | __main__:optimize:122 - Metrics: {'r2': 0.9480540752410889, 'mse': 1.6154396775083966, 'mae': 0.8838197471097459, 'rmse': 1.2709994797435586, 'rmsle': 0.1266446094139822, 'loss': 1.2709994797435586}
[I 2024-09-20 15:23:50,659] Trial 298 finished with value: 1.2709994797435586 and parameters: {'learning_rate': 0.10206061891215204, 'reg_lambda': 0.03797185454017276, 'reg_alpha': 0.002280636361201499, 'subsample': 0.8936523998067533, 'colsample_bytree': 0.7409010035359811, 'max_depth': 4, 'early_stopping_rounds': 281, 'n_estimators': 7000}. Best is trial 207 with value: 1.189099607377955.
/Users/antoinelopez/Epitech/DIGITAL/DIGI 2/Victory Vision Analytics/pythonProject/.venv/lib/python3.12/site-packages/sklearn/metrics/_regression.py:492: FutureWarning: 'squared' is deprecated in version 1.4 and will be removed in 1.6. To calculate the root mean squared error, use the function'root_mean_squared_error'.
  warnings.warn(
/Users/antoinelopez/Epitech/DIGITAL/DIGI 2/Victory Vision Analytics/pythonProject/.venv/lib/python3.12/site-packages/sklearn/metrics/_regression.py:675: FutureWarning: 'squared' is deprecated in version 1.4 and will be removed in 1.6. To calculate the root mean squared logarithmic error, use the function'root_mean_squared_log_error'.
  warnings.warn(
INFO     | 2024-09-20 15:23:50 | __main__:optimize:122 - Metrics: {'r2': 0.9434084296226501, 'mse': 1.7599114646080012, 'mae': 0.9113052268360936, 'rmse': 1.326616547691156, 'rmsle': 0.12776459083529287, 'loss': 1.326616547691156}
[I 2024-09-20 15:23:50,946] Trial 299 finished with value: 1.326616547691156 and parameters: {'learning_rate': 0.05827896786971875, 'reg_lambda': 0.5146160201609585, 'reg_alpha': 0.00026621762766022806, 'subsample': 0.8498017418171692, 'colsample_bytree': 0.6805675488941156, 'max_depth': 4, 'early_stopping_rounds': 273, 'n_estimators': 7000}. Best is trial 207 with value: 1.189099607377955.
/Users/antoinelopez/Epitech/DIGITAL/DIGI 2/Victory Vision Analytics/pythonProject/.venv/lib/python3.12/site-packages/sklearn/metrics/_regression.py:492: FutureWarning: 'squared' is deprecated in version 1.4 and will be removed in 1.6. To calculate the root mean squared error, use the function'root_mean_squared_error'.
  warnings.warn(
/Users/antoinelopez/Epitech/DIGITAL/DIGI 2/Victory Vision Analytics/pythonProject/.venv/lib/python3.12/site-packages/sklearn/metrics/_regression.py:675: FutureWarning: 'squared' is deprecated in version 1.4 and will be removed in 1.6. To calculate the root mean squared logarithmic error, use the function'root_mean_squared_log_error'.
  warnings.warn(
INFO     | 2024-09-20 15:23:51 | __main__:optimize:122 - Metrics: {'r2': 0.9524973034858704, 'mse': 1.4772609675045123, 'mae': 0.8104674960291662, 'rmse': 1.2154262493070125, 'rmsle': 0.1143624289078259, 'loss': 1.2154262493070125}
[I 2024-09-20 15:23:51,154] Trial 300 finished with value: 1.2154262493070125 and parameters: {'learning_rate': 0.12359911826361218, 'reg_lambda': 0.015824042767499956, 'reg_alpha': 0.0005937370350192888, 'subsample': 0.8781536724618373, 'colsample_bytree': 0.7049542848877356, 'max_depth': 4, 'early_stopping_rounds': 254, 'n_estimators': 7000}. Best is trial 207 with value: 1.189099607377955.
/Users/antoinelopez/Epitech/DIGITAL/DIGI 2/Victory Vision Analytics/pythonProject/.venv/lib/python3.12/site-packages/sklearn/metrics/_regression.py:492: FutureWarning: 'squared' is deprecated in version 1.4 and will be removed in 1.6. To calculate the root mean squared error, use the function'root_mean_squared_error'.
  warnings.warn(
/Users/antoinelopez/Epitech/DIGITAL/DIGI 2/Victory Vision Analytics/pythonProject/.venv/lib/python3.12/site-packages/sklearn/metrics/_regression.py:675: FutureWarning: 'squared' is deprecated in version 1.4 and will be removed in 1.6. To calculate the root mean squared logarithmic error, use the function'root_mean_squared_log_error'.
  warnings.warn(
INFO     | 2024-09-20 15:23:51 | __main__:optimize:122 - Metrics: {'r2': 0.949405312538147, 'mse': 1.5734171543256643, 'mae': 0.8433384576509165, 'rmse': 1.2543592604695293, 'rmsle': 0.11887100468985465, 'loss': 1.2543592604695293}
[I 2024-09-20 15:23:51,402] Trial 301 finished with value: 1.2543592604695293 and parameters: {'learning_rate': 0.10914533079809012, 'reg_lambda': 0.15416372290453734, 'reg_alpha': 0.2392784611615435, 'subsample': 0.7830753631455165, 'colsample_bytree': 0.7240408647045573, 'max_depth': 4, 'early_stopping_rounds': 280, 'n_estimators': 7000}. Best is trial 207 with value: 1.189099607377955.
/Users/antoinelopez/Epitech/DIGITAL/DIGI 2/Victory Vision Analytics/pythonProject/.venv/lib/python3.12/site-packages/sklearn/metrics/_regression.py:492: FutureWarning: 'squared' is deprecated in version 1.4 and will be removed in 1.6. To calculate the root mean squared error, use the function'root_mean_squared_error'.
  warnings.warn(
/Users/antoinelopez/Epitech/DIGITAL/DIGI 2/Victory Vision Analytics/pythonProject/.venv/lib/python3.12/site-packages/sklearn/metrics/_regression.py:675: FutureWarning: 'squared' is deprecated in version 1.4 and will be removed in 1.6. To calculate the root mean squared logarithmic error, use the function'root_mean_squared_log_error'.
  warnings.warn(
INFO     | 2024-09-20 15:23:51 | __main__:optimize:122 - Metrics: {'r2': 0.9500418901443481, 'mse': 1.553622245528664, 'mae': 0.8360843589139539, 'rmse': 1.246443839701037, 'rmsle': 0.10726055170901719, 'loss': 1.246443839701037}
[I 2024-09-20 15:23:51,623] Trial 302 finished with value: 1.246443839701037 and parameters: {'learning_rate': 0.1428338019883906, 'reg_lambda': 0.28129894891763363, 'reg_alpha': 0.13471469537472525, 'subsample': 0.834966073224093, 'colsample_bytree': 0.6882061496842954, 'max_depth': 4, 'early_stopping_rounds': 271, 'n_estimators': 7000}. Best is trial 207 with value: 1.189099607377955.
/Users/antoinelopez/Epitech/DIGITAL/DIGI 2/Victory Vision Analytics/pythonProject/.venv/lib/python3.12/site-packages/sklearn/metrics/_regression.py:492: FutureWarning: 'squared' is deprecated in version 1.4 and will be removed in 1.6. To calculate the root mean squared error, use the function'root_mean_squared_error'.
  warnings.warn(
/Users/antoinelopez/Epitech/DIGITAL/DIGI 2/Victory Vision Analytics/pythonProject/.venv/lib/python3.12/site-packages/sklearn/metrics/_regression.py:675: FutureWarning: 'squared' is deprecated in version 1.4 and will be removed in 1.6. To calculate the root mean squared logarithmic error, use the function'root_mean_squared_log_error'.
  warnings.warn(
INFO     | 2024-09-20 15:23:51 | __main__:optimize:122 - Metrics: {'r2': 0.9481103420257568, 'mse': 1.6136892428431058, 'mae': 0.8442492149596991, 'rmse': 1.2703106875261287, 'rmsle': 0.11918524944490692, 'loss': 1.2703106875261287}
[I 2024-09-20 15:23:51,892] Trial 303 finished with value: 1.2703106875261287 and parameters: {'learning_rate': 0.11861172730650335, 'reg_lambda': 0.0003775589327227432, 'reg_alpha': 0.0012926532420339033, 'subsample': 0.9000327429651833, 'colsample_bytree': 0.7109292139754634, 'max_depth': 5, 'early_stopping_rounds': 251, 'n_estimators': 7000}. Best is trial 207 with value: 1.189099607377955.
/Users/antoinelopez/Epitech/DIGITAL/DIGI 2/Victory Vision Analytics/pythonProject/.venv/lib/python3.12/site-packages/sklearn/metrics/_regression.py:492: FutureWarning: 'squared' is deprecated in version 1.4 and will be removed in 1.6. To calculate the root mean squared error, use the function'root_mean_squared_error'.
  warnings.warn(
/Users/antoinelopez/Epitech/DIGITAL/DIGI 2/Victory Vision Analytics/pythonProject/.venv/lib/python3.12/site-packages/sklearn/metrics/_regression.py:675: FutureWarning: 'squared' is deprecated in version 1.4 and will be removed in 1.6. To calculate the root mean squared logarithmic error, use the function'root_mean_squared_log_error'.
  warnings.warn(
INFO     | 2024-09-20 15:23:52 | __main__:optimize:122 - Metrics: {'r2': 0.9517176747322083, 'mse': 1.5015075878558333, 'mae': 0.8413140513176142, 'rmse': 1.2253601869882313, 'rmsle': 0.1236079104297147, 'loss': 1.2253601869882313}
[I 2024-09-20 15:23:52,181] Trial 304 finished with value: 1.2253601869882313 and parameters: {'learning_rate': 0.12812065331101022, 'reg_lambda': 0.0028518108732035322, 'reg_alpha': 0.10502431131115342, 'subsample': 0.8689396996682252, 'colsample_bytree': 0.6772341400672909, 'max_depth': 4, 'early_stopping_rounds': 453, 'n_estimators': 7000}. Best is trial 207 with value: 1.189099607377955.
/Users/antoinelopez/Epitech/DIGITAL/DIGI 2/Victory Vision Analytics/pythonProject/.venv/lib/python3.12/site-packages/sklearn/metrics/_regression.py:492: FutureWarning: 'squared' is deprecated in version 1.4 and will be removed in 1.6. To calculate the root mean squared error, use the function'root_mean_squared_error'.
  warnings.warn(
/Users/antoinelopez/Epitech/DIGITAL/DIGI 2/Victory Vision Analytics/pythonProject/.venv/lib/python3.12/site-packages/sklearn/metrics/_regression.py:675: FutureWarning: 'squared' is deprecated in version 1.4 and will be removed in 1.6. To calculate the root mean squared logarithmic error, use the function'root_mean_squared_log_error'.
  warnings.warn(
INFO     | 2024-09-20 15:23:52 | __main__:optimize:122 - Metrics: {'r2': 0.9516563415527344, 'mse': 1.5034152489302572, 'mae': 0.8467111161801704, 'rmse': 1.2261383482014814, 'rmsle': 0.12968280284345066, 'loss': 1.2261383482014814}
[I 2024-09-20 15:23:52,404] Trial 305 finished with value: 1.2261383482014814 and parameters: {'learning_rate': 0.09851193476112499, 'reg_lambda': 0.007352044913696213, 'reg_alpha': 0.00041511033217568664, 'subsample': 0.8867332675664452, 'colsample_bytree': 0.6468545217454088, 'max_depth': 4, 'early_stopping_rounds': 136, 'n_estimators': 7000}. Best is trial 207 with value: 1.189099607377955.
/Users/antoinelopez/Epitech/DIGITAL/DIGI 2/Victory Vision Analytics/pythonProject/.venv/lib/python3.12/site-packages/sklearn/metrics/_regression.py:492: FutureWarning: 'squared' is deprecated in version 1.4 and will be removed in 1.6. To calculate the root mean squared error, use the function'root_mean_squared_error'.
  warnings.warn(
/Users/antoinelopez/Epitech/DIGITAL/DIGI 2/Victory Vision Analytics/pythonProject/.venv/lib/python3.12/site-packages/sklearn/metrics/_regression.py:675: FutureWarning: 'squared' is deprecated in version 1.4 and will be removed in 1.6. To calculate the root mean squared logarithmic error, use the function'root_mean_squared_log_error'.
  warnings.warn(
INFO     | 2024-09-20 15:23:52 | __main__:optimize:122 - Metrics: {'r2': 0.934091329574585, 'mse': 2.0496591851858788, 'mae': 1.055306342036225, 'rmse': 1.4316630836848028, 'rmsle': 0.15274299477338152, 'loss': 1.4316630836848028}
[I 2024-09-20 15:23:52,694] Trial 306 finished with value: 1.4316630836848028 and parameters: {'learning_rate': 0.04795081015332287, 'reg_lambda': 0.025574779199861553, 'reg_alpha': 0.324503863684494, 'subsample': 0.8569038792280126, 'colsample_bytree': 0.74362003385952, 'max_depth': 4, 'early_stopping_rounds': 310, 'n_estimators': 7000}. Best is trial 207 with value: 1.189099607377955.
/Users/antoinelopez/Epitech/DIGITAL/DIGI 2/Victory Vision Analytics/pythonProject/.venv/lib/python3.12/site-packages/sklearn/metrics/_regression.py:492: FutureWarning: 'squared' is deprecated in version 1.4 and will be removed in 1.6. To calculate the root mean squared error, use the function'root_mean_squared_error'.
  warnings.warn(
/Users/antoinelopez/Epitech/DIGITAL/DIGI 2/Victory Vision Analytics/pythonProject/.venv/lib/python3.12/site-packages/sklearn/metrics/_regression.py:675: FutureWarning: 'squared' is deprecated in version 1.4 and will be removed in 1.6. To calculate the root mean squared logarithmic error, use the function'root_mean_squared_log_error'.
  warnings.warn(
INFO     | 2024-09-20 15:23:52 | __main__:optimize:122 - Metrics: {'r2': 0.9488025307655334, 'mse': 1.5921642272697438, 'mae': 0.8118352288423583, 'rmse': 1.2618099013994715, 'rmsle': 0.1174840046369914, 'loss': 1.2618099013994715}
[I 2024-09-20 15:23:52,924] Trial 307 finished with value: 1.2618099013994715 and parameters: {'learning_rate': 0.11301767672469394, 'reg_lambda': 0.11788981417206727, 'reg_alpha': 0.0007243975242267276, 'subsample': 0.9144194468411179, 'colsample_bytree': 0.6861834828327843, 'max_depth': 4, 'early_stopping_rounds': 264, 'n_estimators': 7000}. Best is trial 207 with value: 1.189099607377955.
/Users/antoinelopez/Epitech/DIGITAL/DIGI 2/Victory Vision Analytics/pythonProject/.venv/lib/python3.12/site-packages/sklearn/metrics/_regression.py:492: FutureWarning: 'squared' is deprecated in version 1.4 and will be removed in 1.6. To calculate the root mean squared error, use the function'root_mean_squared_error'.
  warnings.warn(
/Users/antoinelopez/Epitech/DIGITAL/DIGI 2/Victory Vision Analytics/pythonProject/.venv/lib/python3.12/site-packages/sklearn/metrics/_regression.py:675: FutureWarning: 'squared' is deprecated in version 1.4 and will be removed in 1.6. To calculate the root mean squared logarithmic error, use the function'root_mean_squared_log_error'.
  warnings.warn(
INFO     | 2024-09-20 15:23:53 | __main__:optimize:122 - Metrics: {'r2': 0.9212819337844849, 'mse': 2.4480114326374225, 'mae': 1.216014923328577, 'rmse': 1.5646122307579673, 'rmsle': 0.1687646750705653, 'loss': 1.5646122307579673}
[I 2024-09-20 15:23:53,564] Trial 308 finished with value: 1.5646122307579673 and parameters: {'learning_rate': 0.012825636423883745, 'reg_lambda': 0.011502527460812506, 'reg_alpha': 0.0019189839353913067, 'subsample': 0.8837630235500578, 'colsample_bytree': 0.7236603528603841, 'max_depth': 4, 'early_stopping_rounds': 293, 'n_estimators': 7000}. Best is trial 207 with value: 1.189099607377955.
/Users/antoinelopez/Epitech/DIGITAL/DIGI 2/Victory Vision Analytics/pythonProject/.venv/lib/python3.12/site-packages/sklearn/metrics/_regression.py:492: FutureWarning: 'squared' is deprecated in version 1.4 and will be removed in 1.6. To calculate the root mean squared error, use the function'root_mean_squared_error'.
  warnings.warn(
/Users/antoinelopez/Epitech/DIGITAL/DIGI 2/Victory Vision Analytics/pythonProject/.venv/lib/python3.12/site-packages/sklearn/metrics/_regression.py:675: FutureWarning: 'squared' is deprecated in version 1.4 and will be removed in 1.6. To calculate the root mean squared logarithmic error, use the function'root_mean_squared_log_error'.
  warnings.warn(
INFO     | 2024-09-20 15:23:53 | __main__:optimize:122 - Metrics: {'r2': 0.9510405659675598, 'mse': 1.522564391038466, 'mae': 0.8252380038416662, 'rmse': 1.2339223602149634, 'rmsle': 0.11846116891922703, 'loss': 1.2339223602149634}
[I 2024-09-20 15:23:53,802] Trial 309 finished with value: 1.2339223602149634 and parameters: {'learning_rate': 0.13628880483932101, 'reg_lambda': 0.001910635491587673, 'reg_alpha': 8.907804015817093e-05, 'subsample': 0.9315125231151743, 'colsample_bytree': 0.6973352351347891, 'max_depth': 4, 'early_stopping_rounds': 274, 'n_estimators': 7000}. Best is trial 207 with value: 1.189099607377955.
/Users/antoinelopez/Epitech/DIGITAL/DIGI 2/Victory Vision Analytics/pythonProject/.venv/lib/python3.12/site-packages/sklearn/metrics/_regression.py:492: FutureWarning: 'squared' is deprecated in version 1.4 and will be removed in 1.6. To calculate the root mean squared error, use the function'root_mean_squared_error'.
  warnings.warn(
/Users/antoinelopez/Epitech/DIGITAL/DIGI 2/Victory Vision Analytics/pythonProject/.venv/lib/python3.12/site-packages/sklearn/metrics/_regression.py:675: FutureWarning: 'squared' is deprecated in version 1.4 and will be removed in 1.6. To calculate the root mean squared logarithmic error, use the function'root_mean_squared_log_error'.
  warnings.warn(
INFO     | 2024-09-20 15:23:54 | __main__:optimize:122 - Metrics: {'r2': 0.948136568069458, 'mse': 1.6128747059138109, 'mae': 0.868146695092667, 'rmse': 1.269990041659308, 'rmsle': 0.12360897613709473, 'loss': 1.269990041659308}
