[I 2024-09-20 15:24:28,427] Trial 422 finished with value: 1.303687606345379 and parameters: {'learning_rate': 0.20270109927445268, 'reg_lambda': 0.0811466279790359, 'reg_alpha': 0.00021250568514081673, 'subsample': 0.8169924616320513, 'colsample_bytree': 0.6834054211363249, 'max_depth': 4, 'early_stopping_rounds': 380, 'n_estimators': 7000}. Best is trial 417 with value: 1.1781285923347884.
/Users/antoinelopez/Epitech/DIGITAL/DIGI 2/Victory Vision Analytics/pythonProject/.venv/lib/python3.12/site-packages/sklearn/metrics/_regression.py:492: FutureWarning: 'squared' is deprecated in version 1.4 and will be removed in 1.6. To calculate the root mean squared error, use the function'root_mean_squared_error'.
  warnings.warn(
/Users/antoinelopez/Epitech/DIGITAL/DIGI 2/Victory Vision Analytics/pythonProject/.venv/lib/python3.12/site-packages/sklearn/metrics/_regression.py:675: FutureWarning: 'squared' is deprecated in version 1.4 and will be removed in 1.6. To calculate the root mean squared logarithmic error, use the function'root_mean_squared_log_error'.
  warnings.warn(
INFO     | 2024-09-20 15:24:28 | __main__:optimize:122 - Metrics: {'r2': 0.9504371285438538, 'mse': 1.5413298893123453, 'mae': 0.8365292854087297, 'rmse': 1.2415030766423196, 'rmsle': 0.12050874794866888, 'loss': 1.2415030766423196}
[I 2024-09-20 15:24:28,696] Trial 423 finished with value: 1.2415030766423196 and parameters: {'learning_rate': 0.15800443060337932, 'reg_lambda': 0.18849979509518056, 'reg_alpha': 0.00014096552447425857, 'subsample': 0.8811208600602233, 'colsample_bytree': 0.7074554323476253, 'max_depth': 4, 'early_stopping_rounds': 403, 'n_estimators': 7000}. Best is trial 417 with value: 1.1781285923347884.
/Users/antoinelopez/Epitech/DIGITAL/DIGI 2/Victory Vision Analytics/pythonProject/.venv/lib/python3.12/site-packages/sklearn/metrics/_regression.py:492: FutureWarning: 'squared' is deprecated in version 1.4 and will be removed in 1.6. To calculate the root mean squared error, use the function'root_mean_squared_error'.
  warnings.warn(
/Users/antoinelopez/Epitech/DIGITAL/DIGI 2/Victory Vision Analytics/pythonProject/.venv/lib/python3.12/site-packages/sklearn/metrics/_regression.py:675: FutureWarning: 'squared' is deprecated in version 1.4 and will be removed in 1.6. To calculate the root mean squared logarithmic error, use the function'root_mean_squared_log_error'.
  warnings.warn(
INFO     | 2024-09-20 15:24:28 | __main__:optimize:122 - Metrics: {'r2': 0.9492437839508057, 'mse': 1.5784408336807547, 'mae': 0.845740701154221, 'rmse': 1.2563601528545685, 'rmsle': 0.11390035831805984, 'loss': 1.2563601528545685}
[I 2024-09-20 15:24:28,985] Trial 424 finished with value: 1.2563601528545685 and parameters: {'learning_rate': 0.14895861103410918, 'reg_lambda': 0.8095070632491731, 'reg_alpha': 0.000600097468554727, 'subsample': 0.8416266135235371, 'colsample_bytree': 0.7463191391909866, 'max_depth': 4, 'early_stopping_rounds': 408, 'n_estimators': 7000}. Best is trial 417 with value: 1.1781285923347884.
/Users/antoinelopez/Epitech/DIGITAL/DIGI 2/Victory Vision Analytics/pythonProject/.venv/lib/python3.12/site-packages/sklearn/metrics/_regression.py:492: FutureWarning: 'squared' is deprecated in version 1.4 and will be removed in 1.6. To calculate the root mean squared error, use the function'root_mean_squared_error'.
  warnings.warn(
/Users/antoinelopez/Epitech/DIGITAL/DIGI 2/Victory Vision Analytics/pythonProject/.venv/lib/python3.12/site-packages/sklearn/metrics/_regression.py:675: FutureWarning: 'squared' is deprecated in version 1.4 and will be removed in 1.6. To calculate the root mean squared logarithmic error, use the function'root_mean_squared_log_error'.
  warnings.warn(
INFO     | 2024-09-20 15:24:29 | __main__:optimize:122 - Metrics: {'r2': 0.9489946365356445, 'mse': 1.586188894471932, 'mae': 0.8283589753993722, 'rmse': 1.2594399130057503, 'rmsle': 0.1167466474488748, 'loss': 1.2594399130057503}
[I 2024-09-20 15:24:29,254] Trial 425 finished with value: 1.2594399130057503 and parameters: {'learning_rate': 0.12823764489001097, 'reg_lambda': 0.3112598565522944, 'reg_alpha': 0.00010135957693043609, 'subsample': 0.8631423177527687, 'colsample_bytree': 0.6663113810974476, 'max_depth': 4, 'early_stopping_rounds': 395, 'n_estimators': 20000}. Best is trial 417 with value: 1.1781285923347884.
/Users/antoinelopez/Epitech/DIGITAL/DIGI 2/Victory Vision Analytics/pythonProject/.venv/lib/python3.12/site-packages/sklearn/metrics/_regression.py:492: FutureWarning: 'squared' is deprecated in version 1.4 and will be removed in 1.6. To calculate the root mean squared error, use the function'root_mean_squared_error'.
  warnings.warn(
/Users/antoinelopez/Epitech/DIGITAL/DIGI 2/Victory Vision Analytics/pythonProject/.venv/lib/python3.12/site-packages/sklearn/metrics/_regression.py:675: FutureWarning: 'squared' is deprecated in version 1.4 and will be removed in 1.6. To calculate the root mean squared logarithmic error, use the function'root_mean_squared_log_error'.
  warnings.warn(
INFO     | 2024-09-20 15:24:29 | __main__:optimize:122 - Metrics: {'r2': 0.9530036449432373, 'mse': 1.4615151279975864, 'mae': 0.8087396987648897, 'rmse': 1.208931399210719, 'rmsle': 0.11800613705059289, 'loss': 1.208931399210719}
[I 2024-09-20 15:24:29,529] Trial 426 finished with value: 1.208931399210719 and parameters: {'learning_rate': 0.11888485602548107, 'reg_lambda': 0.0039033793158452807, 'reg_alpha': 0.00028195730664545105, 'subsample': 0.8819321270131966, 'colsample_bytree': 0.7256410051035294, 'max_depth': 4, 'early_stopping_rounds': 359, 'n_estimators': 15000}. Best is trial 417 with value: 1.1781285923347884.
/Users/antoinelopez/Epitech/DIGITAL/DIGI 2/Victory Vision Analytics/pythonProject/.venv/lib/python3.12/site-packages/sklearn/metrics/_regression.py:492: FutureWarning: 'squared' is deprecated in version 1.4 and will be removed in 1.6. To calculate the root mean squared error, use the function'root_mean_squared_error'.
  warnings.warn(
/Users/antoinelopez/Epitech/DIGITAL/DIGI 2/Victory Vision Analytics/pythonProject/.venv/lib/python3.12/site-packages/sklearn/metrics/_regression.py:675: FutureWarning: 'squared' is deprecated in version 1.4 and will be removed in 1.6. To calculate the root mean squared logarithmic error, use the function'root_mean_squared_log_error'.
  warnings.warn(
INFO     | 2024-09-20 15:24:29 | __main__:optimize:122 - Metrics: {'r2': 0.9315069317817688, 'mse': 2.1300306692653725, 'mae': 1.1261153248853462, 'rmse': 1.4594624590120064, 'rmsle': 0.1756603902385457, 'loss': 1.4594624590120064}
[I 2024-09-20 15:24:29,722] Trial 427 finished with value: 1.4594624590120064 and parameters: {'learning_rate': 0.1379068361800882, 'reg_lambda': 0.009294428245366493, 'reg_alpha': 0.00080392769638468, 'subsample': 0.852456296510564, 'colsample_bytree': 0.6923072191555772, 'max_depth': 1, 'early_stopping_rounds': 237, 'n_estimators': 7000}. Best is trial 417 with value: 1.1781285923347884.
/Users/antoinelopez/Epitech/DIGITAL/DIGI 2/Victory Vision Analytics/pythonProject/.venv/lib/python3.12/site-packages/sklearn/metrics/_regression.py:492: FutureWarning: 'squared' is deprecated in version 1.4 and will be removed in 1.6. To calculate the root mean squared error, use the function'root_mean_squared_error'.
  warnings.warn(
/Users/antoinelopez/Epitech/DIGITAL/DIGI 2/Victory Vision Analytics/pythonProject/.venv/lib/python3.12/site-packages/sklearn/metrics/_regression.py:675: FutureWarning: 'squared' is deprecated in version 1.4 and will be removed in 1.6. To calculate the root mean squared logarithmic error, use the function'root_mean_squared_log_error'.
  warnings.warn(
INFO     | 2024-09-20 15:24:30 | __main__:optimize:122 - Metrics: {'r2': 0.9451661109924316, 'mse': 1.7052516120652417, 'mae': 0.931748733271, 'rmse': 1.3058528294050757, 'rmsle': 0.14661002338141982, 'loss': 1.3058528294050757}
[I 2024-09-20 15:24:30,122] Trial 428 finished with value: 1.3058528294050757 and parameters: {'learning_rate': 0.13108068173508416, 'reg_lambda': 0.1346135017451802, 'reg_alpha': 0.0003864079686604025, 'subsample': 0.8690133270950449, 'colsample_bytree': 0.623934022204283, 'max_depth': 5, 'early_stopping_rounds': 415, 'n_estimators': 7000}. Best is trial 417 with value: 1.1781285923347884.
/Users/antoinelopez/Epitech/DIGITAL/DIGI 2/Victory Vision Analytics/pythonProject/.venv/lib/python3.12/site-packages/sklearn/metrics/_regression.py:492: FutureWarning: 'squared' is deprecated in version 1.4 and will be removed in 1.6. To calculate the root mean squared error, use the function'root_mean_squared_error'.
  warnings.warn(
/Users/antoinelopez/Epitech/DIGITAL/DIGI 2/Victory Vision Analytics/pythonProject/.venv/lib/python3.12/site-packages/sklearn/metrics/_regression.py:675: FutureWarning: 'squared' is deprecated in version 1.4 and will be removed in 1.6. To calculate the root mean squared logarithmic error, use the function'root_mean_squared_log_error'.
  warnings.warn(
INFO     | 2024-09-20 15:24:30 | __main__:optimize:122 - Metrics: {'r2': 0.9420474767684937, 'mse': 1.802234783039873, 'mae': 0.8524936032849689, 'rmse': 1.3424733826187665, 'rmsle': 0.11225770114120776, 'loss': 1.3424733826187665}
[I 2024-09-20 15:24:30,727] Trial 429 finished with value: 1.3424733826187665 and parameters: {'learning_rate': 0.11958751279734077, 'reg_lambda': 0.001679094999817601, 'reg_alpha': 0.37922174244030205, 'subsample': 0.8330288341699317, 'colsample_bytree': 0.760893565983353, 'max_depth': 8, 'early_stopping_rounds': 403, 'n_estimators': 7000}. Best is trial 417 with value: 1.1781285923347884.
/Users/antoinelopez/Epitech/DIGITAL/DIGI 2/Victory Vision Analytics/pythonProject/.venv/lib/python3.12/site-packages/sklearn/metrics/_regression.py:492: FutureWarning: 'squared' is deprecated in version 1.4 and will be removed in 1.6. To calculate the root mean squared error, use the function'root_mean_squared_error'.
  warnings.warn(
/Users/antoinelopez/Epitech/DIGITAL/DIGI 2/Victory Vision Analytics/pythonProject/.venv/lib/python3.12/site-packages/sklearn/metrics/_regression.py:675: FutureWarning: 'squared' is deprecated in version 1.4 and will be removed in 1.6. To calculate the root mean squared logarithmic error, use the function'root_mean_squared_log_error'.
  warnings.warn(
INFO     | 2024-09-20 15:24:30 | __main__:optimize:122 - Metrics: {'r2': 0.9426430463790894, 'mse': 1.7837146611264298, 'mae': 0.9527504581351612, 'rmse': 1.335557808979615, 'rmsle': 0.12756839226448935, 'loss': 1.335557808979615}
[I 2024-09-20 15:24:30,949] Trial 430 finished with value: 1.335557808979615 and parameters: {'learning_rate': 0.14411247602021765, 'reg_lambda': 0.04758585123671049, 'reg_alpha': 0.00018623801461793344, 'subsample': 0.5811228850600878, 'colsample_bytree': 0.712205131987389, 'max_depth': 4, 'early_stopping_rounds': 247, 'n_estimators': 7000}. Best is trial 417 with value: 1.1781285923347884.
/Users/antoinelopez/Epitech/DIGITAL/DIGI 2/Victory Vision Analytics/pythonProject/.venv/lib/python3.12/site-packages/sklearn/metrics/_regression.py:492: FutureWarning: 'squared' is deprecated in version 1.4 and will be removed in 1.6. To calculate the root mean squared error, use the function'root_mean_squared_error'.
  warnings.warn(
/Users/antoinelopez/Epitech/DIGITAL/DIGI 2/Victory Vision Analytics/pythonProject/.venv/lib/python3.12/site-packages/sklearn/metrics/_regression.py:675: FutureWarning: 'squared' is deprecated in version 1.4 and will be removed in 1.6. To calculate the root mean squared logarithmic error, use the function'root_mean_squared_log_error'.
  warnings.warn(
INFO     | 2024-09-20 15:24:31 | __main__:optimize:122 - Metrics: {'r2': 0.9504148960113525, 'mse': 1.5420220719353566, 'mae': 0.849097597737645, 'rmse': 1.2417818133373337, 'rmsle': 0.11873763972331225, 'loss': 1.2417818133373337}
[I 2024-09-20 15:24:31,207] Trial 431 finished with value: 1.2417818133373337 and parameters: {'learning_rate': 0.1575352839681121, 'reg_lambda': 0.0005739286173954631, 'reg_alpha': 0.0005171930151562612, 'subsample': 0.8888389079879688, 'colsample_bytree': 0.6731020308768125, 'max_depth': 4, 'early_stopping_rounds': 388, 'n_estimators': 7000}. Best is trial 417 with value: 1.1781285923347884.
/Users/antoinelopez/Epitech/DIGITAL/DIGI 2/Victory Vision Analytics/pythonProject/.venv/lib/python3.12/site-packages/sklearn/metrics/_regression.py:492: FutureWarning: 'squared' is deprecated in version 1.4 and will be removed in 1.6. To calculate the root mean squared error, use the function'root_mean_squared_error'.
  warnings.warn(
/Users/antoinelopez/Epitech/DIGITAL/DIGI 2/Victory Vision Analytics/pythonProject/.venv/lib/python3.12/site-packages/sklearn/metrics/_regression.py:675: FutureWarning: 'squared' is deprecated in version 1.4 and will be removed in 1.6. To calculate the root mean squared logarithmic error, use the function'root_mean_squared_log_error'.
  warnings.warn(
INFO     | 2024-09-20 15:24:31 | __main__:optimize:122 - Metrics: {'r2': 0.951919436454773, 'mse': 1.4952331035978697, 'mae': 0.8123026165851327, 'rmse': 1.2227972454981528, 'rmsle': 0.12145326663135894, 'loss': 1.2227972454981528}
[I 2024-09-20 15:24:31,515] Trial 432 finished with value: 1.2227972454981528 and parameters: {'learning_rate': 0.1246455948098757, 'reg_lambda': 0.005031975837881366, 'reg_alpha': 0.26325634590733427, 'subsample': 0.8643988188029148, 'colsample_bytree': 0.736687222857182, 'max_depth': 4, 'early_stopping_rounds': 426, 'n_estimators': 7000}. Best is trial 417 with value: 1.1781285923347884.
/Users/antoinelopez/Epitech/DIGITAL/DIGI 2/Victory Vision Analytics/pythonProject/.venv/lib/python3.12/site-packages/sklearn/metrics/_regression.py:492: FutureWarning: 'squared' is deprecated in version 1.4 and will be removed in 1.6. To calculate the root mean squared error, use the function'root_mean_squared_error'.
  warnings.warn(
/Users/antoinelopez/Epitech/DIGITAL/DIGI 2/Victory Vision Analytics/pythonProject/.venv/lib/python3.12/site-packages/sklearn/metrics/_regression.py:675: FutureWarning: 'squared' is deprecated in version 1.4 and will be removed in 1.6. To calculate the root mean squared logarithmic error, use the function'root_mean_squared_log_error'.
  warnings.warn(
INFO     | 2024-09-20 15:24:31 | __main__:optimize:122 - Metrics: {'r2': 0.948462188243866, 'mse': 1.6027483794886663, 'mae': 0.8061540028383566, 'rmse': 1.265996990315801, 'rmsle': 0.10732698466449642, 'loss': 1.265996990315801}
[I 2024-09-20 15:24:31,824] Trial 433 finished with value: 1.265996990315801 and parameters: {'learning_rate': 0.11458442459635383, 'reg_lambda': 0.25434357769555266, 'reg_alpha': 0.0029181850604695658, 'subsample': 0.8939105618242937, 'colsample_bytree': 0.7922372992198166, 'max_depth': 4, 'early_stopping_rounds': 371, 'n_estimators': 7000}. Best is trial 417 with value: 1.1781285923347884.
/Users/antoinelopez/Epitech/DIGITAL/DIGI 2/Victory Vision Analytics/pythonProject/.venv/lib/python3.12/site-packages/sklearn/metrics/_regression.py:492: FutureWarning: 'squared' is deprecated in version 1.4 and will be removed in 1.6. To calculate the root mean squared error, use the function'root_mean_squared_error'.
  warnings.warn(
/Users/antoinelopez/Epitech/DIGITAL/DIGI 2/Victory Vision Analytics/pythonProject/.venv/lib/python3.12/site-packages/sklearn/metrics/_regression.py:675: FutureWarning: 'squared' is deprecated in version 1.4 and will be removed in 1.6. To calculate the root mean squared logarithmic error, use the function'root_mean_squared_log_error'.
  warnings.warn(
INFO     | 2024-09-20 15:24:32 | __main__:optimize:122 - Metrics: {'r2': 0.9513596892356873, 'mse': 1.5126397875035398, 'mae': 0.8147214498630789, 'rmse': 1.2298942180137038, 'rmsle': 0.11533866041578889, 'loss': 1.2298942180137038}
[I 2024-09-20 15:24:32,130] Trial 434 finished with value: 1.2298942180137038 and parameters: {'learning_rate': 0.13462743521144785, 'reg_lambda': 0.023592315900120123, 'reg_alpha': 0.011284821820607062, 'subsample': 0.8463934001568902, 'colsample_bytree': 0.6488870568329376, 'max_depth': 4, 'early_stopping_rounds': 419, 'n_estimators': 7000}. Best is trial 417 with value: 1.1781285923347884.
/Users/antoinelopez/Epitech/DIGITAL/DIGI 2/Victory Vision Analytics/pythonProject/.venv/lib/python3.12/site-packages/sklearn/metrics/_regression.py:492: FutureWarning: 'squared' is deprecated in version 1.4 and will be removed in 1.6. To calculate the root mean squared error, use the function'root_mean_squared_error'.
  warnings.warn(
/Users/antoinelopez/Epitech/DIGITAL/DIGI 2/Victory Vision Analytics/pythonProject/.venv/lib/python3.12/site-packages/sklearn/metrics/_regression.py:675: FutureWarning: 'squared' is deprecated in version 1.4 and will be removed in 1.6. To calculate the root mean squared logarithmic error, use the function'root_mean_squared_log_error'.
  warnings.warn(
INFO     | 2024-09-20 15:24:32 | __main__:optimize:122 - Metrics: {'r2': 0.9541516900062561, 'mse': 1.425812192036663, 'mae': 0.808334067949029, 'rmse': 1.1940737799803927, 'rmsle': 0.10994889280854024, 'loss': 1.1940737799803927}
[I 2024-09-20 15:24:32,389] Trial 435 finished with value: 1.1940737799803927 and parameters: {'learning_rate': 0.1481738687578474, 'reg_lambda': 0.0857095844778989, 'reg_alpha': 7.599088628821927e-05, 'subsample': 0.8759292679771767, 'colsample_bytree': 0.6983778787798747, 'max_depth': 4, 'early_stopping_rounds': 350, 'n_estimators': 7000}. Best is trial 417 with value: 1.1781285923347884.
/Users/antoinelopez/Epitech/DIGITAL/DIGI 2/Victory Vision Analytics/pythonProject/.venv/lib/python3.12/site-packages/sklearn/metrics/_regression.py:492: FutureWarning: 'squared' is deprecated in version 1.4 and will be removed in 1.6. To calculate the root mean squared error, use the function'root_mean_squared_error'.
  warnings.warn(
/Users/antoinelopez/Epitech/DIGITAL/DIGI 2/Victory Vision Analytics/pythonProject/.venv/lib/python3.12/site-packages/sklearn/metrics/_regression.py:675: FutureWarning: 'squared' is deprecated in version 1.4 and will be removed in 1.6. To calculate the root mean squared logarithmic error, use the function'root_mean_squared_log_error'.
  warnings.warn(
INFO     | 2024-09-20 15:24:32 | __main__:optimize:122 - Metrics: {'r2': 0.9472476840019226, 'mse': 1.6405174918507244, 'mae': 0.8928740577642308, 'rmse': 1.2808268781731293, 'rmsle': 0.11449067490295768, 'loss': 1.2808268781731293}
[I 2024-09-20 15:24:32,646] Trial 436 finished with value: 1.2808268781731293 and parameters: {'learning_rate': 0.1701481069307177, 'reg_lambda': 0.09487087716332866, 'reg_alpha': 2.6257773064437134e-05, 'subsample': 0.8196292132303705, 'colsample_bytree': 0.6905297568429258, 'max_depth': 4, 'early_stopping_rounds': 347, 'n_estimators': 7000}. Best is trial 417 with value: 1.1781285923347884.
/Users/antoinelopez/Epitech/DIGITAL/DIGI 2/Victory Vision Analytics/pythonProject/.venv/lib/python3.12/site-packages/sklearn/metrics/_regression.py:492: FutureWarning: 'squared' is deprecated in version 1.4 and will be removed in 1.6. To calculate the root mean squared error, use the function'root_mean_squared_error'.
  warnings.warn(
/Users/antoinelopez/Epitech/DIGITAL/DIGI 2/Victory Vision Analytics/pythonProject/.venv/lib/python3.12/site-packages/sklearn/metrics/_regression.py:675: FutureWarning: 'squared' is deprecated in version 1.4 and will be removed in 1.6. To calculate the root mean squared logarithmic error, use the function'root_mean_squared_log_error'.
  warnings.warn(
INFO     | 2024-09-20 15:24:32 | __main__:optimize:122 - Metrics: {'r2': 0.9526486396789551, 'mse': 1.4725555257956278, 'mae': 0.8044260831073273, 'rmse': 1.2134889887409888, 'rmsle': 0.12061321824882171, 'loss': 1.2134889887409888}
[I 2024-09-20 15:24:32,999] Trial 437 finished with value: 1.2134889887409888 and parameters: {'learning_rate': 0.15238760955019254, 'reg_lambda': 0.07614178892062921, 'reg_alpha': 1.3906006751588152e-05, 'subsample': 0.8769450494447951, 'colsample_bytree': 0.6710429616126582, 'max_depth': 5, 'early_stopping_rounds': 397, 'n_estimators': 7000}. Best is trial 417 with value: 1.1781285923347884.
/Users/antoinelopez/Epitech/DIGITAL/DIGI 2/Victory Vision Analytics/pythonProject/.venv/lib/python3.12/site-packages/sklearn/metrics/_regression.py:492: FutureWarning: 'squared' is deprecated in version 1.4 and will be removed in 1.6. To calculate the root mean squared error, use the function'root_mean_squared_error'.
  warnings.warn(
/Users/antoinelopez/Epitech/DIGITAL/DIGI 2/Victory Vision Analytics/pythonProject/.venv/lib/python3.12/site-packages/sklearn/metrics/_regression.py:675: FutureWarning: 'squared' is deprecated in version 1.4 and will be removed in 1.6. To calculate the root mean squared logarithmic error, use the function'root_mean_squared_log_error'.
  warnings.warn(
INFO     | 2024-09-20 15:24:33 | __main__:optimize:122 - Metrics: {'r2': 0.9506279230117798, 'mse': 1.5353961773013711, 'mae': 0.8503153010856274, 'rmse': 1.2391110431681944, 'rmsle': 0.12774700850421233, 'loss': 1.2391110431681944}
