[I 2024-09-20 15:23:35,135] Trial 246 finished with value: 1.2307677454502106 and parameters: {'learning_rate': 0.11184367987874605, 'reg_lambda': 0.006262056810702718, 'reg_alpha': 0.0005507162412110298, 'subsample': 0.8875228925896173, 'colsample_bytree': 0.6619225876582554, 'max_depth': 4, 'early_stopping_rounds': 424, 'n_estimators': 7000}. Best is trial 207 with value: 1.189099607377955.
/Users/antoinelopez/Epitech/DIGITAL/DIGI 2/Victory Vision Analytics/pythonProject/.venv/lib/python3.12/site-packages/sklearn/metrics/_regression.py:492: FutureWarning: 'squared' is deprecated in version 1.4 and will be removed in 1.6. To calculate the root mean squared error, use the function'root_mean_squared_error'.
  warnings.warn(
/Users/antoinelopez/Epitech/DIGITAL/DIGI 2/Victory Vision Analytics/pythonProject/.venv/lib/python3.12/site-packages/sklearn/metrics/_regression.py:675: FutureWarning: 'squared' is deprecated in version 1.4 and will be removed in 1.6. To calculate the root mean squared logarithmic error, use the function'root_mean_squared_log_error'.
  warnings.warn(
INFO     | 2024-09-20 15:23:35 | __main__:optimize:122 - Metrics: {'r2': 0.9518275260925293, 'mse': 1.4980899887793646, 'mae': 0.8193472917689834, 'rmse': 1.2239648641931535, 'rmsle': 0.11171687572572271, 'loss': 1.2239648641931535}
[I 2024-09-20 15:23:35,487] Trial 247 finished with value: 1.2239648641931535 and parameters: {'learning_rate': 0.13601910691612415, 'reg_lambda': 0.019036051558027022, 'reg_alpha': 0.00035232383700972995, 'subsample': 0.857907693732088, 'colsample_bytree': 0.6989948365637679, 'max_depth': 4, 'early_stopping_rounds': 441, 'n_estimators': 7000}. Best is trial 207 with value: 1.189099607377955.
/Users/antoinelopez/Epitech/DIGITAL/DIGI 2/Victory Vision Analytics/pythonProject/.venv/lib/python3.12/site-packages/sklearn/metrics/_regression.py:492: FutureWarning: 'squared' is deprecated in version 1.4 and will be removed in 1.6. To calculate the root mean squared error, use the function'root_mean_squared_error'.
  warnings.warn(
/Users/antoinelopez/Epitech/DIGITAL/DIGI 2/Victory Vision Analytics/pythonProject/.venv/lib/python3.12/site-packages/sklearn/metrics/_regression.py:675: FutureWarning: 'squared' is deprecated in version 1.4 and will be removed in 1.6. To calculate the root mean squared logarithmic error, use the function'root_mean_squared_log_error'.
  warnings.warn(
INFO     | 2024-09-20 15:23:35 | __main__:optimize:122 - Metrics: {'r2': 0.9491547346115112, 'mse': 1.5812102498530205, 'mae': 0.7899362948051719, 'rmse': 1.2574618283880512, 'rmsle': 0.10469160457185289, 'loss': 1.2574618283880512}
[I 2024-09-20 15:23:35,845] Trial 248 finished with value: 1.2574618283880512 and parameters: {'learning_rate': 0.11805981205066589, 'reg_lambda': 0.008720263607068365, 'reg_alpha': 0.0007866976108930712, 'subsample': 0.9037812472079454, 'colsample_bytree': 0.7839936128876533, 'max_depth': 4, 'early_stopping_rounds': 407, 'n_estimators': 7000}. Best is trial 207 with value: 1.189099607377955.
/Users/antoinelopez/Epitech/DIGITAL/DIGI 2/Victory Vision Analytics/pythonProject/.venv/lib/python3.12/site-packages/sklearn/metrics/_regression.py:492: FutureWarning: 'squared' is deprecated in version 1.4 and will be removed in 1.6. To calculate the root mean squared error, use the function'root_mean_squared_error'.
  warnings.warn(
/Users/antoinelopez/Epitech/DIGITAL/DIGI 2/Victory Vision Analytics/pythonProject/.venv/lib/python3.12/site-packages/sklearn/metrics/_regression.py:675: FutureWarning: 'squared' is deprecated in version 1.4 and will be removed in 1.6. To calculate the root mean squared logarithmic error, use the function'root_mean_squared_log_error'.
  warnings.warn(
INFO     | 2024-09-20 15:23:36 | __main__:optimize:122 - Metrics: {'r2': 0.9532580375671387, 'mse': 1.4536042460566552, 'mae': 0.8404032276120297, 'rmse': 1.205655110741316, 'rmsle': 0.11901597270943552, 'loss': 1.205655110741316}
[I 2024-09-20 15:23:36,256] Trial 249 finished with value: 1.205655110741316 and parameters: {'learning_rate': 0.12790345381571402, 'reg_lambda': 0.001568459757039695, 'reg_alpha': 0.0029173134449560186, 'subsample': 0.8723105751388944, 'colsample_bytree': 0.7217227965643597, 'max_depth': 4, 'early_stopping_rounds': 420, 'n_estimators': 7000}. Best is trial 207 with value: 1.189099607377955.
/Users/antoinelopez/Epitech/DIGITAL/DIGI 2/Victory Vision Analytics/pythonProject/.venv/lib/python3.12/site-packages/sklearn/metrics/_regression.py:492: FutureWarning: 'squared' is deprecated in version 1.4 and will be removed in 1.6. To calculate the root mean squared error, use the function'root_mean_squared_error'.
  warnings.warn(
/Users/antoinelopez/Epitech/DIGITAL/DIGI 2/Victory Vision Analytics/pythonProject/.venv/lib/python3.12/site-packages/sklearn/metrics/_regression.py:675: FutureWarning: 'squared' is deprecated in version 1.4 and will be removed in 1.6. To calculate the root mean squared logarithmic error, use the function'root_mean_squared_log_error'.
  warnings.warn(
INFO     | 2024-09-20 15:23:36 | __main__:optimize:122 - Metrics: {'r2': 0.9501562118530273, 'mse': 1.5500653264494075, 'mae': 0.853796958368878, 'rmse': 1.245016195255872, 'rmsle': 0.12206009377469684, 'loss': 1.245016195255872}
[I 2024-09-20 15:23:36,953] Trial 250 finished with value: 1.245016195255872 and parameters: {'learning_rate': 0.15217919926933782, 'reg_lambda': 0.001673864213450239, 'reg_alpha': 0.002474637438272299, 'subsample': 0.8213512331997466, 'colsample_bytree': 0.6857733367893685, 'max_depth': 5, 'early_stopping_rounds': 418, 'n_estimators': 7000}. Best is trial 207 with value: 1.189099607377955.
/Users/antoinelopez/Epitech/DIGITAL/DIGI 2/Victory Vision Analytics/pythonProject/.venv/lib/python3.12/site-packages/sklearn/metrics/_regression.py:492: FutureWarning: 'squared' is deprecated in version 1.4 and will be removed in 1.6. To calculate the root mean squared error, use the function'root_mean_squared_error'.
  warnings.warn(
/Users/antoinelopez/Epitech/DIGITAL/DIGI 2/Victory Vision Analytics/pythonProject/.venv/lib/python3.12/site-packages/sklearn/metrics/_regression.py:675: FutureWarning: 'squared' is deprecated in version 1.4 and will be removed in 1.6. To calculate the root mean squared logarithmic error, use the function'root_mean_squared_log_error'.
  warnings.warn(
INFO     | 2024-09-20 15:23:37 | __main__:optimize:122 - Metrics: {'r2': 0.9518123865127563, 'mse': 1.4985615587778767, 'mae': 0.8191449786341467, 'rmse': 1.2241574893688625, 'rmsle': 0.1113498657132322, 'loss': 1.2241574893688625}
[I 2024-09-20 15:23:37,395] Trial 251 finished with value: 1.2241574893688625 and parameters: {'learning_rate': 0.10695191250230046, 'reg_lambda': 0.0037853395736705225, 'reg_alpha': 0.004016762009527815, 'subsample': 0.8617344533903891, 'colsample_bytree': 0.7343600220928228, 'max_depth': 4, 'early_stopping_rounds': 404, 'n_estimators': 15000}. Best is trial 207 with value: 1.189099607377955.
/Users/antoinelopez/Epitech/DIGITAL/DIGI 2/Victory Vision Analytics/pythonProject/.venv/lib/python3.12/site-packages/sklearn/metrics/_regression.py:492: FutureWarning: 'squared' is deprecated in version 1.4 and will be removed in 1.6. To calculate the root mean squared error, use the function'root_mean_squared_error'.
  warnings.warn(
/Users/antoinelopez/Epitech/DIGITAL/DIGI 2/Victory Vision Analytics/pythonProject/.venv/lib/python3.12/site-packages/sklearn/metrics/_regression.py:675: FutureWarning: 'squared' is deprecated in version 1.4 and will be removed in 1.6. To calculate the root mean squared logarithmic error, use the function'root_mean_squared_log_error'.
  warnings.warn(
INFO     | 2024-09-20 15:23:37 | __main__:optimize:122 - Metrics: {'r2': 0.9539948105812073, 'mse': 1.4306921937754031, 'mae': 0.7992215597352316, 'rmse': 1.196115460051998, 'rmsle': 0.11530758680951869, 'loss': 1.196115460051998}
[I 2024-09-20 15:23:37,662] Trial 252 finished with value: 1.196115460051998 and parameters: {'learning_rate': 0.13254087535277462, 'reg_lambda': 0.0009026330801287152, 'reg_alpha': 0.0019114391647666212, 'subsample': 0.8722066565887512, 'colsample_bytree': 0.6511987500196837, 'max_depth': 4, 'early_stopping_rounds': 412, 'n_estimators': 7000}. Best is trial 207 with value: 1.189099607377955.
/Users/antoinelopez/Epitech/DIGITAL/DIGI 2/Victory Vision Analytics/pythonProject/.venv/lib/python3.12/site-packages/sklearn/metrics/_regression.py:492: FutureWarning: 'squared' is deprecated in version 1.4 and will be removed in 1.6. To calculate the root mean squared error, use the function'root_mean_squared_error'.
  warnings.warn(
/Users/antoinelopez/Epitech/DIGITAL/DIGI 2/Victory Vision Analytics/pythonProject/.venv/lib/python3.12/site-packages/sklearn/metrics/_regression.py:675: FutureWarning: 'squared' is deprecated in version 1.4 and will be removed in 1.6. To calculate the root mean squared logarithmic error, use the function'root_mean_squared_log_error'.
  warnings.warn(
INFO     | 2024-09-20 15:23:37 | __main__:optimize:122 - Metrics: {'r2': 0.9462714195251465, 'mse': 1.6708762284474623, 'mae': 0.9316216337126355, 'rmse': 1.2926237768382036, 'rmsle': 0.13363614540287067, 'loss': 1.2926237768382036}
[I 2024-09-20 15:23:37,925] Trial 253 finished with value: 1.2926237768382036 and parameters: {'learning_rate': 0.13198578258910412, 'reg_lambda': 0.001033835504692054, 'reg_alpha': 0.0015234534256590492, 'subsample': 0.8661727775669048, 'colsample_bytree': 0.6393676132026285, 'max_depth': 4, 'early_stopping_rounds': 398, 'n_estimators': 7000}. Best is trial 207 with value: 1.189099607377955.
/Users/antoinelopez/Epitech/DIGITAL/DIGI 2/Victory Vision Analytics/pythonProject/.venv/lib/python3.12/site-packages/sklearn/metrics/_regression.py:492: FutureWarning: 'squared' is deprecated in version 1.4 and will be removed in 1.6. To calculate the root mean squared error, use the function'root_mean_squared_error'.
  warnings.warn(
/Users/antoinelopez/Epitech/DIGITAL/DIGI 2/Victory Vision Analytics/pythonProject/.venv/lib/python3.12/site-packages/sklearn/metrics/_regression.py:675: FutureWarning: 'squared' is deprecated in version 1.4 and will be removed in 1.6. To calculate the root mean squared logarithmic error, use the function'root_mean_squared_log_error'.
  warnings.warn(
INFO     | 2024-09-20 15:23:38 | __main__:optimize:122 - Metrics: {'r2': 0.9295986890792847, 'mse': 2.1893733926426604, 'mae': 1.1153792863668397, 'rmse': 1.4796531325424416, 'rmsle': 0.15415103011576328, 'loss': 1.4796531325424416}
[I 2024-09-20 15:23:38,409] Trial 254 finished with value: 1.4796531325424416 and parameters: {'learning_rate': 0.024440314411113457, 'reg_lambda': 0.00055788272039585, 'reg_alpha': 0.003449404437546995, 'subsample': 0.8476335836737772, 'colsample_bytree': 0.6506686893134911, 'max_depth': 4, 'early_stopping_rounds': 425, 'n_estimators': 7000}. Best is trial 207 with value: 1.189099607377955.
/Users/antoinelopez/Epitech/DIGITAL/DIGI 2/Victory Vision Analytics/pythonProject/.venv/lib/python3.12/site-packages/sklearn/metrics/_regression.py:492: FutureWarning: 'squared' is deprecated in version 1.4 and will be removed in 1.6. To calculate the root mean squared error, use the function'root_mean_squared_error'.
  warnings.warn(
/Users/antoinelopez/Epitech/DIGITAL/DIGI 2/Victory Vision Analytics/pythonProject/.venv/lib/python3.12/site-packages/sklearn/metrics/_regression.py:675: FutureWarning: 'squared' is deprecated in version 1.4 and will be removed in 1.6. To calculate the root mean squared logarithmic error, use the function'root_mean_squared_log_error'.
  warnings.warn(
INFO     | 2024-09-20 15:23:38 | __main__:optimize:122 - Metrics: {'r2': 0.9485304355621338, 'mse': 1.6006244359550108, 'mae': 0.8381240309670914, 'rmse': 1.2651578699731552, 'rmsle': 0.12234664022022616, 'loss': 1.2651578699731552}
[I 2024-09-20 15:23:38,678] Trial 255 finished with value: 1.2651578699731552 and parameters: {'learning_rate': 0.11477820048370606, 'reg_lambda': 0.0016875285584284794, 'reg_alpha': 0.0017181465215502275, 'subsample': 0.9069583846630238, 'colsample_bytree': 0.6657954169003693, 'max_depth': 4, 'early_stopping_rounds': 410, 'n_estimators': 7000}. Best is trial 207 with value: 1.189099607377955.
/Users/antoinelopez/Epitech/DIGITAL/DIGI 2/Victory Vision Analytics/pythonProject/.venv/lib/python3.12/site-packages/sklearn/metrics/_regression.py:492: FutureWarning: 'squared' is deprecated in version 1.4 and will be removed in 1.6. To calculate the root mean squared error, use the function'root_mean_squared_error'.
  warnings.warn(
/Users/antoinelopez/Epitech/DIGITAL/DIGI 2/Victory Vision Analytics/pythonProject/.venv/lib/python3.12/site-packages/sklearn/metrics/_regression.py:675: FutureWarning: 'squared' is deprecated in version 1.4 and will be removed in 1.6. To calculate the root mean squared logarithmic error, use the function'root_mean_squared_log_error'.
  warnings.warn(
INFO     | 2024-09-20 15:23:38 | __main__:optimize:122 - Metrics: {'r2': 0.9487833380699158, 'mse': 1.592760772480448, 'mae': 0.8023196492084237, 'rmse': 1.2620462640016206, 'rmsle': 0.10533866967465755, 'loss': 1.2620462640016206}
[I 2024-09-20 15:23:38,976] Trial 256 finished with value: 1.2620462640016206 and parameters: {'learning_rate': 0.12775120672608822, 'reg_lambda': 0.0009660736651299827, 'reg_alpha': 0.0011385985920113252, 'subsample': 0.876296013632418, 'colsample_bytree': 0.7673242886955868, 'max_depth': 4, 'early_stopping_rounds': 418, 'n_estimators': 7000}. Best is trial 207 with value: 1.189099607377955.
/Users/antoinelopez/Epitech/DIGITAL/DIGI 2/Victory Vision Analytics/pythonProject/.venv/lib/python3.12/site-packages/sklearn/metrics/_regression.py:492: FutureWarning: 'squared' is deprecated in version 1.4 and will be removed in 1.6. To calculate the root mean squared error, use the function'root_mean_squared_error'.
  warnings.warn(
/Users/antoinelopez/Epitech/DIGITAL/DIGI 2/Victory Vision Analytics/pythonProject/.venv/lib/python3.12/site-packages/sklearn/metrics/_regression.py:675: FutureWarning: 'squared' is deprecated in version 1.4 and will be removed in 1.6. To calculate the root mean squared logarithmic error, use the function'root_mean_squared_log_error'.
  warnings.warn(
INFO     | 2024-09-20 15:23:39 | __main__:optimize:122 - Metrics: {'r2': 0.9527302980422974, 'mse': 1.4700156546550636, 'mae': 0.8138753613760304, 'rmse': 1.2124420211519658, 'rmsle': 0.12280227050172438, 'loss': 1.2124420211519658}
[I 2024-09-20 15:23:39,295] Trial 257 finished with value: 1.2124420211519658 and parameters: {'learning_rate': 0.11832983501570053, 'reg_lambda': 0.2784923123655903, 'reg_alpha': 0.0023647367588732126, 'subsample': 0.8922084726335143, 'colsample_bytree': 0.7209768277370351, 'max_depth': 4, 'early_stopping_rounds': 449, 'n_estimators': 7000}. Best is trial 207 with value: 1.189099607377955.
/Users/antoinelopez/Epitech/DIGITAL/DIGI 2/Victory Vision Analytics/pythonProject/.venv/lib/python3.12/site-packages/sklearn/metrics/_regression.py:492: FutureWarning: 'squared' is deprecated in version 1.4 and will be removed in 1.6. To calculate the root mean squared error, use the function'root_mean_squared_error'.
  warnings.warn(
/Users/antoinelopez/Epitech/DIGITAL/DIGI 2/Victory Vision Analytics/pythonProject/.venv/lib/python3.12/site-packages/sklearn/metrics/_regression.py:675: FutureWarning: 'squared' is deprecated in version 1.4 and will be removed in 1.6. To calculate the root mean squared logarithmic error, use the function'root_mean_squared_log_error'.
  warnings.warn(
INFO     | 2024-09-20 15:23:39 | __main__:optimize:122 - Metrics: {'r2': 0.9494946599006653, 'mse': 1.5706401544004762, 'mae': 0.780105842545975, 'rmse': 1.2532518319956594, 'rmsle': 0.10422937106321274, 'loss': 1.2532518319956594}
[I 2024-09-20 15:23:39,478] Trial 258 finished with value: 1.2532518319956594 and parameters: {'learning_rate': 0.1202707774667228, 'reg_lambda': 0.3560290080656186, 'reg_alpha': 0.00096952619033814, 'subsample': 0.9267706393768601, 'colsample_bytree': 0.7986225559906175, 'max_depth': 4, 'early_stopping_rounds': 219, 'n_estimators': 7000}. Best is trial 207 with value: 1.189099607377955.
/Users/antoinelopez/Epitech/DIGITAL/DIGI 2/Victory Vision Analytics/pythonProject/.venv/lib/python3.12/site-packages/sklearn/metrics/_regression.py:492: FutureWarning: 'squared' is deprecated in version 1.4 and will be removed in 1.6. To calculate the root mean squared error, use the function'root_mean_squared_error'.
  warnings.warn(
/Users/antoinelopez/Epitech/DIGITAL/DIGI 2/Victory Vision Analytics/pythonProject/.venv/lib/python3.12/site-packages/sklearn/metrics/_regression.py:675: FutureWarning: 'squared' is deprecated in version 1.4 and will be removed in 1.6. To calculate the root mean squared logarithmic error, use the function'root_mean_squared_log_error'.
  warnings.warn(
INFO     | 2024-09-20 15:23:39 | __main__:optimize:122 - Metrics: {'r2': 0.9495573043823242, 'mse': 1.5686909956468418, 'mae': 0.8551037294920101, 'rmse': 1.2524739500871234, 'rmsle': 0.12636837182799843, 'loss': 1.2524739500871234}
[I 2024-09-20 15:23:39,879] Trial 259 finished with value: 1.2524739500871234 and parameters: {'learning_rate': 0.14078409142855366, 'reg_lambda': 0.0006346209874073107, 'reg_alpha': 0.006426429700949276, 'subsample': 0.8969828735478858, 'colsample_bytree': 0.7305324655323968, 'max_depth': 5, 'early_stopping_rounds': 452, 'n_estimators': 7000}. Best is trial 207 with value: 1.189099607377955.
/Users/antoinelopez/Epitech/DIGITAL/DIGI 2/Victory Vision Analytics/pythonProject/.venv/lib/python3.12/site-packages/sklearn/metrics/_regression.py:492: FutureWarning: 'squared' is deprecated in version 1.4 and will be removed in 1.6. To calculate the root mean squared error, use the function'root_mean_squared_error'.
  warnings.warn(
/Users/antoinelopez/Epitech/DIGITAL/DIGI 2/Victory Vision Analytics/pythonProject/.venv/lib/python3.12/site-packages/sklearn/metrics/_regression.py:675: FutureWarning: 'squared' is deprecated in version 1.4 and will be removed in 1.6. To calculate the root mean squared logarithmic error, use the function'root_mean_squared_log_error'.
  warnings.warn(
INFO     | 2024-09-20 15:23:40 | __main__:optimize:122 - Metrics: {'r2': 0.948013961315155, 'mse': 1.6166875310550783, 'mae': 0.9156183734189632, 'rmse': 1.2714902795755374, 'rmsle': 0.14736884927145197, 'loss': 1.2714902795755374}
[I 2024-09-20 15:23:40,185] Trial 260 finished with value: 1.2714902795755374 and parameters: {'learning_rate': 0.12842721692432238, 'reg_lambda': 0.21470133778060663, 'reg_alpha': 0.0001179008798025991, 'subsample': 0.9149401132285805, 'colsample_bytree': 0.6303980999126824, 'max_depth': 4, 'early_stopping_rounds': 449, 'n_estimators': 7000}. Best is trial 207 with value: 1.189099607377955.
/Users/antoinelopez/Epitech/DIGITAL/DIGI 2/Victory Vision Analytics/pythonProject/.venv/lib/python3.12/site-packages/sklearn/metrics/_regression.py:492: FutureWarning: 'squared' is deprecated in version 1.4 and will be removed in 1.6. To calculate the root mean squared error, use the function'root_mean_squared_error'.
  warnings.warn(
/Users/antoinelopez/Epitech/DIGITAL/DIGI 2/Victory Vision Analytics/pythonProject/.venv/lib/python3.12/site-packages/sklearn/metrics/_regression.py:675: FutureWarning: 'squared' is deprecated in version 1.4 and will be removed in 1.6. To calculate the root mean squared logarithmic error, use the function'root_mean_squared_log_error'.
  warnings.warn(
INFO     | 2024-09-20 15:23:40 | __main__:optimize:122 - Metrics: {'r2': 0.9514477849006653, 'mse': 1.5098994973100996, 'mae': 0.8294621482838032, 'rmse': 1.228779678099414, 'rmsle': 0.10723554489148006, 'loss': 1.228779678099414}
[I 2024-09-20 15:23:40,499] Trial 261 finished with value: 1.228779678099414 and parameters: {'learning_rate': 0.11537199434482029, 'reg_lambda': 0.001245631743200291, 'reg_alpha': 0.002045665822448505, 'subsample': 0.8373980807602115, 'colsample_bytree': 0.7511023210501748, 'max_depth': 4, 'early_stopping_rounds': 443, 'n_estimators': 7000}. Best is trial 207 with value: 1.189099607377955.
/Users/antoinelopez/Epitech/DIGITAL/DIGI 2/Victory Vision Analytics/pythonProject/.venv/lib/python3.12/site-packages/sklearn/metrics/_regression.py:492: FutureWarning: 'squared' is deprecated in version 1.4 and will be removed in 1.6. To calculate the root mean squared error, use the function'root_mean_squared_error'.
  warnings.warn(
/Users/antoinelopez/Epitech/DIGITAL/DIGI 2/Victory Vision Analytics/pythonProject/.venv/lib/python3.12/site-packages/sklearn/metrics/_regression.py:675: FutureWarning: 'squared' is deprecated in version 1.4 and will be removed in 1.6. To calculate the root mean squared logarithmic error, use the function'root_mean_squared_log_error'.
  warnings.warn(
INFO     | 2024-09-20 15:23:40 | __main__:optimize:122 - Metrics: {'r2': 0.9499397873878479, 'mse': 1.556795877425992, 'mae': 0.840568781869356, 'rmse': 1.2477162647917963, 'rmsle': 0.12371330438776551, 'loss': 1.2477162647917963}
