[I 2024-09-20 15:24:41,400] Trial 470 finished with value: 1.2290778209906013 and parameters: {'learning_rate': 0.15299946964012195, 'reg_lambda': 0.03302533974915339, 'reg_alpha': 0.0003264499407172964, 'subsample': 0.8626471167071595, 'colsample_bytree': 0.7047876339281486, 'max_depth': 4, 'early_stopping_rounds': 361, 'n_estimators': 7000}. Best is trial 444 with value: 1.1759216052666033.
/Users/antoinelopez/Epitech/DIGITAL/DIGI 2/Victory Vision Analytics/pythonProject/.venv/lib/python3.12/site-packages/sklearn/metrics/_regression.py:492: FutureWarning: 'squared' is deprecated in version 1.4 and will be removed in 1.6. To calculate the root mean squared error, use the function'root_mean_squared_error'.
  warnings.warn(
/Users/antoinelopez/Epitech/DIGITAL/DIGI 2/Victory Vision Analytics/pythonProject/.venv/lib/python3.12/site-packages/sklearn/metrics/_regression.py:675: FutureWarning: 'squared' is deprecated in version 1.4 and will be removed in 1.6. To calculate the root mean squared logarithmic error, use the function'root_mean_squared_log_error'.
  warnings.warn(
INFO     | 2024-09-20 15:24:41 | __main__:optimize:122 - Metrics: {'r2': 0.9540480971336365, 'mse': 1.4290345156955895, 'mae': 0.8060589495093323, 'rmse': 1.1954223168803524, 'rmsle': 0.11625878909228042, 'loss': 1.1954223168803524}
[I 2024-09-20 15:24:41,654] Trial 471 finished with value: 1.1954223168803524 and parameters: {'learning_rate': 0.16046520199072634, 'reg_lambda': 0.06261547838967553, 'reg_alpha': 2.6402501591459784e-07, 'subsample': 0.8826329322429698, 'colsample_bytree': 0.6878794062630208, 'max_depth': 4, 'early_stopping_rounds': 354, 'n_estimators': 7000}. Best is trial 444 with value: 1.1759216052666033.
/Users/antoinelopez/Epitech/DIGITAL/DIGI 2/Victory Vision Analytics/pythonProject/.venv/lib/python3.12/site-packages/sklearn/metrics/_regression.py:492: FutureWarning: 'squared' is deprecated in version 1.4 and will be removed in 1.6. To calculate the root mean squared error, use the function'root_mean_squared_error'.
  warnings.warn(
/Users/antoinelopez/Epitech/DIGITAL/DIGI 2/Victory Vision Analytics/pythonProject/.venv/lib/python3.12/site-packages/sklearn/metrics/_regression.py:675: FutureWarning: 'squared' is deprecated in version 1.4 and will be removed in 1.6. To calculate the root mean squared logarithmic error, use the function'root_mean_squared_log_error'.
  warnings.warn(
INFO     | 2024-09-20 15:24:41 | __main__:optimize:122 - Metrics: {'r2': 0.9504363536834717, 'mse': 1.5413535533954512, 'mae': 0.8834142988504365, 'rmse': 1.2415126070223577, 'rmsle': 0.12017000688923894, 'loss': 1.2415126070223577}
[I 2024-09-20 15:24:41,909] Trial 472 finished with value: 1.2415126070223577 and parameters: {'learning_rate': 0.18184856432687002, 'reg_lambda': 0.04886878459719248, 'reg_alpha': 1.786284369527533e-07, 'subsample': 0.8824155019246456, 'colsample_bytree': 0.664452965680368, 'max_depth': 4, 'early_stopping_rounds': 348, 'n_estimators': 20000}. Best is trial 444 with value: 1.1759216052666033.
/Users/antoinelopez/Epitech/DIGITAL/DIGI 2/Victory Vision Analytics/pythonProject/.venv/lib/python3.12/site-packages/sklearn/metrics/_regression.py:492: FutureWarning: 'squared' is deprecated in version 1.4 and will be removed in 1.6. To calculate the root mean squared error, use the function'root_mean_squared_error'.
  warnings.warn(
/Users/antoinelopez/Epitech/DIGITAL/DIGI 2/Victory Vision Analytics/pythonProject/.venv/lib/python3.12/site-packages/sklearn/metrics/_regression.py:675: FutureWarning: 'squared' is deprecated in version 1.4 and will be removed in 1.6. To calculate the root mean squared logarithmic error, use the function'root_mean_squared_log_error'.
  warnings.warn(
INFO     | 2024-09-20 15:24:42 | __main__:optimize:122 - Metrics: {'r2': 0.9499260783195496, 'mse': 1.5572235356214146, 'mae': 0.8381428991639337, 'rmse': 1.2478876294047532, 'rmsle': 0.11123832500430866, 'loss': 1.2478876294047532}
[I 2024-09-20 15:24:42,169] Trial 473 finished with value: 1.2478876294047532 and parameters: {'learning_rate': 0.1652014178872465, 'reg_lambda': 0.07945543914065593, 'reg_alpha': 5.936848383960849e-07, 'subsample': 0.8488338286951865, 'colsample_bytree': 0.6774340556772289, 'max_depth': 4, 'early_stopping_rounds': 358, 'n_estimators': 7000}. Best is trial 444 with value: 1.1759216052666033.
/Users/antoinelopez/Epitech/DIGITAL/DIGI 2/Victory Vision Analytics/pythonProject/.venv/lib/python3.12/site-packages/sklearn/metrics/_regression.py:492: FutureWarning: 'squared' is deprecated in version 1.4 and will be removed in 1.6. To calculate the root mean squared error, use the function'root_mean_squared_error'.
  warnings.warn(
/Users/antoinelopez/Epitech/DIGITAL/DIGI 2/Victory Vision Analytics/pythonProject/.venv/lib/python3.12/site-packages/sklearn/metrics/_regression.py:675: FutureWarning: 'squared' is deprecated in version 1.4 and will be removed in 1.6. To calculate the root mean squared logarithmic error, use the function'root_mean_squared_log_error'.
  warnings.warn(
INFO     | 2024-09-20 15:24:42 | __main__:optimize:122 - Metrics: {'r2': 0.9498189687728882, 'mse': 1.560554208217995, 'mae': 0.825768786807393, 'rmse': 1.2492214408254427, 'rmsle': 0.11904730183243846, 'loss': 1.2492214408254427}
[I 2024-09-20 15:24:42,431] Trial 474 finished with value: 1.2492214408254427 and parameters: {'learning_rate': 0.15844089708411505, 'reg_lambda': 0.09641092811729202, 'reg_alpha': 4.0718279513571257e-07, 'subsample': 0.8939133031511015, 'colsample_bytree': 0.7002681247695441, 'max_depth': 4, 'early_stopping_rounds': 345, 'n_estimators': 7000}. Best is trial 444 with value: 1.1759216052666033.
/Users/antoinelopez/Epitech/DIGITAL/DIGI 2/Victory Vision Analytics/pythonProject/.venv/lib/python3.12/site-packages/sklearn/metrics/_regression.py:492: FutureWarning: 'squared' is deprecated in version 1.4 and will be removed in 1.6. To calculate the root mean squared error, use the function'root_mean_squared_error'.
  warnings.warn(
/Users/antoinelopez/Epitech/DIGITAL/DIGI 2/Victory Vision Analytics/pythonProject/.venv/lib/python3.12/site-packages/sklearn/metrics/_regression.py:675: FutureWarning: 'squared' is deprecated in version 1.4 and will be removed in 1.6. To calculate the root mean squared logarithmic error, use the function'root_mean_squared_log_error'.
  warnings.warn(
INFO     | 2024-09-20 15:24:42 | __main__:optimize:122 - Metrics: {'r2': 0.949556291103363, 'mse': 1.5687225485742364, 'mae': 0.8890481203101402, 'rmse': 1.2524865462647639, 'rmsle': 0.12087321699429933, 'loss': 1.2524865462647639}
[I 2024-09-20 15:24:42,685] Trial 475 finished with value: 1.2524865462647639 and parameters: {'learning_rate': 0.2009809298489282, 'reg_lambda': 0.04483391511930994, 'reg_alpha': 2.564684536404105e-06, 'subsample': 0.8672371765116487, 'colsample_bytree': 0.659305733128883, 'max_depth': 4, 'early_stopping_rounds': 355, 'n_estimators': 7000}. Best is trial 444 with value: 1.1759216052666033.
/Users/antoinelopez/Epitech/DIGITAL/DIGI 2/Victory Vision Analytics/pythonProject/.venv/lib/python3.12/site-packages/sklearn/metrics/_regression.py:492: FutureWarning: 'squared' is deprecated in version 1.4 and will be removed in 1.6. To calculate the root mean squared error, use the function'root_mean_squared_error'.
  warnings.warn(
/Users/antoinelopez/Epitech/DIGITAL/DIGI 2/Victory Vision Analytics/pythonProject/.venv/lib/python3.12/site-packages/sklearn/metrics/_regression.py:675: FutureWarning: 'squared' is deprecated in version 1.4 and will be removed in 1.6. To calculate the root mean squared logarithmic error, use the function'root_mean_squared_log_error'.
  warnings.warn(
INFO     | 2024-09-20 15:24:42 | __main__:optimize:122 - Metrics: {'r2': 0.9530137181282043, 'mse': 1.4612011164108463, 'mae': 0.8023762836012729, 'rmse': 1.2088015206851976, 'rmsle': 0.11769504625077237, 'loss': 1.2088015206851976}
[I 2024-09-20 15:24:42,931] Trial 476 finished with value: 1.2088015206851976 and parameters: {'learning_rate': 0.14755917752955985, 'reg_lambda': 0.13465308114973804, 'reg_alpha': 2.0392425272079567e-08, 'subsample': 0.8845362579618399, 'colsample_bytree': 0.6426698920372517, 'max_depth': 4, 'early_stopping_rounds': 333, 'n_estimators': 7000}. Best is trial 444 with value: 1.1759216052666033.
/Users/antoinelopez/Epitech/DIGITAL/DIGI 2/Victory Vision Analytics/pythonProject/.venv/lib/python3.12/site-packages/sklearn/metrics/_regression.py:492: FutureWarning: 'squared' is deprecated in version 1.4 and will be removed in 1.6. To calculate the root mean squared error, use the function'root_mean_squared_error'.
  warnings.warn(
/Users/antoinelopez/Epitech/DIGITAL/DIGI 2/Victory Vision Analytics/pythonProject/.venv/lib/python3.12/site-packages/sklearn/metrics/_regression.py:675: FutureWarning: 'squared' is deprecated in version 1.4 and will be removed in 1.6. To calculate the root mean squared logarithmic error, use the function'root_mean_squared_log_error'.
  warnings.warn(
INFO     | 2024-09-20 15:24:43 | __main__:optimize:122 - Metrics: {'r2': 0.949530839920044, 'mse': 1.569514658705904, 'mae': 0.9200675677421482, 'rmse': 1.2528027213835002, 'rmsle': 0.12363857425767404, 'loss': 1.2528027213835002}
[I 2024-09-20 15:24:43,217] Trial 477 finished with value: 1.2528027213835002 and parameters: {'learning_rate': 0.1706079375650038, 'reg_lambda': 0.06491471403988838, 'reg_alpha': 1.8375836510423442e-07, 'subsample': 0.8494279539425622, 'colsample_bytree': 0.6859999380104717, 'max_depth': 4, 'early_stopping_rounds': 362, 'n_estimators': 7000}. Best is trial 444 with value: 1.1759216052666033.
/Users/antoinelopez/Epitech/DIGITAL/DIGI 2/Victory Vision Analytics/pythonProject/.venv/lib/python3.12/site-packages/sklearn/metrics/_regression.py:492: FutureWarning: 'squared' is deprecated in version 1.4 and will be removed in 1.6. To calculate the root mean squared error, use the function'root_mean_squared_error'.
  warnings.warn(
/Users/antoinelopez/Epitech/DIGITAL/DIGI 2/Victory Vision Analytics/pythonProject/.venv/lib/python3.12/site-packages/sklearn/metrics/_regression.py:675: FutureWarning: 'squared' is deprecated in version 1.4 and will be removed in 1.6. To calculate the root mean squared logarithmic error, use the function'root_mean_squared_log_error'.
  warnings.warn(
INFO     | 2024-09-20 15:24:43 | __main__:optimize:122 - Metrics: {'r2': 0.9526032209396362, 'mse': 1.4739673663975321, 'mae': 0.8047536161056784, 'rmse': 1.2140705771896179, 'rmsle': 0.1051247451242649, 'loss': 1.2140705771896179}
[I 2024-09-20 15:24:43,476] Trial 478 finished with value: 1.2140705771896179 and parameters: {'learning_rate': 0.14126254336817026, 'reg_lambda': 0.020498319999848098, 'reg_alpha': 8.832377660718445e-08, 'subsample': 0.8666345668241751, 'colsample_bytree': 0.6963061162861923, 'max_depth': 4, 'early_stopping_rounds': 340, 'n_estimators': 7000}. Best is trial 444 with value: 1.1759216052666033.
/Users/antoinelopez/Epitech/DIGITAL/DIGI 2/Victory Vision Analytics/pythonProject/.venv/lib/python3.12/site-packages/sklearn/metrics/_regression.py:492: FutureWarning: 'squared' is deprecated in version 1.4 and will be removed in 1.6. To calculate the root mean squared error, use the function'root_mean_squared_error'.
  warnings.warn(
/Users/antoinelopez/Epitech/DIGITAL/DIGI 2/Victory Vision Analytics/pythonProject/.venv/lib/python3.12/site-packages/sklearn/metrics/_regression.py:675: FutureWarning: 'squared' is deprecated in version 1.4 and will be removed in 1.6. To calculate the root mean squared logarithmic error, use the function'root_mean_squared_log_error'.
  warnings.warn(
INFO     | 2024-09-20 15:24:43 | __main__:optimize:122 - Metrics: {'r2': 0.9485816359519958, 'mse': 1.5990324533550768, 'mae': 0.8610909807127576, 'rmse': 1.264528549837874, 'rmsle': 0.1131342541050034, 'loss': 1.264528549837874}
[I 2024-09-20 15:24:43,712] Trial 479 finished with value: 1.264528549837874 and parameters: {'learning_rate': 0.15500756028943702, 'reg_lambda': 0.1966479327667876, 'reg_alpha': 1.5809490678488149e-06, 'subsample': 0.825345792114604, 'colsample_bytree': 0.7074697669868634, 'max_depth': 4, 'early_stopping_rounds': 274, 'n_estimators': 7000}. Best is trial 444 with value: 1.1759216052666033.
/Users/antoinelopez/Epitech/DIGITAL/DIGI 2/Victory Vision Analytics/pythonProject/.venv/lib/python3.12/site-packages/sklearn/metrics/_regression.py:492: FutureWarning: 'squared' is deprecated in version 1.4 and will be removed in 1.6. To calculate the root mean squared error, use the function'root_mean_squared_error'.
  warnings.warn(
/Users/antoinelopez/Epitech/DIGITAL/DIGI 2/Victory Vision Analytics/pythonProject/.venv/lib/python3.12/site-packages/sklearn/metrics/_regression.py:675: FutureWarning: 'squared' is deprecated in version 1.4 and will be removed in 1.6. To calculate the root mean squared logarithmic error, use the function'root_mean_squared_log_error'.
  warnings.warn(
INFO     | 2024-09-20 15:24:43 | __main__:optimize:122 - Metrics: {'r2': 0.9517941474914551, 'mse': 1.4991289006422712, 'mae': 0.8250143087187479, 'rmse': 1.2243891949222157, 'rmsle': 0.1181085391923738, 'loss': 1.2243891949222157}
[I 2024-09-20 15:24:43,962] Trial 480 finished with value: 1.2243891949222157 and parameters: {'learning_rate': 0.15905140017933483, 'reg_lambda': 0.02745009560786301, 'reg_alpha': 3.529810396502433e-08, 'subsample': 0.9091053477421098, 'colsample_bytree': 0.6794717216519038, 'max_depth': 4, 'early_stopping_rounds': 354, 'n_estimators': 7000}. Best is trial 444 with value: 1.1759216052666033.
/Users/antoinelopez/Epitech/DIGITAL/DIGI 2/Victory Vision Analytics/pythonProject/.venv/lib/python3.12/site-packages/sklearn/metrics/_regression.py:492: FutureWarning: 'squared' is deprecated in version 1.4 and will be removed in 1.6. To calculate the root mean squared error, use the function'root_mean_squared_error'.
  warnings.warn(
/Users/antoinelopez/Epitech/DIGITAL/DIGI 2/Victory Vision Analytics/pythonProject/.venv/lib/python3.12/site-packages/sklearn/metrics/_regression.py:675: FutureWarning: 'squared' is deprecated in version 1.4 and will be removed in 1.6. To calculate the root mean squared logarithmic error, use the function'root_mean_squared_log_error'.
  warnings.warn(
INFO     | 2024-09-20 15:24:44 | __main__:optimize:122 - Metrics: {'r2': 0.9460899829864502, 'mse': 1.676518978399752, 'mae': 0.9142429580522138, 'rmse': 1.294804610124536, 'rmsle': 0.1343430065180512, 'loss': 1.294804610124536}
[I 2024-09-20 15:24:44,368] Trial 481 finished with value: 1.294804610124536 and parameters: {'learning_rate': 0.1792733966485642, 'reg_lambda': 0.09725778175541094, 'reg_alpha': 0.0003811565342996037, 'subsample': 0.879353331363535, 'colsample_bytree': 0.4808528945725331, 'max_depth': 4, 'early_stopping_rounds': 326, 'n_estimators': 7000}. Best is trial 444 with value: 1.1759216052666033.
/Users/antoinelopez/Epitech/DIGITAL/DIGI 2/Victory Vision Analytics/pythonProject/.venv/lib/python3.12/site-packages/sklearn/metrics/_regression.py:492: FutureWarning: 'squared' is deprecated in version 1.4 and will be removed in 1.6. To calculate the root mean squared error, use the function'root_mean_squared_error'.
  warnings.warn(
/Users/antoinelopez/Epitech/DIGITAL/DIGI 2/Victory Vision Analytics/pythonProject/.venv/lib/python3.12/site-packages/sklearn/metrics/_regression.py:675: FutureWarning: 'squared' is deprecated in version 1.4 and will be removed in 1.6. To calculate the root mean squared logarithmic error, use the function'root_mean_squared_log_error'.
  warnings.warn(
INFO     | 2024-09-20 15:24:44 | __main__:optimize:122 - Metrics: {'r2': 0.9499390125274658, 'mse': 1.5568213804208415, 'mae': 0.8747013927892197, 'rmse': 1.2477264846194625, 'rmsle': 0.11448155413379747, 'loss': 1.2477264846194625}
[I 2024-09-20 15:24:44,706] Trial 482 finished with value: 1.2477264846194625 and parameters: {'learning_rate': 0.14504471155738827, 'reg_lambda': 0.2826600425741543, 'reg_alpha': 1.1954025429663974e-05, 'subsample': 0.840472910836682, 'colsample_bytree': 0.6545923348659191, 'max_depth': 4, 'early_stopping_rounds': 342, 'n_estimators': 7000}. Best is trial 444 with value: 1.1759216052666033.
/Users/antoinelopez/Epitech/DIGITAL/DIGI 2/Victory Vision Analytics/pythonProject/.venv/lib/python3.12/site-packages/sklearn/metrics/_regression.py:492: FutureWarning: 'squared' is deprecated in version 1.4 and will be removed in 1.6. To calculate the root mean squared error, use the function'root_mean_squared_error'.
  warnings.warn(
/Users/antoinelopez/Epitech/DIGITAL/DIGI 2/Victory Vision Analytics/pythonProject/.venv/lib/python3.12/site-packages/sklearn/metrics/_regression.py:675: FutureWarning: 'squared' is deprecated in version 1.4 and will be removed in 1.6. To calculate the root mean squared logarithmic error, use the function'root_mean_squared_log_error'.
  warnings.warn(
INFO     | 2024-09-20 15:24:44 | __main__:optimize:122 - Metrics: {'r2': 0.9474867582321167, 'mse': 1.6330813563309226, 'mae': 0.8382813371891199, 'rmse': 1.2779207159800339, 'rmsle': 0.12188744804598349, 'loss': 1.2779207159800339}
[I 2024-09-20 15:24:44,979] Trial 483 finished with value: 1.2779207159800339 and parameters: {'learning_rate': 0.13598846300468712, 'reg_lambda': 0.17598845546699954, 'reg_alpha': 1.7624512820624323e-05, 'subsample': 0.9015041422732241, 'colsample_bytree': 0.6715039729299543, 'max_depth': 4, 'early_stopping_rounds': 258, 'n_estimators': 7000}. Best is trial 444 with value: 1.1759216052666033.
/Users/antoinelopez/Epitech/DIGITAL/DIGI 2/Victory Vision Analytics/pythonProject/.venv/lib/python3.12/site-packages/sklearn/metrics/_regression.py:492: FutureWarning: 'squared' is deprecated in version 1.4 and will be removed in 1.6. To calculate the root mean squared error, use the function'root_mean_squared_error'.
  warnings.warn(
/Users/antoinelopez/Epitech/DIGITAL/DIGI 2/Victory Vision Analytics/pythonProject/.venv/lib/python3.12/site-packages/sklearn/metrics/_regression.py:675: FutureWarning: 'squared' is deprecated in version 1.4 and will be removed in 1.6. To calculate the root mean squared logarithmic error, use the function'root_mean_squared_log_error'.
  warnings.warn(
INFO     | 2024-09-20 15:24:45 | __main__:optimize:122 - Metrics: {'r2': 0.9493468403816223, 'mse': 1.5752357922183158, 'mae': 0.8605583606764328, 'rmse': 1.255083978153779, 'rmsle': 0.11636622842937888, 'loss': 1.255083978153779}
[I 2024-09-20 15:24:45,304] Trial 484 finished with value: 1.255083978153779 and parameters: {'learning_rate': 0.16357013528521258, 'reg_lambda': 0.04010323771605812, 'reg_alpha': 0.00021658985332039568, 'subsample': 0.8601362060872054, 'colsample_bytree': 0.6408255328898265, 'max_depth': 4, 'early_stopping_rounds': 363, 'n_estimators': 7000}. Best is trial 444 with value: 1.1759216052666033.
/Users/antoinelopez/Epitech/DIGITAL/DIGI 2/Victory Vision Analytics/pythonProject/.venv/lib/python3.12/site-packages/sklearn/metrics/_regression.py:492: FutureWarning: 'squared' is deprecated in version 1.4 and will be removed in 1.6. To calculate the root mean squared error, use the function'root_mean_squared_error'.
  warnings.warn(
/Users/antoinelopez/Epitech/DIGITAL/DIGI 2/Victory Vision Analytics/pythonProject/.venv/lib/python3.12/site-packages/sklearn/metrics/_regression.py:675: FutureWarning: 'squared' is deprecated in version 1.4 and will be removed in 1.6. To calculate the root mean squared logarithmic error, use the function'root_mean_squared_log_error'.
  warnings.warn(
INFO     | 2024-09-20 15:24:45 | __main__:optimize:122 - Metrics: {'r2': 0.9520795345306396, 'mse': 1.490252926510421, 'mae': 0.8358423780563266, 'rmse': 1.2207591599125607, 'rmsle': 0.11284288656134508, 'loss': 1.2207591599125607}
[I 2024-09-20 15:24:45,712] Trial 485 finished with value: 1.2207591599125607 and parameters: {'learning_rate': 0.14980470100643944, 'reg_lambda': 0.5507804572928006, 'reg_alpha': 1.7635437324471902e-06, 'subsample': 0.8059007204327785, 'colsample_bytree': 0.7102092360000777, 'max_depth': 4, 'early_stopping_rounds': 355, 'n_estimators': 15000}. Best is trial 444 with value: 1.1759216052666033.
/Users/antoinelopez/Epitech/DIGITAL/DIGI 2/Victory Vision Analytics/pythonProject/.venv/lib/python3.12/site-packages/sklearn/metrics/_regression.py:492: FutureWarning: 'squared' is deprecated in version 1.4 and will be removed in 1.6. To calculate the root mean squared error, use the function'root_mean_squared_error'.
  warnings.warn(
/Users/antoinelopez/Epitech/DIGITAL/DIGI 2/Victory Vision Analytics/pythonProject/.venv/lib/python3.12/site-packages/sklearn/metrics/_regression.py:675: FutureWarning: 'squared' is deprecated in version 1.4 and will be removed in 1.6. To calculate the root mean squared logarithmic error, use the function'root_mean_squared_log_error'.
  warnings.warn(
INFO     | 2024-09-20 15:24:45 | __main__:optimize:122 - Metrics: {'r2': 0.9551492929458618, 'mse': 1.394788144171375, 'mae': 0.8012908925843794, 'rmse': 1.181011491972612, 'rmsle': 0.11256487784714185, 'loss': 1.181011491972612}
