[I 2024-09-20 15:23:25,634] Trial 214 finished with value: 1.2161238176817004 and parameters: {'learning_rate': 0.12519101359829563, 'reg_lambda': 0.010995896345790322, 'reg_alpha': 0.000724321366363148, 'subsample': 0.8688752220972892, 'colsample_bytree': 0.7091871377464454, 'max_depth': 4, 'early_stopping_rounds': 402, 'n_estimators': 7000}. Best is trial 207 with value: 1.189099607377955.
/Users/antoinelopez/Epitech/DIGITAL/DIGI 2/Victory Vision Analytics/pythonProject/.venv/lib/python3.12/site-packages/sklearn/metrics/_regression.py:492: FutureWarning: 'squared' is deprecated in version 1.4 and will be removed in 1.6. To calculate the root mean squared error, use the function'root_mean_squared_error'.
  warnings.warn(
/Users/antoinelopez/Epitech/DIGITAL/DIGI 2/Victory Vision Analytics/pythonProject/.venv/lib/python3.12/site-packages/sklearn/metrics/_regression.py:675: FutureWarning: 'squared' is deprecated in version 1.4 and will be removed in 1.6. To calculate the root mean squared logarithmic error, use the function'root_mean_squared_log_error'.
  warnings.warn(
INFO     | 2024-09-20 15:23:25 | __main__:optimize:122 - Metrics: {'r2': 0.9506518244743347, 'mse': 1.5346536805907436, 'mae': 0.8337918056305065, 'rmse': 1.2388113983132152, 'rmsle': 0.11469923514603977, 'loss': 1.2388113983132152}
[I 2024-09-20 15:23:25,913] Trial 215 finished with value: 1.2388113983132152 and parameters: {'learning_rate': 0.1316152616352155, 'reg_lambda': 0.010721735104191138, 'reg_alpha': 0.005950701825989429, 'subsample': 0.8602076991065927, 'colsample_bytree': 0.7136709455449606, 'max_depth': 4, 'early_stopping_rounds': 399, 'n_estimators': 7000}. Best is trial 207 with value: 1.189099607377955.
/Users/antoinelopez/Epitech/DIGITAL/DIGI 2/Victory Vision Analytics/pythonProject/.venv/lib/python3.12/site-packages/sklearn/metrics/_regression.py:492: FutureWarning: 'squared' is deprecated in version 1.4 and will be removed in 1.6. To calculate the root mean squared error, use the function'root_mean_squared_error'.
  warnings.warn(
/Users/antoinelopez/Epitech/DIGITAL/DIGI 2/Victory Vision Analytics/pythonProject/.venv/lib/python3.12/site-packages/sklearn/metrics/_regression.py:675: FutureWarning: 'squared' is deprecated in version 1.4 and will be removed in 1.6. To calculate the root mean squared logarithmic error, use the function'root_mean_squared_log_error'.
  warnings.warn(
INFO     | 2024-09-20 15:23:26 | __main__:optimize:122 - Metrics: {'r2': 0.9536006450653076, 'mse': 1.4429492661006782, 'mae': 0.8030089733212493, 'rmse': 1.201228232310862, 'rmsle': 0.11708686508539465, 'loss': 1.201228232310862}
[I 2024-09-20 15:23:26,265] Trial 216 finished with value: 1.201228232310862 and parameters: {'learning_rate': 0.1259095837142064, 'reg_lambda': 0.014878515809289838, 'reg_alpha': 0.0003138386689779236, 'subsample': 0.86799365419239, 'colsample_bytree': 0.6676899510260125, 'max_depth': 4, 'early_stopping_rounds': 391, 'n_estimators': 7000}. Best is trial 207 with value: 1.189099607377955.
/Users/antoinelopez/Epitech/DIGITAL/DIGI 2/Victory Vision Analytics/pythonProject/.venv/lib/python3.12/site-packages/sklearn/metrics/_regression.py:492: FutureWarning: 'squared' is deprecated in version 1.4 and will be removed in 1.6. To calculate the root mean squared error, use the function'root_mean_squared_error'.
  warnings.warn(
/Users/antoinelopez/Epitech/DIGITAL/DIGI 2/Victory Vision Analytics/pythonProject/.venv/lib/python3.12/site-packages/sklearn/metrics/_regression.py:675: FutureWarning: 'squared' is deprecated in version 1.4 and will be removed in 1.6. To calculate the root mean squared logarithmic error, use the function'root_mean_squared_log_error'.
  warnings.warn(
INFO     | 2024-09-20 15:23:26 | __main__:optimize:122 - Metrics: {'r2': 0.9493010640144348, 'mse': 1.5766595902409821, 'mae': 0.8272983521916145, 'rmse': 1.2556510622943708, 'rmsle': 0.12210342280094028, 'loss': 1.2556510622943708}
[I 2024-09-20 15:23:26,513] Trial 217 finished with value: 1.2556510622943708 and parameters: {'learning_rate': 0.14086396193895145, 'reg_lambda': 0.012959879783770471, 'reg_alpha': 0.001457547061536274, 'subsample': 0.905668403031009, 'colsample_bytree': 0.6671024996996334, 'max_depth': 4, 'early_stopping_rounds': 390, 'n_estimators': 7000}. Best is trial 207 with value: 1.189099607377955.
/Users/antoinelopez/Epitech/DIGITAL/DIGI 2/Victory Vision Analytics/pythonProject/.venv/lib/python3.12/site-packages/sklearn/metrics/_regression.py:492: FutureWarning: 'squared' is deprecated in version 1.4 and will be removed in 1.6. To calculate the root mean squared error, use the function'root_mean_squared_error'.
  warnings.warn(
/Users/antoinelopez/Epitech/DIGITAL/DIGI 2/Victory Vision Analytics/pythonProject/.venv/lib/python3.12/site-packages/sklearn/metrics/_regression.py:675: FutureWarning: 'squared' is deprecated in version 1.4 and will be removed in 1.6. To calculate the root mean squared logarithmic error, use the function'root_mean_squared_log_error'.
  warnings.warn(
INFO     | 2024-09-20 15:23:26 | __main__:optimize:122 - Metrics: {'r2': 0.9507767558097839, 'mse': 1.5307676382791198, 'mae': 0.8427283668933913, 'rmse': 1.2372419481569157, 'rmsle': 0.12736775597045433, 'loss': 1.2372419481569157}
[I 2024-09-20 15:23:26,806] Trial 218 finished with value: 1.2372419481569157 and parameters: {'learning_rate': 0.11400885802064932, 'reg_lambda': 0.029323510514652453, 'reg_alpha': 9.05844198496121e-05, 'subsample': 0.8447225292927637, 'colsample_bytree': 0.4376073571151725, 'max_depth': 4, 'early_stopping_rounds': 416, 'n_estimators': 15000}. Best is trial 207 with value: 1.189099607377955.
/Users/antoinelopez/Epitech/DIGITAL/DIGI 2/Victory Vision Analytics/pythonProject/.venv/lib/python3.12/site-packages/sklearn/metrics/_regression.py:492: FutureWarning: 'squared' is deprecated in version 1.4 and will be removed in 1.6. To calculate the root mean squared error, use the function'root_mean_squared_error'.
  warnings.warn(
/Users/antoinelopez/Epitech/DIGITAL/DIGI 2/Victory Vision Analytics/pythonProject/.venv/lib/python3.12/site-packages/sklearn/metrics/_regression.py:675: FutureWarning: 'squared' is deprecated in version 1.4 and will be removed in 1.6. To calculate the root mean squared logarithmic error, use the function'root_mean_squared_log_error'.
  warnings.warn(
INFO     | 2024-09-20 15:23:27 | __main__:optimize:122 - Metrics: {'r2': 0.9544335603713989, 'mse': 1.4170475017351585, 'mae': 0.8002484941205313, 'rmse': 1.1903980434019363, 'rmsle': 0.11215813973722535, 'loss': 1.1903980434019363}
[I 2024-09-20 15:23:27,085] Trial 219 finished with value: 1.1903980434019363 and parameters: {'learning_rate': 0.13146066167531686, 'reg_lambda': 0.05932990085766613, 'reg_alpha': 0.0002754514186875453, 'subsample': 0.9214457325266061, 'colsample_bytree': 0.67287449596647, 'max_depth': 4, 'early_stopping_rounds': 429, 'n_estimators': 7000}. Best is trial 207 with value: 1.189099607377955.
/Users/antoinelopez/Epitech/DIGITAL/DIGI 2/Victory Vision Analytics/pythonProject/.venv/lib/python3.12/site-packages/sklearn/metrics/_regression.py:492: FutureWarning: 'squared' is deprecated in version 1.4 and will be removed in 1.6. To calculate the root mean squared error, use the function'root_mean_squared_error'.
  warnings.warn(
/Users/antoinelopez/Epitech/DIGITAL/DIGI 2/Victory Vision Analytics/pythonProject/.venv/lib/python3.12/site-packages/sklearn/metrics/_regression.py:675: FutureWarning: 'squared' is deprecated in version 1.4 and will be removed in 1.6. To calculate the root mean squared logarithmic error, use the function'root_mean_squared_log_error'.
  warnings.warn(
INFO     | 2024-09-20 15:23:27 | __main__:optimize:122 - Metrics: {'r2': 0.9516053795814514, 'mse': 1.5049990060538014, 'mae': 0.8302911980207577, 'rmse': 1.2267840095362352, 'rmsle': 0.12001114717780476, 'loss': 1.2267840095362352}
[I 2024-09-20 15:23:27,352] Trial 220 finished with value: 1.2267840095362352 and parameters: {'learning_rate': 0.1417143546372418, 'reg_lambda': 0.05107619259459727, 'reg_alpha': 0.0002610813190554612, 'subsample': 0.921297124412647, 'colsample_bytree': 0.682080719626208, 'max_depth': 4, 'early_stopping_rounds': 421, 'n_estimators': 7000}. Best is trial 207 with value: 1.189099607377955.
/Users/antoinelopez/Epitech/DIGITAL/DIGI 2/Victory Vision Analytics/pythonProject/.venv/lib/python3.12/site-packages/sklearn/metrics/_regression.py:492: FutureWarning: 'squared' is deprecated in version 1.4 and will be removed in 1.6. To calculate the root mean squared error, use the function'root_mean_squared_error'.
  warnings.warn(
/Users/antoinelopez/Epitech/DIGITAL/DIGI 2/Victory Vision Analytics/pythonProject/.venv/lib/python3.12/site-packages/sklearn/metrics/_regression.py:675: FutureWarning: 'squared' is deprecated in version 1.4 and will be removed in 1.6. To calculate the root mean squared logarithmic error, use the function'root_mean_squared_log_error'.
  warnings.warn(
INFO     | 2024-09-20 15:23:27 | __main__:optimize:122 - Metrics: {'r2': 0.9523278474807739, 'mse': 1.4825313352502507, 'mae': 0.8034165191789006, 'rmse': 1.2175924339655904, 'rmsle': 0.11620629340402483, 'loss': 1.2175924339655904}
[I 2024-09-20 15:23:27,630] Trial 221 finished with value: 1.2175924339655904 and parameters: {'learning_rate': 0.12909275068585108, 'reg_lambda': 0.05539044943418925, 'reg_alpha': 0.0023240224228344027, 'subsample': 0.8764569184689522, 'colsample_bytree': 0.664026387942914, 'max_depth': 4, 'early_stopping_rounds': 429, 'n_estimators': 7000}. Best is trial 207 with value: 1.189099607377955.
/Users/antoinelopez/Epitech/DIGITAL/DIGI 2/Victory Vision Analytics/pythonProject/.venv/lib/python3.12/site-packages/sklearn/metrics/_regression.py:492: FutureWarning: 'squared' is deprecated in version 1.4 and will be removed in 1.6. To calculate the root mean squared error, use the function'root_mean_squared_error'.
  warnings.warn(
/Users/antoinelopez/Epitech/DIGITAL/DIGI 2/Victory Vision Analytics/pythonProject/.venv/lib/python3.12/site-packages/sklearn/metrics/_regression.py:675: FutureWarning: 'squared' is deprecated in version 1.4 and will be removed in 1.6. To calculate the root mean squared logarithmic error, use the function'root_mean_squared_log_error'.
  warnings.warn(
INFO     | 2024-09-20 15:23:27 | __main__:optimize:122 - Metrics: {'r2': 0.9485583305358887, 'mse': 1.5997585334791806, 'mae': 0.8377898912097133, 'rmse': 1.2648156124428496, 'rmsle': 0.1190545030801757, 'loss': 1.2648156124428496}
[I 2024-09-20 15:23:27,913] Trial 222 finished with value: 1.2648156124428496 and parameters: {'learning_rate': 0.12211661067235666, 'reg_lambda': 0.005006858816331064, 'reg_alpha': 0.00040154720443014706, 'subsample': 0.8952490594625027, 'colsample_bytree': 0.6472779869801956, 'max_depth': 4, 'early_stopping_rounds': 437, 'n_estimators': 7000}. Best is trial 207 with value: 1.189099607377955.
/Users/antoinelopez/Epitech/DIGITAL/DIGI 2/Victory Vision Analytics/pythonProject/.venv/lib/python3.12/site-packages/sklearn/metrics/_regression.py:492: FutureWarning: 'squared' is deprecated in version 1.4 and will be removed in 1.6. To calculate the root mean squared error, use the function'root_mean_squared_error'.
  warnings.warn(
/Users/antoinelopez/Epitech/DIGITAL/DIGI 2/Victory Vision Analytics/pythonProject/.venv/lib/python3.12/site-packages/sklearn/metrics/_regression.py:675: FutureWarning: 'squared' is deprecated in version 1.4 and will be removed in 1.6. To calculate the root mean squared logarithmic error, use the function'root_mean_squared_log_error'.
  warnings.warn(
INFO     | 2024-09-20 15:23:28 | __main__:optimize:122 - Metrics: {'r2': 0.9527233839035034, 'mse': 1.4702308774188348, 'mae': 0.828759419987368, 'rmse': 1.2125307738028075, 'rmsle': 0.11726141486734984, 'loss': 1.2125307738028075}
[I 2024-09-20 15:23:28,197] Trial 223 finished with value: 1.2125307738028075 and parameters: {'learning_rate': 0.1328302997392185, 'reg_lambda': 0.15068770781310234, 'reg_alpha': 0.00015245791338502375, 'subsample': 0.9240434697839915, 'colsample_bytree': 0.6653242285967715, 'max_depth': 4, 'early_stopping_rounds': 426, 'n_estimators': 7000}. Best is trial 207 with value: 1.189099607377955.
/Users/antoinelopez/Epitech/DIGITAL/DIGI 2/Victory Vision Analytics/pythonProject/.venv/lib/python3.12/site-packages/sklearn/metrics/_regression.py:492: FutureWarning: 'squared' is deprecated in version 1.4 and will be removed in 1.6. To calculate the root mean squared error, use the function'root_mean_squared_error'.
  warnings.warn(
/Users/antoinelopez/Epitech/DIGITAL/DIGI 2/Victory Vision Analytics/pythonProject/.venv/lib/python3.12/site-packages/sklearn/metrics/_regression.py:675: FutureWarning: 'squared' is deprecated in version 1.4 and will be removed in 1.6. To calculate the root mean squared logarithmic error, use the function'root_mean_squared_log_error'.
  warnings.warn(
INFO     | 2024-09-20 15:23:28 | __main__:optimize:122 - Metrics: {'r2': 0.9506536722183228, 'mse': 1.5345959969126244, 'mae': 0.8443269646444986, 'rmse': 1.2387881162299808, 'rmsle': 0.12087758999823583, 'loss': 1.2387881162299808}
[I 2024-09-20 15:23:28,467] Trial 224 finished with value: 1.2387881162299808 and parameters: {'learning_rate': 0.1311566199503527, 'reg_lambda': 0.14626766326418392, 'reg_alpha': 0.0010273001096742901, 'subsample': 0.9200295891592248, 'colsample_bytree': 0.6748158360756362, 'max_depth': 4, 'early_stopping_rounds': 416, 'n_estimators': 7000}. Best is trial 207 with value: 1.189099607377955.
/Users/antoinelopez/Epitech/DIGITAL/DIGI 2/Victory Vision Analytics/pythonProject/.venv/lib/python3.12/site-packages/sklearn/metrics/_regression.py:492: FutureWarning: 'squared' is deprecated in version 1.4 and will be removed in 1.6. To calculate the root mean squared error, use the function'root_mean_squared_error'.
  warnings.warn(
/Users/antoinelopez/Epitech/DIGITAL/DIGI 2/Victory Vision Analytics/pythonProject/.venv/lib/python3.12/site-packages/sklearn/metrics/_regression.py:675: FutureWarning: 'squared' is deprecated in version 1.4 and will be removed in 1.6. To calculate the root mean squared logarithmic error, use the function'root_mean_squared_log_error'.
  warnings.warn(
INFO     | 2024-09-20 15:23:28 | __main__:optimize:122 - Metrics: {'r2': 0.9515973329544067, 'mse': 1.50524996065977, 'mae': 0.829384670423907, 'rmse': 1.2268862867681625, 'rmsle': 0.11373862761104492, 'loss': 1.2268862867681625}
[I 2024-09-20 15:23:28,755] Trial 225 finished with value: 1.2268862867681625 and parameters: {'learning_rate': 0.13667283328410165, 'reg_lambda': 0.0028658955449993827, 'reg_alpha': 0.00010353778763839001, 'subsample': 0.9354513272619479, 'colsample_bytree': 0.6958733537491557, 'max_depth': 4, 'early_stopping_rounds': 423, 'n_estimators': 7000}. Best is trial 207 with value: 1.189099607377955.
/Users/antoinelopez/Epitech/DIGITAL/DIGI 2/Victory Vision Analytics/pythonProject/.venv/lib/python3.12/site-packages/sklearn/metrics/_regression.py:492: FutureWarning: 'squared' is deprecated in version 1.4 and will be removed in 1.6. To calculate the root mean squared error, use the function'root_mean_squared_error'.
  warnings.warn(
/Users/antoinelopez/Epitech/DIGITAL/DIGI 2/Victory Vision Analytics/pythonProject/.venv/lib/python3.12/site-packages/sklearn/metrics/_regression.py:675: FutureWarning: 'squared' is deprecated in version 1.4 and will be removed in 1.6. To calculate the root mean squared logarithmic error, use the function'root_mean_squared_log_error'.
  warnings.warn(
INFO     | 2024-09-20 15:23:29 | __main__:optimize:122 - Metrics: {'r2': 0.951725959777832, 'mse': 1.501249284241865, 'mae': 0.8127934813499451, 'rmse': 1.2252547833988916, 'rmsle': 0.11294945607988298, 'loss': 1.2252547833988916}
[I 2024-09-20 15:23:29,063] Trial 226 finished with value: 1.2252547833988916 and parameters: {'learning_rate': 0.12158172395671231, 'reg_lambda': 0.4956474757571525, 'reg_alpha': 0.00016988768222356315, 'subsample': 0.8598269237180696, 'colsample_bytree': 0.7373149756809367, 'max_depth': 4, 'early_stopping_rounds': 434, 'n_estimators': 7000}. Best is trial 207 with value: 1.189099607377955.
/Users/antoinelopez/Epitech/DIGITAL/DIGI 2/Victory Vision Analytics/pythonProject/.venv/lib/python3.12/site-packages/sklearn/metrics/_regression.py:492: FutureWarning: 'squared' is deprecated in version 1.4 and will be removed in 1.6. To calculate the root mean squared error, use the function'root_mean_squared_error'.
  warnings.warn(
/Users/antoinelopez/Epitech/DIGITAL/DIGI 2/Victory Vision Analytics/pythonProject/.venv/lib/python3.12/site-packages/sklearn/metrics/_regression.py:675: FutureWarning: 'squared' is deprecated in version 1.4 and will be removed in 1.6. To calculate the root mean squared logarithmic error, use the function'root_mean_squared_log_error'.
  warnings.warn(
INFO     | 2024-09-20 15:23:29 | __main__:optimize:122 - Metrics: {'r2': 0.9540285468101501, 'mse': 1.4296417433050237, 'mae': 0.8163409933101299, 'rmse': 1.1956762702776298, 'rmsle': 0.11139063186742852, 'loss': 1.1956762702776298}
[I 2024-09-20 15:23:29,336] Trial 227 finished with value: 1.1956762702776298 and parameters: {'learning_rate': 0.14713437155875062, 'reg_lambda': 0.007204286636323988, 'reg_alpha': 0.000706215462697941, 'subsample': 0.8758582120611315, 'colsample_bytree': 0.6722427874298108, 'max_depth': 4, 'early_stopping_rounds': 407, 'n_estimators': 7000}. Best is trial 207 with value: 1.189099607377955.
/Users/antoinelopez/Epitech/DIGITAL/DIGI 2/Victory Vision Analytics/pythonProject/.venv/lib/python3.12/site-packages/sklearn/metrics/_regression.py:492: FutureWarning: 'squared' is deprecated in version 1.4 and will be removed in 1.6. To calculate the root mean squared error, use the function'root_mean_squared_error'.
  warnings.warn(
/Users/antoinelopez/Epitech/DIGITAL/DIGI 2/Victory Vision Analytics/pythonProject/.venv/lib/python3.12/site-packages/sklearn/metrics/_regression.py:675: FutureWarning: 'squared' is deprecated in version 1.4 and will be removed in 1.6. To calculate the root mean squared logarithmic error, use the function'root_mean_squared_log_error'.
  warnings.warn(
INFO     | 2024-09-20 15:23:29 | __main__:optimize:122 - Metrics: {'r2': 0.9495523571968079, 'mse': 1.5688453959886934, 'mae': 0.8742550356443538, 'rmse': 1.2525355867154806, 'rmsle': 0.12255295703125646, 'loss': 1.2525355867154806}
[I 2024-09-20 15:23:29,630] Trial 228 finished with value: 1.2525355867154806 and parameters: {'learning_rate': 0.14124263887905905, 'reg_lambda': 0.19649415475980497, 'reg_alpha': 3.310133349426447e-05, 'subsample': 0.8874014419059691, 'colsample_bytree': 0.410230499888507, 'max_depth': 4, 'early_stopping_rounds': 416, 'n_estimators': 7000}. Best is trial 207 with value: 1.189099607377955.
/Users/antoinelopez/Epitech/DIGITAL/DIGI 2/Victory Vision Analytics/pythonProject/.venv/lib/python3.12/site-packages/sklearn/metrics/_regression.py:492: FutureWarning: 'squared' is deprecated in version 1.4 and will be removed in 1.6. To calculate the root mean squared error, use the function'root_mean_squared_error'.
  warnings.warn(
/Users/antoinelopez/Epitech/DIGITAL/DIGI 2/Victory Vision Analytics/pythonProject/.venv/lib/python3.12/site-packages/sklearn/metrics/_regression.py:675: FutureWarning: 'squared' is deprecated in version 1.4 and will be removed in 1.6. To calculate the root mean squared logarithmic error, use the function'root_mean_squared_log_error'.
  warnings.warn(
INFO     | 2024-09-20 15:23:30 | __main__:optimize:122 - Metrics: {'r2': 0.947658896446228, 'mse': 1.6277294951347465, 'mae': 0.8677692685016366, 'rmse': 1.2758250252815808, 'rmsle': 0.12530044526528916, 'loss': 1.2758250252815808}
[I 2024-09-20 15:23:30,038] Trial 229 finished with value: 1.2758250252815808 and parameters: {'learning_rate': 0.1531289565504861, 'reg_lambda': 0.005855944534969946, 'reg_alpha': 0.0003898819976237651, 'subsample': 0.9251021435996392, 'colsample_bytree': 0.673282720527437, 'max_depth': 5, 'early_stopping_rounds': 425, 'n_estimators': 7000}. Best is trial 207 with value: 1.189099607377955.
/Users/antoinelopez/Epitech/DIGITAL/DIGI 2/Victory Vision Analytics/pythonProject/.venv/lib/python3.12/site-packages/sklearn/metrics/_regression.py:492: FutureWarning: 'squared' is deprecated in version 1.4 and will be removed in 1.6. To calculate the root mean squared error, use the function'root_mean_squared_error'.
  warnings.warn(
/Users/antoinelopez/Epitech/DIGITAL/DIGI 2/Victory Vision Analytics/pythonProject/.venv/lib/python3.12/site-packages/sklearn/metrics/_regression.py:675: FutureWarning: 'squared' is deprecated in version 1.4 and will be removed in 1.6. To calculate the root mean squared logarithmic error, use the function'root_mean_squared_log_error'.
  warnings.warn(
INFO     | 2024-09-20 15:23:30 | __main__:optimize:122 - Metrics: {'r2': 0.9485945105552673, 'mse': 1.5986333579681258, 'mae': 0.903468962117683, 'rmse': 1.2643707359663643, 'rmsle': 0.13993007821671286, 'loss': 1.2643707359663643}
