[I 2024-09-20 15:24:18,618] Trial 390 finished with value: 1.2901849002032846 and parameters: {'learning_rate': 0.15877263232543945, 'reg_lambda': 0.04622739102506242, 'reg_alpha': 8.169016757607147e-05, 'subsample': 0.8246453846888548, 'colsample_bytree': 0.740548845475717, 'max_depth': 4, 'early_stopping_rounds': 393, 'n_estimators': 7000}. Best is trial 207 with value: 1.189099607377955.
/Users/antoinelopez/Epitech/DIGITAL/DIGI 2/Victory Vision Analytics/pythonProject/.venv/lib/python3.12/site-packages/sklearn/metrics/_regression.py:492: FutureWarning: 'squared' is deprecated in version 1.4 and will be removed in 1.6. To calculate the root mean squared error, use the function'root_mean_squared_error'.
  warnings.warn(
/Users/antoinelopez/Epitech/DIGITAL/DIGI 2/Victory Vision Analytics/pythonProject/.venv/lib/python3.12/site-packages/sklearn/metrics/_regression.py:675: FutureWarning: 'squared' is deprecated in version 1.4 and will be removed in 1.6. To calculate the root mean squared logarithmic error, use the function'root_mean_squared_log_error'.
  warnings.warn(
INFO     | 2024-09-20 15:24:18 | __main__:optimize:122 - Metrics: {'r2': 0.9515405893325806, 'mse': 1.507014060862832, 'mae': 0.802792713808459, 'rmse': 1.2276050101163778, 'rmsle': 0.10322161218091058, 'loss': 1.2276050101163778}
[I 2024-09-20 15:24:18,972] Trial 391 finished with value: 1.2276050101163778 and parameters: {'learning_rate': 0.1396337665087294, 'reg_lambda': 0.10471994794909953, 'reg_alpha': 0.00013892740864699413, 'subsample': 0.8524795008179387, 'colsample_bytree': 0.7696131676556444, 'max_depth': 4, 'early_stopping_rounds': 422, 'n_estimators': 7000}. Best is trial 207 with value: 1.189099607377955.
/Users/antoinelopez/Epitech/DIGITAL/DIGI 2/Victory Vision Analytics/pythonProject/.venv/lib/python3.12/site-packages/sklearn/metrics/_regression.py:492: FutureWarning: 'squared' is deprecated in version 1.4 and will be removed in 1.6. To calculate the root mean squared error, use the function'root_mean_squared_error'.
  warnings.warn(
/Users/antoinelopez/Epitech/DIGITAL/DIGI 2/Victory Vision Analytics/pythonProject/.venv/lib/python3.12/site-packages/sklearn/metrics/_regression.py:675: FutureWarning: 'squared' is deprecated in version 1.4 and will be removed in 1.6. To calculate the root mean squared logarithmic error, use the function'root_mean_squared_log_error'.
  warnings.warn(
INFO     | 2024-09-20 15:24:19 | __main__:optimize:122 - Metrics: {'r2': 0.9298732876777649, 'mse': 2.1808340728248448, 'mae': 1.1035368467486182, 'rmse': 1.476764731710791, 'rmsle': 0.1587366096338368, 'loss': 1.476764731710791}
[I 2024-09-20 15:24:19,468] Trial 392 finished with value: 1.476764731710791 and parameters: {'learning_rate': 0.019710766259340342, 'reg_lambda': 0.15483747452624727, 'reg_alpha': 0.00016595943241929463, 'subsample': 0.8028582863535622, 'colsample_bytree': 0.7185812073733155, 'max_depth': 4, 'early_stopping_rounds': 405, 'n_estimators': 7000}. Best is trial 207 with value: 1.189099607377955.
/Users/antoinelopez/Epitech/DIGITAL/DIGI 2/Victory Vision Analytics/pythonProject/.venv/lib/python3.12/site-packages/sklearn/metrics/_regression.py:492: FutureWarning: 'squared' is deprecated in version 1.4 and will be removed in 1.6. To calculate the root mean squared error, use the function'root_mean_squared_error'.
  warnings.warn(
/Users/antoinelopez/Epitech/DIGITAL/DIGI 2/Victory Vision Analytics/pythonProject/.venv/lib/python3.12/site-packages/sklearn/metrics/_regression.py:675: FutureWarning: 'squared' is deprecated in version 1.4 and will be removed in 1.6. To calculate the root mean squared logarithmic error, use the function'root_mean_squared_log_error'.
  warnings.warn(
INFO     | 2024-09-20 15:24:19 | __main__:optimize:122 - Metrics: {'r2': 0.947708010673523, 'mse': 1.6262020669599613, 'mae': 0.8707239810810533, 'rmse': 1.275226280689024, 'rmsle': 0.12572415635813164, 'loss': 1.275226280689024}
[I 2024-09-20 15:24:19,755] Trial 393 finished with value: 1.275226280689024 and parameters: {'learning_rate': 0.16616855000251582, 'reg_lambda': 0.21609547101886048, 'reg_alpha': 5.2775005459084264e-05, 'subsample': 0.4659126402393591, 'colsample_bytree': 0.7561574481136806, 'max_depth': 4, 'early_stopping_rounds': 416, 'n_estimators': 7000}. Best is trial 207 with value: 1.189099607377955.
/Users/antoinelopez/Epitech/DIGITAL/DIGI 2/Victory Vision Analytics/pythonProject/.venv/lib/python3.12/site-packages/sklearn/metrics/_regression.py:492: FutureWarning: 'squared' is deprecated in version 1.4 and will be removed in 1.6. To calculate the root mean squared error, use the function'root_mean_squared_error'.
  warnings.warn(
/Users/antoinelopez/Epitech/DIGITAL/DIGI 2/Victory Vision Analytics/pythonProject/.venv/lib/python3.12/site-packages/sklearn/metrics/_regression.py:675: FutureWarning: 'squared' is deprecated in version 1.4 and will be removed in 1.6. To calculate the root mean squared logarithmic error, use the function'root_mean_squared_log_error'.
  warnings.warn(
INFO     | 2024-09-20 15:24:20 | __main__:optimize:122 - Metrics: {'r2': 0.9461694955825806, 'mse': 1.6740466808855474, 'mae': 0.9036461001218752, 'rmse': 1.2938495588303718, 'rmsle': 0.13492611360645035, 'loss': 1.2938495588303718}
[I 2024-09-20 15:24:20,117] Trial 394 finished with value: 1.2938495588303718 and parameters: {'learning_rate': 0.1513804446877015, 'reg_lambda': 0.04377047982713081, 'reg_alpha': 0.00033135211455812767, 'subsample': 0.8741701064317119, 'colsample_bytree': 0.7315218220541359, 'max_depth': 5, 'early_stopping_rounds': 408, 'n_estimators': 7000}. Best is trial 207 with value: 1.189099607377955.
/Users/antoinelopez/Epitech/DIGITAL/DIGI 2/Victory Vision Analytics/pythonProject/.venv/lib/python3.12/site-packages/sklearn/metrics/_regression.py:492: FutureWarning: 'squared' is deprecated in version 1.4 and will be removed in 1.6. To calculate the root mean squared error, use the function'root_mean_squared_error'.
  warnings.warn(
/Users/antoinelopez/Epitech/DIGITAL/DIGI 2/Victory Vision Analytics/pythonProject/.venv/lib/python3.12/site-packages/sklearn/metrics/_regression.py:675: FutureWarning: 'squared' is deprecated in version 1.4 and will be removed in 1.6. To calculate the root mean squared logarithmic error, use the function'root_mean_squared_log_error'.
  warnings.warn(
INFO     | 2024-09-20 15:24:20 | __main__:optimize:122 - Metrics: {'r2': 0.9323850870132446, 'mse': 2.102721719691914, 'mae': 1.1170778436716213, 'rmse': 1.4500764530506363, 'rmsle': 0.19090152660348692, 'loss': 1.4500764530506363}
[I 2024-09-20 15:24:20,341] Trial 395 finished with value: 1.4500764530506363 and parameters: {'learning_rate': 0.1372026888399512, 'reg_lambda': 0.10086440122299155, 'reg_alpha': 0.0001879680488453092, 'subsample': 0.8912073558097691, 'colsample_bytree': 0.3573494354479847, 'max_depth': 4, 'early_stopping_rounds': 256, 'n_estimators': 7000}. Best is trial 207 with value: 1.189099607377955.
/Users/antoinelopez/Epitech/DIGITAL/DIGI 2/Victory Vision Analytics/pythonProject/.venv/lib/python3.12/site-packages/sklearn/metrics/_regression.py:492: FutureWarning: 'squared' is deprecated in version 1.4 and will be removed in 1.6. To calculate the root mean squared error, use the function'root_mean_squared_error'.
  warnings.warn(
/Users/antoinelopez/Epitech/DIGITAL/DIGI 2/Victory Vision Analytics/pythonProject/.venv/lib/python3.12/site-packages/sklearn/metrics/_regression.py:675: FutureWarning: 'squared' is deprecated in version 1.4 and will be removed in 1.6. To calculate the root mean squared logarithmic error, use the function'root_mean_squared_log_error'.
  warnings.warn(
INFO     | 2024-09-20 15:24:20 | __main__:optimize:122 - Metrics: {'r2': 0.9484749436378479, 'mse': 1.6023500772636248, 'mae': 0.7944827467896217, 'rmse': 1.2658396728115393, 'rmsle': 0.11201389787151927, 'loss': 1.2658396728115393}
[I 2024-09-20 15:24:20,618] Trial 396 finished with value: 1.2658396728115393 and parameters: {'learning_rate': 0.1296645314084443, 'reg_lambda': 0.00022910743795521996, 'reg_alpha': 2.1030862374342818e-05, 'subsample': 0.8463760191048395, 'colsample_bytree': 0.7950833969349591, 'max_depth': 4, 'early_stopping_rounds': 430, 'n_estimators': 7000}. Best is trial 207 with value: 1.189099607377955.
/Users/antoinelopez/Epitech/DIGITAL/DIGI 2/Victory Vision Analytics/pythonProject/.venv/lib/python3.12/site-packages/sklearn/metrics/_regression.py:492: FutureWarning: 'squared' is deprecated in version 1.4 and will be removed in 1.6. To calculate the root mean squared error, use the function'root_mean_squared_error'.
  warnings.warn(
/Users/antoinelopez/Epitech/DIGITAL/DIGI 2/Victory Vision Analytics/pythonProject/.venv/lib/python3.12/site-packages/sklearn/metrics/_regression.py:675: FutureWarning: 'squared' is deprecated in version 1.4 and will be removed in 1.6. To calculate the root mean squared logarithmic error, use the function'root_mean_squared_log_error'.
  warnings.warn(
INFO     | 2024-09-20 15:24:20 | __main__:optimize:122 - Metrics: {'r2': 0.9538233280181885, 'mse': 1.4360251536691668, 'mae': 0.8508925245251766, 'rmse': 1.1983426695520638, 'rmsle': 0.11574427156555361, 'loss': 1.1983426695520638}
[I 2024-09-20 15:24:20,939] Trial 397 finished with value: 1.1983426695520638 and parameters: {'learning_rate': 0.14518174744505408, 'reg_lambda': 0.4262066406727849, 'reg_alpha': 0.0011555119513184452, 'subsample': 0.8634437295074253, 'colsample_bytree': 0.7125695665084012, 'max_depth': 4, 'early_stopping_rounds': 420, 'n_estimators': 7000}. Best is trial 207 with value: 1.189099607377955.
/Users/antoinelopez/Epitech/DIGITAL/DIGI 2/Victory Vision Analytics/pythonProject/.venv/lib/python3.12/site-packages/sklearn/metrics/_regression.py:492: FutureWarning: 'squared' is deprecated in version 1.4 and will be removed in 1.6. To calculate the root mean squared error, use the function'root_mean_squared_error'.
  warnings.warn(
/Users/antoinelopez/Epitech/DIGITAL/DIGI 2/Victory Vision Analytics/pythonProject/.venv/lib/python3.12/site-packages/sklearn/metrics/_regression.py:675: FutureWarning: 'squared' is deprecated in version 1.4 and will be removed in 1.6. To calculate the root mean squared logarithmic error, use the function'root_mean_squared_log_error'.
  warnings.warn(
INFO     | 2024-09-20 15:24:21 | __main__:optimize:122 - Metrics: {'r2': 0.9501398205757141, 'mse': 1.5505759386045852, 'mae': 0.8570652676183124, 'rmse': 1.2452212408261374, 'rmsle': 0.11081746556803408, 'loss': 1.2452212408261374}
[I 2024-09-20 15:24:21,248] Trial 398 finished with value: 1.2452212408261374 and parameters: {'learning_rate': 0.14740819141699887, 'reg_lambda': 0.4054765482532475, 'reg_alpha': 0.0012354939446354754, 'subsample': 0.8301154160126595, 'colsample_bytree': 0.721285954271577, 'max_depth': 4, 'early_stopping_rounds': 414, 'n_estimators': 7000}. Best is trial 207 with value: 1.189099607377955.
/Users/antoinelopez/Epitech/DIGITAL/DIGI 2/Victory Vision Analytics/pythonProject/.venv/lib/python3.12/site-packages/sklearn/metrics/_regression.py:492: FutureWarning: 'squared' is deprecated in version 1.4 and will be removed in 1.6. To calculate the root mean squared error, use the function'root_mean_squared_error'.
  warnings.warn(
/Users/antoinelopez/Epitech/DIGITAL/DIGI 2/Victory Vision Analytics/pythonProject/.venv/lib/python3.12/site-packages/sklearn/metrics/_regression.py:675: FutureWarning: 'squared' is deprecated in version 1.4 and will be removed in 1.6. To calculate the root mean squared logarithmic error, use the function'root_mean_squared_log_error'.
  warnings.warn(
INFO     | 2024-09-20 15:24:21 | __main__:optimize:122 - Metrics: {'r2': 0.949469804763794, 'mse': 1.5714123813929206, 'mae': 0.8538027375243431, 'rmse': 1.2535598834490997, 'rmsle': 0.11630502479534838, 'loss': 1.2535598834490997}
[I 2024-09-20 15:24:21,538] Trial 399 finished with value: 1.2535598834490997 and parameters: {'learning_rate': 0.1876698005382788, 'reg_lambda': 0.7150121904841108, 'reg_alpha': 0.002163341986573976, 'subsample': 0.8637058629043186, 'colsample_bytree': 0.7402269525430152, 'max_depth': 4, 'early_stopping_rounds': 420, 'n_estimators': 7000}. Best is trial 207 with value: 1.189099607377955.
/Users/antoinelopez/Epitech/DIGITAL/DIGI 2/Victory Vision Analytics/pythonProject/.venv/lib/python3.12/site-packages/sklearn/metrics/_regression.py:492: FutureWarning: 'squared' is deprecated in version 1.4 and will be removed in 1.6. To calculate the root mean squared error, use the function'root_mean_squared_error'.
  warnings.warn(
/Users/antoinelopez/Epitech/DIGITAL/DIGI 2/Victory Vision Analytics/pythonProject/.venv/lib/python3.12/site-packages/sklearn/metrics/_regression.py:675: FutureWarning: 'squared' is deprecated in version 1.4 and will be removed in 1.6. To calculate the root mean squared logarithmic error, use the function'root_mean_squared_log_error'.
  warnings.warn(
INFO     | 2024-09-20 15:24:21 | __main__:optimize:122 - Metrics: {'r2': 0.9521653652191162, 'mse': 1.4875845677894561, 'mae': 0.8209815381571304, 'rmse': 1.2196657606858758, 'rmsle': 0.11349867263437206, 'loss': 1.2196657606858758}
[I 2024-09-20 15:24:21,798] Trial 400 finished with value: 1.2196657606858758 and parameters: {'learning_rate': 0.16273174175176863, 'reg_lambda': 0.3189838411504387, 'reg_alpha': 0.0005643062424271424, 'subsample': 0.9010382519704998, 'colsample_bytree': 0.7102626037342202, 'max_depth': 4, 'early_stopping_rounds': 395, 'n_estimators': 7000}. Best is trial 207 with value: 1.189099607377955.
/Users/antoinelopez/Epitech/DIGITAL/DIGI 2/Victory Vision Analytics/pythonProject/.venv/lib/python3.12/site-packages/sklearn/metrics/_regression.py:492: FutureWarning: 'squared' is deprecated in version 1.4 and will be removed in 1.6. To calculate the root mean squared error, use the function'root_mean_squared_error'.
  warnings.warn(
/Users/antoinelopez/Epitech/DIGITAL/DIGI 2/Victory Vision Analytics/pythonProject/.venv/lib/python3.12/site-packages/sklearn/metrics/_regression.py:675: FutureWarning: 'squared' is deprecated in version 1.4 and will be removed in 1.6. To calculate the root mean squared logarithmic error, use the function'root_mean_squared_log_error'.
  warnings.warn(
INFO     | 2024-09-20 15:24:22 | __main__:optimize:122 - Metrics: {'r2': 0.9413167834281921, 'mse': 1.8249589500259924, 'mae': 0.918872692903807, 'rmse': 1.3509104152481735, 'rmsle': 0.13193286039738872, 'loss': 1.3509104152481735}
[I 2024-09-20 15:24:22,091] Trial 401 finished with value: 1.3509104152481735 and parameters: {'learning_rate': 0.14093348673582587, 'reg_lambda': 0.18707576608201779, 'reg_alpha': 0.0011389991153765518, 'subsample': 0.8839671997419267, 'colsample_bytree': 0.8349910911337066, 'max_depth': 4, 'early_stopping_rounds': 407, 'n_estimators': 7000}. Best is trial 207 with value: 1.189099607377955.
/Users/antoinelopez/Epitech/DIGITAL/DIGI 2/Victory Vision Analytics/pythonProject/.venv/lib/python3.12/site-packages/sklearn/metrics/_regression.py:492: FutureWarning: 'squared' is deprecated in version 1.4 and will be removed in 1.6. To calculate the root mean squared error, use the function'root_mean_squared_error'.
  warnings.warn(
/Users/antoinelopez/Epitech/DIGITAL/DIGI 2/Victory Vision Analytics/pythonProject/.venv/lib/python3.12/site-packages/sklearn/metrics/_regression.py:675: FutureWarning: 'squared' is deprecated in version 1.4 and will be removed in 1.6. To calculate the root mean squared logarithmic error, use the function'root_mean_squared_log_error'.
  warnings.warn(
INFO     | 2024-09-20 15:24:22 | __main__:optimize:122 - Metrics: {'r2': 0.9527711272239685, 'mse': 1.4687459183135743, 'mae': 0.831366819974988, 'rmse': 1.2119182803776722, 'rmsle': 0.11152947283304111, 'loss': 1.2119182803776722}
[I 2024-09-20 15:24:22,472] Trial 402 finished with value: 1.2119182803776722 and parameters: {'learning_rate': 0.13473788230627537, 'reg_lambda': 0.6259449806325488, 'reg_alpha': 0.0007546052291096276, 'subsample': 0.8482881326895266, 'colsample_bytree': 0.6963739495271845, 'max_depth': 4, 'early_stopping_rounds': 426, 'n_estimators': 15000}. Best is trial 207 with value: 1.189099607377955.
/Users/antoinelopez/Epitech/DIGITAL/DIGI 2/Victory Vision Analytics/pythonProject/.venv/lib/python3.12/site-packages/sklearn/metrics/_regression.py:492: FutureWarning: 'squared' is deprecated in version 1.4 and will be removed in 1.6. To calculate the root mean squared error, use the function'root_mean_squared_error'.
  warnings.warn(
/Users/antoinelopez/Epitech/DIGITAL/DIGI 2/Victory Vision Analytics/pythonProject/.venv/lib/python3.12/site-packages/sklearn/metrics/_regression.py:675: FutureWarning: 'squared' is deprecated in version 1.4 and will be removed in 1.6. To calculate the root mean squared logarithmic error, use the function'root_mean_squared_log_error'.
  warnings.warn(
INFO     | 2024-09-20 15:24:22 | __main__:optimize:122 - Metrics: {'r2': 0.9523072838783264, 'mse': 1.4831701287056926, 'mae': 0.8084302746972373, 'rmse': 1.217854723973961, 'rmsle': 0.11294570937211464, 'loss': 1.217854723973961}
[I 2024-09-20 15:24:22,725] Trial 403 finished with value: 1.217854723973961 and parameters: {'learning_rate': 0.15045807300098932, 'reg_lambda': 0.37357342948289196, 'reg_alpha': 0.001824965930319745, 'subsample': 0.8740579187113452, 'colsample_bytree': 0.7461938710706139, 'max_depth': 4, 'early_stopping_rounds': 281, 'n_estimators': 7000}. Best is trial 207 with value: 1.189099607377955.
/Users/antoinelopez/Epitech/DIGITAL/DIGI 2/Victory Vision Analytics/pythonProject/.venv/lib/python3.12/site-packages/sklearn/metrics/_regression.py:492: FutureWarning: 'squared' is deprecated in version 1.4 and will be removed in 1.6. To calculate the root mean squared error, use the function'root_mean_squared_error'.
  warnings.warn(
/Users/antoinelopez/Epitech/DIGITAL/DIGI 2/Victory Vision Analytics/pythonProject/.venv/lib/python3.12/site-packages/sklearn/metrics/_regression.py:675: FutureWarning: 'squared' is deprecated in version 1.4 and will be removed in 1.6. To calculate the root mean squared logarithmic error, use the function'root_mean_squared_log_error'.
  warnings.warn(
INFO     | 2024-09-20 15:24:23 | __main__:optimize:122 - Metrics: {'r2': 0.9493983387947083, 'mse': 1.5736344096875259, 'mae': 0.7841875022233918, 'rmse': 1.254445857615037, 'rmsle': 0.10737754773141281, 'loss': 1.254445857615037}
[I 2024-09-20 15:24:23,003] Trial 404 finished with value: 1.254445857615037 and parameters: {'learning_rate': 0.124453218000409, 'reg_lambda': 0.0017161980202105348, 'reg_alpha': 0.00307277096372391, 'subsample': 0.904798324951248, 'colsample_bytree': 0.7698787554039215, 'max_depth': 4, 'early_stopping_rounds': 419, 'n_estimators': 20000}. Best is trial 207 with value: 1.189099607377955.
/Users/antoinelopez/Epitech/DIGITAL/DIGI 2/Victory Vision Analytics/pythonProject/.venv/lib/python3.12/site-packages/sklearn/metrics/_regression.py:492: FutureWarning: 'squared' is deprecated in version 1.4 and will be removed in 1.6. To calculate the root mean squared error, use the function'root_mean_squared_error'.
  warnings.warn(
/Users/antoinelopez/Epitech/DIGITAL/DIGI 2/Victory Vision Analytics/pythonProject/.venv/lib/python3.12/site-packages/sklearn/metrics/_regression.py:675: FutureWarning: 'squared' is deprecated in version 1.4 and will be removed in 1.6. To calculate the root mean squared logarithmic error, use the function'root_mean_squared_log_error'.
  warnings.warn(
INFO     | 2024-09-20 15:24:23 | __main__:optimize:122 - Metrics: {'r2': 0.9473944306373596, 'mse': 1.6359536351839286, 'mae': 0.879460663435071, 'rmse': 1.2790440317611933, 'rmsle': 0.12581251743463914, 'loss': 1.2790440317611933}
[I 2024-09-20 15:24:23,400] Trial 405 finished with value: 1.2790440317611933 and parameters: {'learning_rate': 0.14326863382307659, 'reg_lambda': 0.14120533422343096, 'reg_alpha': 0.0003084233311774356, 'subsample': 0.8608494819411157, 'colsample_bytree': 0.7205295355324046, 'max_depth': 5, 'early_stopping_rounds': 411, 'n_estimators': 7000}. Best is trial 207 with value: 1.189099607377955.
/Users/antoinelopez/Epitech/DIGITAL/DIGI 2/Victory Vision Analytics/pythonProject/.venv/lib/python3.12/site-packages/sklearn/metrics/_regression.py:492: FutureWarning: 'squared' is deprecated in version 1.4 and will be removed in 1.6. To calculate the root mean squared error, use the function'root_mean_squared_error'.
  warnings.warn(
/Users/antoinelopez/Epitech/DIGITAL/DIGI 2/Victory Vision Analytics/pythonProject/.venv/lib/python3.12/site-packages/sklearn/metrics/_regression.py:675: FutureWarning: 'squared' is deprecated in version 1.4 and will be removed in 1.6. To calculate the root mean squared logarithmic error, use the function'root_mean_squared_log_error'.
  warnings.warn(
INFO     | 2024-09-20 15:24:23 | __main__:optimize:122 - Metrics: {'r2': 0.9518764019012451, 'mse': 1.4965711463753726, 'mae': 0.8266483071931573, 'rmse': 1.2233442468803999, 'rmsle': 0.11539071301881056, 'loss': 1.2233442468803999}
