[I 2024-09-20 15:22:16,480] Trial 38 finished with value: 1.281167829039153 and parameters: {'learning_rate': 0.1182192390795028, 'reg_lambda': 6.918146992701785e-05, 'reg_alpha': 0.12448930466792098, 'subsample': 0.9921906628208085, 'colsample_bytree': 0.7707472195495749, 'max_depth': 5, 'early_stopping_rounds': 416, 'n_estimators': 20000}. Best is trial 37 with value: 1.231815754986476.
/Users/antoinelopez/Epitech/DIGITAL/DIGI 2/Victory Vision Analytics/pythonProject/.venv/lib/python3.12/site-packages/sklearn/metrics/_regression.py:492: FutureWarning: 'squared' is deprecated in version 1.4 and will be removed in 1.6. To calculate the root mean squared error, use the function'root_mean_squared_error'.
  warnings.warn(
/Users/antoinelopez/Epitech/DIGITAL/DIGI 2/Victory Vision Analytics/pythonProject/.venv/lib/python3.12/site-packages/sklearn/metrics/_regression.py:675: FutureWarning: 'squared' is deprecated in version 1.4 and will be removed in 1.6. To calculate the root mean squared logarithmic error, use the function'root_mean_squared_log_error'.
  warnings.warn(
INFO     | 2024-09-20 15:22:16 | __main__:optimize:122 - Metrics: {'r2': 0.9330618977546692, 'mse': 2.081672727507886, 'mae': 1.0537322917649912, 'rmse': 1.4428003075643858, 'rmsle': 0.1671950667129545, 'loss': 1.4428003075643858}
[I 2024-09-20 15:22:16,871] Trial 39 finished with value: 1.4428003075643858 and parameters: {'learning_rate': 0.08660667641284696, 'reg_lambda': 5.6771928890916526e-05, 'reg_alpha': 0.6920437597154475, 'subsample': 0.9905106641208392, 'colsample_bytree': 0.8436297426888499, 'max_depth': 5, 'early_stopping_rounds': 420, 'n_estimators': 20000}. Best is trial 37 with value: 1.231815754986476.
/Users/antoinelopez/Epitech/DIGITAL/DIGI 2/Victory Vision Analytics/pythonProject/.venv/lib/python3.12/site-packages/sklearn/metrics/_regression.py:492: FutureWarning: 'squared' is deprecated in version 1.4 and will be removed in 1.6. To calculate the root mean squared error, use the function'root_mean_squared_error'.
  warnings.warn(
/Users/antoinelopez/Epitech/DIGITAL/DIGI 2/Victory Vision Analytics/pythonProject/.venv/lib/python3.12/site-packages/sklearn/metrics/_regression.py:675: FutureWarning: 'squared' is deprecated in version 1.4 and will be removed in 1.6. To calculate the root mean squared logarithmic error, use the function'root_mean_squared_log_error'.
  warnings.warn(
INFO     | 2024-09-20 15:22:17 | __main__:optimize:122 - Metrics: {'r2': 0.9438156485557556, 'mse': 1.7472484992356958, 'mae': 0.9495183076969412, 'rmse': 1.321835276891828, 'rmsle': 0.14907555180076437, 'loss': 1.321835276891828}
[I 2024-09-20 15:22:17,466] Trial 40 finished with value: 1.321835276891828 and parameters: {'learning_rate': 0.12377244136956843, 'reg_lambda': 1.6177225306951723e-05, 'reg_alpha': 0.13200117366500963, 'subsample': 0.9475228298247255, 'colsample_bytree': 0.7330811109302084, 'max_depth': 7, 'early_stopping_rounds': 460, 'n_estimators': 20000}. Best is trial 37 with value: 1.231815754986476.
/Users/antoinelopez/Epitech/DIGITAL/DIGI 2/Victory Vision Analytics/pythonProject/.venv/lib/python3.12/site-packages/sklearn/metrics/_regression.py:492: FutureWarning: 'squared' is deprecated in version 1.4 and will be removed in 1.6. To calculate the root mean squared error, use the function'root_mean_squared_error'.
  warnings.warn(
/Users/antoinelopez/Epitech/DIGITAL/DIGI 2/Victory Vision Analytics/pythonProject/.venv/lib/python3.12/site-packages/sklearn/metrics/_regression.py:675: FutureWarning: 'squared' is deprecated in version 1.4 and will be removed in 1.6. To calculate the root mean squared logarithmic error, use the function'root_mean_squared_log_error'.
  warnings.warn(
INFO     | 2024-09-20 15:22:17 | __main__:optimize:122 - Metrics: {'r2': 0.9487818479537964, 'mse': 1.592807617546581, 'mae': 0.8070474265619766, 'rmse': 1.26206482303667, 'rmsle': 0.10924737731305689, 'loss': 1.26206482303667}
[I 2024-09-20 15:22:17,733] Trial 41 finished with value: 1.26206482303667 and parameters: {'learning_rate': 0.11342512514592376, 'reg_lambda': 1.313621333367443e-05, 'reg_alpha': 0.02099568098291131, 'subsample': 0.8631567620315133, 'colsample_bytree': 0.770383318689102, 'max_depth': 4, 'early_stopping_rounds': 400, 'n_estimators': 20000}. Best is trial 37 with value: 1.231815754986476.
/Users/antoinelopez/Epitech/DIGITAL/DIGI 2/Victory Vision Analytics/pythonProject/.venv/lib/python3.12/site-packages/sklearn/metrics/_regression.py:492: FutureWarning: 'squared' is deprecated in version 1.4 and will be removed in 1.6. To calculate the root mean squared error, use the function'root_mean_squared_error'.
  warnings.warn(
/Users/antoinelopez/Epitech/DIGITAL/DIGI 2/Victory Vision Analytics/pythonProject/.venv/lib/python3.12/site-packages/sklearn/metrics/_regression.py:675: FutureWarning: 'squared' is deprecated in version 1.4 and will be removed in 1.6. To calculate the root mean squared logarithmic error, use the function'root_mean_squared_log_error'.
  warnings.warn(
INFO     | 2024-09-20 15:22:18 | __main__:optimize:122 - Metrics: {'r2': 0.9486262202262878, 'mse': 1.597646345159971, 'mae': 0.8194134387859079, 'rmse': 1.2639803579011704, 'rmsle': 0.10932543685204496, 'loss': 1.2639803579011704}
[I 2024-09-20 15:22:18,155] Trial 42 finished with value: 1.2639803579011704 and parameters: {'learning_rate': 0.1060093242615376, 'reg_lambda': 1.3433336636351202e-05, 'reg_alpha': 0.186067397875764, 'subsample': 0.8800876333258496, 'colsample_bytree': 0.7676121046344944, 'max_depth': 5, 'early_stopping_rounds': 404, 'n_estimators': 20000}. Best is trial 37 with value: 1.231815754986476.
/Users/antoinelopez/Epitech/DIGITAL/DIGI 2/Victory Vision Analytics/pythonProject/.venv/lib/python3.12/site-packages/sklearn/metrics/_regression.py:492: FutureWarning: 'squared' is deprecated in version 1.4 and will be removed in 1.6. To calculate the root mean squared error, use the function'root_mean_squared_error'.
  warnings.warn(
/Users/antoinelopez/Epitech/DIGITAL/DIGI 2/Victory Vision Analytics/pythonProject/.venv/lib/python3.12/site-packages/sklearn/metrics/_regression.py:675: FutureWarning: 'squared' is deprecated in version 1.4 and will be removed in 1.6. To calculate the root mean squared logarithmic error, use the function'root_mean_squared_log_error'.
  warnings.warn(
INFO     | 2024-09-20 15:22:18 | __main__:optimize:122 - Metrics: {'r2': 0.9310646653175354, 'mse': 2.1437833553743904, 'mae': 0.9450059485989948, 'rmse': 1.4641664370468237, 'rmsle': 0.12797908528355606, 'loss': 1.4641664370468237}
[I 2024-09-20 15:22:18,718] Trial 43 finished with value: 1.4641664370468237 and parameters: {'learning_rate': 0.06129599678684724, 'reg_lambda': 1.3772290565623863e-05, 'reg_alpha': 0.01630962499372001, 'subsample': 0.8554966981535858, 'colsample_bytree': 0.8963038429090068, 'max_depth': 6, 'early_stopping_rounds': 393, 'n_estimators': 20000}. Best is trial 37 with value: 1.231815754986476.
/Users/antoinelopez/Epitech/DIGITAL/DIGI 2/Victory Vision Analytics/pythonProject/.venv/lib/python3.12/site-packages/sklearn/metrics/_regression.py:492: FutureWarning: 'squared' is deprecated in version 1.4 and will be removed in 1.6. To calculate the root mean squared error, use the function'root_mean_squared_error'.
  warnings.warn(
/Users/antoinelopez/Epitech/DIGITAL/DIGI 2/Victory Vision Analytics/pythonProject/.venv/lib/python3.12/site-packages/sklearn/metrics/_regression.py:675: FutureWarning: 'squared' is deprecated in version 1.4 and will be removed in 1.6. To calculate the root mean squared logarithmic error, use the function'root_mean_squared_log_error'.
  warnings.warn(
INFO     | 2024-09-20 15:22:19 | __main__:optimize:122 - Metrics: {'r2': 0.9467377662658691, 'mse': 1.6563742259558873, 'mae': 0.8934358832448028, 'rmse': 1.287002030284291, 'rmsle': 0.13970647447702605, 'loss': 1.287002030284291}
[I 2024-09-20 15:22:19,398] Trial 44 finished with value: 1.287002030284291 and parameters: {'learning_rate': 0.09042718429693795, 'reg_lambda': 0.0019506726771005775, 'reg_alpha': 25.205753635648843, 'subsample': 0.8159647004602077, 'colsample_bytree': 0.6987074967746467, 'max_depth': 4, 'early_stopping_rounds': 442, 'n_estimators': 20000}. Best is trial 37 with value: 1.231815754986476.
INFO:     127.0.0.1:52073 - "GET /ui/is_model_training HTTP/1.1" 200 OK
/Users/antoinelopez/Epitech/DIGITAL/DIGI 2/Victory Vision Analytics/pythonProject/.venv/lib/python3.12/site-packages/sklearn/metrics/_regression.py:492: FutureWarning: 'squared' is deprecated in version 1.4 and will be removed in 1.6. To calculate the root mean squared error, use the function'root_mean_squared_error'.
  warnings.warn(
/Users/antoinelopez/Epitech/DIGITAL/DIGI 2/Victory Vision Analytics/pythonProject/.venv/lib/python3.12/site-packages/sklearn/metrics/_regression.py:675: FutureWarning: 'squared' is deprecated in version 1.4 and will be removed in 1.6. To calculate the root mean squared logarithmic error, use the function'root_mean_squared_log_error'.
  warnings.warn(
INFO     | 2024-09-20 15:22:21 | __main__:optimize:122 - Metrics: {'r2': 0.93326336145401, 'mse': 2.07540879850299, 'mae': 1.0421577231828556, 'rmse': 1.4406279181325725, 'rmsle': 0.15959910483756967, 'loss': 1.4406279181325725}
[I 2024-09-20 15:22:21,347] Trial 45 finished with value: 1.4406279181325725 and parameters: {'learning_rate': 0.04794845671846864, 'reg_lambda': 0.00017682739305445268, 'reg_alpha': 1.149669766331527, 'subsample': 0.9427320284807941, 'colsample_bytree': 0.8408726366568323, 'max_depth': 5, 'early_stopping_rounds': 370, 'n_estimators': 20000}. Best is trial 37 with value: 1.231815754986476.
/Users/antoinelopez/Epitech/DIGITAL/DIGI 2/Victory Vision Analytics/pythonProject/.venv/lib/python3.12/site-packages/sklearn/metrics/_regression.py:492: FutureWarning: 'squared' is deprecated in version 1.4 and will be removed in 1.6. To calculate the root mean squared error, use the function'root_mean_squared_error'.
  warnings.warn(
/Users/antoinelopez/Epitech/DIGITAL/DIGI 2/Victory Vision Analytics/pythonProject/.venv/lib/python3.12/site-packages/sklearn/metrics/_regression.py:675: FutureWarning: 'squared' is deprecated in version 1.4 and will be removed in 1.6. To calculate the root mean squared logarithmic error, use the function'root_mean_squared_log_error'.
  warnings.warn(
INFO     | 2024-09-20 15:22:22 | __main__:optimize:122 - Metrics: {'r2': 0.801347017288208, 'mse': 6.177805692928365, 'mae': 2.1439896661181783, 'rmse': 2.4855191998711987, 'rmsle': 0.39856528663995133, 'loss': 2.4855191998711987}
[I 2024-09-20 15:22:22,655] Trial 46 finished with value: 2.4855191998711987 and parameters: {'learning_rate': 0.1393464289782411, 'reg_lambda': 1.6748861571365569e-06, 'reg_alpha': 8.655039384794302, 'subsample': 0.8806855245875796, 'colsample_bytree': 0.1071458836941922, 'max_depth': 7, 'early_stopping_rounds': 397, 'n_estimators': 20000}. Best is trial 37 with value: 1.231815754986476.
/Users/antoinelopez/Epitech/DIGITAL/DIGI 2/Victory Vision Analytics/pythonProject/.venv/lib/python3.12/site-packages/sklearn/metrics/_regression.py:492: FutureWarning: 'squared' is deprecated in version 1.4 and will be removed in 1.6. To calculate the root mean squared error, use the function'root_mean_squared_error'.
  warnings.warn(
/Users/antoinelopez/Epitech/DIGITAL/DIGI 2/Victory Vision Analytics/pythonProject/.venv/lib/python3.12/site-packages/sklearn/metrics/_regression.py:675: FutureWarning: 'squared' is deprecated in version 1.4 and will be removed in 1.6. To calculate the root mean squared logarithmic error, use the function'root_mean_squared_log_error'.
  warnings.warn(
INFO     | 2024-09-20 15:22:22 | __main__:optimize:122 - Metrics: {'r2': 0.9481080770492554, 'mse': 1.6137590752832003, 'mae': 0.8270766499430634, 'rmse': 1.2703381735912687, 'rmsle': 0.10881813482958104, 'loss': 1.2703381735912687}
[I 2024-09-20 15:22:22,953] Trial 47 finished with value: 1.2703381735912687 and parameters: {'learning_rate': 0.11220239256304702, 'reg_lambda': 2.9760978331491235e-05, 'reg_alpha': 0.03649349634951091, 'subsample': 0.7475111138455875, 'colsample_bytree': 0.765977629695308, 'max_depth': 4, 'early_stopping_rounds': 439, 'n_estimators': 20000}. Best is trial 37 with value: 1.231815754986476.
/Users/antoinelopez/Epitech/DIGITAL/DIGI 2/Victory Vision Analytics/pythonProject/.venv/lib/python3.12/site-packages/sklearn/metrics/_regression.py:492: FutureWarning: 'squared' is deprecated in version 1.4 and will be removed in 1.6. To calculate the root mean squared error, use the function'root_mean_squared_error'.
  warnings.warn(
/Users/antoinelopez/Epitech/DIGITAL/DIGI 2/Victory Vision Analytics/pythonProject/.venv/lib/python3.12/site-packages/sklearn/metrics/_regression.py:675: FutureWarning: 'squared' is deprecated in version 1.4 and will be removed in 1.6. To calculate the root mean squared logarithmic error, use the function'root_mean_squared_log_error'.
  warnings.warn(
INFO     | 2024-09-20 15:22:23 | __main__:optimize:122 - Metrics: {'r2': 0.9264264106750488, 'mse': 2.2880271924142273, 'mae': 1.0068743486737095, 'rmse': 1.512622620620962, 'rmsle': 0.13211128466204483, 'loss': 1.512622620620962}
[I 2024-09-20 15:22:23,306] Trial 48 finished with value: 1.512622620620962 and parameters: {'learning_rate': 0.10955897080041817, 'reg_lambda': 2.2256170054735073e-05, 'reg_alpha': 0.33581837708489776, 'subsample': 0.7453631905141387, 'colsample_bytree': 0.9364477566281378, 'max_depth': 4, 'early_stopping_rounds': 481, 'n_estimators': 7000}. Best is trial 37 with value: 1.231815754986476.
/Users/antoinelopez/Epitech/DIGITAL/DIGI 2/Victory Vision Analytics/pythonProject/.venv/lib/python3.12/site-packages/sklearn/metrics/_regression.py:492: FutureWarning: 'squared' is deprecated in version 1.4 and will be removed in 1.6. To calculate the root mean squared error, use the function'root_mean_squared_error'.
  warnings.warn(
/Users/antoinelopez/Epitech/DIGITAL/DIGI 2/Victory Vision Analytics/pythonProject/.venv/lib/python3.12/site-packages/sklearn/metrics/_regression.py:675: FutureWarning: 'squared' is deprecated in version 1.4 and will be removed in 1.6. To calculate the root mean squared logarithmic error, use the function'root_mean_squared_log_error'.
  warnings.warn(
INFO     | 2024-09-20 15:22:23 | __main__:optimize:122 - Metrics: {'r2': 0.9417921900749207, 'mse': 1.8101752081341533, 'mae': 0.9183612998141799, 'rmse': 1.3454275187218943, 'rmsle': 0.1262072867163645, 'loss': 1.3454275187218943}
[I 2024-09-20 15:22:23,729] Trial 49 finished with value: 1.3454275187218943 and parameters: {'learning_rate': 0.0674522989411778, 'reg_lambda': 0.00026401173882695386, 'reg_alpha': 0.024821992636560784, 'subsample': 0.8831922939754466, 'colsample_bytree': 0.7609193928153299, 'max_depth': 5, 'early_stopping_rounds': 432, 'n_estimators': 20000}. Best is trial 37 with value: 1.231815754986476.
/Users/antoinelopez/Epitech/DIGITAL/DIGI 2/Victory Vision Analytics/pythonProject/.venv/lib/python3.12/site-packages/sklearn/metrics/_regression.py:492: FutureWarning: 'squared' is deprecated in version 1.4 and will be removed in 1.6. To calculate the root mean squared error, use the function'root_mean_squared_error'.
  warnings.warn(
/Users/antoinelopez/Epitech/DIGITAL/DIGI 2/Victory Vision Analytics/pythonProject/.venv/lib/python3.12/site-packages/sklearn/metrics/_regression.py:675: FutureWarning: 'squared' is deprecated in version 1.4 and will be removed in 1.6. To calculate the root mean squared logarithmic error, use the function'root_mean_squared_log_error'.
  warnings.warn(
INFO     | 2024-09-20 15:22:24 | __main__:optimize:122 - Metrics: {'r2': 0.9415401220321655, 'mse': 1.818013122209124, 'mae': 0.9371968958266946, 'rmse': 1.3483371693345563, 'rmsle': 0.1275566359366551, 'loss': 1.3483371693345563}
[I 2024-09-20 15:22:24,053] Trial 50 finished with value: 1.3483371693345563 and parameters: {'learning_rate': 0.051746951139431716, 'reg_lambda': 6.8379272026957855e-06, 'reg_alpha': 0.04497086489106634, 'subsample': 0.9461073616313388, 'colsample_bytree': 0.7846614677841076, 'max_depth': 4, 'early_stopping_rounds': 464, 'n_estimators': 20000}. Best is trial 37 with value: 1.231815754986476.
/Users/antoinelopez/Epitech/DIGITAL/DIGI 2/Victory Vision Analytics/pythonProject/.venv/lib/python3.12/site-packages/sklearn/metrics/_regression.py:492: FutureWarning: 'squared' is deprecated in version 1.4 and will be removed in 1.6. To calculate the root mean squared error, use the function'root_mean_squared_error'.
  warnings.warn(
/Users/antoinelopez/Epitech/DIGITAL/DIGI 2/Victory Vision Analytics/pythonProject/.venv/lib/python3.12/site-packages/sklearn/metrics/_regression.py:675: FutureWarning: 'squared' is deprecated in version 1.4 and will be removed in 1.6. To calculate the root mean squared logarithmic error, use the function'root_mean_squared_log_error'.
  warnings.warn(
INFO     | 2024-09-20 15:22:24 | __main__:optimize:122 - Metrics: {'r2': 0.9382467865943909, 'mse': 1.9204303424735572, 'mae': 0.9713183720444524, 'rmse': 1.3857959238190727, 'rmsle': 0.1389293217741032, 'loss': 1.3857959238190727}
[I 2024-09-20 15:22:24,326] Trial 51 finished with value: 1.3857959238190727 and parameters: {'learning_rate': 0.1358012437735115, 'reg_lambda': 8.150091508197551e-06, 'reg_alpha': 0.0066418173471273585, 'subsample': 0.8106917382516137, 'colsample_bytree': 0.8194900152936759, 'max_depth': 4, 'early_stopping_rounds': 404, 'n_estimators': 20000}. Best is trial 37 with value: 1.231815754986476.
/Users/antoinelopez/Epitech/DIGITAL/DIGI 2/Victory Vision Analytics/pythonProject/.venv/lib/python3.12/site-packages/sklearn/metrics/_regression.py:492: FutureWarning: 'squared' is deprecated in version 1.4 and will be removed in 1.6. To calculate the root mean squared error, use the function'root_mean_squared_error'.
  warnings.warn(
/Users/antoinelopez/Epitech/DIGITAL/DIGI 2/Victory Vision Analytics/pythonProject/.venv/lib/python3.12/site-packages/sklearn/metrics/_regression.py:675: FutureWarning: 'squared' is deprecated in version 1.4 and will be removed in 1.6. To calculate the root mean squared logarithmic error, use the function'root_mean_squared_log_error'.
  warnings.warn(
INFO     | 2024-09-20 15:22:24 | __main__:optimize:122 - Metrics: {'r2': 0.9480355978012085, 'mse': 1.6160147469357642, 'mae': 0.8493131382520809, 'rmse': 1.2712256868612135, 'rmsle': 0.12170748048467325, 'loss': 1.2712256868612135}
[I 2024-09-20 15:22:24,792] Trial 52 finished with value: 1.2712256868612135 and parameters: {'learning_rate': 0.09416458224341356, 'reg_lambda': 3.772969433740716e-05, 'reg_alpha': 0.3148939365841562, 'subsample': 0.9140369193202644, 'colsample_bytree': 0.7342989767496494, 'max_depth': 5, 'early_stopping_rounds': 437, 'n_estimators': 20000}. Best is trial 37 with value: 1.231815754986476.
INFO:     127.0.0.1:52076 - "GET /ui/is_model_training HTTP/1.1" 200 OK
INFO:     127.0.0.1:52075 - "GET /ui/accelerators HTTP/1.1" 200 OK
/Users/antoinelopez/Epitech/DIGITAL/DIGI 2/Victory Vision Analytics/pythonProject/.venv/lib/python3.12/site-packages/sklearn/metrics/_regression.py:492: FutureWarning: 'squared' is deprecated in version 1.4 and will be removed in 1.6. To calculate the root mean squared error, use the function'root_mean_squared_error'.
  warnings.warn(
/Users/antoinelopez/Epitech/DIGITAL/DIGI 2/Victory Vision Analytics/pythonProject/.venv/lib/python3.12/site-packages/sklearn/metrics/_regression.py:675: FutureWarning: 'squared' is deprecated in version 1.4 and will be removed in 1.6. To calculate the root mean squared logarithmic error, use the function'root_mean_squared_log_error'.
  warnings.warn(
INFO     | 2024-09-20 15:22:25 | __main__:optimize:122 - Metrics: {'r2': 0.9492048621177673, 'mse': 1.579651045201157, 'mae': 0.8709364857784537, 'rmse': 1.2568416945666454, 'rmsle': 0.12849061407806442, 'loss': 1.2568416945666454}
[I 2024-09-20 15:22:25,254] Trial 53 finished with value: 1.2568416945666454 and parameters: {'learning_rate': 0.09405612454738481, 'reg_lambda': 3.200882153008677e-05, 'reg_alpha': 0.2922354010146521, 'subsample': 0.9136099113092253, 'colsample_bytree': 0.7296787703125908, 'max_depth': 5, 'early_stopping_rounds': 426, 'n_estimators': 20000}. Best is trial 37 with value: 1.231815754986476.
/Users/antoinelopez/Epitech/DIGITAL/DIGI 2/Victory Vision Analytics/pythonProject/.venv/lib/python3.12/site-packages/sklearn/metrics/_regression.py:492: FutureWarning: 'squared' is deprecated in version 1.4 and will be removed in 1.6. To calculate the root mean squared error, use the function'root_mean_squared_error'.
  warnings.warn(
/Users/antoinelopez/Epitech/DIGITAL/DIGI 2/Victory Vision Analytics/pythonProject/.venv/lib/python3.12/site-packages/sklearn/metrics/_regression.py:675: FutureWarning: 'squared' is deprecated in version 1.4 and will be removed in 1.6. To calculate the root mean squared logarithmic error, use the function'root_mean_squared_log_error'.
  warnings.warn(
INFO     | 2024-09-20 15:22:25 | __main__:optimize:122 - Metrics: {'r2': 0.944155752658844, 'mse': 1.7366705973830956, 'mae': 0.944186883471733, 'rmse': 1.317827984747287, 'rmsle': 0.14105475349471464, 'loss': 1.317827984747287}
