[I 2024-09-20 15:22:52,090] Trial 118 finished with value: 1.272723829716961 and parameters: {'learning_rate': 0.1934410858069006, 'reg_lambda': 6.300399122731983e-06, 'reg_alpha': 1.2249053831883243, 'subsample': 0.9819722218371109, 'colsample_bytree': 0.6943717238538542, 'max_depth': 3, 'early_stopping_rounds': 424, 'n_estimators': 7000}. Best is trial 95 with value: 1.2076441519605186.
/Users/antoinelopez/Epitech/DIGITAL/DIGI 2/Victory Vision Analytics/pythonProject/.venv/lib/python3.12/site-packages/sklearn/metrics/_regression.py:492: FutureWarning: 'squared' is deprecated in version 1.4 and will be removed in 1.6. To calculate the root mean squared error, use the function'root_mean_squared_error'.
  warnings.warn(
/Users/antoinelopez/Epitech/DIGITAL/DIGI 2/Victory Vision Analytics/pythonProject/.venv/lib/python3.12/site-packages/sklearn/metrics/_regression.py:675: FutureWarning: 'squared' is deprecated in version 1.4 and will be removed in 1.6. To calculate the root mean squared logarithmic error, use the function'root_mean_squared_log_error'.
  warnings.warn(
INFO     | 2024-09-20 15:22:52 | __main__:optimize:122 - Metrics: {'r2': 0.949009120464325, 'mse': 1.5857381333818874, 'mae': 0.8408831410629805, 'rmse': 1.259260947294836, 'rmsle': 0.12272548923358295, 'loss': 1.259260947294836}
[I 2024-09-20 15:22:52,311] Trial 119 finished with value: 1.259260947294836 and parameters: {'learning_rate': 0.17696382537888644, 'reg_lambda': 2.9582326538364785e-07, 'reg_alpha': 0.33586659376236466, 'subsample': 0.9601303902644471, 'colsample_bytree': 0.723292841900513, 'max_depth': 3, 'early_stopping_rounds': 378, 'n_estimators': 7000}. Best is trial 95 with value: 1.2076441519605186.
/Users/antoinelopez/Epitech/DIGITAL/DIGI 2/Victory Vision Analytics/pythonProject/.venv/lib/python3.12/site-packages/sklearn/metrics/_regression.py:492: FutureWarning: 'squared' is deprecated in version 1.4 and will be removed in 1.6. To calculate the root mean squared error, use the function'root_mean_squared_error'.
  warnings.warn(
/Users/antoinelopez/Epitech/DIGITAL/DIGI 2/Victory Vision Analytics/pythonProject/.venv/lib/python3.12/site-packages/sklearn/metrics/_regression.py:675: FutureWarning: 'squared' is deprecated in version 1.4 and will be removed in 1.6. To calculate the root mean squared logarithmic error, use the function'root_mean_squared_log_error'.
  warnings.warn(
INFO     | 2024-09-20 15:22:52 | __main__:optimize:122 - Metrics: {'r2': 0.9484449625015259, 'mse': 1.6032829403944757, 'mae': 0.8762340164461802, 'rmse': 1.2662080952175576, 'rmsle': 0.14583381745662602, 'loss': 1.2662080952175576}
[I 2024-09-20 15:22:52,463] Trial 120 finished with value: 1.2662080952175576 and parameters: {'learning_rate': 0.15633513699253454, 'reg_lambda': 2.165833342087084e-06, 'reg_alpha': 5.473349372988464, 'subsample': 0.9342898002472478, 'colsample_bytree': 0.6355420191749547, 'max_depth': 3, 'early_stopping_rounds': 106, 'n_estimators': 7000}. Best is trial 95 with value: 1.2076441519605186.
/Users/antoinelopez/Epitech/DIGITAL/DIGI 2/Victory Vision Analytics/pythonProject/.venv/lib/python3.12/site-packages/sklearn/metrics/_regression.py:492: FutureWarning: 'squared' is deprecated in version 1.4 and will be removed in 1.6. To calculate the root mean squared error, use the function'root_mean_squared_error'.
  warnings.warn(
/Users/antoinelopez/Epitech/DIGITAL/DIGI 2/Victory Vision Analytics/pythonProject/.venv/lib/python3.12/site-packages/sklearn/metrics/_regression.py:675: FutureWarning: 'squared' is deprecated in version 1.4 and will be removed in 1.6. To calculate the root mean squared logarithmic error, use the function'root_mean_squared_log_error'.
  warnings.warn(
INFO     | 2024-09-20 15:22:52 | __main__:optimize:122 - Metrics: {'r2': 0.9479359984397888, 'mse': 1.619112132945499, 'mae': 0.8989387578742448, 'rmse': 1.2724433712136265, 'rmsle': 0.13032606067408353, 'loss': 1.2724433712136265}
[I 2024-09-20 15:22:52,821] Trial 121 finished with value: 1.2724433712136265 and parameters: {'learning_rate': 0.162595992311967, 'reg_lambda': 1.4006955887368986e-06, 'reg_alpha': 0.6499345312514071, 'subsample': 0.9812461909968899, 'colsample_bytree': 0.744567802492232, 'max_depth': 3, 'early_stopping_rounds': 403, 'n_estimators': 7000}. Best is trial 95 with value: 1.2076441519605186.
/Users/antoinelopez/Epitech/DIGITAL/DIGI 2/Victory Vision Analytics/pythonProject/.venv/lib/python3.12/site-packages/sklearn/metrics/_regression.py:492: FutureWarning: 'squared' is deprecated in version 1.4 and will be removed in 1.6. To calculate the root mean squared error, use the function'root_mean_squared_error'.
  warnings.warn(
/Users/antoinelopez/Epitech/DIGITAL/DIGI 2/Victory Vision Analytics/pythonProject/.venv/lib/python3.12/site-packages/sklearn/metrics/_regression.py:675: FutureWarning: 'squared' is deprecated in version 1.4 and will be removed in 1.6. To calculate the root mean squared logarithmic error, use the function'root_mean_squared_log_error'.
  warnings.warn(
INFO     | 2024-09-20 15:22:53 | __main__:optimize:122 - Metrics: {'r2': 0.9505655169487, 'mse': 1.5373371263484752, 'mae': 0.8640870248162469, 'rmse': 1.2398939980290553, 'rmsle': 0.12147136974808305, 'loss': 1.2398939980290553}
[I 2024-09-20 15:22:53,189] Trial 122 finished with value: 1.2398939980290553 and parameters: {'learning_rate': 0.1472102135862069, 'reg_lambda': 8.686427466454004e-07, 'reg_alpha': 0.9905244471112479, 'subsample': 0.9580680417630469, 'colsample_bytree': 0.7010053741856028, 'max_depth': 3, 'early_stopping_rounds': 391, 'n_estimators': 7000}. Best is trial 95 with value: 1.2076441519605186.
/Users/antoinelopez/Epitech/DIGITAL/DIGI 2/Victory Vision Analytics/pythonProject/.venv/lib/python3.12/site-packages/sklearn/metrics/_regression.py:492: FutureWarning: 'squared' is deprecated in version 1.4 and will be removed in 1.6. To calculate the root mean squared error, use the function'root_mean_squared_error'.
  warnings.warn(
/Users/antoinelopez/Epitech/DIGITAL/DIGI 2/Victory Vision Analytics/pythonProject/.venv/lib/python3.12/site-packages/sklearn/metrics/_regression.py:675: FutureWarning: 'squared' is deprecated in version 1.4 and will be removed in 1.6. To calculate the root mean squared logarithmic error, use the function'root_mean_squared_log_error'.
  warnings.warn(
INFO     | 2024-09-20 15:22:53 | __main__:optimize:122 - Metrics: {'r2': 0.9499967694282532, 'mse': 1.5550240263103006, 'mae': 0.8719416413196298, 'rmse': 1.247006024969527, 'rmsle': 0.12461794342126077, 'loss': 1.247006024969527}
[I 2024-09-20 15:22:53,511] Trial 123 finished with value: 1.247006024969527 and parameters: {'learning_rate': 0.1469580596345306, 'reg_lambda': 8.58171064314597e-07, 'reg_alpha': 1.7272233115234643, 'subsample': 0.9147824734952956, 'colsample_bytree': 0.7029674302075939, 'max_depth': 4, 'early_stopping_rounds': 419, 'n_estimators': 7000}. Best is trial 95 with value: 1.2076441519605186.
/Users/antoinelopez/Epitech/DIGITAL/DIGI 2/Victory Vision Analytics/pythonProject/.venv/lib/python3.12/site-packages/sklearn/metrics/_regression.py:492: FutureWarning: 'squared' is deprecated in version 1.4 and will be removed in 1.6. To calculate the root mean squared error, use the function'root_mean_squared_error'.
  warnings.warn(
/Users/antoinelopez/Epitech/DIGITAL/DIGI 2/Victory Vision Analytics/pythonProject/.venv/lib/python3.12/site-packages/sklearn/metrics/_regression.py:675: FutureWarning: 'squared' is deprecated in version 1.4 and will be removed in 1.6. To calculate the root mean squared logarithmic error, use the function'root_mean_squared_log_error'.
  warnings.warn(
INFO     | 2024-09-20 15:22:53 | __main__:optimize:122 - Metrics: {'r2': 0.9529703259468079, 'mse': 1.4625519053039713, 'mae': 0.809230151287345, 'rmse': 1.2093601222563821, 'rmsle': 0.10541762238500747, 'loss': 1.2093601222563821}
[I 2024-09-20 15:22:53,788] Trial 124 finished with value: 1.2093601222563821 and parameters: {'learning_rate': 0.11776402856721595, 'reg_lambda': 3.1474549116369857e-06, 'reg_alpha': 0.14968084046317107, 'subsample': 0.9550126351494954, 'colsample_bytree': 0.6814841724268971, 'max_depth': 3, 'early_stopping_rounds': 431, 'n_estimators': 7000}. Best is trial 95 with value: 1.2076441519605186.
/Users/antoinelopez/Epitech/DIGITAL/DIGI 2/Victory Vision Analytics/pythonProject/.venv/lib/python3.12/site-packages/sklearn/metrics/_regression.py:492: FutureWarning: 'squared' is deprecated in version 1.4 and will be removed in 1.6. To calculate the root mean squared error, use the function'root_mean_squared_error'.
  warnings.warn(
/Users/antoinelopez/Epitech/DIGITAL/DIGI 2/Victory Vision Analytics/pythonProject/.venv/lib/python3.12/site-packages/sklearn/metrics/_regression.py:675: FutureWarning: 'squared' is deprecated in version 1.4 and will be removed in 1.6. To calculate the root mean squared logarithmic error, use the function'root_mean_squared_log_error'.
  warnings.warn(
INFO     | 2024-09-20 15:22:54 | __main__:optimize:122 - Metrics: {'r2': 0.9518029689788818, 'mse': 1.498855159959069, 'mae': 0.8074473942435065, 'rmse': 1.2242774031889458, 'rmsle': 0.10721861056987862, 'loss': 1.2242774031889458}
[I 2024-09-20 15:22:54,060] Trial 125 finished with value: 1.2242774031889458 and parameters: {'learning_rate': 0.11914824983219106, 'reg_lambda': 3.6557446287167594e-06, 'reg_alpha': 0.2110586958829475, 'subsample': 0.957050929692243, 'colsample_bytree': 0.6769944216253402, 'max_depth': 3, 'early_stopping_rounds': 430, 'n_estimators': 7000}. Best is trial 95 with value: 1.2076441519605186.
/Users/antoinelopez/Epitech/DIGITAL/DIGI 2/Victory Vision Analytics/pythonProject/.venv/lib/python3.12/site-packages/sklearn/metrics/_regression.py:492: FutureWarning: 'squared' is deprecated in version 1.4 and will be removed in 1.6. To calculate the root mean squared error, use the function'root_mean_squared_error'.
  warnings.warn(
/Users/antoinelopez/Epitech/DIGITAL/DIGI 2/Victory Vision Analytics/pythonProject/.venv/lib/python3.12/site-packages/sklearn/metrics/_regression.py:675: FutureWarning: 'squared' is deprecated in version 1.4 and will be removed in 1.6. To calculate the root mean squared logarithmic error, use the function'root_mean_squared_log_error'.
  warnings.warn(
INFO     | 2024-09-20 15:22:54 | __main__:optimize:122 - Metrics: {'r2': 0.9512757062911987, 'mse': 1.5152510116436815, 'mae': 0.7980712363886279, 'rmse': 1.2309553247960225, 'rmsle': 0.11262421639832203, 'loss': 1.2309553247960225}
[I 2024-09-20 15:22:54,289] Trial 126 finished with value: 1.2309553247960225 and parameters: {'learning_rate': 0.12089492682351786, 'reg_lambda': 3.562339749503944e-06, 'reg_alpha': 0.15779616892339293, 'subsample': 0.9594446495316044, 'colsample_bytree': 0.6728305770539558, 'max_depth': 3, 'early_stopping_rounds': 432, 'n_estimators': 7000}. Best is trial 95 with value: 1.2076441519605186.
/Users/antoinelopez/Epitech/DIGITAL/DIGI 2/Victory Vision Analytics/pythonProject/.venv/lib/python3.12/site-packages/sklearn/metrics/_regression.py:492: FutureWarning: 'squared' is deprecated in version 1.4 and will be removed in 1.6. To calculate the root mean squared error, use the function'root_mean_squared_error'.
  warnings.warn(
/Users/antoinelopez/Epitech/DIGITAL/DIGI 2/Victory Vision Analytics/pythonProject/.venv/lib/python3.12/site-packages/sklearn/metrics/_regression.py:675: FutureWarning: 'squared' is deprecated in version 1.4 and will be removed in 1.6. To calculate the root mean squared logarithmic error, use the function'root_mean_squared_log_error'.
  warnings.warn(
INFO     | 2024-09-20 15:22:54 | __main__:optimize:122 - Metrics: {'r2': 0.9488256573677063, 'mse': 1.5914453073222787, 'mae': 0.8319322376750237, 'rmse': 1.2615249927457952, 'rmsle': 0.116789511898873, 'loss': 1.2615249927457952}
[I 2024-09-20 15:22:54,583] Trial 127 finished with value: 1.2615249927457952 and parameters: {'learning_rate': 0.10738065565201342, 'reg_lambda': 3.206970311477669e-06, 'reg_alpha': 0.08367306695279571, 'subsample': 0.999077150089813, 'colsample_bytree': 0.6751718890524903, 'max_depth': 4, 'early_stopping_rounds': 430, 'n_estimators': 7000}. Best is trial 95 with value: 1.2076441519605186.
/Users/antoinelopez/Epitech/DIGITAL/DIGI 2/Victory Vision Analytics/pythonProject/.venv/lib/python3.12/site-packages/sklearn/metrics/_regression.py:492: FutureWarning: 'squared' is deprecated in version 1.4 and will be removed in 1.6. To calculate the root mean squared error, use the function'root_mean_squared_error'.
  warnings.warn(
/Users/antoinelopez/Epitech/DIGITAL/DIGI 2/Victory Vision Analytics/pythonProject/.venv/lib/python3.12/site-packages/sklearn/metrics/_regression.py:675: FutureWarning: 'squared' is deprecated in version 1.4 and will be removed in 1.6. To calculate the root mean squared logarithmic error, use the function'root_mean_squared_log_error'.
  warnings.warn(
INFO     | 2024-09-20 15:22:54 | __main__:optimize:122 - Metrics: {'r2': 0.949545681476593, 'mse': 1.5690526029890606, 'mae': 0.7899753639864368, 'rmse': 1.2526182989997634, 'rmsle': 0.1011125774372698, 'loss': 1.2526182989997634}
[I 2024-09-20 15:22:54,879] Trial 128 finished with value: 1.2526182989997634 and parameters: {'learning_rate': 0.10348593031357992, 'reg_lambda': 6.51632159035359e-06, 'reg_alpha': 0.12833059358359428, 'subsample': 0.9372117869212838, 'colsample_bytree': 0.7741305791588873, 'max_depth': 3, 'early_stopping_rounds': 439, 'n_estimators': 7000}. Best is trial 95 with value: 1.2076441519605186.
/Users/antoinelopez/Epitech/DIGITAL/DIGI 2/Victory Vision Analytics/pythonProject/.venv/lib/python3.12/site-packages/sklearn/metrics/_regression.py:492: FutureWarning: 'squared' is deprecated in version 1.4 and will be removed in 1.6. To calculate the root mean squared error, use the function'root_mean_squared_error'.
  warnings.warn(
/Users/antoinelopez/Epitech/DIGITAL/DIGI 2/Victory Vision Analytics/pythonProject/.venv/lib/python3.12/site-packages/sklearn/metrics/_regression.py:675: FutureWarning: 'squared' is deprecated in version 1.4 and will be removed in 1.6. To calculate the root mean squared logarithmic error, use the function'root_mean_squared_log_error'.
  warnings.warn(
INFO     | 2024-09-20 15:22:55 | __main__:optimize:122 - Metrics: {'r2': 0.9400231838226318, 'mse': 1.8651888829231889, 'mae': 0.9708430744880854, 'rmse': 1.3657191815754763, 'rmsle': 0.13517251956292925, 'loss': 1.3657191815754763}
[I 2024-09-20 15:22:55,138] Trial 129 finished with value: 1.3657191815754763 and parameters: {'learning_rate': 0.12358399079998066, 'reg_lambda': 2.7311671474385388e-06, 'reg_alpha': 0.182233301939549, 'subsample': 0.9590059080968377, 'colsample_bytree': 0.8093840836053776, 'max_depth': 2, 'early_stopping_rounds': 433, 'n_estimators': 7000}. Best is trial 95 with value: 1.2076441519605186.
INFO:     127.0.0.1:52095 - "GET /ui/is_model_training HTTP/1.1" 200 OK
INFO:     127.0.0.1:52094 - "GET /ui/accelerators HTTP/1.1" 200 OK
/Users/antoinelopez/Epitech/DIGITAL/DIGI 2/Victory Vision Analytics/pythonProject/.venv/lib/python3.12/site-packages/sklearn/metrics/_regression.py:492: FutureWarning: 'squared' is deprecated in version 1.4 and will be removed in 1.6. To calculate the root mean squared error, use the function'root_mean_squared_error'.
  warnings.warn(
/Users/antoinelopez/Epitech/DIGITAL/DIGI 2/Victory Vision Analytics/pythonProject/.venv/lib/python3.12/site-packages/sklearn/metrics/_regression.py:675: FutureWarning: 'squared' is deprecated in version 1.4 and will be removed in 1.6. To calculate the root mean squared logarithmic error, use the function'root_mean_squared_log_error'.
  warnings.warn(
INFO     | 2024-09-20 15:22:55 | __main__:optimize:122 - Metrics: {'r2': 0.9533358216285706, 'mse': 1.4511852575412125, 'mae': 0.8025367460971655, 'rmse': 1.2046515087531384, 'rmsle': 0.11746742415539471, 'loss': 1.2046515087531384}
[I 2024-09-20 15:22:55,438] Trial 130 finished with value: 1.2046515087531384 and parameters: {'learning_rate': 0.11739001119102206, 'reg_lambda': 3.794438582244078e-06, 'reg_alpha': 0.24372864189456753, 'subsample': 0.9125465542216946, 'colsample_bytree': 0.6455113783867857, 'max_depth': 4, 'early_stopping_rounds': 443, 'n_estimators': 7000}. Best is trial 130 with value: 1.2046515087531384.
/Users/antoinelopez/Epitech/DIGITAL/DIGI 2/Victory Vision Analytics/pythonProject/.venv/lib/python3.12/site-packages/sklearn/metrics/_regression.py:492: FutureWarning: 'squared' is deprecated in version 1.4 and will be removed in 1.6. To calculate the root mean squared error, use the function'root_mean_squared_error'.
  warnings.warn(
/Users/antoinelopez/Epitech/DIGITAL/DIGI 2/Victory Vision Analytics/pythonProject/.venv/lib/python3.12/site-packages/sklearn/metrics/_regression.py:675: FutureWarning: 'squared' is deprecated in version 1.4 and will be removed in 1.6. To calculate the root mean squared logarithmic error, use the function'root_mean_squared_log_error'.
  warnings.warn(
INFO     | 2024-09-20 15:22:55 | __main__:optimize:122 - Metrics: {'r2': 0.9492531418800354, 'mse': 1.578149717217488, 'mae': 0.8345863959123921, 'rmse': 1.2562442904218463, 'rmsle': 0.12321439570875584, 'loss': 1.2562442904218463}
[I 2024-09-20 15:22:55,709] Trial 131 finished with value: 1.2562442904218463 and parameters: {'learning_rate': 0.11100953293631903, 'reg_lambda': 5.49384379597895e-06, 'reg_alpha': 0.24096641811828412, 'subsample': 0.9130397920346383, 'colsample_bytree': 0.6490577732079128, 'max_depth': 4, 'early_stopping_rounds': 459, 'n_estimators': 7000}. Best is trial 130 with value: 1.2046515087531384.
/Users/antoinelopez/Epitech/DIGITAL/DIGI 2/Victory Vision Analytics/pythonProject/.venv/lib/python3.12/site-packages/sklearn/metrics/_regression.py:492: FutureWarning: 'squared' is deprecated in version 1.4 and will be removed in 1.6. To calculate the root mean squared error, use the function'root_mean_squared_error'.
  warnings.warn(
/Users/antoinelopez/Epitech/DIGITAL/DIGI 2/Victory Vision Analytics/pythonProject/.venv/lib/python3.12/site-packages/sklearn/metrics/_regression.py:675: FutureWarning: 'squared' is deprecated in version 1.4 and will be removed in 1.6. To calculate the root mean squared logarithmic error, use the function'root_mean_squared_log_error'.
  warnings.warn(
INFO     | 2024-09-20 15:22:56 | __main__:optimize:122 - Metrics: {'r2': 0.9471660852432251, 'mse': 1.6430541898531092, 'mae': 0.9252709906461627, 'rmse': 1.281816753616955, 'rmsle': 0.14216728602199483, 'loss': 1.281816753616955}
[I 2024-09-20 15:22:56,105] Trial 132 finished with value: 1.281816753616955 and parameters: {'learning_rate': 0.12167868982249802, 'reg_lambda': 2.566905709280134e-06, 'reg_alpha': 0.42721897868246, 'subsample': 0.9439591067408708, 'colsample_bytree': 0.6162942439649475, 'max_depth': 3, 'early_stopping_rounds': 445, 'n_estimators': 7000}. Best is trial 130 with value: 1.2046515087531384.
/Users/antoinelopez/Epitech/DIGITAL/DIGI 2/Victory Vision Analytics/pythonProject/.venv/lib/python3.12/site-packages/sklearn/metrics/_regression.py:492: FutureWarning: 'squared' is deprecated in version 1.4 and will be removed in 1.6. To calculate the root mean squared error, use the function'root_mean_squared_error'.
  warnings.warn(
/Users/antoinelopez/Epitech/DIGITAL/DIGI 2/Victory Vision Analytics/pythonProject/.venv/lib/python3.12/site-packages/sklearn/metrics/_regression.py:675: FutureWarning: 'squared' is deprecated in version 1.4 and will be removed in 1.6. To calculate the root mean squared logarithmic error, use the function'root_mean_squared_log_error'.
  warnings.warn(
INFO     | 2024-09-20 15:22:56 | __main__:optimize:122 - Metrics: {'r2': 0.944211483001709, 'mse': 1.7349380064892206, 'mae': 0.9658392969952073, 'rmse': 1.3171704546068517, 'rmsle': 0.14359097142898883, 'loss': 1.3171704546068517}
[I 2024-09-20 15:22:56,378] Trial 133 finished with value: 1.3171704546068517 and parameters: {'learning_rate': 0.11668405644116392, 'reg_lambda': 8.350228574838772e-06, 'reg_alpha': 0.11260701354104564, 'subsample': 0.882434959632715, 'colsample_bytree': 0.5905507546299705, 'max_depth': 3, 'early_stopping_rounds': 424, 'n_estimators': 7000}. Best is trial 130 with value: 1.2046515087531384.
/Users/antoinelopez/Epitech/DIGITAL/DIGI 2/Victory Vision Analytics/pythonProject/.venv/lib/python3.12/site-packages/sklearn/metrics/_regression.py:492: FutureWarning: 'squared' is deprecated in version 1.4 and will be removed in 1.6. To calculate the root mean squared error, use the function'root_mean_squared_error'.
  warnings.warn(
/Users/antoinelopez/Epitech/DIGITAL/DIGI 2/Victory Vision Analytics/pythonProject/.venv/lib/python3.12/site-packages/sklearn/metrics/_regression.py:675: FutureWarning: 'squared' is deprecated in version 1.4 and will be removed in 1.6. To calculate the root mean squared logarithmic error, use the function'root_mean_squared_log_error'.
  warnings.warn(
INFO     | 2024-09-20 15:22:56 | __main__:optimize:122 - Metrics: {'r2': 0.9449918866157532, 'mse': 1.7106695283728302, 'mae': 0.9612689930339192, 'rmse': 1.3079256585803454, 'rmsle': 0.13543508286368297, 'loss': 1.3079256585803454}
